1496258041958	geckodriver	INFO	Listening on 127.0.0.1:56026
1496258047413	geckodriver::marionette	INFO	Starting browser /Users/Hannah/Applications/Firefox.app/Contents/MacOS/firefox-bin with args ["-marionette"]
1496258075218	Marionette	INFO	Listening on port 56351
1496258076150	Marionette	WARN	TLS certificate errors will be ignored for this session
2017-05-31 15:14:38.090 plugin-container[4406:340128] *** CFMessagePort: bootstrap_register(): failed 1100 (0x44c) 'Permission denied', port = 0x8f3f, name = 'com.apple.tsm.portname'
See /usr/include/servers/bootstrap_defs.h for the error codes.
2017-05-31 15:14:38.102 plugin-container[4406:340128] *** CFMessagePort: bootstrap_register(): failed 1100 (0x44c) 'Permission denied', port = 0x5007, name = 'com.apple.CFPasteboardClient'
See /usr/include/servers/bootstrap_defs.h for the error codes.
2017-05-31 15:14:38.102 plugin-container[4406:340128] void __CFPasteboardSetup() : Failed to allocate communication port for com.apple.CFPasteboardClient; this is likely due to sandbox restrictions
1496258082858	Marionette	INFO	New connections will no longer be accepted
1498579265089	geckodriver	INFO	Listening on 127.0.0.1:58591
1498579266181	geckodriver::marionette	INFO	Starting browser /Users/Hannah/Applications/Firefox.app/Contents/MacOS/firefox-bin with args ["-marionette"]
1498579269123	Marionette	INFO	Listening on port 58606
1498579269235	Marionette	WARN	TLS certificate errors will be ignored for this session
1498579269562	Marionette	DEBUG	loaded listener.js
1498579269601	Marionette	DEBUG	Received DOM event "beforeunload" for "about:blank"
2017-06-27 12:01:09.663 plugin-container[1645:184425] *** CFMessagePort: bootstrap_register(): failed 1100 (0x44c) 'Permission denied', port = 0x8e3f, name = 'com.apple.tsm.portname'
See /usr/include/servers/bootstrap_defs.h for the error codes.
2017-06-27 12:01:09.664 plugin-container[1645:184425] *** CFMessagePort: bootstrap_register(): failed 1100 (0x44c) 'Permission denied', port = 0x5217, name = 'com.apple.CFPasteboardClient'
See /usr/include/servers/bootstrap_defs.h for the error codes.
2017-06-27 12:01:09.664 plugin-container[1645:184425] void __CFPasteboardSetup() : Failed to allocate communication port for com.apple.CFPasteboardClient; this is likely due to sandbox restrictions
1498579269723	Marionette	DEBUG	Received DOM event "pagehide" for "about:blank"
1498579269723	Marionette	DEBUG	Received DOM event "unload" for "about:blank"
1498579270390	Marionette	DEBUG	Received DOM event "DOMContentLoaded" for "https://unstrangemind.wordpress.com/"
1498579270555	Marionette	DEBUG	Received DOM event "pageshow" for "https://unstrangemind.wordpress.com/"
1498579272658	Marionette	INFO	New connections will no longer be accepted
