1496253389182	geckodriver	INFO	Listening on 127.0.0.1:61179
1496253391333	geckodriver::marionette	INFO	Starting browser /Users/Hannah/Applications/Firefox.app/Contents/MacOS/firefox-bin with args ["-marionette"]
1496253397187	Marionette	INFO	Listening on port 61189
1496253397306	Marionette	WARN	TLS certificate errors will be ignored for this session
2017-05-31 13:56:37.882 plugin-container[2569:140091] *** CFMessagePort: bootstrap_register(): failed 1100 (0x44c) 'Permission denied', port = 0x8f3f, name = 'com.apple.tsm.portname'
See /usr/include/servers/bootstrap_defs.h for the error codes.
2017-05-31 13:56:37.885 plugin-container[2569:140091] *** CFMessagePort: bootstrap_register(): failed 1100 (0x44c) 'Permission denied', port = 0x9123, name = 'com.apple.CFPasteboardClient'
See /usr/include/servers/bootstrap_defs.h for the error codes.
2017-05-31 13:56:37.885 plugin-container[2569:140091] void __CFPasteboardSetup() : Failed to allocate communication port for com.apple.CFPasteboardClient; this is likely due to sandbox restrictions
*************************
A coding exception was thrown and uncaught in a Task.

Full message: TypeError: NetworkError when attempting to fetch resource.
Full stack: 
*************************
1498580406033	geckodriver	INFO	Listening on 127.0.0.1:52555
1498580407107	geckodriver::marionette	INFO	Starting browser /Users/Hannah/Applications/Firefox.app/Contents/MacOS/firefox-bin with args ["-marionette"]
1498580409393	Marionette	INFO	Listening on port 52568
1498580409514	Marionette	WARN	TLS certificate errors will be ignored for this session
1498580409732	Marionette	DEBUG	loaded listener.js
2017-06-27 12:20:09.848 plugin-container[1895:232216] *** CFMessagePort: bootstrap_register(): failed 1100 (0x44c) 'Permission denied', port = 0x8d3f, name = 'com.apple.tsm.portname'
See /usr/include/servers/bootstrap_defs.h for the error codes.
2017-06-27 12:20:09.852 plugin-container[1895:232216] *** CFMessagePort: bootstrap_register(): failed 1100 (0x44c) 'Permission denied', port = 0x8f27, name = 'com.apple.CFPasteboardClient'
See /usr/include/servers/bootstrap_defs.h for the error codes.
2017-06-27 12:20:09.852 plugin-container[1895:232216] void __CFPasteboardSetup() : Failed to allocate communication port for com.apple.CFPasteboardClient; this is likely due to sandbox restrictions
1498580410179	Marionette	DEBUG	Received DOM event "beforeunload" for "about:blank"
1498580410253	Marionette	DEBUG	Received DOM event "pagehide" for "about:blank"
1498580410253	Marionette	DEBUG	Received DOM event "unload" for "about:blank"
1498580410672	Marionette	DEBUG	Received DOM event "pageshow" for "http://www.jennyalice.com/"
1498580411036	Marionette	DEBUG	Received DOM event "pageshow" for "http://www.jennyalice.com/"
1498580411049	Marionette	DEBUG	Received DOM event "pageshow" for "http://www.jennyalice.com/"
1498580411385	Marionette	DEBUG	Received DOM event "DOMContentLoaded" for "https://www.blogger.com/navbar.g?targetBlogID=6355474&blogName=into+the+woods,+living+deliberately&publishMode=PUBLISH_MODE_HOSTED&navbarType=LIGHT&layoutType=LAYOUTS&searchRoot=http://www.jennyalice.com/search&blogLocale=en&v=2&homepageUrl=http://www.jennyalice.com/&vt=2680275692861714526&usegapi=1&jsh=m%3B%2F_%2Fscs%2Fapps-static%2F_%2Fjs%2Fk%3Doz.gapi.en_US.GfkYNo6gqPw.O%2Fm%3D__features__%2Fam%3DAQ%2Frt%3Dj%2Fd%3D1%2Frs%3DAGLTcCMb6GG45fF2HapKzrAkuFOe1Yx9QA#id=navbar-iframe&parent=http%3A%2F%2Fwww.jennyalice.com&pfname=&rpctoken=23052520"
1498580411402	Marionette	DEBUG	Received DOM event "DOMContentLoaded" for "https://googleads.g.doubleclick.net/pagead/html/r20170619/r20170110/zrt_lookup.html#"
1498580411409	Marionette	DEBUG	Received DOM event "pageshow" for "https://googleads.g.doubleclick.net/pagead/html/r20170619/r20170110/zrt_lookup.html#"
1498580411441	Marionette	DEBUG	Received DOM event "pageshow" for "http://www.jennyalice.com/"
1498580411600	Marionette	DEBUG	Received DOM event "DOMContentLoaded" for "http://staticxx.facebook.com/connect/xd_arbiter/r/XBwzv5Yrm_1.js?version=42#channel=f965db46ab7144&origin=http%3A%2F%2Fwww.jennyalice.com"
1498580411603	Marionette	DEBUG	Received DOM event "pageshow" for "http://staticxx.facebook.com/connect/xd_arbiter/r/XBwzv5Yrm_1.js?version=42#channel=f965db46ab7144&origin=http%3A%2F%2Fwww.jennyalice.com"
1498580411677	Marionette	DEBUG	Received DOM event "DOMContentLoaded" for "https://staticxx.facebook.com/connect/xd_arbiter/r/XBwzv5Yrm_1.js?version=42#channel=f965db46ab7144&origin=http%3A%2F%2Fwww.jennyalice.com"
1498580411681	Marionette	DEBUG	Received DOM event "pageshow" for "https://staticxx.facebook.com/connect/xd_arbiter/r/XBwzv5Yrm_1.js?version=42#channel=f965db46ab7144&origin=http%3A%2F%2Fwww.jennyalice.com"
1498580411695	Marionette	DEBUG	Received DOM event "DOMContentLoaded" for "http://www.jennyalice.com/"
1498580411854	Marionette	DEBUG	Received DOM event "DOMContentLoaded" for "https://apis.google.com/se/0/wm/1/"
1498580411900	Marionette	DEBUG	Received DOM event "pageshow" for "http://www.jennyalice.com/"
1498580411918	Marionette	DEBUG	Received DOM event "pageshow" for "https://apis.google.com/se/0/wm/1/"
1498580412046	Marionette	DEBUG	Received DOM event "DOMContentLoaded" for "about:neterror?e=dnsNotFound&u=http%3A//widgetserver.amazon.com/invalid&c=UTF-8&f=regular&d=Firefox%20can%E2%80%99t%20find%20the%20server%20at%20widgetserver.amazon.com."
*************************
A coding exception was thrown and uncaught in a Task.

Full message: TypeError: NetworkError when attempting to fetch resource.
Full stack: 
*************************
IPDL protocol error: Handler returned error code!

###!!! [Parent][DispatchAsyncMessage] Error: PLayerTransaction::Msg_ReleaseLayer Processing error: message was deserialized, but the handler returned false (indicating failure)

1498584032256	Marionette	INFO	Ceased listening
