1496253917313	geckodriver	INFO	Listening on 127.0.0.1:51955
1496253920704	geckodriver::marionette	INFO	Starting browser /Users/Hannah/Applications/Firefox.app/Contents/MacOS/firefox-bin with args ["-marionette"]
1496253925842	Marionette	INFO	Listening on port 51973
1496253926066	Marionette	WARN	TLS certificate errors will be ignored for this session
2017-05-31 14:05:26.839 plugin-container[2708:160889] *** CFMessagePort: bootstrap_register(): failed 1100 (0x44c) 'Permission denied', port = 0x8f3f, name = 'com.apple.tsm.portname'
See /usr/include/servers/bootstrap_defs.h for the error codes.
2017-05-31 14:05:26.841 plugin-container[2708:160889] *** CFMessagePort: bootstrap_register(): failed 1100 (0x44c) 'Permission denied', port = 0x931f, name = 'com.apple.CFPasteboardClient'
See /usr/include/servers/bootstrap_defs.h for the error codes.
2017-05-31 14:05:26.841 plugin-container[2708:160889] void __CFPasteboardSetup() : Failed to allocate communication port for com.apple.CFPasteboardClient; this is likely due to sandbox restrictions
1498580492880	geckodriver	INFO	Listening on 127.0.0.1:53413
1498580494019	geckodriver::marionette	INFO	Starting browser /Users/Hannah/Applications/Firefox.app/Contents/MacOS/firefox-bin with args ["-marionette"]
1498580497306	Marionette	INFO	Listening on port 53465
1498580497429	Marionette	WARN	TLS certificate errors will be ignored for this session
1498580497781	Marionette	DEBUG	loaded listener.js
2017-06-27 12:21:37.931 plugin-container[1917:234767] *** CFMessagePort: bootstrap_register(): failed 1100 (0x44c) 'Permission denied', port = 0x8c3b, name = 'com.apple.tsm.portname'
See /usr/include/servers/bootstrap_defs.h for the error codes.
2017-06-27 12:21:37.932 plugin-container[1917:234767] *** CFMessagePort: bootstrap_register(): failed 1100 (0x44c) 'Permission denied', port = 0x5107, name = 'com.apple.CFPasteboardClient'
See /usr/include/servers/bootstrap_defs.h for the error codes.
2017-06-27 12:21:37.932 plugin-container[1917:234767] void __CFPasteboardSetup() : Failed to allocate communication port for com.apple.CFPasteboardClient; this is likely due to sandbox restrictions
1498580498679	Marionette	DEBUG	Received DOM event "beforeunload" for "about:blank"
1498580498760	Marionette	DEBUG	Received DOM event "pagehide" for "about:blank"
1498580498761	Marionette	DEBUG	Received DOM event "unload" for "about:blank"
1498580499494	Marionette	DEBUG	Received DOM event "pageshow" for "http://www.lovethatmax.com/"
1498580499672	Marionette	DEBUG	Received DOM event "DOMContentLoaded" for "http://www.lovethatmax.com/"
1498580499681	Marionette	DEBUG	Received DOM event "pageshow" for "http://www.lovethatmax.com/"
1498580500076	Marionette	DEBUG	Received DOM event "DOMContentLoaded" for "http://www.lovethatmax.com/"
1498580500102	Marionette	DEBUG	Received observer notification "outer-window-destroyed" for "2147483653"
1498580500126	Marionette	DEBUG	Received DOM event "DOMContentLoaded" for "http://www.lovethatmax.com/"
1498580500405	Marionette	DEBUG	Received DOM event "DOMContentLoaded" for "http://mpp.vindicosuite.com/?y=3&t=h&u=http%3A%2F%2Fwww.lovethatmax.com%2F&r="
1498580500420	Marionette	DEBUG	Received DOM event "pageshow" for "http://mpp.vindicosuite.com/?y=3&t=h&u=http%3A%2F%2Fwww.lovethatmax.com%2F&r="
1498580500543	Marionette	DEBUG	Received DOM event "DOMContentLoaded" for "http://s7.addthis.com/static/sh.886bb8b2fb82aeab6a228151.html#rand=0.20463249793240978&iit=1498580499976&tmr=load%3D1498580499359%26core%3D1498580499432%26main%3D1498580499944%26ifr%3D1498580500018&cb=0&cdn=0&md=0&kw=&ab=-&dh=www.lovethatmax.com&dr=&du=http%3A%2F%2Fwww.lovethatmax.com%2F&href=http%3A%2F%2Fwww.lovethatmax.com%2F&dt=The%20best%20cups%20and%20water%20bottles%20for%20kids%20and%20teens%20with%20disabilities&dbg=0&cap=tc%3D0%26ab%3D0&inst=1&jsl=33&prod=undefined&lng=en&ogt=site_name%2Curl%2Ctype%3Darticle%2Cdescription%2Ctitle%2Cdescription%2Ctitle&pc=men&pub=xa-515afac10736aedf&ssl=0&sid=5952861307bb2eaf&srf=0.01&ver=300&xck=0&xtr=0&og=url%3Dhttp%253A%252F%252Fwww.lovethatmax.com%252F%26title%3DThe%2520best%2520cups%2520and%2520water%2520bottles%2520for%2520kids%2520and%2520teens%2520with%2520disabilities%26description%3DA%2520blog%2520about%2520parenting%2520kids%2520with%2520special%2520needs%26type%3Darticle%26site_name%3DLove%2520That%2520Max&csi=undefined&rev=v7.15.4-wp&ct=1&xld=1&xd=1"
1498580500546	Marionette	DEBUG	Received DOM event "pageshow" for "http://s7.addthis.com/static/sh.886bb8b2fb82aeab6a228151.html#rand=0.20463249793240978&iit=1498580499976&tmr=load%3D1498580499359%26core%3D1498580499432%26main%3D1498580499944%26ifr%3D1498580500018&cb=0&cdn=0&md=0&kw=&ab=-&dh=www.lovethatmax.com&dr=&du=http%3A%2F%2Fwww.lovethatmax.com%2F&href=http%3A%2F%2Fwww.lovethatmax.com%2F&dt=The%20best%20cups%20and%20water%20bottles%20for%20kids%20and%20teens%20with%20disabilities&dbg=0&cap=tc%3D0%26ab%3D0&inst=1&jsl=33&prod=undefined&lng=en&ogt=site_name%2Curl%2Ctype%3Darticle%2Cdescription%2Ctitle%2Cdescription%2Ctitle&pc=men&pub=xa-515afac10736aedf&ssl=0&sid=5952861307bb2eaf&srf=0.01&ver=300&xck=0&xtr=0&og=url%3Dhttp%253A%252F%252Fwww.lovethatmax.com%252F%26title%3DThe%2520best%2520cups%2520and%2520water%2520bottles%2520for%2520kids%2520and%2520teens%2520with%2520disabilities%26description%3DA%2520blog%2520about%2520parenting%2520kids%2520with%2520special%2520needs%26type%3Darticle%26site_name%3DLove%2520That%2520Max&csi=undefined&rev=v7.15.4-wp&ct=1&xld=1&xd=1"
1498580500665	Marionette	DEBUG	Received DOM event "DOMContentLoaded" for "https://apis.google.com/se/0/wm/1/"
1498580500670	Marionette	DEBUG	Received DOM event "DOMContentLoaded" for "https://googleads.g.doubleclick.net/pagead/html/r20170619/r20170110/zrt_lookup.html#"
1498580500687	Marionette	DEBUG	Received DOM event "pageshow" for "https://googleads.g.doubleclick.net/pagead/html/r20170619/r20170110/zrt_lookup.html#"
1498580500694	Marionette	DEBUG	Received DOM event "DOMContentLoaded" for "http://dp1.33across.com/ps/?tt=iframe&amp;pid=523&amp;cgn=14275"
1498580500876	Marionette	DEBUG	Received DOM event "pageshow" for "http://www.lovethatmax.com/"
1498580500885	Marionette	DEBUG	Received DOM event "pageshow" for "http://www.lovethatmax.com/"
1498580500938	Marionette	DEBUG	Received DOM event "pageshow" for "https://apis.google.com/se/0/wm/1/"
1498580501028	Marionette	DEBUG	Received DOM event "pageshow" for "http://www.lovethatmax.com/"
1498580501053	Marionette	DEBUG	Received DOM event "pageshow" for "http://www.lovethatmax.com/"
1498580501146	Marionette	DEBUG	Received DOM event "DOMContentLoaded" for "http://platform.twitter.com/widgets/tweet_button.7bf2b0e802ada47dae9548b7a1739fed.en.html#dnt=false&id=twitter-widget-0&lang=en&original_referer=http%3A%2F%2Fwww.lovethatmax.com%2F&size=m&text=The%20best%20cups%20and%20water%20bottles%20for%20kids%20and%20teens%20with%20disabilities&time=1498580501020&type=share&url=http%3A%2F%2Fwww.lovethatmax.com%2F2017%2F06%2Fbest-cups-water-bottles-kids-teens-with-disabilities.html%23.WVKGEywm0a0.twitter"
1498580501155	Marionette	DEBUG	Received DOM event "DOMContentLoaded" for "http://staticxx.facebook.com/connect/xd_arbiter/r/XBwzv5Yrm_1.js?version=42#channel=f4a8fa97af069e&origin=http%3A%2F%2Fwww.lovethatmax.com"
1498580501157	Marionette	DEBUG	Received DOM event "pageshow" for "http://staticxx.facebook.com/connect/xd_arbiter/r/XBwzv5Yrm_1.js?version=42#channel=f4a8fa97af069e&origin=http%3A%2F%2Fwww.lovethatmax.com"
1498580501165	Marionette	DEBUG	Received DOM event "pageshow" for "http://platform.twitter.com/widgets/tweet_button.7bf2b0e802ada47dae9548b7a1739fed.en.html#dnt=false&id=twitter-widget-0&lang=en&original_referer=http%3A%2F%2Fwww.lovethatmax.com%2F&size=m&text=The%20best%20cups%20and%20water%20bottles%20for%20kids%20and%20teens%20with%20disabilities&time=1498580501020&type=share&url=http%3A%2F%2Fwww.lovethatmax.com%2F2017%2F06%2Fbest-cups-water-bottles-kids-teens-with-disabilities.html%23.WVKGEywm0a0.twitter"
1498580501431	Marionette	DEBUG	Received DOM event "pageshow" for "https://googleads.g.doubleclick.net/pagead/ads?client=ca-pub-1920060719174707&output=html&h=250&slotname=5774691637&adk=1653201887&adf=3069486557&w=300&lmt=1498576222&loeid=191880400&host=ca-host-pub-1556223355139109&h_ch=L0001&flash=0&url=http%3A%2F%2Fwww.lovethatmax.com%2F&wgl=1&dt=1498580499452&bpp=28&bdt=694&fdt=45&idt=376&shv=r20170619&cbv=r20170110&saldr=sa&correlator=1921868923472&frm=20&ga_vid=1077765752.1498580499&ga_sid=1498580499&ga_hid=222989466&ga_fc=1&pv=2&icsg=2&nhd=1&dssz=2&mdo=0&mso=0&u_tz=-240&u_his=1&u_java=0&u_h=800&u_w=1280&u_ah=773&u_aw=1280&u_cd=24&u_nplug=0&u_nmime=0&adx=790&ady=479&biw=1280&bih=694&abxe=1&eid=10593696%2C191880410%2C575144605&oid=3&rx=0&eae=0&fc=528&brdim=%2C%2C0%2C23%2C1280%2C23%2C1280%2C773%2C1280%2C694&vis=1&rsz=%7C%7CoeE%7C&abl=CS&ppjl=u&pfx=0&fu=16&bc=1&ifi=1&xpc=V08bjIBJ9q&p=http%3A//www.lovethatmax.com&dtd=453"
1498580501483	Marionette	DEBUG	Received DOM event "DOMContentLoaded" for "https://staticxx.facebook.com/connect/xd_arbiter/r/XBwzv5Yrm_1.js?version=42#channel=f4a8fa97af069e&origin=http%3A%2F%2Fwww.lovethatmax.com"
1498580501486	Marionette	DEBUG	Received DOM event "pageshow" for "https://staticxx.facebook.com/connect/xd_arbiter/r/XBwzv5Yrm_1.js?version=42#channel=f4a8fa97af069e&origin=http%3A%2F%2Fwww.lovethatmax.com"
1498580501509	Marionette	DEBUG	Received DOM event "DOMContentLoaded" for "https://googleads.g.doubleclick.net/pagead/ads?client=ca-pub-1920060719174707&output=html&h=250&slotname=5774691637&adk=1653201887&adf=3069486557&w=300&lmt=1498576222&loeid=191880400&host=ca-host-pub-1556223355139109&h_ch=L0001&flash=0&url=http%3A%2F%2Fwww.lovethatmax.com%2F&wgl=1&dt=1498580499452&bpp=28&bdt=694&fdt=45&idt=376&shv=r20170619&cbv=r20170110&saldr=sa&correlator=1921868923472&frm=20&ga_vid=1077765752.1498580499&ga_sid=1498580499&ga_hid=222989466&ga_fc=1&pv=2&icsg=2&nhd=1&dssz=2&mdo=0&mso=0&u_tz=-240&u_his=1&u_java=0&u_h=800&u_w=1280&u_ah=773&u_aw=1280&u_cd=24&u_nplug=0&u_nmime=0&adx=790&ady=479&biw=1280&bih=694&abxe=1&eid=10593696%2C191880410%2C575144605&oid=3&rx=0&eae=0&fc=528&brdim=%2C%2C0%2C23%2C1280%2C23%2C1280%2C773%2C1280%2C694&vis=1&rsz=%7C%7CoeE%7C&abl=CS&ppjl=u&pfx=0&fu=16&bc=1&ifi=1&xpc=V08bjIBJ9q&p=http%3A//www.lovethatmax.com&dtd=453"
1498580501683	Marionette	DEBUG	Received DOM event "DOMContentLoaded" for "https://googleads.g.doubleclick.net/pagead/ads?client=ca-pub-1920060719174707&output=html&h=250&slotname=5774691637&adk=1653201887&adf=3069486557&w=300&lmt=1498576222&loeid=191880400&host=ca-host-pub-1556223355139109&h_ch=L0001&flash=0&url=http%3A%2F%2Fwww.lovethatmax.com%2F&wgl=1&dt=1498580499452&bpp=28&bdt=694&fdt=45&idt=376&shv=r20170619&cbv=r20170110&saldr=sa&correlator=1921868923472&frm=20&ga_vid=1077765752.1498580499&ga_sid=1498580499&ga_hid=222989466&ga_fc=1&pv=2&icsg=2&nhd=1&dssz=2&mdo=0&mso=0&u_tz=-240&u_his=1&u_java=0&u_h=800&u_w=1280&u_ah=773&u_aw=1280&u_cd=24&u_nplug=0&u_nmime=0&adx=790&ady=479&biw=1280&bih=694&abxe=1&eid=10593696%2C191880410%2C575144605&oid=3&rx=0&eae=0&fc=528&brdim=%2C%2C0%2C23%2C1280%2C23%2C1280%2C773%2C1280%2C694&vis=1&rsz=%7C%7CoeE%7C&abl=CS&ppjl=u&pfx=0&fu=16&bc=1&ifi=1&xpc=V08bjIBJ9q&p=http%3A//www.lovethatmax.com&dtd=453"
1498580501691	Marionette	DEBUG	Received DOM event "pageshow" for "https://googleads.g.doubleclick.net/pagead/ads?client=ca-pub-1920060719174707&output=html&h=250&slotname=5774691637&adk=1653201887&adf=3069486557&w=300&lmt=1498576222&loeid=191880400&host=ca-host-pub-1556223355139109&h_ch=L0001&flash=0&url=http%3A%2F%2Fwww.lovethatmax.com%2F&wgl=1&dt=1498580499452&bpp=28&bdt=694&fdt=45&idt=376&shv=r20170619&cbv=r20170110&saldr=sa&correlator=1921868923472&frm=20&ga_vid=1077765752.1498580499&ga_sid=1498580499&ga_hid=222989466&ga_fc=1&pv=2&icsg=2&nhd=1&dssz=2&mdo=0&mso=0&u_tz=-240&u_his=1&u_java=0&u_h=800&u_w=1280&u_ah=773&u_aw=1280&u_cd=24&u_nplug=0&u_nmime=0&adx=790&ady=479&biw=1280&bih=694&abxe=1&eid=10593696%2C191880410%2C575144605&oid=3&rx=0&eae=0&fc=528&brdim=%2C%2C0%2C23%2C1280%2C23%2C1280%2C773%2C1280%2C694&vis=1&rsz=%7C%7CoeE%7C&abl=CS&ppjl=u&pfx=0&fu=16&bc=1&ifi=1&xpc=V08bjIBJ9q&p=http%3A//www.lovethatmax.com&dtd=453"
1498580503436	Marionette	DEBUG	Received DOM event "DOMContentLoaded" for "https://tpc.googlesyndication.com/sodar/9im3l02I.html"
1498580503441	Marionette	DEBUG	Received DOM event "pageshow" for "https://tpc.googlesyndication.com/sodar/9im3l02I.html"
1498580503450	Marionette	DEBUG	Received DOM event "DOMContentLoaded" for "http://tags.bluekai.com/site/27519?dt=0&r=1914326719&sig=850909827&bkca=KJpnEnaNpQlN2UcnYzf/YcuhE9XmXpDyzcj1PpPt9uvNG+xutT0ulO0NGLuXkwhzV61Euy+EYyBE961eR019EkAuWx=="
1498580503565	Marionette	DEBUG	Received DOM event "pageshow" for "https://googleads.g.doubleclick.net/pagead/ads?client=ca-pub-1920060719174707&output=html&h=250&slotname=5774691637&adk=1653201887&adf=3069486557&w=300&lmt=1498576222&loeid=191880400&host=ca-host-pub-1556223355139109&h_ch=L0001&flash=0&url=http%3A%2F%2Fwww.lovethatmax.com%2F&wgl=1&dt=1498580499452&bpp=28&bdt=694&fdt=45&idt=376&shv=r20170619&cbv=r20170110&saldr=sa&correlator=1921868923472&frm=20&ga_vid=1077765752.1498580499&ga_sid=1498580499&ga_hid=222989466&ga_fc=1&pv=2&icsg=2&nhd=1&dssz=2&mdo=0&mso=0&u_tz=-240&u_his=1&u_java=0&u_h=800&u_w=1280&u_ah=773&u_aw=1280&u_cd=24&u_nplug=0&u_nmime=0&adx=790&ady=479&biw=1280&bih=694&abxe=1&eid=10593696%2C191880410%2C575144605&oid=3&rx=0&eae=0&fc=528&brdim=%2C%2C0%2C23%2C1280%2C23%2C1280%2C773%2C1280%2C694&vis=1&rsz=%7C%7CoeE%7C&abl=CS&ppjl=u&pfx=0&fu=16&bc=1&ifi=1&xpc=V08bjIBJ9q&p=http%3A//www.lovethatmax.com&dtd=453"
1498580503593	Marionette	DEBUG	Received DOM event "pageshow" for "http://dp1.33across.com/ps/?tt=iframe&amp;pid=523&amp;cgn=14275"
1498580503902	Marionette	DEBUG	Received DOM event "DOMContentLoaded" for "https://googleads.g.doubleclick.net/pagead/ads?client=ca-pub-1920060719174707&output=html&h=250&slotname=5774691637&adk=1653201887&adf=3069486557&w=300&lmt=1498576222&loeid=191880400&host=ca-host-pub-1556223355139109&h_ch=L0001&flash=0&url=http%3A%2F%2Fwww.lovethatmax.com%2F&wgl=1&dt=1498580499452&bpp=28&bdt=694&fdt=45&idt=376&shv=r20170619&cbv=r20170110&saldr=sa&correlator=1921868923472&frm=20&ga_vid=1077765752.1498580499&ga_sid=1498580499&ga_hid=222989466&ga_fc=1&pv=2&icsg=2&nhd=1&dssz=2&mdo=0&mso=0&u_tz=-240&u_his=1&u_java=0&u_h=800&u_w=1280&u_ah=773&u_aw=1280&u_cd=24&u_nplug=0&u_nmime=0&adx=790&ady=479&biw=1280&bih=694&abxe=1&eid=10593696%2C191880410%2C575144605&oid=3&rx=0&eae=0&fc=528&brdim=%2C%2C0%2C23%2C1280%2C23%2C1280%2C773%2C1280%2C694&vis=1&rsz=%7C%7CoeE%7C&abl=CS&ppjl=u&pfx=0&fu=16&bc=1&ifi=1&xpc=V08bjIBJ9q&p=http%3A//www.lovethatmax.com&dtd=453"
1498580503999	Marionette	DEBUG	Received DOM event "DOMContentLoaded" for "https://s0.2mdn.net/ads/richmedia/studio/pv2/60088410/20170525153142617/index.html?e=69&renderingType=2&leftOffset=0&topOffset=0&c=R4jgpm5UCn&t=1"
1498580504029	Marionette	DEBUG	Received DOM event "pageshow" for "http://www.lovethatmax.com/"
1498580504047	Marionette	DEBUG	Received DOM event "pageshow" for "https://s0.2mdn.net/ads/richmedia/studio/pv2/60088410/20170525153142617/index.html?e=69&renderingType=2&leftOffset=0&topOffset=0&c=R4jgpm5UCn&t=1"
1498580504103	Marionette	DEBUG	Received DOM event "pageshow" for "https://googleads.g.doubleclick.net/pagead/ads?client=ca-pub-1920060719174707&output=html&h=250&slotname=5774691637&adk=1653201887&adf=3069486557&w=300&lmt=1498576222&loeid=191880400&host=ca-host-pub-1556223355139109&h_ch=L0001&flash=0&url=http%3A%2F%2Fwww.lovethatmax.com%2F&wgl=1&dt=1498580499452&bpp=28&bdt=694&fdt=45&idt=376&shv=r20170619&cbv=r20170110&saldr=sa&correlator=1921868923472&frm=20&ga_vid=1077765752.1498580499&ga_sid=1498580499&ga_hid=222989466&ga_fc=1&pv=2&icsg=2&nhd=1&dssz=2&mdo=0&mso=0&u_tz=-240&u_his=1&u_java=0&u_h=800&u_w=1280&u_ah=773&u_aw=1280&u_cd=24&u_nplug=0&u_nmime=0&adx=790&ady=479&biw=1280&bih=694&abxe=1&eid=10593696%2C191880410%2C575144605&oid=3&rx=0&eae=0&fc=528&brdim=%2C%2C0%2C23%2C1280%2C23%2C1280%2C773%2C1280%2C694&vis=1&rsz=%7C%7CoeE%7C&abl=CS&ppjl=u&pfx=0&fu=16&bc=1&ifi=1&xpc=V08bjIBJ9q&p=http%3A//www.lovethatmax.com&dtd=453"
1498580504105	Marionette	DEBUG	Received DOM event "pageshow" for "http://www.lovethatmax.com/"
1498580504165	Marionette	DEBUG	Received DOM event "DOMContentLoaded" for "http://www.lovethatmax.com/"
1498580504168	Marionette	DEBUG	Received DOM event "pageshow" for "http://www.lovethatmax.com/"
1498580504200	Marionette	DEBUG	Received DOM event "pageshow" for "http://tags.bluekai.com/site/27519?dt=0&r=1914326719&sig=850909827&bkca=KJpnEnaNpQlN2UcnYzf/YcuhE9XmXpDyzcj1PpPt9uvNG+xutT0ulO0NGLuXkwhzV61Euy+EYyBE961eR019EkAuWx=="
1498580504447	Marionette	DEBUG	Received DOM event "DOMContentLoaded" for "https://www.facebook.com/v2.6/plugins/like.php?action=like&app_id=172525162793917&channel=http%3A%2F%2Fstaticxx.facebook.com%2Fconnect%2Fxd_arbiter%2Fr%2FXBwzv5Yrm_1.js%3Fversion%3D42%23cb%3Df36bb92b1815bfc%26domain%3Dwww.lovethatmax.com%26origin%3Dhttp%253A%252F%252Fwww.lovethatmax.com%252Ff4a8fa97af069e%26relation%3Dparent.parent&container_width=0&font=arial&height=25&href=http%3A%2F%2Fwww.lovethatmax.com%2F2017%2F06%2Fbest-cups-water-bottles-kids-teens-with-disabilities.html&layout=button_count&locale=en_US&sdk=joey&send=false&share=false&show_faces=false&width=90"
1498580504503	Marionette	DEBUG	Received DOM event "pageshow" for "https://www.facebook.com/v2.6/plugins/like.php?action=like&app_id=172525162793917&channel=http%3A%2F%2Fstaticxx.facebook.com%2Fconnect%2Fxd_arbiter%2Fr%2FXBwzv5Yrm_1.js%3Fversion%3D42%23cb%3Df36bb92b1815bfc%26domain%3Dwww.lovethatmax.com%26origin%3Dhttp%253A%252F%252Fwww.lovethatmax.com%252Ff4a8fa97af069e%26relation%3Dparent.parent&container_width=0&font=arial&height=25&href=http%3A%2F%2Fwww.lovethatmax.com%2F2017%2F06%2Fbest-cups-water-bottles-kids-teens-with-disabilities.html&layout=button_count&locale=en_US&sdk=joey&send=false&share=false&show_faces=false&width=90"
1498580504539	Marionette	DEBUG	Received DOM event "pageshow" for "http://www.lovethatmax.com/"
1498580504545	Marionette	DEBUG	Received DOM event "pageshow" for "http://www.lovethatmax.com/"
*************************
A coding exception was thrown and uncaught in a Task.

Full message: TypeError: NetworkError when attempting to fetch resource.
Full stack: 
*************************
1498584034189	Marionette	INFO	Ceased listening
