1496253690767	geckodriver	INFO	Listening on 127.0.0.1:64846
1496253691937	geckodriver::marionette	INFO	Starting browser /Users/Hannah/Applications/Firefox.app/Contents/MacOS/firefox-bin with args ["-marionette"]
1496253696261	Marionette	INFO	Listening on port 64897
1496253696396	Marionette	WARN	TLS certificate errors will be ignored for this session
2017-05-31 14:01:37.347 plugin-container[2643:150490] *** CFMessagePort: bootstrap_register(): failed 1100 (0x44c) 'Permission denied', port = 0x8f3f, name = 'com.apple.tsm.portname'
See /usr/include/servers/bootstrap_defs.h for the error codes.
2017-05-31 14:01:37.351 plugin-container[2643:150490] *** CFMessagePort: bootstrap_register(): failed 1100 (0x44c) 'Permission denied', port = 0x5007, name = 'com.apple.CFPasteboardClient'
See /usr/include/servers/bootstrap_defs.h for the error codes.
2017-05-31 14:01:37.351 plugin-container[2643:150490] void __CFPasteboardSetup() : Failed to allocate communication port for com.apple.CFPasteboardClient; this is likely due to sandbox restrictions
*************************
A coding exception was thrown and uncaught in a Task.

Full message: TypeError: NetworkError when attempting to fetch resource.
Full stack: 
*************************
1498584339398	geckodriver	INFO	Listening on 127.0.0.1:64704
1498584340464	geckodriver::marionette	INFO	Starting browser /Users/Hannah/Applications/Firefox.app/Contents/MacOS/firefox-bin with args ["-marionette"]
1498584343134	Marionette	INFO	Listening on port 64714
1498584343216	Marionette	WARN	TLS certificate errors will be ignored for this session
1498584343584	Marionette	DEBUG	loaded listener.js
2017-06-27 13:25:43.746 plugin-container[2760:374757] *** CFMessagePort: bootstrap_register(): failed 1100 (0x44c) 'Permission denied', port = 0x953f, name = 'com.apple.tsm.portname'
See /usr/include/servers/bootstrap_defs.h for the error codes.
2017-06-27 13:25:43.749 plugin-container[2760:374757] *** CFMessagePort: bootstrap_register(): failed 1100 (0x44c) 'Permission denied', port = 0x4a2f, name = 'com.apple.CFPasteboardClient'
See /usr/include/servers/bootstrap_defs.h for the error codes.
2017-06-27 13:25:43.749 plugin-container[2760:374757] void __CFPasteboardSetup() : Failed to allocate communication port for com.apple.CFPasteboardClient; this is likely due to sandbox restrictions
1498584344275	Marionette	DEBUG	Received DOM event "beforeunload" for "about:blank"
1498584344348	Marionette	DEBUG	Received DOM event "pagehide" for "about:blank"
1498584344348	Marionette	DEBUG	Received DOM event "unload" for "about:blank"
1498584344963	Marionette	DEBUG	Received DOM event "pageshow" for "http://letitbeautism.blogspot.com/"
1498584345085	Marionette	DEBUG	Received DOM event "DOMContentLoaded" for "http://letitbeautism.blogspot.com/"
1498584345089	Marionette	DEBUG	Received DOM event "DOMContentLoaded" for "http://letitbeautism.blogspot.com/"
1498584345221	Marionette	DEBUG	Received DOM event "pageshow" for "http://letitbeautism.blogspot.com/"
1498584345628	Marionette	DEBUG	Received DOM event "DOMContentLoaded" for "https://www.blogger.com/navbar.g?targetBlogID=250906301217300156&blogName=Let+it+be+Autism&publishMode=PUBLISH_MODE_BLOGSPOT&navbarType=LIGHT&layoutType=LAYOUTS&searchRoot=http://letitbeautism.blogspot.com/search&blogLocale=en&v=2&homepageUrl=http://letitbeautism.blogspot.com/&vt=2486522655744111366&usegapi=1&jsh=m%3B%2F_%2Fscs%2Fapps-static%2F_%2Fjs%2Fk%3Doz.gapi.en_US.GfkYNo6gqPw.O%2Fm%3D__features__%2Fam%3DAQ%2Frt%3Dj%2Fd%3D1%2Frs%3DAGLTcCMb6GG45fF2HapKzrAkuFOe1Yx9QA#id=navbar-iframe&parent=http%3A%2F%2Fletitbeautism.blogspot.com&pfname=&rpctoken=19103127"
1498584345699	Marionette	DEBUG	Received DOM event "pageshow" for "http://letitbeautism.blogspot.com/"
1498584346341	Marionette	DEBUG	Received DOM event "DOMContentLoaded" for "http://feedjit.com/wa/tf.html?r=833756532"
1498584346484	Marionette	DEBUG	Received DOM event "DOMContentLoaded" for "http://mpp.vindicosuite.com/?y=3&t=h&u=http%3A%2F%2Fletitbeautism.blogspot.com%2F&r="
1498584346497	Marionette	DEBUG	Received DOM event "pageshow" for "http://mpp.vindicosuite.com/?y=3&t=h&u=http%3A%2F%2Fletitbeautism.blogspot.com%2F&r="
1498584346512	Marionette	DEBUG	Received DOM event "DOMContentLoaded" for "https://googleads.g.doubleclick.net/pagead/html/r20170619/r20170110/zrt_lookup.html#"
1498584346515	Marionette	DEBUG	Received DOM event "pageshow" for "https://googleads.g.doubleclick.net/pagead/html/r20170619/r20170110/zrt_lookup.html#"
1498584346663	Marionette	DEBUG	Received DOM event "DOMContentLoaded" for "http://letitbeautism.blogspot.com/"
1498584346731	Marionette	DEBUG	Received DOM event "DOMContentLoaded" for "https://apis.google.com/se/0/wm/1/"
1498584346890	Marionette	DEBUG	Received DOM event "pageshow" for "https://apis.google.com/se/0/wm/1/"
1498584347053	Marionette	DEBUG	Received DOM event "DOMContentLoaded" for "https://apis.google.com/se/0/wm/1/"
1498584347060	Marionette	DEBUG	Received DOM event "pageshow" for "https://apis.google.com/se/0/wm/1/"
1498584347069	Marionette	DEBUG	Received DOM event "DOMContentLoaded" for "https://apis.google.com/se/0/wm/1/"
1498584347077	Marionette	DEBUG	Received DOM event "pageshow" for "https://apis.google.com/se/0/wm/1/"
1498584347093	Marionette	DEBUG	Received DOM event "DOMContentLoaded" for "https://apis.google.com/se/0/wm/1/"
1498584347097	Marionette	DEBUG	Received DOM event "pageshow" for "https://apis.google.com/se/0/wm/1/"
1498584347100	Marionette	DEBUG	Received DOM event "DOMContentLoaded" for "https://googleads.g.doubleclick.net/pagead/ads?client=ca-pub-3436070821659395&format=180x150_as&output=html&h=150&adk=2928234237&adf=2532709700&w=180&lmt=1473309377&loeid=21060498%2C191880401&host=pub-1556223355139109&h_ch=00000&ad_type=text&color_bg=FFFFFF&color_border=FFFFFF&color_link=555544&color_text=555544&color_url=669922&flash=0&url=http%3A%2F%2Fletitbeautism.blogspot.com%2F&wgl=1&dt=1498584345658&bpp=23&bdt=1312&fdt=44&idt=569&shv=r20170619&cbv=r20170110&saldr=sa&correlator=6758566629135&frm=20&ga_vid=762165621.1498584346&ga_sid=1498584346&ga_hid=287684337&ga_fc=0&pv=2&icsg=2&nhd=1&dssz=2&mdo=0&mso=0&u_tz=-240&u_his=1&u_java=0&u_h=800&u_w=1280&u_ah=773&u_aw=1280&u_cd=24&u_nplug=0&u_nmime=0&adx=902&ady=2406&biw=1280&bih=694&abxe=1&eid=4089040%2C10593696%2C191880411%2C575144605&oid=3&rx=0&eae=0&fc=528&brdim=%2C%2C0%2C23%2C1280%2C23%2C1280%2C773%2C1280%2C694&vis=1&rsz=o%7Co%7CpoeEbr%7C&abl=NS&ppjl=u&pfx=0&fu=16&bc=1&ifi=1&xpc=du2P1d9yCx&p=http%3A//letitbeautism.blogspot.com&dtd=625"
1498584347110	Marionette	DEBUG	Received DOM event "pageshow" for "https://googleads.g.doubleclick.net/pagead/ads?client=ca-pub-3436070821659395&format=180x150_as&output=html&h=150&adk=2928234237&adf=2532709700&w=180&lmt=1473309377&loeid=21060498%2C191880401&host=pub-1556223355139109&h_ch=00000&ad_type=text&color_bg=FFFFFF&color_border=FFFFFF&color_link=555544&color_text=555544&color_url=669922&flash=0&url=http%3A%2F%2Fletitbeautism.blogspot.com%2F&wgl=1&dt=1498584345658&bpp=23&bdt=1312&fdt=44&idt=569&shv=r20170619&cbv=r20170110&saldr=sa&correlator=6758566629135&frm=20&ga_vid=762165621.1498584346&ga_sid=1498584346&ga_hid=287684337&ga_fc=0&pv=2&icsg=2&nhd=1&dssz=2&mdo=0&mso=0&u_tz=-240&u_his=1&u_java=0&u_h=800&u_w=1280&u_ah=773&u_aw=1280&u_cd=24&u_nplug=0&u_nmime=0&adx=902&ady=2406&biw=1280&bih=694&abxe=1&eid=4089040%2C10593696%2C191880411%2C575144605&oid=3&rx=0&eae=0&fc=528&brdim=%2C%2C0%2C23%2C1280%2C23%2C1280%2C773%2C1280%2C694&vis=1&rsz=o%7Co%7CpoeEbr%7C&abl=NS&ppjl=u&pfx=0&fu=16&bc=1&ifi=1&xpc=du2P1d9yCx&p=http%3A//letitbeautism.blogspot.com&dtd=625"
1498584347118	Marionette	DEBUG	Received DOM event "DOMContentLoaded" for "https://apis.google.com/se/0/wm/1/"
1498584347124	Marionette	DEBUG	Received DOM event "pageshow" for "https://apis.google.com/se/0/wm/1/"
1498584347135	Marionette	DEBUG	Received DOM event "DOMContentLoaded" for "https://apis.google.com/se/0/wm/1/"
1498584347140	Marionette	DEBUG	Received DOM event "pageshow" for "https://apis.google.com/se/0/wm/1/"
1498584347147	Marionette	DEBUG	Received DOM event "DOMContentLoaded" for "https://apis.google.com/se/0/wm/1/"
1498584347154	Marionette	DEBUG	Received DOM event "pageshow" for "https://apis.google.com/se/0/wm/1/"
1498584347196	Marionette	DEBUG	Received DOM event "DOMContentLoaded" for "https://apis.google.com/se/0/wm/1/"
1498584347203	Marionette	DEBUG	Received DOM event "pageshow" for "https://apis.google.com/se/0/wm/1/"
1498584347247	Marionette	DEBUG	Received DOM event "pageshow" for "http://feedjit.com/wa/tf.html?r=833756532"
1498584347273	Marionette	DEBUG	Received DOM event "DOMContentLoaded" for "https://accounts.google.com/o/oauth2/postmessageRelay?parent=http%3A%2F%2Fletitbeautism.blogspot.com&jsh=m%3B%2F_%2Fscs%2Fapps-static%2F_%2Fjs%2Fk%3Doz.gapi.en_US.GfkYNo6gqPw.O%2Fm%3D__features__%2Fam%3DAQ%2Frt%3Dj%2Fd%3D1%2Frs%3DAGLTcCMb6GG45fF2HapKzrAkuFOe1Yx9QA#rpctoken=758375170&forcesecure=1"
1498584347273	Marionette	DEBUG	Received DOM event "DOMContentLoaded" for "https://accounts.google.com/o/oauth2/postmessageRelay?parent=https%3A%2F%2Fwww.blogger.com&jsh=m%3B%2F_%2Fscs%2Fapps-static%2F_%2Fjs%2Fk%3Doz.gapi.en_US.GfkYNo6gqPw.O%2Fm%3D__features__%2Fam%3DAQ%2Frt%3Dj%2Fd%3D1%2Frs%3DAGLTcCMb6GG45fF2HapKzrAkuFOe1Yx9QA#rpctoken=733667287&forcesecure=1"
1498584347277	Marionette	DEBUG	Received DOM event "DOMContentLoaded" for "http://letitbeautism.blogspot.com/"
1498584347279	Marionette	DEBUG	Received DOM event "pageshow" for "http://letitbeautism.blogspot.com/"
1498584347334	Marionette	DEBUG	Received DOM event "pageshow" for "https://accounts.google.com/o/oauth2/postmessageRelay?parent=http%3A%2F%2Fletitbeautism.blogspot.com&jsh=m%3B%2F_%2Fscs%2Fapps-static%2F_%2Fjs%2Fk%3Doz.gapi.en_US.GfkYNo6gqPw.O%2Fm%3D__features__%2Fam%3DAQ%2Frt%3Dj%2Fd%3D1%2Frs%3DAGLTcCMb6GG45fF2HapKzrAkuFOe1Yx9QA#rpctoken=758375170&forcesecure=1"
1498584347338	Marionette	DEBUG	Received DOM event "pageshow" for "https://accounts.google.com/o/oauth2/postmessageRelay?parent=https%3A%2F%2Fwww.blogger.com&jsh=m%3B%2F_%2Fscs%2Fapps-static%2F_%2Fjs%2Fk%3Doz.gapi.en_US.GfkYNo6gqPw.O%2Fm%3D__features__%2Fam%3DAQ%2Frt%3Dj%2Fd%3D1%2Frs%3DAGLTcCMb6GG45fF2HapKzrAkuFOe1Yx9QA#rpctoken=733667287&forcesecure=1"
1498584347339	Marionette	DEBUG	Received DOM event "pageshow" for "https://www.blogger.com/navbar.g?targetBlogID=250906301217300156&blogName=Let+it+be+Autism&publishMode=PUBLISH_MODE_BLOGSPOT&navbarType=LIGHT&layoutType=LAYOUTS&searchRoot=http://letitbeautism.blogspot.com/search&blogLocale=en&v=2&homepageUrl=http://letitbeautism.blogspot.com/&vt=2486522655744111366&usegapi=1&jsh=m%3B%2F_%2Fscs%2Fapps-static%2F_%2Fjs%2Fk%3Doz.gapi.en_US.GfkYNo6gqPw.O%2Fm%3D__features__%2Fam%3DAQ%2Frt%3Dj%2Fd%3D1%2Frs%3DAGLTcCMb6GG45fF2HapKzrAkuFOe1Yx9QA#id=navbar-iframe&parent=http%3A%2F%2Fletitbeautism.blogspot.com&pfname=&rpctoken=19103127"
1498584347786	Marionette	DEBUG	Received DOM event "DOMContentLoaded" for "https://www.blogger.com/followers.g?blogID=250906301217300156&colors=Cgt0cmFuc3BhcmVudBILdHJhbnNwYXJlbnQaByMxZDFkMWQiByM4YWUwMjUqByMxODFjMTcyByNjZmY0OGE6ByMxZDFkMWRCByM4YWUwMjVKByNmZmZmZmZSByM4YWUwMjVaC3RyYW5zcGFyZW50&pageSize=21&origin=http%3A%2F%2Fletitbeautism.blogspot.com%2F&usegapi=1&jsh=m%3B%2F_%2Fscs%2Fapps-static%2F_%2Fjs%2Fk%3Doz.gapi.en_US.GfkYNo6gqPw.O%2Fm%3D__features__%2Fam%3DAQ%2Frt%3Dj%2Fd%3D1%2Frs%3DAGLTcCMb6GG45fF2HapKzrAkuFOe1Yx9QA&bpli=1#id=I0_1498584345641&parent=http%3A%2F%2Fletitbeautism.blogspot.com&pfname=&rpctoken=41946009"
1498584348719	Marionette	DEBUG	Received DOM event "pageshow" for "https://www.blogger.com/followers.g?blogID=250906301217300156&colors=Cgt0cmFuc3BhcmVudBILdHJhbnNwYXJlbnQaByMxZDFkMWQiByM4YWUwMjUqByMxODFjMTcyByNjZmY0OGE6ByMxZDFkMWRCByM4YWUwMjVKByNmZmZmZmZSByM4YWUwMjVaC3RyYW5zcGFyZW50&pageSize=21&origin=http%3A%2F%2Fletitbeautism.blogspot.com%2F&usegapi=1&jsh=m%3B%2F_%2Fscs%2Fapps-static%2F_%2Fjs%2Fk%3Doz.gapi.en_US.GfkYNo6gqPw.O%2Fm%3D__features__%2Fam%3DAQ%2Frt%3Dj%2Fd%3D1%2Frs%3DAGLTcCMb6GG45fF2HapKzrAkuFOe1Yx9QA&bpli=1#id=I0_1498584345641&parent=http%3A%2F%2Fletitbeautism.blogspot.com&pfname=&rpctoken=41946009"
1498584348749	Marionette	DEBUG	Received DOM event "pageshow" for "http://letitbeautism.blogspot.com/"
*************************
A coding exception was thrown and uncaught in a Task.

Full message: TypeError: NetworkError when attempting to fetch resource.
Full stack: 
*************************

###!!! [Child][MessageChannel] Error: (msgtype=0x440102,name=PContent::Msg_AsyncMessage) Channel closing: too late to send/recv, messages will be lost

JavaScript error: chrome://global/content/process-content.js, line 71: NS_ERROR_UNEXPECTED: Component returned failure code: 0x8000ffff (NS_ERROR_UNEXPECTED) [nsIMessageSender.sendAsyncMessage]

###!!! [Child][MessageChannel] Error: (msgtype=0x440102,name=PContent::Msg_AsyncMessage) Channel closing: too late to send/recv, messages will be lost

JavaScript error: chrome://global/content/process-content.js, line 71: NS_ERROR_UNEXPECTED: Component returned failure code: 0x8000ffff (NS_ERROR_UNEXPECTED) [nsIMessageSender.sendAsyncMessage]

###!!! [Child][MessageChannel] Error: (msgtype=0x440102,name=PContent::Msg_AsyncMessage) Channel closing: too late to send/recv, messages will be lost

JavaScript error: chrome://global/content/process-content.js, line 71: NS_ERROR_UNEXPECTED: Component returned failure code: 0x8000ffff (NS_ERROR_UNEXPECTED) [nsIMessageSender.sendAsyncMessage]

###!!! [Child][MessageChannel] Error: (msgtype=0x440102,name=PContent::Msg_AsyncMessage) Channel closing: too late to send/recv, messages will be lost

JavaScript error: chrome://global/content/process-content.js, line 71: NS_ERROR_UNEXPECTED: Component returned failure code: 0x8000ffff (NS_ERROR_UNEXPECTED) [nsIMessageSender.sendAsyncMessage]

###!!! [Child][MessageChannel] Error: (msgtype=0x440102,name=PContent::Msg_AsyncMessage) Channel closing: too late to send/recv, messages will be lost

JavaScript error: chrome://global/content/process-content.js, line 71: NS_ERROR_UNEXPECTED: Component returned failure code: 0x8000ffff (NS_ERROR_UNEXPECTED) [nsIMessageSender.sendAsyncMessage]

###!!! [Child][MessageChannel] Error: (msgtype=0x440102,name=PContent::Msg_AsyncMessage) Channel closing: too late to send/recv, messages will be lost

JavaScript error: chrome://global/content/process-content.js, line 71: NS_ERROR_UNEXPECTED: Component returned failure code: 0x8000ffff (NS_ERROR_UNEXPECTED) [nsIMessageSender.sendAsyncMessage]

###!!! [Child][MessageChannel] Error: (msgtype=0x440102,name=PContent::Msg_AsyncMessage) Channel closing: too late to send/recv, messages will be lost

JavaScript error: chrome://global/content/process-content.js, line 71: NS_ERROR_UNEXPECTED: Component returned failure code: 0x8000ffff (NS_ERROR_UNEXPECTED) [nsIMessageSender.sendAsyncMessage]

###!!! [Child][MessageChannel] Error: (msgtype=0x440102,name=PContent::Msg_AsyncMessage) Channel closing: too late to send/recv, messages will be lost

JavaScript error: chrome://global/content/process-content.js, line 71: NS_ERROR_UNEXPECTED: Component returned failure code: 0x8000ffff (NS_ERROR_UNEXPECTED) [nsIMessageSender.sendAsyncMessage]

###!!! [Child][MessageChannel] Error: (msgtype=0x440102,name=PContent::Msg_AsyncMessage) Channel closing: too late to send/recv, messages will be lost

JavaScript error: chrome://global/content/process-content.js, line 71: NS_ERROR_UNEXPECTED: Component returned failure code: 0x8000ffff (NS_ERROR_UNEXPECTED) [nsIMessageSender.sendAsyncMessage]

###!!! [Child][MessageChannel] Error: (msgtype=0x440102,name=PContent::Msg_AsyncMessage) Channel closing: too late to send/recv, messages will be lost

JavaScript error: chrome://global/content/process-content.js, line 71: NS_ERROR_UNEXPECTED: Component returned failure code: 0x8000ffff (NS_ERROR_UNEXPECTED) [nsIMessageSender.sendAsyncMessage]

###!!! [Child][MessageChannel] Error: (msgtype=0x440102,name=PContent::Msg_AsyncMessage) Channel closing: too late to send/recv, messages will be lost

JavaScript error: chrome://global/content/process-content.js, line 71: NS_ERROR_UNEXPECTED: Component returned failure code: 0x8000ffff (NS_ERROR_UNEXPECTED) [nsIMessageSender.sendAsyncMessage]

###!!! [Child][MessageChannel] Error: (msgtype=0x440102,name=PContent::Msg_AsyncMessage) Channel closing: too late to send/recv, messages will be lost

JavaScript error: chrome://global/content/process-content.js, line 71: NS_ERROR_UNEXPECTED: Component returned failure code: 0x8000ffff (NS_ERROR_UNEXPECTED) [nsIMessageSender.sendAsyncMessage]

###!!! [Child][MessageChannel] Error: (msgtype=0x440102,name=PContent::Msg_AsyncMessage) Channel closing: too late to send/recv, messages will be lost

JavaScript error: chrome://global/content/process-content.js, line 71: NS_ERROR_UNEXPECTED: Component returned failure code: 0x8000ffff (NS_ERROR_UNEXPECTED) [nsIMessageSender.sendAsyncMessage]

###!!! [Child][MessageChannel] Error: (msgtype=0x440102,name=PContent::Msg_AsyncMessage) Channel closing: too late to send/recv, messages will be lost

JavaScript error: chrome://global/content/process-content.js, line 71: NS_ERROR_UNEXPECTED: Component returned failure code: 0x8000ffff (NS_ERROR_UNEXPECTED) [nsIMessageSender.sendAsyncMessage]

###!!! [Child][MessageChannel] Error: (msgtype=0x440102,name=PContent::Msg_AsyncMessage) Channel closing: too late to send/recv, messages will be lost

JavaScript error: chrome://global/content/process-content.js, line 71: NS_ERROR_UNEXPECTED: Component returned failure code: 0x8000ffff (NS_ERROR_UNEXPECTED) [nsIMessageSender.sendAsyncMessage]

###!!! [Child][MessageChannel] Error: (msgtype=0x440102,name=PContent::Msg_AsyncMessage) Channel closing: too late to send/recv, messages will be lost

JavaScript error: chrome://global/content/process-content.js, line 71: NS_ERROR_UNEXPECTED: Component returned failure code: 0x8000ffff (NS_ERROR_UNEXPECTED) [nsIMessageSender.sendAsyncMessage]

###!!! [Child][MessageChannel] Error: (msgtype=0x440102,name=PContent::Msg_AsyncMessage) Channel closing: too late to send/recv, messages will be lost

JavaScript error: chrome://global/content/process-content.js, line 71: NS_ERROR_UNEXPECTED: Component returned failure code: 0x8000ffff (NS_ERROR_UNEXPECTED) [nsIMessageSender.sendAsyncMessage]

###!!! [Child][MessageChannel] Error: (msgtype=0x440102,name=PContent::Msg_AsyncMessage) Channel closing: too late to send/recv, messages will be lost

JavaScript error: chrome://global/content/process-content.js, line 71: NS_ERROR_UNEXPECTED: Component returned failure code: 0x8000ffff (NS_ERROR_UNEXPECTED) [nsIMessageSender.sendAsyncMessage]

###!!! [Child][MessageChannel] Error: (msgtype=0x440102,name=PContent::Msg_AsyncMessage) Channel closing: too late to send/recv, messages will be lost

JavaScript error: chrome://global/content/process-content.js, line 71: NS_ERROR_UNEXPECTED: Component returned failure code: 0x8000ffff (NS_ERROR_UNEXPECTED) [nsIMessageSender.sendAsyncMessage]

###!!! [Child][MessageChannel] Error: (msgtype=0x440102,name=PContent::Msg_AsyncMessage) Channel closing: too late to send/recv, messages will be lost

JavaScript error: chrome://global/content/process-content.js, line 71: NS_ERROR_UNEXPECTED: Component returned failure code: 0x8000ffff (NS_ERROR_UNEXPECTED) [nsIMessageSender.sendAsyncMessage]

###!!! [Child][MessageChannel] Error: (msgtype=0x440102,name=PContent::Msg_AsyncMessage) Channel closing: too late to send/recv, messages will be lost

JavaScript error: chrome://global/content/process-content.js, line 71: NS_ERROR_UNEXPECTED: Component returned failure code: 0x8000ffff (NS_ERROR_UNEXPECTED) [nsIMessageSender.sendAsyncMessage]

###!!! [Child][MessageChannel] Error: (msgtype=0x2C0048,name=PBrowser::Msg___delete__) Channel closing: too late to send/recv, messages will be lost


###!!! [Child][MessageChannel] Error: (msgtype=0x4400AB,name=PContent::Msg_ConsoleMessage) Channel closing: too late to send/recv, messages will be lost

1498585190935	Marionette	INFO	Ceased listening
1498663052634	geckodriver	INFO	Listening on 127.0.0.1:61936
1498663054545	geckodriver::marionette	INFO	Starting browser /Users/Hannah/Applications/Firefox.app/Contents/MacOS/firefox-bin with args ["-marionette"]
1498663061659	Marionette	INFO	Listening on port 61943
1498663061876	Marionette	WARN	TLS certificate errors will be ignored for this session
1498663062332	Marionette	DEBUG	loaded listener.js
2017-06-28 11:17:42.495 plugin-container[4342:602977] *** CFMessagePort: bootstrap_register(): failed 1100 (0x44c) 'Permission denied', port = 0x8f3f, name = 'com.apple.tsm.portname'
See /usr/include/servers/bootstrap_defs.h for the error codes.
2017-06-28 11:17:42.498 plugin-container[4342:602977] *** CFMessagePort: bootstrap_register(): failed 1100 (0x44c) 'Permission denied', port = 0x8f43, name = 'com.apple.CFPasteboardClient'
See /usr/include/servers/bootstrap_defs.h for the error codes.
2017-06-28 11:17:42.498 plugin-container[4342:602977] void __CFPasteboardSetup() : Failed to allocate communication port for com.apple.CFPasteboardClient; this is likely due to sandbox restrictions
1498663064308	Marionette	DEBUG	Received DOM event "beforeunload" for "about:blank"
1498663064389	Marionette	DEBUG	Received DOM event "pagehide" for "about:blank"
1498663064390	Marionette	DEBUG	Received DOM event "unload" for "about:blank"
1498663064999	Marionette	DEBUG	Received DOM event "pageshow" for "http://letitbeautism.blogspot.com/"
1498663065116	Marionette	DEBUG	Received DOM event "DOMContentLoaded" for "http://letitbeautism.blogspot.com/"
1498663065119	Marionette	DEBUG	Received DOM event "DOMContentLoaded" for "http://letitbeautism.blogspot.com/"
1498663065168	Marionette	DEBUG	Received DOM event "pageshow" for "http://letitbeautism.blogspot.com/"
1498663065436	Marionette	DEBUG	Received DOM event "DOMContentLoaded" for "https://www.blogger.com/navbar.g?targetBlogID=250906301217300156&blogName=Let+it+be+Autism&publishMode=PUBLISH_MODE_BLOGSPOT&navbarType=LIGHT&layoutType=LAYOUTS&searchRoot=http://letitbeautism.blogspot.com/search&blogLocale=en&v=2&homepageUrl=http://letitbeautism.blogspot.com/&vt=2486522655744111366&usegapi=1&jsh=m%3B%2F_%2Fscs%2Fapps-static%2F_%2Fjs%2Fk%3Doz.gapi.en_US.wpCNxUYJ7bc.O%2Fm%3D__features__%2Fam%3DEQ%2Frt%3Dj%2Fd%3D1%2Frs%3DAGLTcCMzAPKkk563KJa44hVm2hkiPHRLrw#id=navbar-iframe&parent=http%3A%2F%2Fletitbeautism.blogspot.com&pfname=&rpctoken=17562826"
1498663065492	Marionette	DEBUG	Received DOM event "pageshow" for "http://letitbeautism.blogspot.com/"
1498663066189	Marionette	DEBUG	Received DOM event "DOMContentLoaded" for "http://mpp.vindicosuite.com/?y=3&t=h&u=http%3A%2F%2Fletitbeautism.blogspot.com%2F&r="
1498663066198	Marionette	DEBUG	Received DOM event "pageshow" for "http://mpp.vindicosuite.com/?y=3&t=h&u=http%3A%2F%2Fletitbeautism.blogspot.com%2F&r="
1498663066201	Marionette	DEBUG	Received DOM event "DOMContentLoaded" for "https://googleads.g.doubleclick.net/pagead/html/r20170619/r20170110/zrt_lookup.html#"
1498663066203	Marionette	DEBUG	Received DOM event "pageshow" for "https://googleads.g.doubleclick.net/pagead/html/r20170619/r20170110/zrt_lookup.html#"
1498663066342	Marionette	DEBUG	Received DOM event "DOMContentLoaded" for "http://feedjit.com/wa/tf.html?r=154413171"
1498663066448	Marionette	DEBUG	Received DOM event "DOMContentLoaded" for "http://letitbeautism.blogspot.com/"
1498663066773	Marionette	DEBUG	Received DOM event "DOMContentLoaded" for "https://apis.google.com/se/0/wm/1/"
1498663066804	Marionette	DEBUG	Received DOM event "pageshow" for "https://apis.google.com/se/0/wm/1/"
1498663066824	Marionette	DEBUG	Received DOM event "DOMContentLoaded" for "https://apis.google.com/se/0/wm/1/"
1498663066830	Marionette	DEBUG	Received DOM event "DOMContentLoaded" for "https://apis.google.com/se/0/wm/1/"
1498663066843	Marionette	DEBUG	Received DOM event "DOMContentLoaded" for "https://apis.google.com/se/0/wm/1/"
1498663066852	Marionette	DEBUG	Received DOM event "DOMContentLoaded" for "https://apis.google.com/se/0/wm/1/"
1498663066866	Marionette	DEBUG	Received DOM event "DOMContentLoaded" for "https://apis.google.com/se/0/wm/1/"
1498663066872	Marionette	DEBUG	Received DOM event "DOMContentLoaded" for "https://apis.google.com/se/0/wm/1/"
1498663066883	Marionette	DEBUG	Received DOM event "DOMContentLoaded" for "https://apis.google.com/se/0/wm/1/"
1498663066898	Marionette	DEBUG	Received DOM event "pageshow" for "https://apis.google.com/se/0/wm/1/"
1498663066906	Marionette	DEBUG	Received DOM event "pageshow" for "https://apis.google.com/se/0/wm/1/"
1498663066912	Marionette	DEBUG	Received DOM event "pageshow" for "https://apis.google.com/se/0/wm/1/"
1498663066920	Marionette	DEBUG	Received DOM event "pageshow" for "https://apis.google.com/se/0/wm/1/"
1498663066925	Marionette	DEBUG	Received DOM event "pageshow" for "https://apis.google.com/se/0/wm/1/"
1498663066929	Marionette	DEBUG	Received DOM event "pageshow" for "https://apis.google.com/se/0/wm/1/"
1498663066933	Marionette	DEBUG	Received DOM event "pageshow" for "https://apis.google.com/se/0/wm/1/"
1498663066935	Marionette	DEBUG	Received DOM event "DOMContentLoaded" for "https://googleads.g.doubleclick.net/pagead/ads?client=ca-pub-3436070821659395&format=180x150_as&output=html&h=150&adk=2928234237&adf=2532709700&w=180&lmt=1473309377&loeid=191880401&host=pub-1556223355139109&h_ch=00000&ad_type=text&color_bg=FFFFFF&color_border=FFFFFF&color_link=555544&color_text=555544&color_url=669922&flash=0&url=http%3A%2F%2Fletitbeautism.blogspot.com%2F&wgl=1&dt=1498663065454&bpp=23&bdt=1066&fdt=41&idt=574&shv=r20170619&cbv=r20170110&saldr=sa&correlator=2412387511893&frm=20&ga_vid=762357000.1498663066&ga_sid=1498663066&ga_hid=1525973508&ga_fc=0&pv=2&icsg=2&nhd=1&dssz=2&mdo=0&mso=0&u_tz=-240&u_his=1&u_java=0&u_h=800&u_w=1280&u_ah=773&u_aw=1280&u_cd=24&u_nplug=0&u_nmime=0&adx=902&ady=2406&biw=1280&bih=694&abxe=1&eid=191880411%2C575144605&oid=3&rx=0&eae=0&fc=528&brdim=%2C%2C0%2C23%2C1280%2C23%2C1280%2C773%2C1280%2C694&vis=1&rsz=o%7Co%7CpoeEbr%7C&abl=NS&ppjl=u&pfx=0&fu=16&bc=1&ifi=1&xpc=WfHexixTy8&p=http%3A//letitbeautism.blogspot.com&dtd=653"
1498663066947	Marionette	DEBUG	Received DOM event "pageshow" for "https://googleads.g.doubleclick.net/pagead/ads?client=ca-pub-3436070821659395&format=180x150_as&output=html&h=150&adk=2928234237&adf=2532709700&w=180&lmt=1473309377&loeid=191880401&host=pub-1556223355139109&h_ch=00000&ad_type=text&color_bg=FFFFFF&color_border=FFFFFF&color_link=555544&color_text=555544&color_url=669922&flash=0&url=http%3A%2F%2Fletitbeautism.blogspot.com%2F&wgl=1&dt=1498663065454&bpp=23&bdt=1066&fdt=41&idt=574&shv=r20170619&cbv=r20170110&saldr=sa&correlator=2412387511893&frm=20&ga_vid=762357000.1498663066&ga_sid=1498663066&ga_hid=1525973508&ga_fc=0&pv=2&icsg=2&nhd=1&dssz=2&mdo=0&mso=0&u_tz=-240&u_his=1&u_java=0&u_h=800&u_w=1280&u_ah=773&u_aw=1280&u_cd=24&u_nplug=0&u_nmime=0&adx=902&ady=2406&biw=1280&bih=694&abxe=1&eid=191880411%2C575144605&oid=3&rx=0&eae=0&fc=528&brdim=%2C%2C0%2C23%2C1280%2C23%2C1280%2C773%2C1280%2C694&vis=1&rsz=o%7Co%7CpoeEbr%7C&abl=NS&ppjl=u&pfx=0&fu=16&bc=1&ifi=1&xpc=WfHexixTy8&p=http%3A//letitbeautism.blogspot.com&dtd=653"
1498663067050	Marionette	DEBUG	Received DOM event "DOMContentLoaded" for "https://accounts.google.com/o/oauth2/postmessageRelay?parent=http%3A%2F%2Fletitbeautism.blogspot.com&jsh=m%3B%2F_%2Fscs%2Fapps-static%2F_%2Fjs%2Fk%3Doz.gapi.en_US.wpCNxUYJ7bc.O%2Fm%3D__features__%2Fam%3DEQ%2Frt%3Dj%2Fd%3D1%2Frs%3DAGLTcCMzAPKkk563KJa44hVm2hkiPHRLrw#rpctoken=757051550&forcesecure=1"
1498663067052	Marionette	DEBUG	Received DOM event "pageshow" for "http://feedjit.com/wa/tf.html?r=154413171"
1498663067067	Marionette	DEBUG	Received DOM event "DOMContentLoaded" for "https://accounts.google.com/o/oauth2/postmessageRelay?parent=https%3A%2F%2Fwww.blogger.com&jsh=m%3B%2F_%2Fscs%2Fapps-static%2F_%2Fjs%2Fk%3Doz.gapi.en_US.wpCNxUYJ7bc.O%2Fm%3D__features__%2Fam%3DEQ%2Frt%3Dj%2Fd%3D1%2Frs%3DAGLTcCMzAPKkk563KJa44hVm2hkiPHRLrw#rpctoken=453840077&forcesecure=1"
1498663067074	Marionette	DEBUG	Received DOM event "DOMContentLoaded" for "http://letitbeautism.blogspot.com/"
1498663067076	Marionette	DEBUG	Received DOM event "pageshow" for "http://letitbeautism.blogspot.com/"
1498663067112	Marionette	DEBUG	Received DOM event "pageshow" for "https://accounts.google.com/o/oauth2/postmessageRelay?parent=http%3A%2F%2Fletitbeautism.blogspot.com&jsh=m%3B%2F_%2Fscs%2Fapps-static%2F_%2Fjs%2Fk%3Doz.gapi.en_US.wpCNxUYJ7bc.O%2Fm%3D__features__%2Fam%3DEQ%2Frt%3Dj%2Fd%3D1%2Frs%3DAGLTcCMzAPKkk563KJa44hVm2hkiPHRLrw#rpctoken=757051550&forcesecure=1"
1498663067116	Marionette	DEBUG	Received DOM event "pageshow" for "https://accounts.google.com/o/oauth2/postmessageRelay?parent=https%3A%2F%2Fwww.blogger.com&jsh=m%3B%2F_%2Fscs%2Fapps-static%2F_%2Fjs%2Fk%3Doz.gapi.en_US.wpCNxUYJ7bc.O%2Fm%3D__features__%2Fam%3DEQ%2Frt%3Dj%2Fd%3D1%2Frs%3DAGLTcCMzAPKkk563KJa44hVm2hkiPHRLrw#rpctoken=453840077&forcesecure=1"
1498663067118	Marionette	DEBUG	Received DOM event "pageshow" for "https://www.blogger.com/navbar.g?targetBlogID=250906301217300156&blogName=Let+it+be+Autism&publishMode=PUBLISH_MODE_BLOGSPOT&navbarType=LIGHT&layoutType=LAYOUTS&searchRoot=http://letitbeautism.blogspot.com/search&blogLocale=en&v=2&homepageUrl=http://letitbeautism.blogspot.com/&vt=2486522655744111366&usegapi=1&jsh=m%3B%2F_%2Fscs%2Fapps-static%2F_%2Fjs%2Fk%3Doz.gapi.en_US.wpCNxUYJ7bc.O%2Fm%3D__features__%2Fam%3DEQ%2Frt%3Dj%2Fd%3D1%2Frs%3DAGLTcCMzAPKkk563KJa44hVm2hkiPHRLrw#id=navbar-iframe&parent=http%3A%2F%2Fletitbeautism.blogspot.com&pfname=&rpctoken=17562826"
1498663067327	Marionette	DEBUG	Received DOM event "DOMContentLoaded" for "https://www.blogger.com/followers.g?blogID=250906301217300156&colors=Cgt0cmFuc3BhcmVudBILdHJhbnNwYXJlbnQaByMxZDFkMWQiByM4YWUwMjUqByMxODFjMTcyByNjZmY0OGE6ByMxZDFkMWRCByM4YWUwMjVKByNmZmZmZmZSByM4YWUwMjVaC3RyYW5zcGFyZW50&pageSize=21&origin=http%3A%2F%2Fletitbeautism.blogspot.com%2F&usegapi=1&jsh=m%3B%2F_%2Fscs%2Fapps-static%2F_%2Fjs%2Fk%3Doz.gapi.en_US.wpCNxUYJ7bc.O%2Fm%3D__features__%2Fam%3DEQ%2Frt%3Dj%2Fd%3D1%2Frs%3DAGLTcCMzAPKkk563KJa44hVm2hkiPHRLrw&bpli=1#id=I0_1498663065442&parent=http%3A%2F%2Fletitbeautism.blogspot.com&pfname=&rpctoken=22631904"
1498663067949	Marionette	DEBUG	Received DOM event "pageshow" for "https://www.blogger.com/followers.g?blogID=250906301217300156&colors=Cgt0cmFuc3BhcmVudBILdHJhbnNwYXJlbnQaByMxZDFkMWQiByM4YWUwMjUqByMxODFjMTcyByNjZmY0OGE6ByMxZDFkMWRCByM4YWUwMjVKByNmZmZmZmZSByM4YWUwMjVaC3RyYW5zcGFyZW50&pageSize=21&origin=http%3A%2F%2Fletitbeautism.blogspot.com%2F&usegapi=1&jsh=m%3B%2F_%2Fscs%2Fapps-static%2F_%2Fjs%2Fk%3Doz.gapi.en_US.wpCNxUYJ7bc.O%2Fm%3D__features__%2Fam%3DEQ%2Frt%3Dj%2Fd%3D1%2Frs%3DAGLTcCMzAPKkk563KJa44hVm2hkiPHRLrw&bpli=1#id=I0_1498663065442&parent=http%3A%2F%2Fletitbeautism.blogspot.com&pfname=&rpctoken=22631904"
1498663067984	Marionette	DEBUG	Received DOM event "pageshow" for "http://letitbeautism.blogspot.com/"
1498663068706	Marionette	DEBUG	Canceled page load listener because no navigation has been detected
1498663069971	Marionette	DEBUG	Canceled page load listener because no navigation has been detected
1498663071244	Marionette	DEBUG	Canceled page load listener because no navigation has been detected
1498663072515	Marionette	DEBUG	Canceled page load listener because no navigation has been detected
1498663073805	Marionette	DEBUG	Canceled page load listener because no navigation has been detected
1498663075071	Marionette	DEBUG	Canceled page load listener because no navigation has been detected
1498663076327	Marionette	DEBUG	Canceled page load listener because no navigation has been detected
1498663077586	Marionette	DEBUG	Canceled page load listener because no navigation has been detected
1498663078865	Marionette	DEBUG	Canceled page load listener because no navigation has been detected
1498663080128	Marionette	DEBUG	Canceled page load listener because no navigation has been detected
1498663081377	Marionette	DEBUG	Canceled page load listener because no navigation has been detected
1498663082635	Marionette	DEBUG	Canceled page load listener because no navigation has been detected
1498663083904	Marionette	DEBUG	Canceled page load listener because no navigation has been detected
1498663085184	Marionette	DEBUG	Canceled page load listener because no navigation has been detected
1498663086436	Marionette	DEBUG	Canceled page load listener because no navigation has been detected
1498663087695	Marionette	DEBUG	Canceled page load listener because no navigation has been detected
1498663088955	Marionette	DEBUG	Canceled page load listener because no navigation has been detected
1498663090226	Marionette	DEBUG	Canceled page load listener because no navigation has been detected
1498663091486	Marionette	DEBUG	Canceled page load listener because no navigation has been detected
1498663092747	Marionette	DEBUG	Canceled page load listener because no navigation has been detected
1498663094001	Marionette	DEBUG	Canceled page load listener because no navigation has been detected
1498663095260	Marionette	DEBUG	Canceled page load listener because no navigation has been detected
1498663096524	Marionette	DEBUG	Canceled page load listener because no navigation has been detected
1498663097778	Marionette	DEBUG	Canceled page load listener because no navigation has been detected
1498663099042	Marionette	DEBUG	Canceled page load listener because no navigation has been detected
1498663100298	Marionette	DEBUG	Canceled page load listener because no navigation has been detected
1498663101556	Marionette	DEBUG	Canceled page load listener because no navigation has been detected
1498663102830	Marionette	DEBUG	Canceled page load listener because no navigation has been detected
1498663104089	Marionette	DEBUG	Canceled page load listener because no navigation has been detected
1498663105342	Marionette	DEBUG	Canceled page load listener because no navigation has been detected
1498663106600	Marionette	DEBUG	Canceled page load listener because no navigation has been detected
1498663107870	Marionette	DEBUG	Canceled page load listener because no navigation has been detected
1498663109144	Marionette	DEBUG	Canceled page load listener because no navigation has been detected
1498663110407	Marionette	DEBUG	Canceled page load listener because no navigation has been detected
1498663111671	Marionette	DEBUG	Canceled page load listener because no navigation has been detected
1498663112926	Marionette	DEBUG	Canceled page load listener because no navigation has been detected
1498663114182	Marionette	DEBUG	Canceled page load listener because no navigation has been detected
1498663115451	Marionette	DEBUG	Canceled page load listener because no navigation has been detected
1498663116704	Marionette	DEBUG	Canceled page load listener because no navigation has been detected
1498663117989	Marionette	DEBUG	Canceled page load listener because no navigation has been detected
1498663119244	Marionette	DEBUG	Canceled page load listener because no navigation has been detected
1498663120500	Marionette	DEBUG	Canceled page load listener because no navigation has been detected
1498663121852	Marionette	DEBUG	Canceled page load listener because no navigation has been detected
1498663123116	Marionette	DEBUG	Canceled page load listener because no navigation has been detected
1498663124372	Marionette	DEBUG	Canceled page load listener because no navigation has been detected
1498663125629	Marionette	DEBUG	Canceled page load listener because no navigation has been detected
1498663126905	Marionette	DEBUG	Canceled page load listener because no navigation has been detected
1498663128176	Marionette	DEBUG	Canceled page load listener because no navigation has been detected
1498663129445	Marionette	DEBUG	Canceled page load listener because no navigation has been detected
1498663130704	Marionette	DEBUG	Canceled page load listener because no navigation has been detected
1498663131963	Marionette	DEBUG	Canceled page load listener because no navigation has been detected
1498663133234	Marionette	DEBUG	Canceled page load listener because no navigation has been detected
1498663134539	Marionette	DEBUG	Canceled page load listener because no navigation has been detected
1498663135802	Marionette	DEBUG	Canceled page load listener because no navigation has been detected
1498663137060	Marionette	DEBUG	Canceled page load listener because no navigation has been detected
1498663138325	Marionette	DEBUG	Canceled page load listener because no navigation has been detected
1498663139597	Marionette	DEBUG	Canceled page load listener because no navigation has been detected
1498663140886	Marionette	DEBUG	Canceled page load listener because no navigation has been detected
1498663142156	Marionette	DEBUG	Canceled page load listener because no navigation has been detected
1498663143445	Marionette	DEBUG	Canceled page load listener because no navigation has been detected
1498663144776	Marionette	DEBUG	Canceled page load listener because no navigation has been detected
1498663146036	Marionette	DEBUG	Canceled page load listener because no navigation has been detected
1498663147299	Marionette	DEBUG	Canceled page load listener because no navigation has been detected
1498663148567	Marionette	DEBUG	Canceled page load listener because no navigation has been detected
1498663149838	Marionette	DEBUG	Canceled page load listener because no navigation has been detected
1498663151088	Marionette	DEBUG	Canceled page load listener because no navigation has been detected
1498663152404	Marionette	DEBUG	Canceled page load listener because no navigation has been detected
1498663153662	Marionette	DEBUG	Canceled page load listener because no navigation has been detected
1498663154918	Marionette	DEBUG	Canceled page load listener because no navigation has been detected
1498663156179	Marionette	DEBUG	Canceled page load listener because no navigation has been detected
1498663157436	Marionette	DEBUG	Canceled page load listener because no navigation has been detected
1498663158696	Marionette	DEBUG	Canceled page load listener because no navigation has been detected
1498663159956	Marionette	DEBUG	Canceled page load listener because no navigation has been detected
1498663161207	Marionette	DEBUG	Canceled page load listener because no navigation has been detected
1498663162464	Marionette	DEBUG	Canceled page load listener because no navigation has been detected
1498663163723	Marionette	DEBUG	Canceled page load listener because no navigation has been detected
1498663164974	Marionette	DEBUG	Canceled page load listener because no navigation has been detected
1498663166232	Marionette	DEBUG	Canceled page load listener because no navigation has been detected
1498663167492	Marionette	DEBUG	Canceled page load listener because no navigation has been detected
1498663168752	Marionette	DEBUG	Canceled page load listener because no navigation has been detected
1498663170004	Marionette	DEBUG	Canceled page load listener because no navigation has been detected
1498663171258	Marionette	DEBUG	Canceled page load listener because no navigation has been detected
1498663172515	Marionette	DEBUG	Canceled page load listener because no navigation has been detected
1498663173767	Marionette	DEBUG	Canceled page load listener because no navigation has been detected
1498663175020	Marionette	DEBUG	Canceled page load listener because no navigation has been detected
1498663176276	Marionette	DEBUG	Canceled page load listener because no navigation has been detected
1498663177535	Marionette	DEBUG	Canceled page load listener because no navigation has been detected
1498663178791	Marionette	DEBUG	Canceled page load listener because no navigation has been detected
1498663180045	Marionette	DEBUG	Canceled page load listener because no navigation has been detected
1498663181319	Marionette	DEBUG	Canceled page load listener because no navigation has been detected
1498663182576	Marionette	DEBUG	Canceled page load listener because no navigation has been detected
1498663183832	Marionette	DEBUG	Canceled page load listener because no navigation has been detected
1498663185086	Marionette	DEBUG	Canceled page load listener because no navigation has been detected
1498663186343	Marionette	DEBUG	Canceled page load listener because no navigation has been detected
1498663187597	Marionette	DEBUG	Canceled page load listener because no navigation has been detected
1498663188854	Marionette	DEBUG	Canceled page load listener because no navigation has been detected
1498663190109	Marionette	DEBUG	Canceled page load listener because no navigation has been detected
1498663191375	Marionette	DEBUG	Canceled page load listener because no navigation has been detected
1498663192637	Marionette	DEBUG	Canceled page load listener because no navigation has been detected
1498663193892	Marionette	DEBUG	Canceled page load listener because no navigation has been detected
1498663195151	Marionette	DEBUG	Canceled page load listener because no navigation has been detected
1498663196410	Marionette	DEBUG	Canceled page load listener because no navigation has been detected
1498663197665	Marionette	DEBUG	Canceled page load listener because no navigation has been detected
1498663198914	Marionette	DEBUG	Canceled page load listener because no navigation has been detected
1498663200165	Marionette	DEBUG	Canceled page load listener because no navigation has been detected
1498663201431	Marionette	DEBUG	Canceled page load listener because no navigation has been detected
1498663202695	Marionette	DEBUG	Canceled page load listener because no navigation has been detected
1498663203949	Marionette	DEBUG	Canceled page load listener because no navigation has been detected
1498663205207	Marionette	DEBUG	Canceled page load listener because no navigation has been detected
1498663206465	Marionette	DEBUG	Canceled page load listener because no navigation has been detected
1498663207725	Marionette	DEBUG	Canceled page load listener because no navigation has been detected
1498663208990	Marionette	DEBUG	Canceled page load listener because no navigation has been detected
1498663210243	Marionette	DEBUG	Canceled page load listener because no navigation has been detected
1498663211500	Marionette	DEBUG	Canceled page load listener because no navigation has been detected
1498663212758	Marionette	DEBUG	Canceled page load listener because no navigation has been detected
1498663214021	Marionette	DEBUG	Canceled page load listener because no navigation has been detected
1498663215290	Marionette	DEBUG	Canceled page load listener because no navigation has been detected
1498663216538	Marionette	DEBUG	Canceled page load listener because no navigation has been detected
1498663217790	Marionette	DEBUG	Canceled page load listener because no navigation has been detected
1498663219039	Marionette	DEBUG	Canceled page load listener because no navigation has been detected
1498663220295	Marionette	DEBUG	Canceled page load listener because no navigation has been detected
1498663221547	Marionette	DEBUG	Canceled page load listener because no navigation has been detected
1498663222799	Marionette	DEBUG	Canceled page load listener because no navigation has been detected
1498663224049	Marionette	DEBUG	Canceled page load listener because no navigation has been detected
1498663225305	Marionette	DEBUG	Canceled page load listener because no navigation has been detected
1498663226566	Marionette	DEBUG	Canceled page load listener because no navigation has been detected
1498663227818	Marionette	DEBUG	Canceled page load listener because no navigation has been detected
1498663229065	Marionette	DEBUG	Canceled page load listener because no navigation has been detected
1498663230314	Marionette	DEBUG	Canceled page load listener because no navigation has been detected
1498663231559	Marionette	DEBUG	Canceled page load listener because no navigation has been detected
1498663232806	Marionette	DEBUG	Canceled page load listener because no navigation has been detected
1498663234063	Marionette	DEBUG	Canceled page load listener because no navigation has been detected
1498663235313	Marionette	DEBUG	Canceled page load listener because no navigation has been detected
1498663236569	Marionette	DEBUG	Canceled page load listener because no navigation has been detected
1498663237826	Marionette	DEBUG	Canceled page load listener because no navigation has been detected
1498663239077	Marionette	DEBUG	Canceled page load listener because no navigation has been detected
1498663240331	Marionette	DEBUG	Canceled page load listener because no navigation has been detected
1498663241581	Marionette	DEBUG	Canceled page load listener because no navigation has been detected
1498663242832	Marionette	DEBUG	Canceled page load listener because no navigation has been detected
1498663244087	Marionette	DEBUG	Canceled page load listener because no navigation has been detected
1498663245339	Marionette	DEBUG	Canceled page load listener because no navigation has been detected
1498663246589	Marionette	DEBUG	Canceled page load listener because no navigation has been detected
1498663247846	Marionette	DEBUG	Canceled page load listener because no navigation has been detected
1498663249096	Marionette	DEBUG	Canceled page load listener because no navigation has been detected
1498663250348	Marionette	DEBUG	Canceled page load listener because no navigation has been detected
1498663251611	Marionette	DEBUG	Canceled page load listener because no navigation has been detected
1498663252876	Marionette	DEBUG	Canceled page load listener because no navigation has been detected
1498663254148	Marionette	DEBUG	Canceled page load listener because no navigation has been detected
1498663255398	Marionette	DEBUG	Canceled page load listener because no navigation has been detected
1498663256663	Marionette	DEBUG	Canceled page load listener because no navigation has been detected
1498663257921	Marionette	DEBUG	Canceled page load listener because no navigation has been detected
1498663259172	Marionette	DEBUG	Canceled page load listener because no navigation has been detected
1498663260428	Marionette	DEBUG	Canceled page load listener because no navigation has been detected
1498663261679	Marionette	DEBUG	Canceled page load listener because no navigation has been detected
1498663262927	Marionette	DEBUG	Canceled page load listener because no navigation has been detected
1498663264177	Marionette	DEBUG	Canceled page load listener because no navigation has been detected
1498663265426	Marionette	DEBUG	Canceled page load listener because no navigation has been detected
1498663266679	Marionette	DEBUG	Canceled page load listener because no navigation has been detected
1498663267926	Marionette	DEBUG	Canceled page load listener because no navigation has been detected
1498663269179	Marionette	DEBUG	Canceled page load listener because no navigation has been detected
1498663270430	Marionette	DEBUG	Canceled page load listener because no navigation has been detected
1498663271679	Marionette	DEBUG	Canceled page load listener because no navigation has been detected
1498663272930	Marionette	DEBUG	Canceled page load listener because no navigation has been detected
1498663274175	Marionette	DEBUG	Canceled page load listener because no navigation has been detected
1498663275425	Marionette	DEBUG	Canceled page load listener because no navigation has been detected
1498663276678	Marionette	DEBUG	Canceled page load listener because no navigation has been detected
1498663277926	Marionette	DEBUG	Canceled page load listener because no navigation has been detected
1498663279174	Marionette	DEBUG	Canceled page load listener because no navigation has been detected
1498663280419	Marionette	DEBUG	Canceled page load listener because no navigation has been detected
1498663281676	Marionette	DEBUG	Canceled page load listener because no navigation has been detected
1498663282928	Marionette	DEBUG	Canceled page load listener because no navigation has been detected
1498663284180	Marionette	DEBUG	Canceled page load listener because no navigation has been detected
1498663285428	Marionette	DEBUG	Canceled page load listener because no navigation has been detected
1498663286675	Marionette	DEBUG	Canceled page load listener because no navigation has been detected
1498663287928	Marionette	DEBUG	Canceled page load listener because no navigation has been detected
1498663289180	Marionette	DEBUG	Canceled page load listener because no navigation has been detected
1498663290435	Marionette	DEBUG	Canceled page load listener because no navigation has been detected
1498663291686	Marionette	DEBUG	Canceled page load listener because no navigation has been detected
1498663292940	Marionette	DEBUG	Canceled page load listener because no navigation has been detected
1498663294196	Marionette	DEBUG	Canceled page load listener because no navigation has been detected
1498663295440	Marionette	DEBUG	Canceled page load listener because no navigation has been detected
1498663296695	Marionette	DEBUG	Canceled page load listener because no navigation has been detected
1498663297949	Marionette	DEBUG	Canceled page load listener because no navigation has been detected
1498663299207	Marionette	DEBUG	Canceled page load listener because no navigation has been detected
1498663300457	Marionette	DEBUG	Canceled page load listener because no navigation has been detected
1498663301707	Marionette	DEBUG	Canceled page load listener because no navigation has been detected
1498663302954	Marionette	DEBUG	Canceled page load listener because no navigation has been detected
1498663304203	Marionette	DEBUG	Canceled page load listener because no navigation has been detected
1498663305453	Marionette	DEBUG	Canceled page load listener because no navigation has been detected
1498663306706	Marionette	DEBUG	Canceled page load listener because no navigation has been detected
1498663307952	Marionette	DEBUG	Canceled page load listener because no navigation has been detected
1498663309200	Marionette	DEBUG	Canceled page load listener because no navigation has been detected
1498663310447	Marionette	DEBUG	Canceled page load listener because no navigation has been detected
1498663311694	Marionette	DEBUG	Canceled page load listener because no navigation has been detected
1498663312941	Marionette	DEBUG	Canceled page load listener because no navigation has been detected
1498663314188	Marionette	DEBUG	Canceled page load listener because no navigation has been detected
1498663315435	Marionette	DEBUG	Canceled page load listener because no navigation has been detected
1498663316682	Marionette	DEBUG	Canceled page load listener because no navigation has been detected
1498663317929	Marionette	DEBUG	Canceled page load listener because no navigation has been detected
1498663319175	Marionette	DEBUG	Canceled page load listener because no navigation has been detected
1498663320423	Marionette	DEBUG	Canceled page load listener because no navigation has been detected
1498663321670	Marionette	DEBUG	Canceled page load listener because no navigation has been detected
1498663322918	Marionette	DEBUG	Canceled page load listener because no navigation has been detected
1498663324164	Marionette	DEBUG	Canceled page load listener because no navigation has been detected
1498663325413	Marionette	DEBUG	Canceled page load listener because no navigation has been detected
1498663326658	Marionette	DEBUG	Canceled page load listener because no navigation has been detected
1498663327911	Marionette	DEBUG	Canceled page load listener because no navigation has been detected
1498663329161	Marionette	DEBUG	Canceled page load listener because no navigation has been detected
1498663330416	Marionette	DEBUG	Canceled page load listener because no navigation has been detected
1498663331663	Marionette	DEBUG	Canceled page load listener because no navigation has been detected
1498663332910	Marionette	DEBUG	Canceled page load listener because no navigation has been detected
1498663334156	Marionette	DEBUG	Canceled page load listener because no navigation has been detected
1498663344768	Marionette	INFO	New connections will no longer be accepted
1498671094251	geckodriver	INFO	Listening on 127.0.0.1:63977
1498671095479	geckodriver::marionette	INFO	Starting browser /Users/Hannah/Applications/Firefox.app/Contents/MacOS/firefox-bin with args ["-marionette"]
1498671100631	Marionette	INFO	Listening on port 63984
1498671100717	Marionette	WARN	TLS certificate errors will be ignored for this session
1498671100970	Marionette	DEBUG	loaded listener.js
2017-06-28 13:31:41.067 plugin-container[5160:669970] *** CFMessagePort: bootstrap_register(): failed 1100 (0x44c) 'Permission denied', port = 0x8e3f, name = 'com.apple.tsm.portname'
See /usr/include/servers/bootstrap_defs.h for the error codes.
2017-06-28 13:31:41.070 plugin-container[5160:669970] *** CFMessagePort: bootstrap_register(): failed 1100 (0x44c) 'Permission denied', port = 0x9027, name = 'com.apple.CFPasteboardClient'
See /usr/include/servers/bootstrap_defs.h for the error codes.
2017-06-28 13:31:41.070 plugin-container[5160:669970] void __CFPasteboardSetup() : Failed to allocate communication port for com.apple.CFPasteboardClient; this is likely due to sandbox restrictions
1498671102172	Marionette	DEBUG	Received DOM event "beforeunload" for "about:blank"
1498671102246	Marionette	DEBUG	Received DOM event "pagehide" for "about:blank"
1498671102246	Marionette	DEBUG	Received DOM event "unload" for "about:blank"
1498671102805	Marionette	DEBUG	Received DOM event "pageshow" for "http://letitbeautism.blogspot.com/"
1498671102866	Marionette	DEBUG	Received DOM event "DOMContentLoaded" for "http://letitbeautism.blogspot.com/"
1498671102870	Marionette	DEBUG	Received DOM event "DOMContentLoaded" for "http://letitbeautism.blogspot.com/"
1498671103006	Marionette	DEBUG	Received DOM event "pageshow" for "http://letitbeautism.blogspot.com/"
1498671103259	Marionette	DEBUG	Received DOM event "pageshow" for "http://letitbeautism.blogspot.com/"
1498671103375	Marionette	DEBUG	Received DOM event "DOMContentLoaded" for "https://www.blogger.com/navbar.g?targetBlogID=250906301217300156&blogName=Let+it+be+Autism&publishMode=PUBLISH_MODE_BLOGSPOT&navbarType=LIGHT&layoutType=LAYOUTS&searchRoot=http://letitbeautism.blogspot.com/search&blogLocale=en&v=2&homepageUrl=http://letitbeautism.blogspot.com/&vt=2486522655744111366&usegapi=1&jsh=m%3B%2F_%2Fscs%2Fapps-static%2F_%2Fjs%2Fk%3Doz.gapi.en_US.wpCNxUYJ7bc.O%2Fm%3D__features__%2Fam%3DAQ%2Frt%3Dj%2Fd%3D1%2Frs%3DAGLTcCP2kAF69smYVvU1nnoKCqrvBMsiwg#id=navbar-iframe&parent=http%3A%2F%2Fletitbeautism.blogspot.com&pfname=&rpctoken=40334124"
1498671103965	Marionette	DEBUG	Received DOM event "DOMContentLoaded" for "http://mpp.vindicosuite.com/?y=3&t=h&u=http%3A%2F%2Fletitbeautism.blogspot.com%2F&r="
1498671103993	Marionette	DEBUG	Received DOM event "pageshow" for "http://mpp.vindicosuite.com/?y=3&t=h&u=http%3A%2F%2Fletitbeautism.blogspot.com%2F&r="
1498671104024	Marionette	DEBUG	Received DOM event "DOMContentLoaded" for "https://googleads.g.doubleclick.net/pagead/html/r20170619/r20170110/zrt_lookup.html#"
1498671104026	Marionette	DEBUG	Received DOM event "pageshow" for "https://googleads.g.doubleclick.net/pagead/html/r20170619/r20170110/zrt_lookup.html#"
1498671104120	Marionette	DEBUG	Received DOM event "DOMContentLoaded" for "http://letitbeautism.blogspot.com/"
1498671104163	Marionette	DEBUG	Received DOM event "DOMContentLoaded" for "http://feedjit.com/wa/tf.html?r=877708995"
1498671104393	Marionette	DEBUG	Received DOM event "DOMContentLoaded" for "https://apis.google.com/se/0/wm/1/"
1498671104484	Marionette	DEBUG	Received DOM event "pageshow" for "https://apis.google.com/se/0/wm/1/"
1498671104493	Marionette	DEBUG	Received DOM event "DOMContentLoaded" for "https://apis.google.com/se/0/wm/1/"
1498671104506	Marionette	DEBUG	Received DOM event "DOMContentLoaded" for "https://apis.google.com/se/0/wm/1/"
1498671104517	Marionette	DEBUG	Received DOM event "DOMContentLoaded" for "https://apis.google.com/se/0/wm/1/"
1498671104528	Marionette	DEBUG	Received DOM event "DOMContentLoaded" for "https://apis.google.com/se/0/wm/1/"
1498671104536	Marionette	DEBUG	Received DOM event "DOMContentLoaded" for "https://apis.google.com/se/0/wm/1/"
1498671104544	Marionette	DEBUG	Received DOM event "DOMContentLoaded" for "https://apis.google.com/se/0/wm/1/"
1498671104553	Marionette	DEBUG	Received DOM event "DOMContentLoaded" for "https://apis.google.com/se/0/wm/1/"
1498671104594	Marionette	DEBUG	Received DOM event "pageshow" for "https://apis.google.com/se/0/wm/1/"
1498671104600	Marionette	DEBUG	Received DOM event "pageshow" for "https://apis.google.com/se/0/wm/1/"
1498671104604	Marionette	DEBUG	Received DOM event "pageshow" for "https://apis.google.com/se/0/wm/1/"
1498671104612	Marionette	DEBUG	Received DOM event "pageshow" for "https://apis.google.com/se/0/wm/1/"
1498671104617	Marionette	DEBUG	Received DOM event "pageshow" for "https://apis.google.com/se/0/wm/1/"
1498671104621	Marionette	DEBUG	Received DOM event "pageshow" for "https://apis.google.com/se/0/wm/1/"
1498671104625	Marionette	DEBUG	Received DOM event "pageshow" for "https://apis.google.com/se/0/wm/1/"
1498671104645	Marionette	DEBUG	Received DOM event "DOMContentLoaded" for "https://googleads.g.doubleclick.net/pagead/ads?client=ca-pub-3436070821659395&format=180x150_as&output=html&h=150&adk=2928234237&adf=2532709700&w=180&lmt=1473309377&loeid=191880401&host=pub-1556223355139109&h_ch=00000&ad_type=text&color_bg=FFFFFF&color_border=FFFFFF&color_link=555544&color_text=555544&color_url=669922&flash=0&url=http%3A%2F%2Fletitbeautism.blogspot.com%2F&wgl=1&dt=1498671103219&bpp=22&bdt=974&fdt=44&idt=571&shv=r20170619&cbv=r20170110&saldr=sa&correlator=5261720592204&frm=20&ga_vid=344556382.1498671104&ga_sid=1498671104&ga_hid=1445382371&ga_fc=0&pv=2&icsg=2&nhd=1&dssz=2&mdo=0&mso=0&u_tz=-240&u_his=1&u_java=0&u_h=800&u_w=1280&u_ah=773&u_aw=1280&u_cd=24&u_nplug=0&u_nmime=0&adx=902&ady=2395&biw=1280&bih=694&abxe=1&eid=4089042%2C191880411%2C575144605%2C389613001%2C25070001&oid=3&rx=0&eae=0&fc=528&brdim=%2C%2C0%2C23%2C1280%2C23%2C1280%2C773%2C1280%2C694&vis=1&rsz=o%7Co%7CpoeEbr%7C&abl=NS&ppjl=u&pfx=0&fu=16&bc=1&ifi=1&xpc=zORI5198hO&p=http%3A//letitbeautism.blogspot.com&dtd=644"
1498671104656	Marionette	DEBUG	Received DOM event "pageshow" for "https://googleads.g.doubleclick.net/pagead/ads?client=ca-pub-3436070821659395&format=180x150_as&output=html&h=150&adk=2928234237&adf=2532709700&w=180&lmt=1473309377&loeid=191880401&host=pub-1556223355139109&h_ch=00000&ad_type=text&color_bg=FFFFFF&color_border=FFFFFF&color_link=555544&color_text=555544&color_url=669922&flash=0&url=http%3A%2F%2Fletitbeautism.blogspot.com%2F&wgl=1&dt=1498671103219&bpp=22&bdt=974&fdt=44&idt=571&shv=r20170619&cbv=r20170110&saldr=sa&correlator=5261720592204&frm=20&ga_vid=344556382.1498671104&ga_sid=1498671104&ga_hid=1445382371&ga_fc=0&pv=2&icsg=2&nhd=1&dssz=2&mdo=0&mso=0&u_tz=-240&u_his=1&u_java=0&u_h=800&u_w=1280&u_ah=773&u_aw=1280&u_cd=24&u_nplug=0&u_nmime=0&adx=902&ady=2395&biw=1280&bih=694&abxe=1&eid=4089042%2C191880411%2C575144605%2C389613001%2C25070001&oid=3&rx=0&eae=0&fc=528&brdim=%2C%2C0%2C23%2C1280%2C23%2C1280%2C773%2C1280%2C694&vis=1&rsz=o%7Co%7CpoeEbr%7C&abl=NS&ppjl=u&pfx=0&fu=16&bc=1&ifi=1&xpc=zORI5198hO&p=http%3A//letitbeautism.blogspot.com&dtd=644"
1498671104716	Marionette	DEBUG	Received DOM event "DOMContentLoaded" for "https://accounts.google.com/o/oauth2/postmessageRelay?parent=http%3A%2F%2Fletitbeautism.blogspot.com&jsh=m%3B%2F_%2Fscs%2Fapps-static%2F_%2Fjs%2Fk%3Doz.gapi.en_US.wpCNxUYJ7bc.O%2Fm%3D__features__%2Fam%3DAQ%2Frt%3Dj%2Fd%3D1%2Frs%3DAGLTcCP2kAF69smYVvU1nnoKCqrvBMsiwg#rpctoken=463559090&forcesecure=1"
1498671104718	Marionette	DEBUG	Received DOM event "pageshow" for "http://feedjit.com/wa/tf.html?r=877708995"
1498671104738	Marionette	DEBUG	Received DOM event "DOMContentLoaded" for "https://accounts.google.com/o/oauth2/postmessageRelay?parent=https%3A%2F%2Fwww.blogger.com&jsh=m%3B%2F_%2Fscs%2Fapps-static%2F_%2Fjs%2Fk%3Doz.gapi.en_US.wpCNxUYJ7bc.O%2Fm%3D__features__%2Fam%3DAQ%2Frt%3Dj%2Fd%3D1%2Frs%3DAGLTcCP2kAF69smYVvU1nnoKCqrvBMsiwg#rpctoken=834720287&forcesecure=1"
1498671104743	Marionette	DEBUG	Received DOM event "DOMContentLoaded" for "http://letitbeautism.blogspot.com/"
1498671104745	Marionette	DEBUG	Received DOM event "pageshow" for "http://letitbeautism.blogspot.com/"
1498671104776	Marionette	DEBUG	Received DOM event "pageshow" for "https://accounts.google.com/o/oauth2/postmessageRelay?parent=http%3A%2F%2Fletitbeautism.blogspot.com&jsh=m%3B%2F_%2Fscs%2Fapps-static%2F_%2Fjs%2Fk%3Doz.gapi.en_US.wpCNxUYJ7bc.O%2Fm%3D__features__%2Fam%3DAQ%2Frt%3Dj%2Fd%3D1%2Frs%3DAGLTcCP2kAF69smYVvU1nnoKCqrvBMsiwg#rpctoken=463559090&forcesecure=1"
1498671104779	Marionette	DEBUG	Received DOM event "pageshow" for "https://accounts.google.com/o/oauth2/postmessageRelay?parent=https%3A%2F%2Fwww.blogger.com&jsh=m%3B%2F_%2Fscs%2Fapps-static%2F_%2Fjs%2Fk%3Doz.gapi.en_US.wpCNxUYJ7bc.O%2Fm%3D__features__%2Fam%3DAQ%2Frt%3Dj%2Fd%3D1%2Frs%3DAGLTcCP2kAF69smYVvU1nnoKCqrvBMsiwg#rpctoken=834720287&forcesecure=1"
1498671104782	Marionette	DEBUG	Received DOM event "pageshow" for "https://www.blogger.com/navbar.g?targetBlogID=250906301217300156&blogName=Let+it+be+Autism&publishMode=PUBLISH_MODE_BLOGSPOT&navbarType=LIGHT&layoutType=LAYOUTS&searchRoot=http://letitbeautism.blogspot.com/search&blogLocale=en&v=2&homepageUrl=http://letitbeautism.blogspot.com/&vt=2486522655744111366&usegapi=1&jsh=m%3B%2F_%2Fscs%2Fapps-static%2F_%2Fjs%2Fk%3Doz.gapi.en_US.wpCNxUYJ7bc.O%2Fm%3D__features__%2Fam%3DAQ%2Frt%3Dj%2Fd%3D1%2Frs%3DAGLTcCP2kAF69smYVvU1nnoKCqrvBMsiwg#id=navbar-iframe&parent=http%3A%2F%2Fletitbeautism.blogspot.com&pfname=&rpctoken=40334124"
1498671104863	Marionette	DEBUG	Received DOM event "DOMContentLoaded" for "https://www.blogger.com/followers.g?blogID=250906301217300156&colors=Cgt0cmFuc3BhcmVudBILdHJhbnNwYXJlbnQaByMxZDFkMWQiByM4YWUwMjUqByMxODFjMTcyByNjZmY0OGE6ByMxZDFkMWRCByM4YWUwMjVKByNmZmZmZmZSByM4YWUwMjVaC3RyYW5zcGFyZW50&pageSize=21&origin=http%3A%2F%2Fletitbeautism.blogspot.com%2F&usegapi=1&jsh=m%3B%2F_%2Fscs%2Fapps-static%2F_%2Fjs%2Fk%3Doz.gapi.en_US.wpCNxUYJ7bc.O%2Fm%3D__features__%2Fam%3DAQ%2Frt%3Dj%2Fd%3D1%2Frs%3DAGLTcCP2kAF69smYVvU1nnoKCqrvBMsiwg&bpli=1#id=I0_1498671103206&parent=http%3A%2F%2Fletitbeautism.blogspot.com&pfname=&rpctoken=27679447"
1498671105314	Marionette	DEBUG	Received DOM event "pageshow" for "https://www.blogger.com/followers.g?blogID=250906301217300156&colors=Cgt0cmFuc3BhcmVudBILdHJhbnNwYXJlbnQaByMxZDFkMWQiByM4YWUwMjUqByMxODFjMTcyByNjZmY0OGE6ByMxZDFkMWRCByM4YWUwMjVKByNmZmZmZmZSByM4YWUwMjVaC3RyYW5zcGFyZW50&pageSize=21&origin=http%3A%2F%2Fletitbeautism.blogspot.com%2F&usegapi=1&jsh=m%3B%2F_%2Fscs%2Fapps-static%2F_%2Fjs%2Fk%3Doz.gapi.en_US.wpCNxUYJ7bc.O%2Fm%3D__features__%2Fam%3DAQ%2Frt%3Dj%2Fd%3D1%2Frs%3DAGLTcCP2kAF69smYVvU1nnoKCqrvBMsiwg&bpli=1#id=I0_1498671103206&parent=http%3A%2F%2Fletitbeautism.blogspot.com&pfname=&rpctoken=27679447"
1498671105350	Marionette	DEBUG	Received DOM event "pageshow" for "http://letitbeautism.blogspot.com/"
1498671105972	Marionette	DEBUG	Canceled page load listener because no navigation has been detected
1498671107229	Marionette	DEBUG	Canceled page load listener because no navigation has been detected
1498671108499	Marionette	DEBUG	Canceled page load listener because no navigation has been detected
1498671109754	Marionette	DEBUG	Canceled page load listener because no navigation has been detected
1498671111009	Marionette	DEBUG	Canceled page load listener because no navigation has been detected
1498671112285	Marionette	DEBUG	Canceled page load listener because no navigation has been detected
1498671113543	Marionette	DEBUG	Canceled page load listener because no navigation has been detected
1498671114803	Marionette	DEBUG	Canceled page load listener because no navigation has been detected
1498671116061	Marionette	DEBUG	Canceled page load listener because no navigation has been detected
1498671117316	Marionette	DEBUG	Canceled page load listener because no navigation has been detected
1498671118573	Marionette	DEBUG	Canceled page load listener because no navigation has been detected
1498671119827	Marionette	DEBUG	Canceled page load listener because no navigation has been detected
1498671121110	Marionette	DEBUG	Canceled page load listener because no navigation has been detected
1498671122410	Marionette	DEBUG	Canceled page load listener because no navigation has been detected
1498671123665	Marionette	DEBUG	Canceled page load listener because no navigation has been detected
1498671124923	Marionette	DEBUG	Canceled page load listener because no navigation has been detected
1498671126180	Marionette	DEBUG	Canceled page load listener because no navigation has been detected
1498671127445	Marionette	DEBUG	Canceled page load listener because no navigation has been detected
1498671128713	Marionette	DEBUG	Canceled page load listener because no navigation has been detected
1498671129971	Marionette	DEBUG	Canceled page load listener because no navigation has been detected
1498671131221	Marionette	DEBUG	Canceled page load listener because no navigation has been detected
1498671132479	Marionette	DEBUG	Canceled page load listener because no navigation has been detected
1498671133761	Marionette	DEBUG	Canceled page load listener because no navigation has been detected
1498671135025	Marionette	DEBUG	Canceled page load listener because no navigation has been detected
1498671136284	Marionette	DEBUG	Canceled page load listener because no navigation has been detected
1498671137541	Marionette	DEBUG	Canceled page load listener because no navigation has been detected
1498671138807	Marionette	DEBUG	Canceled page load listener because no navigation has been detected
1498671140082	Marionette	DEBUG	Canceled page load listener because no navigation has been detected
1498671141359	Marionette	DEBUG	Canceled page load listener because no navigation has been detected
1498671142613	Marionette	DEBUG	Canceled page load listener because no navigation has been detected
1498671143870	Marionette	DEBUG	Canceled page load listener because no navigation has been detected
1498671145121	Marionette	DEBUG	Canceled page load listener because no navigation has been detected
1498671146390	Marionette	DEBUG	Canceled page load listener because no navigation has been detected
1498671147668	Marionette	DEBUG	Canceled page load listener because no navigation has been detected
1498671148924	Marionette	DEBUG	Canceled page load listener because no navigation has been detected
1498671150176	Marionette	DEBUG	Canceled page load listener because no navigation has been detected
1498671151436	Marionette	DEBUG	Canceled page load listener because no navigation has been detected
1498671152710	Marionette	DEBUG	Canceled page load listener because no navigation has been detected
1498671153970	Marionette	DEBUG	Canceled page load listener because no navigation has been detected
1498671155225	Marionette	DEBUG	Canceled page load listener because no navigation has been detected
1498671156478	Marionette	DEBUG	Canceled page load listener because no navigation has been detected
1498671157738	Marionette	DEBUG	Canceled page load listener because no navigation has been detected
1498671158988	Marionette	DEBUG	Canceled page load listener because no navigation has been detected
1498671160255	Marionette	DEBUG	Canceled page load listener because no navigation has been detected
1498671161515	Marionette	DEBUG	Canceled page load listener because no navigation has been detected
1498671162771	Marionette	DEBUG	Canceled page load listener because no navigation has been detected
1498671164023	Marionette	DEBUG	Canceled page load listener because no navigation has been detected
1498671165293	Marionette	DEBUG	Canceled page load listener because no navigation has been detected
1498671166555	Marionette	DEBUG	Canceled page load listener because no navigation has been detected
1498671167808	Marionette	DEBUG	Canceled page load listener because no navigation has been detected
1498671169063	Marionette	DEBUG	Canceled page load listener because no navigation has been detected
1498671170319	Marionette	DEBUG	Canceled page load listener because no navigation has been detected
1498671171587	Marionette	DEBUG	Canceled page load listener because no navigation has been detected
1498671172844	Marionette	DEBUG	Canceled page load listener because no navigation has been detected
1498671174098	Marionette	DEBUG	Canceled page load listener because no navigation has been detected
1498671175349	Marionette	DEBUG	Canceled page load listener because no navigation has been detected
1498671176601	Marionette	DEBUG	Canceled page load listener because no navigation has been detected
1498671177864	Marionette	DEBUG	Canceled page load listener because no navigation has been detected
1498671179119	Marionette	DEBUG	Canceled page load listener because no navigation has been detected
1498671180366	Marionette	DEBUG	Canceled page load listener because no navigation has been detected
1498671181619	Marionette	DEBUG	Canceled page load listener because no navigation has been detected
1498671182888	Marionette	DEBUG	Canceled page load listener because no navigation has been detected
1498671184149	Marionette	DEBUG	Canceled page load listener because no navigation has been detected
1498671185404	Marionette	DEBUG	Canceled page load listener because no navigation has been detected
1498671186661	Marionette	DEBUG	Canceled page load listener because no navigation has been detected
1498671187911	Marionette	DEBUG	Canceled page load listener because no navigation has been detected
1498671189178	Marionette	DEBUG	Canceled page load listener because no navigation has been detected
1498671190443	Marionette	DEBUG	Canceled page load listener because no navigation has been detected
1498671191699	Marionette	DEBUG	Canceled page load listener because no navigation has been detected
1498671192952	Marionette	DEBUG	Canceled page load listener because no navigation has been detected
1498671194206	Marionette	DEBUG	Canceled page load listener because no navigation has been detected
1498671195472	Marionette	DEBUG	Canceled page load listener because no navigation has been detected
1498671196738	Marionette	DEBUG	Canceled page load listener because no navigation has been detected
1498671197988	Marionette	DEBUG	Canceled page load listener because no navigation has been detected
1498671199244	Marionette	DEBUG	Canceled page load listener because no navigation has been detected
1498671200526	Marionette	DEBUG	Canceled page load listener because no navigation has been detected
1498671201787	Marionette	DEBUG	Canceled page load listener because no navigation has been detected
1498671203051	Marionette	DEBUG	Canceled page load listener because no navigation has been detected
1498671204309	Marionette	DEBUG	Canceled page load listener because no navigation has been detected
1498671205571	Marionette	DEBUG	Canceled page load listener because no navigation has been detected
1498671206843	Marionette	DEBUG	Canceled page load listener because no navigation has been detected
1498671208109	Marionette	DEBUG	Canceled page load listener because no navigation has been detected
1498671209363	Marionette	DEBUG	Canceled page load listener because no navigation has been detected
1498671210612	Marionette	DEBUG	Canceled page load listener because no navigation has been detected
1498671211867	Marionette	DEBUG	Canceled page load listener because no navigation has been detected
1498671213139	Marionette	DEBUG	Canceled page load listener because no navigation has been detected
1498671214397	Marionette	DEBUG	Canceled page load listener because no navigation has been detected
1498671215656	Marionette	DEBUG	Canceled page load listener because no navigation has been detected
1498671216913	Marionette	DEBUG	Canceled page load listener because no navigation has been detected
1498671218166	Marionette	DEBUG	Canceled page load listener because no navigation has been detected
1498671219431	Marionette	DEBUG	Canceled page load listener because no navigation has been detected
1498671220685	Marionette	DEBUG	Canceled page load listener because no navigation has been detected
1498671221933	Marionette	DEBUG	Canceled page load listener because no navigation has been detected
1498671223184	Marionette	DEBUG	Canceled page load listener because no navigation has been detected
1498671224437	Marionette	DEBUG	Canceled page load listener because no navigation has been detected
1498671225701	Marionette	DEBUG	Canceled page load listener because no navigation has been detected
1498671226955	Marionette	DEBUG	Canceled page load listener because no navigation has been detected
1498671228204	Marionette	DEBUG	Canceled page load listener because no navigation has been detected
1498671229458	Marionette	DEBUG	Canceled page load listener because no navigation has been detected
1498671230712	Marionette	DEBUG	Canceled page load listener because no navigation has been detected
1498671231977	Marionette	DEBUG	Canceled page load listener because no navigation has been detected
1498671233237	Marionette	DEBUG	Canceled page load listener because no navigation has been detected
1498671234489	Marionette	DEBUG	Canceled page load listener because no navigation has been detected
1498671235746	Marionette	DEBUG	Canceled page load listener because no navigation has been detected
1498671237003	Marionette	DEBUG	Canceled page load listener because no navigation has been detected
1498671238272	Marionette	DEBUG	Canceled page load listener because no navigation has been detected
1498671239537	Marionette	DEBUG	Canceled page load listener because no navigation has been detected
1498671240794	Marionette	DEBUG	Canceled page load listener because no navigation has been detected
1498671242052	Marionette	DEBUG	Canceled page load listener because no navigation has been detected
1498671243316	Marionette	DEBUG	Canceled page load listener because no navigation has been detected
1498671244579	Marionette	DEBUG	Canceled page load listener because no navigation has been detected
1498671245832	Marionette	DEBUG	Canceled page load listener because no navigation has been detected
1498671247085	Marionette	DEBUG	Canceled page load listener because no navigation has been detected
1498671248348	Marionette	DEBUG	Canceled page load listener because no navigation has been detected
1498671249617	Marionette	DEBUG	Canceled page load listener because no navigation has been detected
1498671250869	Marionette	DEBUG	Canceled page load listener because no navigation has been detected
1498671252122	Marionette	DEBUG	Canceled page load listener because no navigation has been detected
1498671253375	Marionette	DEBUG	Canceled page load listener because no navigation has been detected
1498671254639	Marionette	DEBUG	Canceled page load listener because no navigation has been detected
1498671255893	Marionette	DEBUG	Canceled page load listener because no navigation has been detected
1498671257152	Marionette	DEBUG	Canceled page load listener because no navigation has been detected
1498671258413	Marionette	DEBUG	Canceled page load listener because no navigation has been detected
1498671259667	Marionette	DEBUG	Canceled page load listener because no navigation has been detected
1498671260937	Marionette	DEBUG	Canceled page load listener because no navigation has been detected
1498671262194	Marionette	DEBUG	Canceled page load listener because no navigation has been detected
1498671263451	Marionette	DEBUG	Canceled page load listener because no navigation has been detected
1498671264709	Marionette	DEBUG	Canceled page load listener because no navigation has been detected
1498671265965	Marionette	DEBUG	Canceled page load listener because no navigation has been detected
1498671267238	Marionette	DEBUG	Canceled page load listener because no navigation has been detected
1498671268513	Marionette	DEBUG	Canceled page load listener because no navigation has been detected
1498671269768	Marionette	DEBUG	Canceled page load listener because no navigation has been detected
1498671271029	Marionette	DEBUG	Canceled page load listener because no navigation has been detected
1498671272287	Marionette	DEBUG	Canceled page load listener because no navigation has been detected
1498671273555	Marionette	DEBUG	Canceled page load listener because no navigation has been detected
1498671274818	Marionette	DEBUG	Canceled page load listener because no navigation has been detected
1498671276077	Marionette	DEBUG	Canceled page load listener because no navigation has been detected
1498671277335	Marionette	DEBUG	Canceled page load listener because no navigation has been detected
1498671278585	Marionette	DEBUG	Canceled page load listener because no navigation has been detected
1498671279861	Marionette	DEBUG	Canceled page load listener because no navigation has been detected
1498671281115	Marionette	DEBUG	Canceled page load listener because no navigation has been detected
1498671282367	Marionette	DEBUG	Canceled page load listener because no navigation has been detected
1498671283619	Marionette	DEBUG	Canceled page load listener because no navigation has been detected
1498671284878	Marionette	DEBUG	Canceled page load listener because no navigation has been detected
1498671286146	Marionette	DEBUG	Canceled page load listener because no navigation has been detected
1498671287400	Marionette	DEBUG	Canceled page load listener because no navigation has been detected
1498671288657	Marionette	DEBUG	Canceled page load listener because no navigation has been detected
1498671289908	Marionette	DEBUG	Canceled page load listener because no navigation has been detected
1498671291156	Marionette	DEBUG	Canceled page load listener because no navigation has been detected
1498671292425	Marionette	DEBUG	Canceled page load listener because no navigation has been detected
1498671293677	Marionette	DEBUG	Canceled page load listener because no navigation has been detected
1498671294933	Marionette	DEBUG	Canceled page load listener because no navigation has been detected
1498671296189	Marionette	DEBUG	Canceled page load listener because no navigation has been detected
1498671297470	Marionette	DEBUG	Canceled page load listener because no navigation has been detected
1498671298725	Marionette	DEBUG	Canceled page load listener because no navigation has been detected
1498671299980	Marionette	DEBUG	Canceled page load listener because no navigation has been detected
1498671301234	Marionette	DEBUG	Canceled page load listener because no navigation has been detected
1498671302484	Marionette	DEBUG	Canceled page load listener because no navigation has been detected
1498671303749	Marionette	DEBUG	Canceled page load listener because no navigation has been detected
1498671305007	Marionette	DEBUG	Canceled page load listener because no navigation has been detected
1498671306259	Marionette	DEBUG	Canceled page load listener because no navigation has been detected
1498671307512	Marionette	DEBUG	Canceled page load listener because no navigation has been detected
1498671308769	Marionette	DEBUG	Canceled page load listener because no navigation has been detected
1498671310033	Marionette	DEBUG	Canceled page load listener because no navigation has been detected
1498671311285	Marionette	DEBUG	Canceled page load listener because no navigation has been detected
1498671312539	Marionette	DEBUG	Canceled page load listener because no navigation has been detected
1498671313791	Marionette	DEBUG	Canceled page load listener because no navigation has been detected
1498671315074	Marionette	DEBUG	Canceled page load listener because no navigation has been detected
1498671316336	Marionette	DEBUG	Canceled page load listener because no navigation has been detected
1498671317590	Marionette	DEBUG	Canceled page load listener because no navigation has been detected
1498671318844	Marionette	DEBUG	Canceled page load listener because no navigation has been detected
1498671320099	Marionette	DEBUG	Canceled page load listener because no navigation has been detected
1498671321362	Marionette	DEBUG	Canceled page load listener because no navigation has been detected
1498671322626	Marionette	DEBUG	Canceled page load listener because no navigation has been detected
1498671323883	Marionette	DEBUG	Canceled page load listener because no navigation has been detected
1498671325136	Marionette	DEBUG	Canceled page load listener because no navigation has been detected
1498671326390	Marionette	DEBUG	Canceled page load listener because no navigation has been detected
1498671327644	Marionette	DEBUG	Canceled page load listener because no navigation has been detected
1498671328913	Marionette	DEBUG	Canceled page load listener because no navigation has been detected
1498671330170	Marionette	DEBUG	Canceled page load listener because no navigation has been detected
1498671331421	Marionette	DEBUG	Canceled page load listener because no navigation has been detected
1498671332676	Marionette	DEBUG	Canceled page load listener because no navigation has been detected
1498671333932	Marionette	DEBUG	Canceled page load listener because no navigation has been detected
1498671335199	Marionette	DEBUG	Canceled page load listener because no navigation has been detected
1498671336450	Marionette	DEBUG	Canceled page load listener because no navigation has been detected
1498671337701	Marionette	DEBUG	Canceled page load listener because no navigation has been detected
1498671338954	Marionette	DEBUG	Canceled page load listener because no navigation has been detected
1498671340217	Marionette	DEBUG	Canceled page load listener because no navigation has been detected
1498671341473	Marionette	DEBUG	Canceled page load listener because no navigation has been detected
1498671342727	Marionette	DEBUG	Canceled page load listener because no navigation has been detected
1498671343978	Marionette	DEBUG	Canceled page load listener because no navigation has been detected
1498671345226	Marionette	DEBUG	Canceled page load listener because no navigation has been detected
1498671346502	Marionette	DEBUG	Canceled page load listener because no navigation has been detected
1498671347758	Marionette	DEBUG	Canceled page load listener because no navigation has been detected
1498671349007	Marionette	DEBUG	Canceled page load listener because no navigation has been detected
1498671350256	Marionette	DEBUG	Canceled page load listener because no navigation has been detected
1498671351509	Marionette	DEBUG	Canceled page load listener because no navigation has been detected
1498671352765	Marionette	DEBUG	Canceled page load listener because no navigation has been detected
1498671354020	Marionette	DEBUG	Canceled page load listener because no navigation has been detected
1498671355280	Marionette	DEBUG	Canceled page load listener because no navigation has been detected
1498671356529	Marionette	DEBUG	Canceled page load listener because no navigation has been detected
1498671357778	Marionette	DEBUG	Canceled page load listener because no navigation has been detected
1498671359048	Marionette	DEBUG	Canceled page load listener because no navigation has been detected
1498671360298	Marionette	DEBUG	Canceled page load listener because no navigation has been detected
1498671361549	Marionette	DEBUG	Canceled page load listener because no navigation has been detected
1498671362806	Marionette	DEBUG	Canceled page load listener because no navigation has been detected
1498671364058	Marionette	DEBUG	Canceled page load listener because no navigation has been detected
1498671365324	Marionette	DEBUG	Canceled page load listener because no navigation has been detected
1498671366574	Marionette	DEBUG	Canceled page load listener because no navigation has been detected
1498671367825	Marionette	DEBUG	Canceled page load listener because no navigation has been detected
1498671369082	Marionette	DEBUG	Canceled page load listener because no navigation has been detected
1498671370328	Marionette	DEBUG	Canceled page load listener because no navigation has been detected
1498671371591	Marionette	DEBUG	Canceled page load listener because no navigation has been detected
1498671382361	Marionette	INFO	New connections will no longer be accepted
