1496256158663	geckodriver	INFO	Listening on 127.0.0.1:64407
1496256159733	geckodriver::marionette	INFO	Starting browser /Users/Hannah/Applications/Firefox.app/Contents/MacOS/firefox-bin with args ["-marionette"]
1496256162055	Marionette	INFO	Listening on port 64414
1496256162127	Marionette	WARN	TLS certificate errors will be ignored for this session
2017-05-31 14:42:42.610 plugin-container[3438:232703] *** CFMessagePort: bootstrap_register(): failed 1100 (0x44c) 'Permission denied', port = 0x903f, name = 'com.apple.tsm.portname'
See /usr/include/servers/bootstrap_defs.h for the error codes.
2017-05-31 14:42:42.618 plugin-container[3438:232703] *** CFMessagePort: bootstrap_register(): failed 1100 (0x44c) 'Permission denied', port = 0x921f, name = 'com.apple.CFPasteboardClient'
See /usr/include/servers/bootstrap_defs.h for the error codes.
2017-05-31 14:42:42.618 plugin-container[3438:232703] void __CFPasteboardSetup() : Failed to allocate communication port for com.apple.CFPasteboardClient; this is likely due to sandbox restrictions
JavaScript error: http://www.statcounter.com/counter/counter_xhtml.js, line 1: TypeError: _ca is null
*************************
A coding exception was thrown and uncaught in a Task.

Full message: TypeError: NetworkError when attempting to fetch resource.
Full stack: 
*************************
1498584407657	geckodriver	INFO	Listening on 127.0.0.1:65065
1498584410020	geckodriver::marionette	INFO	Starting browser /Users/Hannah/Applications/Firefox.app/Contents/MacOS/firefox-bin with args ["-marionette"]
1498584416941	Marionette	INFO	Listening on port 65074
1498584417062	Marionette	WARN	TLS certificate errors will be ignored for this session
1498584417538	Marionette	DEBUG	loaded listener.js
2017-06-27 13:26:57.756 plugin-container[2767:375449] *** CFMessagePort: bootstrap_register(): failed 1100 (0x44c) 'Permission denied', port = 0x913f, name = 'com.apple.tsm.portname'
See /usr/include/servers/bootstrap_defs.h for the error codes.
2017-06-27 13:26:57.759 plugin-container[2767:375449] *** CFMessagePort: bootstrap_register(): failed 1100 (0x44c) 'Permission denied', port = 0x9323, name = 'com.apple.CFPasteboardClient'
See /usr/include/servers/bootstrap_defs.h for the error codes.
2017-06-27 13:26:57.759 plugin-container[2767:375449] void __CFPasteboardSetup() : Failed to allocate communication port for com.apple.CFPasteboardClient; this is likely due to sandbox restrictions
1498584418589	Marionette	DEBUG	Received DOM event "beforeunload" for "about:blank"
1498584418668	Marionette	DEBUG	Received DOM event "pagehide" for "about:blank"
1498584418669	Marionette	DEBUG	Received DOM event "unload" for "about:blank"
1498584419531	Marionette	DEBUG	Received DOM event "pageshow" for "http://momnos.blogspot.com/"
1498584419544	Marionette	DEBUG	Received DOM event "pageshow" for "http://momnos.blogspot.com/"
1498584419729	Marionette	DEBUG	Received DOM event "DOMContentLoaded" for "https://www.blogger.com/navbar.g?targetBlogID=10731506&blogName=MOM+-+Not+Otherwise+Specified&publishMode=PUBLISH_MODE_BLOGSPOT&navbarType=LIGHT&layoutType=LAYOUTS&searchRoot=http://momnos.blogspot.com/search&blogLocale=en&v=2&homepageUrl=http://momnos.blogspot.com/&vt=8831073754113895738&usegapi=1&jsh=m%3B%2F_%2Fscs%2Fapps-static%2F_%2Fjs%2Fk%3Doz.gapi.en_US.GfkYNo6gqPw.O%2Fm%3D__features__%2Fam%3DAQ%2Frt%3Dj%2Fd%3D1%2Frs%3DAGLTcCMb6GG45fF2HapKzrAkuFOe1Yx9QA#id=navbar-iframe&parent=http%3A%2F%2Fmomnos.blogspot.com&pfname=&rpctoken=98838278"
1498584419744	Marionette	DEBUG	Received DOM event "DOMContentLoaded" for "http://mpp.vindicosuite.com/?y=3&t=h&u=http%3A%2F%2Fmomnos.blogspot.com%2F&r="
1498584419749	Marionette	DEBUG	Received DOM event "pageshow" for "http://mpp.vindicosuite.com/?y=3&t=h&u=http%3A%2F%2Fmomnos.blogspot.com%2F&r="
1498584420046	Marionette	DEBUG	Received DOM event "DOMContentLoaded" for "http://staticxx.facebook.com/connect/xd_arbiter/r/XBwzv5Yrm_1.js?version=42#channel=f2438e97bd8c822&origin=http%3A%2F%2Fmomnos.blogspot.com"
1498584420104	Marionette	DEBUG	Received DOM event "pageshow" for "http://staticxx.facebook.com/connect/xd_arbiter/r/XBwzv5Yrm_1.js?version=42#channel=f2438e97bd8c822&origin=http%3A%2F%2Fmomnos.blogspot.com"
1498584420289	Marionette	DEBUG	Received DOM event "DOMContentLoaded" for "https://staticxx.facebook.com/connect/xd_arbiter/r/XBwzv5Yrm_1.js?version=42#channel=f2438e97bd8c822&origin=http%3A%2F%2Fmomnos.blogspot.com"
1498584420292	Marionette	DEBUG	Received DOM event "pageshow" for "https://staticxx.facebook.com/connect/xd_arbiter/r/XBwzv5Yrm_1.js?version=42#channel=f2438e97bd8c822&origin=http%3A%2F%2Fmomnos.blogspot.com"
1498584420301	Marionette	DEBUG	Received DOM event "DOMContentLoaded" for "https://apis.google.com/se/0/wm/1/"
1498584420457	Marionette	DEBUG	Received DOM event "pageshow" for "http://momnos.blogspot.com/"
1498584420528	Marionette	DEBUG	Received DOM event "DOMContentLoaded" for "http://momnos.blogspot.com/"
1498584420706	Marionette	DEBUG	Received DOM event "pageshow" for "https://apis.google.com/se/0/wm/1/"
1498584420828	Marionette	DEBUG	Received DOM event "DOMContentLoaded" for "https://accounts.google.com/o/oauth2/postmessageRelay?parent=https%3A%2F%2Fwww.blogger.com&jsh=m%3B%2F_%2Fscs%2Fapps-static%2F_%2Fjs%2Fk%3Doz.gapi.en_US.GfkYNo6gqPw.O%2Fm%3D__features__%2Fam%3DAQ%2Frt%3Dj%2Fd%3D1%2Frs%3DAGLTcCMb6GG45fF2HapKzrAkuFOe1Yx9QA#rpctoken=880892552&forcesecure=1"
1498584421229	Marionette	DEBUG	Received DOM event "DOMContentLoaded" for "https://www.facebook.com/plugins/like_box.php?app_id=&channel=http%3A%2F%2Fstaticxx.facebook.com%2Fconnect%2Fxd_arbiter%2Fr%2FXBwzv5Yrm_1.js%3Fversion%3D42%23cb%3Df3e60e9aaed948%26domain%3Dmomnos.blogspot.com%26origin%3Dhttp%253A%252F%252Fmomnos.blogspot.com%252Ff2438e97bd8c822%26relation%3Dparent.parent&container_width=0&header=true&href=https%3A%2F%2Fwww.facebook.com%2F%23!%2Fpages%2FMOM-Not-Otherwise-Specified%2F194673183927449&locale=en_US&sdk=joey&show_faces=true&stream=false&width=250"
1498584421252	Marionette	DEBUG	Received DOM event "pageshow" for "https://accounts.google.com/o/oauth2/postmessageRelay?parent=https%3A%2F%2Fwww.blogger.com&jsh=m%3B%2F_%2Fscs%2Fapps-static%2F_%2Fjs%2Fk%3Doz.gapi.en_US.GfkYNo6gqPw.O%2Fm%3D__features__%2Fam%3DAQ%2Frt%3Dj%2Fd%3D1%2Frs%3DAGLTcCMb6GG45fF2HapKzrAkuFOe1Yx9QA#rpctoken=880892552&forcesecure=1"
1498584421255	Marionette	DEBUG	Received DOM event "pageshow" for "https://www.blogger.com/navbar.g?targetBlogID=10731506&blogName=MOM+-+Not+Otherwise+Specified&publishMode=PUBLISH_MODE_BLOGSPOT&navbarType=LIGHT&layoutType=LAYOUTS&searchRoot=http://momnos.blogspot.com/search&blogLocale=en&v=2&homepageUrl=http://momnos.blogspot.com/&vt=8831073754113895738&usegapi=1&jsh=m%3B%2F_%2Fscs%2Fapps-static%2F_%2Fjs%2Fk%3Doz.gapi.en_US.GfkYNo6gqPw.O%2Fm%3D__features__%2Fam%3DAQ%2Frt%3Dj%2Fd%3D1%2Frs%3DAGLTcCMb6GG45fF2HapKzrAkuFOe1Yx9QA#id=navbar-iframe&parent=http%3A%2F%2Fmomnos.blogspot.com&pfname=&rpctoken=98838278"
1498584421271	Marionette	DEBUG	Received DOM event "pageshow" for "https://www.facebook.com/plugins/like_box.php?app_id=&channel=http%3A%2F%2Fstaticxx.facebook.com%2Fconnect%2Fxd_arbiter%2Fr%2FXBwzv5Yrm_1.js%3Fversion%3D42%23cb%3Df3e60e9aaed948%26domain%3Dmomnos.blogspot.com%26origin%3Dhttp%253A%252F%252Fmomnos.blogspot.com%252Ff2438e97bd8c822%26relation%3Dparent.parent&container_width=0&header=true&href=https%3A%2F%2Fwww.facebook.com%2F%23!%2Fpages%2FMOM-Not-Otherwise-Specified%2F194673183927449&locale=en_US&sdk=joey&show_faces=true&stream=false&width=250"
1498584421283	Marionette	DEBUG	Received DOM event "pageshow" for "http://momnos.blogspot.com/"
*************************
A coding exception was thrown and uncaught in a Task.

Full message: TypeError: NetworkError when attempting to fetch resource.
Full stack: 
*************************
IPDL protocol error: Handler returned error code!

###!!! [Child][MessageChannel] Error: (msgtype=0x440102,name=PContent::Msg_AsyncMessage) Channel closing: too late to send/recv, messages will be lost


###!!! [Parent][DispatchAsyncMessage] Error: PLayerTransaction::Msg_ReleaseLayer Processing error: message was deserialized, but the handler returned false (indicating failure)

JavaScript error: chrome://global/content/process-content.js, line 71: NS_ERROR_UNEXPECTED: Component returned failure code: 0x8000ffff (NS_ERROR_UNEXPECTED) [nsIMessageSender.sendAsyncMessage]

###!!! [Child][MessageChannel] Error: (msgtype=0x440102,name=PContent::Msg_AsyncMessage) Channel closing: too late to send/recv, messages will be lost

JavaScript error: chrome://global/content/process-content.js, line 71: NS_ERROR_UNEXPECTED: Component returned failure code: 0x8000ffff (NS_ERROR_UNEXPECTED) [nsIMessageSender.sendAsyncMessage]

###!!! [Child][MessageChannel] Error: (msgtype=0x440102,name=PContent::Msg_AsyncMessage) Channel closing: too late to send/recv, messages will be lost

JavaScript error: chrome://global/content/process-content.js, line 71: NS_ERROR_UNEXPECTED: Component returned failure code: 0x8000ffff (NS_ERROR_UNEXPECTED) [nsIMessageSender.sendAsyncMessage]

###!!! [Child][MessageChannel] Error: (msgtype=0x440102,name=PContent::Msg_AsyncMessage) Channel closing: too late to send/recv, messages will be lost

JavaScript error: chrome://global/content/process-content.js, line 71: NS_ERROR_UNEXPECTED: Component returned failure code: 0x8000ffff (NS_ERROR_UNEXPECTED) [nsIMessageSender.sendAsyncMessage]

###!!! [Child][MessageChannel] Error: (msgtype=0x440102,name=PContent::Msg_AsyncMessage) Channel closing: too late to send/recv, messages will be lost

JavaScript error: chrome://global/content/process-content.js, line 71: NS_ERROR_UNEXPECTED: Component returned failure code: 0x8000ffff (NS_ERROR_UNEXPECTED) [nsIMessageSender.sendAsyncMessage]

###!!! [Child][MessageChannel] Error: (msgtype=0x440102,name=PContent::Msg_AsyncMessage) Channel closing: too late to send/recv, messages will be lost

JavaScript error: chrome://global/content/process-content.js, line 71: NS_ERROR_UNEXPECTED: Component returned failure code: 0x8000ffff (NS_ERROR_UNEXPECTED) [nsIMessageSender.sendAsyncMessage]

###!!! [Child][MessageChannel] Error: (msgtype=0x440102,name=PContent::Msg_AsyncMessage) Channel closing: too late to send/recv, messages will be lost

JavaScript error: chrome://global/content/process-content.js, line 71: NS_ERROR_UNEXPECTED: Component returned failure code: 0x8000ffff (NS_ERROR_UNEXPECTED) [nsIMessageSender.sendAsyncMessage]

###!!! [Child][MessageChannel] Error: (msgtype=0x440102,name=PContent::Msg_AsyncMessage) Channel closing: too late to send/recv, messages will be lost

JavaScript error: chrome://global/content/process-content.js, line 71: NS_ERROR_UNEXPECTED: Component returned failure code: 0x8000ffff (NS_ERROR_UNEXPECTED) [nsIMessageSender.sendAsyncMessage]

###!!! [Child][MessageChannel] Error: (msgtype=0x2C0048,name=PBrowser::Msg___delete__) Channel closing: too late to send/recv, messages will be lost


###!!! [Child][MessageChannel] Error: (msgtype=0x4400AB,name=PContent::Msg_ConsoleMessage) Channel closing: too late to send/recv, messages will be lost

1498585194240	Marionette	INFO	Ceased listening
1498592412067	geckodriver	INFO	Listening on 127.0.0.1:50296
1498592413284	geckodriver::marionette	INFO	Starting browser /Users/Hannah/Applications/Firefox.app/Contents/MacOS/firefox-bin with args ["-marionette"]
1498592418460	Marionette	INFO	Listening on port 50303
1498592418534	Marionette	WARN	TLS certificate errors will be ignored for this session
1498592418908	Marionette	DEBUG	loaded listener.js
2017-06-27 15:40:19.032 plugin-container[3149:428664] *** CFMessagePort: bootstrap_register(): failed 1100 (0x44c) 'Permission denied', port = 0x8f3f, name = 'com.apple.tsm.portname'
See /usr/include/servers/bootstrap_defs.h for the error codes.
2017-06-27 15:40:19.035 plugin-container[3149:428664] *** CFMessagePort: bootstrap_register(): failed 1100 (0x44c) 'Permission denied', port = 0x4c1f, name = 'com.apple.CFPasteboardClient'
See /usr/include/servers/bootstrap_defs.h for the error codes.
2017-06-27 15:40:19.035 plugin-container[3149:428664] void __CFPasteboardSetup() : Failed to allocate communication port for com.apple.CFPasteboardClient; this is likely due to sandbox restrictions
1498592419781	Marionette	DEBUG	Received DOM event "beforeunload" for "about:blank"
1498592419902	Marionette	DEBUG	Received DOM event "pagehide" for "about:blank"
1498592419903	Marionette	DEBUG	Received DOM event "unload" for "about:blank"
1498592420521	Marionette	DEBUG	Received DOM event "pageshow" for "http://momnos.blogspot.com/"
1498592420532	Marionette	DEBUG	Received DOM event "pageshow" for "http://momnos.blogspot.com/"
1498592420686	Marionette	DEBUG	Received DOM event "DOMContentLoaded" for "http://mpp.vindicosuite.com/?y=3&t=h&u=http%3A%2F%2Fmomnos.blogspot.com%2F&r="
1498592420689	Marionette	DEBUG	Received DOM event "pageshow" for "http://mpp.vindicosuite.com/?y=3&t=h&u=http%3A%2F%2Fmomnos.blogspot.com%2F&r="
1498592420692	Marionette	DEBUG	Received DOM event "DOMContentLoaded" for "https://www.blogger.com/navbar.g?targetBlogID=10731506&blogName=MOM+-+Not+Otherwise+Specified&publishMode=PUBLISH_MODE_BLOGSPOT&navbarType=LIGHT&layoutType=LAYOUTS&searchRoot=http://momnos.blogspot.com/search&blogLocale=en&v=2&homepageUrl=http://momnos.blogspot.com/&vt=8831073754113895738&usegapi=1&jsh=m%3B%2F_%2Fscs%2Fapps-static%2F_%2Fjs%2Fk%3Doz.gapi.en_US.GfkYNo6gqPw.O%2Fm%3D__features__%2Fam%3DAQ%2Frt%3Dj%2Fd%3D1%2Frs%3DAGLTcCMb6GG45fF2HapKzrAkuFOe1Yx9QA#id=navbar-iframe&parent=http%3A%2F%2Fmomnos.blogspot.com&pfname=&rpctoken=80668455"
1498592420742	Marionette	DEBUG	Received DOM event "DOMContentLoaded" for "http://staticxx.facebook.com/connect/xd_arbiter/r/XBwzv5Yrm_1.js?version=42#channel=f1171b833839f2e&origin=http%3A%2F%2Fmomnos.blogspot.com"
1498592420745	Marionette	DEBUG	Received DOM event "pageshow" for "http://staticxx.facebook.com/connect/xd_arbiter/r/XBwzv5Yrm_1.js?version=42#channel=f1171b833839f2e&origin=http%3A%2F%2Fmomnos.blogspot.com"
1498592420882	Marionette	DEBUG	Received DOM event "DOMContentLoaded" for "https://staticxx.facebook.com/connect/xd_arbiter/r/XBwzv5Yrm_1.js?version=42#channel=f1171b833839f2e&origin=http%3A%2F%2Fmomnos.blogspot.com"
1498592420884	Marionette	DEBUG	Received DOM event "pageshow" for "https://staticxx.facebook.com/connect/xd_arbiter/r/XBwzv5Yrm_1.js?version=42#channel=f1171b833839f2e&origin=http%3A%2F%2Fmomnos.blogspot.com"
1498592421072	Marionette	DEBUG	Received DOM event "pageshow" for "http://momnos.blogspot.com/"
1498592421121	Marionette	DEBUG	Received DOM event "DOMContentLoaded" for "http://momnos.blogspot.com/"
1498592421406	Marionette	DEBUG	Received DOM event "DOMContentLoaded" for "https://apis.google.com/se/0/wm/1/"
1498592421434	Marionette	DEBUG	Received DOM event "pageshow" for "https://apis.google.com/se/0/wm/1/"
1498592421589	Marionette	DEBUG	Received DOM event "DOMContentLoaded" for "https://accounts.google.com/o/oauth2/postmessageRelay?parent=https%3A%2F%2Fwww.blogger.com&jsh=m%3B%2F_%2Fscs%2Fapps-static%2F_%2Fjs%2Fk%3Doz.gapi.en_US.GfkYNo6gqPw.O%2Fm%3D__features__%2Fam%3DAQ%2Frt%3Dj%2Fd%3D1%2Frs%3DAGLTcCMb6GG45fF2HapKzrAkuFOe1Yx9QA#rpctoken=349567845&forcesecure=1"
1498592421750	Marionette	DEBUG	Received DOM event "pageshow" for "https://accounts.google.com/o/oauth2/postmessageRelay?parent=https%3A%2F%2Fwww.blogger.com&jsh=m%3B%2F_%2Fscs%2Fapps-static%2F_%2Fjs%2Fk%3Doz.gapi.en_US.GfkYNo6gqPw.O%2Fm%3D__features__%2Fam%3DAQ%2Frt%3Dj%2Fd%3D1%2Frs%3DAGLTcCMb6GG45fF2HapKzrAkuFOe1Yx9QA#rpctoken=349567845&forcesecure=1"
1498592421752	Marionette	DEBUG	Received DOM event "pageshow" for "https://www.blogger.com/navbar.g?targetBlogID=10731506&blogName=MOM+-+Not+Otherwise+Specified&publishMode=PUBLISH_MODE_BLOGSPOT&navbarType=LIGHT&layoutType=LAYOUTS&searchRoot=http://momnos.blogspot.com/search&blogLocale=en&v=2&homepageUrl=http://momnos.blogspot.com/&vt=8831073754113895738&usegapi=1&jsh=m%3B%2F_%2Fscs%2Fapps-static%2F_%2Fjs%2Fk%3Doz.gapi.en_US.GfkYNo6gqPw.O%2Fm%3D__features__%2Fam%3DAQ%2Frt%3Dj%2Fd%3D1%2Frs%3DAGLTcCMb6GG45fF2HapKzrAkuFOe1Yx9QA#id=navbar-iframe&parent=http%3A%2F%2Fmomnos.blogspot.com&pfname=&rpctoken=80668455"
1498592421859	Marionette	DEBUG	Received DOM event "DOMContentLoaded" for "https://www.facebook.com/plugins/like_box.php?app_id=&channel=http%3A%2F%2Fstaticxx.facebook.com%2Fconnect%2Fxd_arbiter%2Fr%2FXBwzv5Yrm_1.js%3Fversion%3D42%23cb%3Df1c22d9fd344bc6%26domain%3Dmomnos.blogspot.com%26origin%3Dhttp%253A%252F%252Fmomnos.blogspot.com%252Ff1171b833839f2e%26relation%3Dparent.parent&container_width=0&header=true&href=https%3A%2F%2Fwww.facebook.com%2F%23!%2Fpages%2FMOM-Not-Otherwise-Specified%2F194673183927449&locale=en_US&sdk=joey&show_faces=true&stream=false&width=250"
1498592421882	Marionette	DEBUG	Received DOM event "pageshow" for "https://www.facebook.com/plugins/like_box.php?app_id=&channel=http%3A%2F%2Fstaticxx.facebook.com%2Fconnect%2Fxd_arbiter%2Fr%2FXBwzv5Yrm_1.js%3Fversion%3D42%23cb%3Df1c22d9fd344bc6%26domain%3Dmomnos.blogspot.com%26origin%3Dhttp%253A%252F%252Fmomnos.blogspot.com%252Ff1171b833839f2e%26relation%3Dparent.parent&container_width=0&header=true&href=https%3A%2F%2Fwww.facebook.com%2F%23!%2Fpages%2FMOM-Not-Otherwise-Specified%2F194673183927449&locale=en_US&sdk=joey&show_faces=true&stream=false&width=250"
1498592421890	Marionette	DEBUG	Received DOM event "pageshow" for "http://momnos.blogspot.com/"
1498592422338	Marionette	DEBUG	Canceled page load listener because no navigation has been detected
1498592423601	Marionette	DEBUG	Canceled page load listener because no navigation has been detected
1498592424873	Marionette	DEBUG	Canceled page load listener because no navigation has been detected
1498592426128	Marionette	DEBUG	Canceled page load listener because no navigation has been detected
1498592427396	Marionette	DEBUG	Canceled page load listener because no navigation has been detected
1498592428647	Marionette	DEBUG	Canceled page load listener because no navigation has been detected
1498592429915	Marionette	DEBUG	Canceled page load listener because no navigation has been detected
1498592431166	Marionette	DEBUG	Canceled page load listener because no navigation has been detected
1498592432420	Marionette	DEBUG	Canceled page load listener because no navigation has been detected
1498592433676	Marionette	DEBUG	Canceled page load listener because no navigation has been detected
1498592434923	Marionette	DEBUG	Canceled page load listener because no navigation has been detected
1498592436177	Marionette	DEBUG	Canceled page load listener because no navigation has been detected
1498592437456	Marionette	DEBUG	Canceled page load listener because no navigation has been detected
1498592438707	Marionette	DEBUG	Canceled page load listener because no navigation has been detected
1498592439981	Marionette	DEBUG	Canceled page load listener because no navigation has been detected
1498592441238	Marionette	DEBUG	Canceled page load listener because no navigation has been detected
1498592442493	Marionette	DEBUG	Canceled page load listener because no navigation has been detected
1498592443748	Marionette	DEBUG	Canceled page load listener because no navigation has been detected
1498592445041	Marionette	DEBUG	Canceled page load listener because no navigation has been detected
1498592446309	Marionette	DEBUG	Canceled page load listener because no navigation has been detected
1498592447565	Marionette	DEBUG	Canceled page load listener because no navigation has been detected
1498592448825	Marionette	DEBUG	Canceled page load listener because no navigation has been detected
1498592450081	Marionette	DEBUG	Canceled page load listener because no navigation has been detected
1498592451347	Marionette	DEBUG	Canceled page load listener because no navigation has been detected
1498592452604	Marionette	DEBUG	Canceled page load listener because no navigation has been detected
1498592453857	Marionette	DEBUG	Canceled page load listener because no navigation has been detected
1498592455107	Marionette	DEBUG	Canceled page load listener because no navigation has been detected
1498592456353	Marionette	DEBUG	Canceled page load listener because no navigation has been detected
1498592457631	Marionette	DEBUG	Canceled page load listener because no navigation has been detected
1498592458888	Marionette	DEBUG	Canceled page load listener because no navigation has been detected
1498592460141	Marionette	DEBUG	Canceled page load listener because no navigation has been detected
1498592461392	Marionette	DEBUG	Canceled page load listener because no navigation has been detected
1498592462641	Marionette	DEBUG	Canceled page load listener because no navigation has been detected
1498592463910	Marionette	DEBUG	Canceled page load listener because no navigation has been detected
1498592465164	Marionette	DEBUG	Canceled page load listener because no navigation has been detected
1498592466412	Marionette	DEBUG	Canceled page load listener because no navigation has been detected
1498592467663	Marionette	DEBUG	Canceled page load listener because no navigation has been detected
1498592468914	Marionette	DEBUG	Canceled page load listener because no navigation has been detected
1498592470179	Marionette	DEBUG	Canceled page load listener because no navigation has been detected
1498592471432	Marionette	DEBUG	Canceled page load listener because no navigation has been detected
1498592472682	Marionette	DEBUG	Canceled page load listener because no navigation has been detected
1498592473931	Marionette	DEBUG	Canceled page load listener because no navigation has been detected
1498592475183	Marionette	DEBUG	Canceled page load listener because no navigation has been detected
1498592476441	Marionette	DEBUG	Canceled page load listener because no navigation has been detected
1498592477700	Marionette	DEBUG	Canceled page load listener because no navigation has been detected
1498592478950	Marionette	DEBUG	Canceled page load listener because no navigation has been detected
1498592480204	Marionette	DEBUG	Canceled page load listener because no navigation has been detected
1498592481450	Marionette	DEBUG	Canceled page load listener because no navigation has been detected
1498592482714	Marionette	DEBUG	Canceled page load listener because no navigation has been detected
1498592483962	Marionette	DEBUG	Canceled page load listener because no navigation has been detected
1498592485208	Marionette	DEBUG	Canceled page load listener because no navigation has been detected
1498592486456	Marionette	DEBUG	Canceled page load listener because no navigation has been detected
1498592487707	Marionette	DEBUG	Canceled page load listener because no navigation has been detected
1498592488974	Marionette	DEBUG	Canceled page load listener because no navigation has been detected
1498592490226	Marionette	DEBUG	Canceled page load listener because no navigation has been detected
1498592491484	Marionette	DEBUG	Canceled page load listener because no navigation has been detected
1498592492732	Marionette	DEBUG	Canceled page load listener because no navigation has been detected
1498592493978	Marionette	DEBUG	Canceled page load listener because no navigation has been detected
1498592495242	Marionette	DEBUG	Canceled page load listener because no navigation has been detected
1498592496498	Marionette	DEBUG	Canceled page load listener because no navigation has been detected
1498592497750	Marionette	DEBUG	Canceled page load listener because no navigation has been detected
1498592499002	Marionette	DEBUG	Canceled page load listener because no navigation has been detected
1498592500263	Marionette	DEBUG	Canceled page load listener because no navigation has been detected
1498592501514	Marionette	DEBUG	Canceled page load listener because no navigation has been detected
1498592502767	Marionette	DEBUG	Canceled page load listener because no navigation has been detected
1498592504019	Marionette	DEBUG	Canceled page load listener because no navigation has been detected
1498592505268	Marionette	DEBUG	Canceled page load listener because no navigation has been detected
1498592506532	Marionette	DEBUG	Canceled page load listener because no navigation has been detected
1498592507780	Marionette	DEBUG	Canceled page load listener because no navigation has been detected
1498592509035	Marionette	DEBUG	Canceled page load listener because no navigation has been detected
1498592510290	Marionette	DEBUG	Canceled page load listener because no navigation has been detected
1498592511547	Marionette	DEBUG	Canceled page load listener because no navigation has been detected
1498592512817	Marionette	DEBUG	Canceled page load listener because no navigation has been detected
1498592514072	Marionette	DEBUG	Canceled page load listener because no navigation has been detected
1498592515322	Marionette	DEBUG	Canceled page load listener because no navigation has been detected
1498592516580	Marionette	DEBUG	Canceled page load listener because no navigation has been detected
1498592517848	Marionette	DEBUG	Canceled page load listener because no navigation has been detected
1498592519118	Marionette	DEBUG	Canceled page load listener because no navigation has been detected
1498592520380	Marionette	DEBUG	Canceled page load listener because no navigation has been detected
1498592521647	Marionette	DEBUG	Canceled page load listener because no navigation has been detected
1498592522902	Marionette	DEBUG	Canceled page load listener because no navigation has been detected
1498592524173	Marionette	DEBUG	Canceled page load listener because no navigation has been detected
1498592525437	Marionette	DEBUG	Canceled page load listener because no navigation has been detected
1498592526693	Marionette	DEBUG	Canceled page load listener because no navigation has been detected
1498592527966	Marionette	DEBUG	Canceled page load listener because no navigation has been detected
1498592529219	Marionette	DEBUG	Canceled page load listener because no navigation has been detected
1498592530486	Marionette	DEBUG	Canceled page load listener because no navigation has been detected
1498592531754	Marionette	DEBUG	Canceled page load listener because no navigation has been detected
1498592533019	Marionette	DEBUG	Canceled page load listener because no navigation has been detected
1498592534275	Marionette	DEBUG	Canceled page load listener because no navigation has been detected
1498592535528	Marionette	DEBUG	Canceled page load listener because no navigation has been detected
1498592536792	Marionette	DEBUG	Canceled page load listener because no navigation has been detected
1498592538063	Marionette	DEBUG	Canceled page load listener because no navigation has been detected
1498592539313	Marionette	DEBUG	Canceled page load listener because no navigation has been detected
1498592540568	Marionette	DEBUG	Canceled page load listener because no navigation has been detected
1498592541847	Marionette	DEBUG	Canceled page load listener because no navigation has been detected
1498592543113	Marionette	DEBUG	Canceled page load listener because no navigation has been detected
1498592544400	Marionette	DEBUG	Canceled page load listener because no navigation has been detected
1498592545666	Marionette	DEBUG	Canceled page load listener because no navigation has been detected
1498592546936	Marionette	DEBUG	Canceled page load listener because no navigation has been detected
1498592548191	Marionette	DEBUG	Canceled page load listener because no navigation has been detected
1498592549471	Marionette	DEBUG	Canceled page load listener because no navigation has been detected
1498592550736	Marionette	DEBUG	Canceled page load listener because no navigation has been detected
1498592551993	Marionette	DEBUG	Canceled page load listener because no navigation has been detected
1498592553254	Marionette	DEBUG	Canceled page load listener because no navigation has been detected
1498592554510	Marionette	DEBUG	Canceled page load listener because no navigation has been detected
1498592555782	Marionette	DEBUG	Canceled page load listener because no navigation has been detected
1498592557044	Marionette	DEBUG	Canceled page load listener because no navigation has been detected
1498592558306	Marionette	DEBUG	Canceled page load listener because no navigation has been detected
1498592559564	Marionette	DEBUG	Canceled page load listener because no navigation has been detected
1498592588020	geckodriver	INFO	Listening on 127.0.0.1:50756
1498592589108	geckodriver::marionette	INFO	Starting browser /Users/Hannah/Applications/Firefox.app/Contents/MacOS/firefox-bin with args ["-marionette"]
1498592592180	Marionette	INFO	Listening on port 50763
1498592592266	Marionette	WARN	TLS certificate errors will be ignored for this session
1498592592544	Marionette	DEBUG	loaded listener.js
2017-06-27 15:43:12.648 plugin-container[3164:430588] *** CFMessagePort: bootstrap_register(): failed 1100 (0x44c) 'Permission denied', port = 0x903f, name = 'com.apple.tsm.portname'
See /usr/include/servers/bootstrap_defs.h for the error codes.
2017-06-27 15:43:12.649 plugin-container[3164:430588] *** CFMessagePort: bootstrap_register(): failed 1100 (0x44c) 'Permission denied', port = 0x921f, name = 'com.apple.CFPasteboardClient'
See /usr/include/servers/bootstrap_defs.h for the error codes.
2017-06-27 15:43:12.649 plugin-container[3164:430588] void __CFPasteboardSetup() : Failed to allocate communication port for com.apple.CFPasteboardClient; this is likely due to sandbox restrictions
1498592592907	Marionette	DEBUG	Received DOM event "beforeunload" for "about:blank"
1498592593003	Marionette	DEBUG	Received DOM event "pagehide" for "about:blank"
1498592593004	Marionette	DEBUG	Received DOM event "unload" for "about:blank"
1498592593576	Marionette	DEBUG	Received DOM event "pageshow" for "http://momnos.blogspot.com/"
1498592593586	Marionette	DEBUG	Received DOM event "pageshow" for "http://momnos.blogspot.com/"
1498592593891	Marionette	DEBUG	Received DOM event "DOMContentLoaded" for "http://mpp.vindicosuite.com/?y=3&t=h&u=http%3A%2F%2Fmomnos.blogspot.com%2F&r="
1498592593895	Marionette	DEBUG	Received DOM event "pageshow" for "http://mpp.vindicosuite.com/?y=3&t=h&u=http%3A%2F%2Fmomnos.blogspot.com%2F&r="
1498592593990	Marionette	DEBUG	Received DOM event "DOMContentLoaded" for "http://staticxx.facebook.com/connect/xd_arbiter/r/XBwzv5Yrm_1.js?version=42#channel=f311501fff6fb7e&origin=http%3A%2F%2Fmomnos.blogspot.com"
1498592593992	Marionette	DEBUG	Received DOM event "pageshow" for "http://staticxx.facebook.com/connect/xd_arbiter/r/XBwzv5Yrm_1.js?version=42#channel=f311501fff6fb7e&origin=http%3A%2F%2Fmomnos.blogspot.com"
1498592593995	Marionette	DEBUG	Received DOM event "DOMContentLoaded" for "https://staticxx.facebook.com/connect/xd_arbiter/r/XBwzv5Yrm_1.js?version=42#channel=f311501fff6fb7e&origin=http%3A%2F%2Fmomnos.blogspot.com"
1498592593997	Marionette	DEBUG	Received DOM event "pageshow" for "https://staticxx.facebook.com/connect/xd_arbiter/r/XBwzv5Yrm_1.js?version=42#channel=f311501fff6fb7e&origin=http%3A%2F%2Fmomnos.blogspot.com"
1498592593998	Marionette	DEBUG	Received DOM event "DOMContentLoaded" for "https://www.blogger.com/navbar.g?targetBlogID=10731506&blogName=MOM+-+Not+Otherwise+Specified&publishMode=PUBLISH_MODE_BLOGSPOT&navbarType=LIGHT&layoutType=LAYOUTS&searchRoot=http://momnos.blogspot.com/search&blogLocale=en&v=2&homepageUrl=http://momnos.blogspot.com/&vt=8831073754113895738&usegapi=1&jsh=m%3B%2F_%2Fscs%2Fapps-static%2F_%2Fjs%2Fk%3Doz.gapi.en_US.GfkYNo6gqPw.O%2Fm%3D__features__%2Fam%3DAQ%2Frt%3Dj%2Fd%3D1%2Frs%3DAGLTcCMb6GG45fF2HapKzrAkuFOe1Yx9QA#id=navbar-iframe&parent=http%3A%2F%2Fmomnos.blogspot.com&pfname=&rpctoken=12856038"
1498592594348	Marionette	DEBUG	Received DOM event "pageshow" for "http://momnos.blogspot.com/"
1498592594409	Marionette	DEBUG	Received DOM event "DOMContentLoaded" for "http://momnos.blogspot.com/"
JavaScript error: http://www.statcounter.com/counter/counter_xhtml.js, line 1: TypeError: _ca is null
1498592594676	Marionette	DEBUG	Received DOM event "DOMContentLoaded" for "https://apis.google.com/se/0/wm/1/"
1498592594696	Marionette	DEBUG	Received DOM event "pageshow" for "https://apis.google.com/se/0/wm/1/"
1498592595193	Marionette	DEBUG	Received DOM event "DOMContentLoaded" for "https://accounts.google.com/o/oauth2/postmessageRelay?parent=https%3A%2F%2Fwww.blogger.com&jsh=m%3B%2F_%2Fscs%2Fapps-static%2F_%2Fjs%2Fk%3Doz.gapi.en_US.GfkYNo6gqPw.O%2Fm%3D__features__%2Fam%3DAQ%2Frt%3Dj%2Fd%3D1%2Frs%3DAGLTcCMb6GG45fF2HapKzrAkuFOe1Yx9QA#rpctoken=717783806&forcesecure=1"
1498592595308	Marionette	DEBUG	Received DOM event "DOMContentLoaded" for "https://www.facebook.com/plugins/like_box.php?app_id=&channel=http%3A%2F%2Fstaticxx.facebook.com%2Fconnect%2Fxd_arbiter%2Fr%2FXBwzv5Yrm_1.js%3Fversion%3D42%23cb%3Df12ecc76b4d9478%26domain%3Dmomnos.blogspot.com%26origin%3Dhttp%253A%252F%252Fmomnos.blogspot.com%252Ff311501fff6fb7e%26relation%3Dparent.parent&container_width=0&header=true&href=https%3A%2F%2Fwww.facebook.com%2F%23!%2Fpages%2FMOM-Not-Otherwise-Specified%2F194673183927449&locale=en_US&sdk=joey&show_faces=true&stream=false&width=250"
1498592595338	Marionette	DEBUG	Received DOM event "pageshow" for "https://accounts.google.com/o/oauth2/postmessageRelay?parent=https%3A%2F%2Fwww.blogger.com&jsh=m%3B%2F_%2Fscs%2Fapps-static%2F_%2Fjs%2Fk%3Doz.gapi.en_US.GfkYNo6gqPw.O%2Fm%3D__features__%2Fam%3DAQ%2Frt%3Dj%2Fd%3D1%2Frs%3DAGLTcCMb6GG45fF2HapKzrAkuFOe1Yx9QA#rpctoken=717783806&forcesecure=1"
1498592595341	Marionette	DEBUG	Received DOM event "pageshow" for "https://www.blogger.com/navbar.g?targetBlogID=10731506&blogName=MOM+-+Not+Otherwise+Specified&publishMode=PUBLISH_MODE_BLOGSPOT&navbarType=LIGHT&layoutType=LAYOUTS&searchRoot=http://momnos.blogspot.com/search&blogLocale=en&v=2&homepageUrl=http://momnos.blogspot.com/&vt=8831073754113895738&usegapi=1&jsh=m%3B%2F_%2Fscs%2Fapps-static%2F_%2Fjs%2Fk%3Doz.gapi.en_US.GfkYNo6gqPw.O%2Fm%3D__features__%2Fam%3DAQ%2Frt%3Dj%2Fd%3D1%2Frs%3DAGLTcCMb6GG45fF2HapKzrAkuFOe1Yx9QA#id=navbar-iframe&parent=http%3A%2F%2Fmomnos.blogspot.com&pfname=&rpctoken=12856038"
1498592595348	Marionette	DEBUG	Received DOM event "pageshow" for "https://www.facebook.com/plugins/like_box.php?app_id=&channel=http%3A%2F%2Fstaticxx.facebook.com%2Fconnect%2Fxd_arbiter%2Fr%2FXBwzv5Yrm_1.js%3Fversion%3D42%23cb%3Df12ecc76b4d9478%26domain%3Dmomnos.blogspot.com%26origin%3Dhttp%253A%252F%252Fmomnos.blogspot.com%252Ff311501fff6fb7e%26relation%3Dparent.parent&container_width=0&header=true&href=https%3A%2F%2Fwww.facebook.com%2F%23!%2Fpages%2FMOM-Not-Otherwise-Specified%2F194673183927449&locale=en_US&sdk=joey&show_faces=true&stream=false&width=250"
1498592595357	Marionette	DEBUG	Received DOM event "pageshow" for "http://momnos.blogspot.com/"
1498592595828	Marionette	DEBUG	Canceled page load listener because no navigation has been detected
1498592597099	Marionette	DEBUG	Canceled page load listener because no navigation has been detected
1498592598373	Marionette	DEBUG	Canceled page load listener because no navigation has been detected
1498592599636	Marionette	DEBUG	Canceled page load listener because no navigation has been detected
1498592600915	Marionette	DEBUG	Canceled page load listener because no navigation has been detected
1498592602174	Marionette	DEBUG	Canceled page load listener because no navigation has been detected
1498592603450	Marionette	DEBUG	Canceled page load listener because no navigation has been detected
1498592604714	Marionette	DEBUG	Canceled page load listener because no navigation has been detected
1498592605977	Marionette	DEBUG	Canceled page load listener because no navigation has been detected
1498592607235	Marionette	DEBUG	Canceled page load listener because no navigation has been detected
1498592608491	Marionette	DEBUG	Canceled page load listener because no navigation has been detected
1498592609751	Marionette	DEBUG	Canceled page load listener because no navigation has been detected
1498592611008	Marionette	DEBUG	Canceled page load listener because no navigation has been detected
1498592612263	Marionette	DEBUG	Canceled page load listener because no navigation has been detected
1498592613536	Marionette	DEBUG	Canceled page load listener because no navigation has been detected
1498592614800	Marionette	DEBUG	Canceled page load listener because no navigation has been detected
1498592616057	Marionette	DEBUG	Canceled page load listener because no navigation has been detected
1498592617311	Marionette	DEBUG	Canceled page load listener because no navigation has been detected
1498592618577	Marionette	DEBUG	Canceled page load listener because no navigation has been detected
1498592619860	Marionette	DEBUG	Canceled page load listener because no navigation has been detected
1498592621125	Marionette	DEBUG	Canceled page load listener because no navigation has been detected
1498592622383	Marionette	DEBUG	Canceled page load listener because no navigation has been detected
1498592623640	Marionette	DEBUG	Canceled page load listener because no navigation has been detected
1498592624911	Marionette	DEBUG	Canceled page load listener because no navigation has been detected
1498592626182	Marionette	DEBUG	Canceled page load listener because no navigation has been detected
1498592627444	Marionette	DEBUG	Canceled page load listener because no navigation has been detected
1498592628700	Marionette	DEBUG	Canceled page load listener because no navigation has been detected
1498592629953	Marionette	DEBUG	Canceled page load listener because no navigation has been detected
1498592631209	Marionette	DEBUG	Canceled page load listener because no navigation has been detected
1498592632483	Marionette	DEBUG	Canceled page load listener because no navigation has been detected
1498592633740	Marionette	DEBUG	Canceled page load listener because no navigation has been detected
1498592635001	Marionette	DEBUG	Canceled page load listener because no navigation has been detected
1498592636249	Marionette	DEBUG	Canceled page load listener because no navigation has been detected
1498592637511	Marionette	DEBUG	Canceled page load listener because no navigation has been detected
1498592638784	Marionette	DEBUG	Canceled page load listener because no navigation has been detected
1498592640039	Marionette	DEBUG	Canceled page load listener because no navigation has been detected
1498592641325	Marionette	DEBUG	Canceled page load listener because no navigation has been detected
1498592642583	Marionette	DEBUG	Canceled page load listener because no navigation has been detected
1498592643863	Marionette	DEBUG	Canceled page load listener because no navigation has been detected
1498592645142	Marionette	DEBUG	Canceled page load listener because no navigation has been detected
1498592646407	Marionette	DEBUG	Canceled page load listener because no navigation has been detected
1498592647657	Marionette	DEBUG	Canceled page load listener because no navigation has been detected
1498592648922	Marionette	DEBUG	Canceled page load listener because no navigation has been detected
1498592650189	Marionette	DEBUG	Canceled page load listener because no navigation has been detected
1498592651453	Marionette	DEBUG	Canceled page load listener because no navigation has been detected
1498592652733	Marionette	DEBUG	Canceled page load listener because no navigation has been detected
1498592653988	Marionette	DEBUG	Canceled page load listener because no navigation has been detected
1498592655243	Marionette	DEBUG	Canceled page load listener because no navigation has been detected
1498592656515	Marionette	DEBUG	Canceled page load listener because no navigation has been detected
1498592657771	Marionette	DEBUG	Canceled page load listener because no navigation has been detected
1498592659029	Marionette	DEBUG	Canceled page load listener because no navigation has been detected
1498592660282	Marionette	DEBUG	Canceled page load listener because no navigation has been detected
1498592661533	Marionette	DEBUG	Canceled page load listener because no navigation has been detected
1498592662809	Marionette	DEBUG	Canceled page load listener because no navigation has been detected
1498592664069	Marionette	DEBUG	Canceled page load listener because no navigation has been detected
1498592665328	Marionette	DEBUG	Canceled page load listener because no navigation has been detected
1498592666583	Marionette	DEBUG	Canceled page load listener because no navigation has been detected
1498592667840	Marionette	DEBUG	Canceled page load listener because no navigation has been detected
1498592669112	Marionette	DEBUG	Canceled page load listener because no navigation has been detected
1498592670373	Marionette	DEBUG	Canceled page load listener because no navigation has been detected
1498592671630	Marionette	DEBUG	Canceled page load listener because no navigation has been detected
1498592672886	Marionette	DEBUG	Canceled page load listener because no navigation has been detected
1498592674159	Marionette	DEBUG	Canceled page load listener because no navigation has been detected
1498592675423	Marionette	DEBUG	Canceled page load listener because no navigation has been detected
1498592676679	Marionette	DEBUG	Canceled page load listener because no navigation has been detected
1498592677937	Marionette	DEBUG	Canceled page load listener because no navigation has been detected
1498592679200	Marionette	DEBUG	Canceled page load listener because no navigation has been detected
1498592680480	Marionette	DEBUG	Canceled page load listener because no navigation has been detected
1498592681739	Marionette	DEBUG	Canceled page load listener because no navigation has been detected
1498592682995	Marionette	DEBUG	Canceled page load listener because no navigation has been detected
1498592684253	Marionette	DEBUG	Canceled page load listener because no navigation has been detected
1498592685505	Marionette	DEBUG	Canceled page load listener because no navigation has been detected
1498592686785	Marionette	DEBUG	Canceled page load listener because no navigation has been detected
1498592688041	Marionette	DEBUG	Canceled page load listener because no navigation has been detected
1498592689292	Marionette	DEBUG	Canceled page load listener because no navigation has been detected
1498592690554	Marionette	DEBUG	Canceled page load listener because no navigation has been detected
1498592691826	Marionette	DEBUG	Canceled page load listener because no navigation has been detected
1498592693100	Marionette	DEBUG	Canceled page load listener because no navigation has been detected
1498592694359	Marionette	DEBUG	Canceled page load listener because no navigation has been detected
1498592695619	Marionette	DEBUG	Canceled page load listener because no navigation has been detected
1498592696880	Marionette	DEBUG	Canceled page load listener because no navigation has been detected
1498592698141	Marionette	DEBUG	Canceled page load listener because no navigation has been detected
1498592699404	Marionette	DEBUG	Canceled page load listener because no navigation has been detected
1498592700663	Marionette	DEBUG	Canceled page load listener because no navigation has been detected
1498592701916	Marionette	DEBUG	Canceled page load listener because no navigation has been detected
1498592703179	Marionette	DEBUG	Canceled page load listener because no navigation has been detected
1498592704445	Marionette	DEBUG	Canceled page load listener because no navigation has been detected
1498592705706	Marionette	DEBUG	Canceled page load listener because no navigation has been detected
1498592706962	Marionette	DEBUG	Canceled page load listener because no navigation has been detected
1498592708217	Marionette	DEBUG	Canceled page load listener because no navigation has been detected
1498592709473	Marionette	DEBUG	Canceled page load listener because no navigation has been detected
1498592710736	Marionette	DEBUG	Canceled page load listener because no navigation has been detected
1498592712000	Marionette	DEBUG	Canceled page load listener because no navigation has been detected
1498592713255	Marionette	DEBUG	Canceled page load listener because no navigation has been detected
1498592714508	Marionette	DEBUG	Canceled page load listener because no navigation has been detected
1498592715761	Marionette	DEBUG	Canceled page load listener because no navigation has been detected
1498592717024	Marionette	DEBUG	Canceled page load listener because no navigation has been detected
1498592718278	Marionette	DEBUG	Canceled page load listener because no navigation has been detected
1498592719535	Marionette	DEBUG	Canceled page load listener because no navigation has been detected
1498592720790	Marionette	DEBUG	Canceled page load listener because no navigation has been detected
1498592722045	Marionette	DEBUG	Canceled page load listener because no navigation has been detected
1498592723307	Marionette	DEBUG	Canceled page load listener because no navigation has been detected
1498592724566	Marionette	DEBUG	Canceled page load listener because no navigation has been detected
1498592725816	Marionette	DEBUG	Canceled page load listener because no navigation has been detected
1498592727072	Marionette	DEBUG	Canceled page load listener because no navigation has been detected
1498592728322	Marionette	DEBUG	Canceled page load listener because no navigation has been detected
1498592729591	Marionette	DEBUG	Canceled page load listener because no navigation has been detected
1498592730843	Marionette	DEBUG	Canceled page load listener because no navigation has been detected
1498592732099	Marionette	DEBUG	Canceled page load listener because no navigation has been detected
1498592733350	Marionette	DEBUG	Canceled page load listener because no navigation has been detected
1498592734607	Marionette	DEBUG	Canceled page load listener because no navigation has been detected
1498592735884	Marionette	DEBUG	Canceled page load listener because no navigation has been detected
1498592737142	Marionette	DEBUG	Canceled page load listener because no navigation has been detected
1498592738415	Marionette	DEBUG	Canceled page load listener because no navigation has been detected
1498592739675	Marionette	DEBUG	Canceled page load listener because no navigation has been detected
1498592740948	Marionette	DEBUG	Canceled page load listener because no navigation has been detected
1498592742208	Marionette	DEBUG	Canceled page load listener because no navigation has been detected
1498592743468	Marionette	DEBUG	Canceled page load listener because no navigation has been detected
1498592744728	Marionette	DEBUG	Canceled page load listener because no navigation has been detected
1498592784119	Marionette	INFO	New connections will no longer be accepted
