1496256429241	geckodriver	INFO	Listening on 127.0.0.1:50410
1496256430460	geckodriver::marionette	INFO	Starting browser /Users/Hannah/Applications/Firefox.app/Contents/MacOS/firefox-bin with args ["-marionette"]
1496256435971	Marionette	INFO	Listening on port 50495
1496256436309	Marionette	WARN	TLS certificate errors will be ignored for this session
2017-05-31 14:47:17.825 plugin-container[3507:237656] *** CFMessagePort: bootstrap_register(): failed 1100 (0x44c) 'Permission denied', port = 0x8e3f, name = 'com.apple.tsm.portname'
See /usr/include/servers/bootstrap_defs.h for the error codes.
2017-05-31 14:47:17.827 plugin-container[3507:237656] *** CFMessagePort: bootstrap_register(): failed 1100 (0x44c) 'Permission denied', port = 0x8f13, name = 'com.apple.CFPasteboardClient'
See /usr/include/servers/bootstrap_defs.h for the error codes.
2017-05-31 14:47:17.827 plugin-container[3507:237656] void __CFPasteboardSetup() : Failed to allocate communication port for com.apple.CFPasteboardClient; this is likely due to sandbox restrictions
*************************
A coding exception was thrown and uncaught in a Task.

Full message: TypeError: NetworkError when attempting to fetch resource.
Full stack: 
*************************
1498584627500	geckodriver	INFO	Listening on 127.0.0.1:50690
1498584631608	geckodriver::marionette	INFO	Starting browser /Users/Hannah/Applications/Firefox.app/Contents/MacOS/firefox-bin with args ["-marionette"]
1498584639806	Marionette	INFO	Listening on port 50700
1498584639889	Marionette	WARN	TLS certificate errors will be ignored for this session
1498584640573	Marionette	DEBUG	loaded listener.js
2017-06-27 13:30:41.275 plugin-container[2816:378513] *** CFMessagePort: bootstrap_register(): failed 1100 (0x44c) 'Permission denied', port = 0x8e3f, name = 'com.apple.tsm.portname'
See /usr/include/servers/bootstrap_defs.h for the error codes.
2017-06-27 13:30:41.278 plugin-container[2816:378513] *** CFMessagePort: bootstrap_register(): failed 1100 (0x44c) 'Permission denied', port = 0x5113, name = 'com.apple.CFPasteboardClient'
See /usr/include/servers/bootstrap_defs.h for the error codes.
2017-06-27 13:30:41.278 plugin-container[2816:378513] void __CFPasteboardSetup() : Failed to allocate communication port for com.apple.CFPasteboardClient; this is likely due to sandbox restrictions
1498584646346	Marionette	DEBUG	Received DOM event "beforeunload" for "about:blank"
1498584646643	Marionette	DEBUG	Received DOM event "pagehide" for "about:blank"
1498584646643	Marionette	DEBUG	Received DOM event "unload" for "about:blank"
1498584648235	Marionette	DEBUG	Received DOM event "DOMContentLoaded" for "http://spectrumliving.blogspot.com/"
1498584648502	Marionette	DEBUG	Received DOM event "DOMContentLoaded" for "https://www.blogger.com/navbar.g?targetBlogID=3683123430440896906&blogName=Living+on+the+Spectrum&publishMode=PUBLISH_MODE_BLOGSPOT&navbarType=LIGHT&layoutType=LAYOUTS&searchRoot=http://spectrumliving.blogspot.com/search&blogLocale=en&v=2&homepageUrl=http://spectrumliving.blogspot.com/&vt=-7215378660839683334&usegapi=1&jsh=m%3B%2F_%2Fscs%2Fapps-static%2F_%2Fjs%2Fk%3Doz.gapi.en_US.GfkYNo6gqPw.O%2Fm%3D__features__%2Fam%3DAQ%2Frt%3Dj%2Fd%3D1%2Frs%3DAGLTcCMb6GG45fF2HapKzrAkuFOe1Yx9QA#id=navbar-iframe&parent=http%3A%2F%2Fspectrumliving.blogspot.com&pfname=&rpctoken=27822020"
1498584649349	Marionette	DEBUG	Received DOM event "DOMContentLoaded" for "https://accounts.google.com/o/oauth2/postmessageRelay?parent=https%3A%2F%2Fwww.blogger.com&jsh=m%3B%2F_%2Fscs%2Fapps-static%2F_%2Fjs%2Fk%3Doz.gapi.en_US.GfkYNo6gqPw.O%2Fm%3D__features__%2Fam%3DAQ%2Frt%3Dj%2Fd%3D1%2Frs%3DAGLTcCMb6GG45fF2HapKzrAkuFOe1Yx9QA#rpctoken=273787403&forcesecure=1"
1498584649570	Marionette	DEBUG	Received DOM event "pageshow" for "https://accounts.google.com/o/oauth2/postmessageRelay?parent=https%3A%2F%2Fwww.blogger.com&jsh=m%3B%2F_%2Fscs%2Fapps-static%2F_%2Fjs%2Fk%3Doz.gapi.en_US.GfkYNo6gqPw.O%2Fm%3D__features__%2Fam%3DAQ%2Frt%3Dj%2Fd%3D1%2Frs%3DAGLTcCMb6GG45fF2HapKzrAkuFOe1Yx9QA#rpctoken=273787403&forcesecure=1"
1498584649649	Marionette	DEBUG	Received DOM event "DOMContentLoaded" for "https://apis.google.com/se/0/wm/1/"
1498584649778	Marionette	DEBUG	Received DOM event "pageshow" for "https://apis.google.com/se/0/wm/1/"
1498584649781	Marionette	DEBUG	Received DOM event "pageshow" for "https://www.blogger.com/navbar.g?targetBlogID=3683123430440896906&blogName=Living+on+the+Spectrum&publishMode=PUBLISH_MODE_BLOGSPOT&navbarType=LIGHT&layoutType=LAYOUTS&searchRoot=http://spectrumliving.blogspot.com/search&blogLocale=en&v=2&homepageUrl=http://spectrumliving.blogspot.com/&vt=-7215378660839683334&usegapi=1&jsh=m%3B%2F_%2Fscs%2Fapps-static%2F_%2Fjs%2Fk%3Doz.gapi.en_US.GfkYNo6gqPw.O%2Fm%3D__features__%2Fam%3DAQ%2Frt%3Dj%2Fd%3D1%2Frs%3DAGLTcCMb6GG45fF2HapKzrAkuFOe1Yx9QA#id=navbar-iframe&parent=http%3A%2F%2Fspectrumliving.blogspot.com&pfname=&rpctoken=27822020"
1498584649805	Marionette	DEBUG	Received DOM event "pageshow" for "http://spectrumliving.blogspot.com/"
*************************
A coding exception was thrown and uncaught in a Task.

Full message: TypeError: NetworkError when attempting to fetch resource.
Full stack: 
*************************
1498585360713	Marionette	INFO	Ceased listening
1498662857804	geckodriver	INFO	Listening on 127.0.0.1:61046
1498662861623	geckodriver::marionette	INFO	Starting browser /Users/Hannah/Applications/Firefox.app/Contents/MacOS/firefox-bin with args ["-marionette"]
1498662868549	Marionette	INFO	Listening on port 61053
1498662868648	Marionette	WARN	TLS certificate errors will be ignored for this session
1498662869090	Marionette	DEBUG	loaded listener.js
2017-06-28 11:14:29.271 plugin-container[4310:599930] *** CFMessagePort: bootstrap_register(): failed 1100 (0x44c) 'Permission denied', port = 0x8e3f, name = 'com.apple.tsm.portname'
See /usr/include/servers/bootstrap_defs.h for the error codes.
2017-06-28 11:14:29.275 plugin-container[4310:599930] *** CFMessagePort: bootstrap_register(): failed 1100 (0x44c) 'Permission denied', port = 0x9027, name = 'com.apple.CFPasteboardClient'
See /usr/include/servers/bootstrap_defs.h for the error codes.
2017-06-28 11:14:29.275 plugin-container[4310:599930] void __CFPasteboardSetup() : Failed to allocate communication port for com.apple.CFPasteboardClient; this is likely due to sandbox restrictions
1498662870515	Marionette	DEBUG	Received DOM event "beforeunload" for "about:blank"
1498662870593	Marionette	DEBUG	Received DOM event "pagehide" for "about:blank"
1498662870594	Marionette	DEBUG	Received DOM event "unload" for "about:blank"
1498662871343	Marionette	DEBUG	Received DOM event "DOMContentLoaded" for "http://spectrumliving.blogspot.com/"
1498662871573	Marionette	DEBUG	Received DOM event "DOMContentLoaded" for "https://www.blogger.com/navbar.g?targetBlogID=3683123430440896906&blogName=Living+on+the+Spectrum&publishMode=PUBLISH_MODE_BLOGSPOT&navbarType=LIGHT&layoutType=LAYOUTS&searchRoot=http://spectrumliving.blogspot.com/search&blogLocale=en&v=2&homepageUrl=http://spectrumliving.blogspot.com/&vt=-7215378660839683334&usegapi=1&jsh=m%3B%2F_%2Fscs%2Fapps-static%2F_%2Fjs%2Fk%3Doz.gapi.en_US.wpCNxUYJ7bc.O%2Fm%3D__features__%2Fam%3DAQ%2Frt%3Dj%2Fd%3D1%2Frs%3DAGLTcCP2kAF69smYVvU1nnoKCqrvBMsiwg#id=navbar-iframe&parent=http%3A%2F%2Fspectrumliving.blogspot.com&pfname=&rpctoken=17200974"
1498662871807	Marionette	DEBUG	Received DOM event "DOMContentLoaded" for "https://apis.google.com/se/0/wm/1/"
1498662871851	Marionette	DEBUG	Received DOM event "pageshow" for "https://apis.google.com/se/0/wm/1/"
1498662871935	Marionette	DEBUG	Received DOM event "DOMContentLoaded" for "https://accounts.google.com/o/oauth2/postmessageRelay?parent=https%3A%2F%2Fwww.blogger.com&jsh=m%3B%2F_%2Fscs%2Fapps-static%2F_%2Fjs%2Fk%3Doz.gapi.en_US.wpCNxUYJ7bc.O%2Fm%3D__features__%2Fam%3DAQ%2Frt%3Dj%2Fd%3D1%2Frs%3DAGLTcCP2kAF69smYVvU1nnoKCqrvBMsiwg#rpctoken=1330215627&forcesecure=1"
1498662871984	Marionette	DEBUG	Received DOM event "pageshow" for "https://accounts.google.com/o/oauth2/postmessageRelay?parent=https%3A%2F%2Fwww.blogger.com&jsh=m%3B%2F_%2Fscs%2Fapps-static%2F_%2Fjs%2Fk%3Doz.gapi.en_US.wpCNxUYJ7bc.O%2Fm%3D__features__%2Fam%3DAQ%2Frt%3Dj%2Fd%3D1%2Frs%3DAGLTcCP2kAF69smYVvU1nnoKCqrvBMsiwg#rpctoken=1330215627&forcesecure=1"
1498662871986	Marionette	DEBUG	Received DOM event "pageshow" for "https://www.blogger.com/navbar.g?targetBlogID=3683123430440896906&blogName=Living+on+the+Spectrum&publishMode=PUBLISH_MODE_BLOGSPOT&navbarType=LIGHT&layoutType=LAYOUTS&searchRoot=http://spectrumliving.blogspot.com/search&blogLocale=en&v=2&homepageUrl=http://spectrumliving.blogspot.com/&vt=-7215378660839683334&usegapi=1&jsh=m%3B%2F_%2Fscs%2Fapps-static%2F_%2Fjs%2Fk%3Doz.gapi.en_US.wpCNxUYJ7bc.O%2Fm%3D__features__%2Fam%3DAQ%2Frt%3Dj%2Fd%3D1%2Frs%3DAGLTcCP2kAF69smYVvU1nnoKCqrvBMsiwg#id=navbar-iframe&parent=http%3A%2F%2Fspectrumliving.blogspot.com&pfname=&rpctoken=17200974"
1498662872011	Marionette	DEBUG	Received DOM event "pageshow" for "http://spectrumliving.blogspot.com/"
1498662872736	Marionette	DEBUG	Canceled page load listener because no navigation has been detected
1498662874004	Marionette	DEBUG	Canceled page load listener because no navigation has been detected
1498662875268	Marionette	DEBUG	Canceled page load listener because no navigation has been detected
1498662876532	Marionette	DEBUG	Canceled page load listener because no navigation has been detected
1498662877785	Marionette	DEBUG	Canceled page load listener because no navigation has been detected
1498662879059	Marionette	DEBUG	Canceled page load listener because no navigation has been detected
1498662880342	Marionette	DEBUG	Canceled page load listener because no navigation has been detected
1498662881603	Marionette	DEBUG	Canceled page load listener because no navigation has been detected
1498662882861	Marionette	DEBUG	Canceled page load listener because no navigation has been detected
1498662884121	Marionette	DEBUG	Canceled page load listener because no navigation has been detected
1498662885378	Marionette	DEBUG	Canceled page load listener because no navigation has been detected
1498662886642	Marionette	DEBUG	Canceled page load listener because no navigation has been detected
1498662887905	Marionette	DEBUG	Canceled page load listener because no navigation has been detected
1498662889163	Marionette	DEBUG	Canceled page load listener because no navigation has been detected
1498662890433	Marionette	DEBUG	Canceled page load listener because no navigation has been detected
1498662891697	Marionette	DEBUG	Canceled page load listener because no navigation has been detected
1498662893002	Marionette	DEBUG	Canceled page load listener because no navigation has been detected
1498662894262	Marionette	DEBUG	Canceled page load listener because no navigation has been detected
1498662895543	Marionette	DEBUG	Canceled page load listener because no navigation has been detected
1498662896806	Marionette	DEBUG	Canceled page load listener because no navigation has been detected
1498662898068	Marionette	DEBUG	Canceled page load listener because no navigation has been detected
1498662899321	Marionette	DEBUG	Canceled page load listener because no navigation has been detected
1498662900582	Marionette	DEBUG	Canceled page load listener because no navigation has been detected
1498662901855	Marionette	DEBUG	Canceled page load listener because no navigation has been detected
1498662903109	Marionette	DEBUG	Canceled page load listener because no navigation has been detected
1498662904366	Marionette	DEBUG	Canceled page load listener because no navigation has been detected
1498662905616	Marionette	DEBUG	Canceled page load listener because no navigation has been detected
1498662906877	Marionette	DEBUG	Canceled page load listener because no navigation has been detected
1498662908151	Marionette	DEBUG	Canceled page load listener because no navigation has been detected
1498662909404	Marionette	DEBUG	Canceled page load listener because no navigation has been detected
1498662910658	Marionette	DEBUG	Canceled page load listener because no navigation has been detected
1498662911915	Marionette	DEBUG	Canceled page load listener because no navigation has been detected
1498662913169	Marionette	DEBUG	Canceled page load listener because no navigation has been detected
1498662914442	Marionette	DEBUG	Canceled page load listener because no navigation has been detected
1498662915704	Marionette	DEBUG	Canceled page load listener because no navigation has been detected
1498662916960	Marionette	DEBUG	Canceled page load listener because no navigation has been detected
1498662918217	Marionette	DEBUG	Canceled page load listener because no navigation has been detected
1498662919476	Marionette	DEBUG	Canceled page load listener because no navigation has been detected
1498662920756	Marionette	DEBUG	Canceled page load listener because no navigation has been detected
1498662922007	Marionette	DEBUG	Canceled page load listener because no navigation has been detected
1498662923265	Marionette	DEBUG	Canceled page load listener because no navigation has been detected
1498662924525	Marionette	DEBUG	Canceled page load listener because no navigation has been detected
1498662925777	Marionette	DEBUG	Canceled page load listener because no navigation has been detected
1498662927052	Marionette	DEBUG	Canceled page load listener because no navigation has been detected
1498662928312	Marionette	DEBUG	Canceled page load listener because no navigation has been detected
1498662929570	Marionette	DEBUG	Canceled page load listener because no navigation has been detected
1498662930819	Marionette	DEBUG	Canceled page load listener because no navigation has been detected
1498662932082	Marionette	DEBUG	Canceled page load listener because no navigation has been detected
1498662933343	Marionette	DEBUG	Canceled page load listener because no navigation has been detected
1498662934593	Marionette	DEBUG	Canceled page load listener because no navigation has been detected
1498662935848	Marionette	DEBUG	Canceled page load listener because no navigation has been detected
1498662937103	Marionette	DEBUG	Canceled page load listener because no navigation has been detected
1498662943752	Marionette	INFO	New connections will no longer be accepted
