1496253389182	geckodriver	INFO	Listening on 127.0.0.1:61179
1496253391333	geckodriver::marionette	INFO	Starting browser /Users/Hannah/Applications/Firefox.app/Contents/MacOS/firefox-bin with args ["-marionette"]
1496253397187	Marionette	INFO	Listening on port 61189
1496253397306	Marionette	WARN	TLS certificate errors will be ignored for this session
2017-05-31 13:56:37.882 plugin-container[2569:140091] *** CFMessagePort: bootstrap_register(): failed 1100 (0x44c) 'Permission denied', port = 0x8f3f, name = 'com.apple.tsm.portname'
See /usr/include/servers/bootstrap_defs.h for the error codes.
2017-05-31 13:56:37.885 plugin-container[2569:140091] *** CFMessagePort: bootstrap_register(): failed 1100 (0x44c) 'Permission denied', port = 0x9123, name = 'com.apple.CFPasteboardClient'
See /usr/include/servers/bootstrap_defs.h for the error codes.
2017-05-31 13:56:37.885 plugin-container[2569:140091] void __CFPasteboardSetup() : Failed to allocate communication port for com.apple.CFPasteboardClient; this is likely due to sandbox restrictions
*************************
A coding exception was thrown and uncaught in a Task.

Full message: TypeError: NetworkError when attempting to fetch resource.
Full stack: 
*************************
1498580406033	geckodriver	INFO	Listening on 127.0.0.1:52555
1498580407107	geckodriver::marionette	INFO	Starting browser /Users/Hannah/Applications/Firefox.app/Contents/MacOS/firefox-bin with args ["-marionette"]
1498580409393	Marionette	INFO	Listening on port 52568
1498580409514	Marionette	WARN	TLS certificate errors will be ignored for this session
1498580409732	Marionette	DEBUG	loaded listener.js
2017-06-27 12:20:09.848 plugin-container[1895:232216] *** CFMessagePort: bootstrap_register(): failed 1100 (0x44c) 'Permission denied', port = 0x8d3f, name = 'com.apple.tsm.portname'
See /usr/include/servers/bootstrap_defs.h for the error codes.
2017-06-27 12:20:09.852 plugin-container[1895:232216] *** CFMessagePort: bootstrap_register(): failed 1100 (0x44c) 'Permission denied', port = 0x8f27, name = 'com.apple.CFPasteboardClient'
See /usr/include/servers/bootstrap_defs.h for the error codes.
2017-06-27 12:20:09.852 plugin-container[1895:232216] void __CFPasteboardSetup() : Failed to allocate communication port for com.apple.CFPasteboardClient; this is likely due to sandbox restrictions
1498580410179	Marionette	DEBUG	Received DOM event "beforeunload" for "about:blank"
1498580410253	Marionette	DEBUG	Received DOM event "pagehide" for "about:blank"
1498580410253	Marionette	DEBUG	Received DOM event "unload" for "about:blank"
1498580410672	Marionette	DEBUG	Received DOM event "pageshow" for "http://www.jennyalice.com/"
1498580411036	Marionette	DEBUG	Received DOM event "pageshow" for "http://www.jennyalice.com/"
1498580411049	Marionette	DEBUG	Received DOM event "pageshow" for "http://www.jennyalice.com/"
1498580411385	Marionette	DEBUG	Received DOM event "DOMContentLoaded" for "https://www.blogger.com/navbar.g?targetBlogID=6355474&blogName=into+the+woods,+living+deliberately&publishMode=PUBLISH_MODE_HOSTED&navbarType=LIGHT&layoutType=LAYOUTS&searchRoot=http://www.jennyalice.com/search&blogLocale=en&v=2&homepageUrl=http://www.jennyalice.com/&vt=2680275692861714526&usegapi=1&jsh=m%3B%2F_%2Fscs%2Fapps-static%2F_%2Fjs%2Fk%3Doz.gapi.en_US.GfkYNo6gqPw.O%2Fm%3D__features__%2Fam%3DAQ%2Frt%3Dj%2Fd%3D1%2Frs%3DAGLTcCMb6GG45fF2HapKzrAkuFOe1Yx9QA#id=navbar-iframe&parent=http%3A%2F%2Fwww.jennyalice.com&pfname=&rpctoken=23052520"
1498580411402	Marionette	DEBUG	Received DOM event "DOMContentLoaded" for "https://googleads.g.doubleclick.net/pagead/html/r20170619/r20170110/zrt_lookup.html#"
1498580411409	Marionette	DEBUG	Received DOM event "pageshow" for "https://googleads.g.doubleclick.net/pagead/html/r20170619/r20170110/zrt_lookup.html#"
1498580411441	Marionette	DEBUG	Received DOM event "pageshow" for "http://www.jennyalice.com/"
1498580411600	Marionette	DEBUG	Received DOM event "DOMContentLoaded" for "http://staticxx.facebook.com/connect/xd_arbiter/r/XBwzv5Yrm_1.js?version=42#channel=f965db46ab7144&origin=http%3A%2F%2Fwww.jennyalice.com"
1498580411603	Marionette	DEBUG	Received DOM event "pageshow" for "http://staticxx.facebook.com/connect/xd_arbiter/r/XBwzv5Yrm_1.js?version=42#channel=f965db46ab7144&origin=http%3A%2F%2Fwww.jennyalice.com"
1498580411677	Marionette	DEBUG	Received DOM event "DOMContentLoaded" for "https://staticxx.facebook.com/connect/xd_arbiter/r/XBwzv5Yrm_1.js?version=42#channel=f965db46ab7144&origin=http%3A%2F%2Fwww.jennyalice.com"
1498580411681	Marionette	DEBUG	Received DOM event "pageshow" for "https://staticxx.facebook.com/connect/xd_arbiter/r/XBwzv5Yrm_1.js?version=42#channel=f965db46ab7144&origin=http%3A%2F%2Fwww.jennyalice.com"
1498580411695	Marionette	DEBUG	Received DOM event "DOMContentLoaded" for "http://www.jennyalice.com/"
1498580411854	Marionette	DEBUG	Received DOM event "DOMContentLoaded" for "https://apis.google.com/se/0/wm/1/"
1498580411900	Marionette	DEBUG	Received DOM event "pageshow" for "http://www.jennyalice.com/"
1498580411918	Marionette	DEBUG	Received DOM event "pageshow" for "https://apis.google.com/se/0/wm/1/"
1498580412046	Marionette	DEBUG	Received DOM event "DOMContentLoaded" for "about:neterror?e=dnsNotFound&u=http%3A//widgetserver.amazon.com/invalid&c=UTF-8&f=regular&d=Firefox%20can%E2%80%99t%20find%20the%20server%20at%20widgetserver.amazon.com."
*************************
A coding exception was thrown and uncaught in a Task.

Full message: TypeError: NetworkError when attempting to fetch resource.
Full stack: 
*************************
IPDL protocol error: Handler returned error code!

###!!! [Parent][DispatchAsyncMessage] Error: PLayerTransaction::Msg_ReleaseLayer Processing error: message was deserialized, but the handler returned false (indicating failure)

1498584032256	Marionette	INFO	Ceased listening
1500401000684	geckodriver	INFO	Listening on 127.0.0.1:64480
1500401001887	geckodriver::marionette	INFO	Starting browser /Users/Hannah/Applications/Firefox.app/Contents/MacOS/firefox-bin with args ["-marionette"]
1500401007318	Marionette	INFO	Listening on port 64487
1500401007394	Marionette	WARN	TLS certificate errors will be ignored for this session
1500401007655	Marionette	DEBUG	loaded listener.js
2017-07-18 14:03:27.786 plugin-container[1838:319566] *** CFMessagePort: bootstrap_register(): failed 1100 (0x44c) 'Permission denied', port = 0x8c3f, name = 'com.apple.tsm.portname'
See /usr/include/servers/bootstrap_defs.h for the error codes.
2017-07-18 14:03:27.790 plugin-container[1838:319566] *** CFMessagePort: bootstrap_register(): failed 1100 (0x44c) 'Permission denied', port = 0x4f17, name = 'com.apple.CFPasteboardClient'
See /usr/include/servers/bootstrap_defs.h for the error codes.
2017-07-18 14:03:27.790 plugin-container[1838:319566] void __CFPasteboardSetup() : Failed to allocate communication port for com.apple.CFPasteboardClient; this is likely due to sandbox restrictions
1500401008445	Marionette	DEBUG	Received DOM event "beforeunload" for "about:blank"
1500401008523	Marionette	DEBUG	Received DOM event "pagehide" for "about:blank"
1500401008524	Marionette	DEBUG	Received DOM event "unload" for "about:blank"
1500401009065	Marionette	DEBUG	Received DOM event "pageshow" for "http://www.jennyalice.com/"
1500401009322	Marionette	DEBUG	Received DOM event "pageshow" for "http://www.jennyalice.com/"
1500401009333	Marionette	DEBUG	Received DOM event "pageshow" for "http://www.jennyalice.com/"
1500401009554	Marionette	DEBUG	Received DOM event "DOMContentLoaded" for "https://www.blogger.com/navbar.g?targetBlogID=6355474&blogName=into+the+woods,+living+deliberately&publishMode=PUBLISH_MODE_HOSTED&navbarType=LIGHT&layoutType=LAYOUTS&searchRoot=http://www.jennyalice.com/search&blogLocale=en&v=2&homepageUrl=http://www.jennyalice.com/&vt=2680275692861714526&usegapi=1&jsh=m%3B%2F_%2Fscs%2Fapps-static%2F_%2Fjs%2Fk%3Doz.gapi.en_US.kpXrwGSPBxQ.O%2Fm%3D__features__%2Fam%3DAQ%2Frt%3Dj%2Fd%3D1%2Frs%3DAGLTcCOZfgAHdRXw9ae_JEm_JrE3nGmdog#id=navbar-iframe&parent=http%3A%2F%2Fwww.jennyalice.com&pfname=&rpctoken=41397885"
1500401009607	Marionette	DEBUG	Received DOM event "DOMContentLoaded" for "https://googleads.g.doubleclick.net/pagead/html/r20170712/r20170110/zrt_lookup.html#"
1500401009620	Marionette	DEBUG	Received DOM event "pageshow" for "https://googleads.g.doubleclick.net/pagead/html/r20170712/r20170110/zrt_lookup.html#"
1500401009688	Marionette	DEBUG	Received DOM event "pageshow" for "http://www.jennyalice.com/"
1500401009805	Marionette	DEBUG	Received DOM event "DOMContentLoaded" for "http://www.jennyalice.com/"
1500401009815	Marionette	DEBUG	Received DOM event "DOMContentLoaded" for "http://staticxx.facebook.com/connect/xd_arbiter/r/XBwzv5Yrm_1.js?version=42#channel=f3dce09248569ee&origin=http%3A%2F%2Fwww.jennyalice.com"
1500401009817	Marionette	DEBUG	Received DOM event "pageshow" for "http://staticxx.facebook.com/connect/xd_arbiter/r/XBwzv5Yrm_1.js?version=42#channel=f3dce09248569ee&origin=http%3A%2F%2Fwww.jennyalice.com"
1500401009958	Marionette	DEBUG	Received DOM event "DOMContentLoaded" for "https://staticxx.facebook.com/connect/xd_arbiter/r/XBwzv5Yrm_1.js?version=42#channel=f3dce09248569ee&origin=http%3A%2F%2Fwww.jennyalice.com"
1500401009961	Marionette	DEBUG	Received DOM event "pageshow" for "https://staticxx.facebook.com/connect/xd_arbiter/r/XBwzv5Yrm_1.js?version=42#channel=f3dce09248569ee&origin=http%3A%2F%2Fwww.jennyalice.com"
1500401010020	Marionette	DEBUG	Received DOM event "pageshow" for "http://www.jennyalice.com/"
1500401010177	Marionette	DEBUG	Received DOM event "DOMContentLoaded" for "about:neterror?e=dnsNotFound&u=http%3A//widgetserver.amazon.com/invalid&c=UTF-8&f=regular&d=Firefox%20can%E2%80%99t%20find%20the%20server%20at%20widgetserver.amazon.com."
1500401139407	geckodriver	INFO	Listening on 127.0.0.1:64913
1500401142972	geckodriver::marionette	INFO	Starting browser /Users/Hannah/Applications/Firefox.app/Contents/MacOS/firefox-bin with args ["-marionette"]
1500401149163	Marionette	INFO	Listening on port 64924
1500401149312	Marionette	WARN	TLS certificate errors will be ignored for this session
1500401149701	Marionette	DEBUG	loaded listener.js
2017-07-18 14:05:49.894 plugin-container[1845:320574] *** CFMessagePort: bootstrap_register(): failed 1100 (0x44c) 'Permission denied', port = 0x8f3f, name = 'com.apple.tsm.portname'
See /usr/include/servers/bootstrap_defs.h for the error codes.
2017-07-18 14:05:49.897 plugin-container[1845:320574] *** CFMessagePort: bootstrap_register(): failed 1100 (0x44c) 'Permission denied', port = 0x9027, name = 'com.apple.CFPasteboardClient'
See /usr/include/servers/bootstrap_defs.h for the error codes.
2017-07-18 14:05:49.897 plugin-container[1845:320574] void __CFPasteboardSetup() : Failed to allocate communication port for com.apple.CFPasteboardClient; this is likely due to sandbox restrictions
1500401150817	Marionette	DEBUG	Received DOM event "beforeunload" for "about:blank"
1500401150891	Marionette	DEBUG	Received DOM event "pagehide" for "about:blank"
1500401150891	Marionette	DEBUG	Received DOM event "unload" for "about:blank"
1500401151504	Marionette	DEBUG	Received DOM event "pageshow" for "http://www.jennyalice.com/"
1500401151780	Marionette	DEBUG	Received DOM event "pageshow" for "http://www.jennyalice.com/"
1500401151790	Marionette	DEBUG	Received DOM event "pageshow" for "http://www.jennyalice.com/"
1500401151968	Marionette	DEBUG	Received DOM event "DOMContentLoaded" for "https://www.blogger.com/navbar.g?targetBlogID=6355474&blogName=into+the+woods,+living+deliberately&publishMode=PUBLISH_MODE_HOSTED&navbarType=LIGHT&layoutType=LAYOUTS&searchRoot=http://www.jennyalice.com/search&blogLocale=en&v=2&homepageUrl=http://www.jennyalice.com/&vt=2680275692861714526&usegapi=1&jsh=m%3B%2F_%2Fscs%2Fapps-static%2F_%2Fjs%2Fk%3Doz.gapi.en_US.kpXrwGSPBxQ.O%2Fm%3D__features__%2Fam%3DAQ%2Frt%3Dj%2Fd%3D1%2Frs%3DAGLTcCOZfgAHdRXw9ae_JEm_JrE3nGmdog#id=navbar-iframe&parent=http%3A%2F%2Fwww.jennyalice.com&pfname=&rpctoken=34513818"
1500401152076	Marionette	DEBUG	Received DOM event "DOMContentLoaded" for "https://googleads.g.doubleclick.net/pagead/html/r20170712/r20170110/zrt_lookup.html#"
1500401152092	Marionette	DEBUG	Received DOM event "pageshow" for "https://googleads.g.doubleclick.net/pagead/html/r20170712/r20170110/zrt_lookup.html#"
1500401152206	Marionette	DEBUG	Received DOM event "pageshow" for "http://www.jennyalice.com/"
1500401152271	Marionette	DEBUG	Received DOM event "DOMContentLoaded" for "http://staticxx.facebook.com/connect/xd_arbiter/r/XBwzv5Yrm_1.js?version=42#channel=f34610880b895d6&origin=http%3A%2F%2Fwww.jennyalice.com"
1500401152273	Marionette	DEBUG	Received DOM event "pageshow" for "http://staticxx.facebook.com/connect/xd_arbiter/r/XBwzv5Yrm_1.js?version=42#channel=f34610880b895d6&origin=http%3A%2F%2Fwww.jennyalice.com"
1500401152325	Marionette	DEBUG	Received DOM event "DOMContentLoaded" for "https://staticxx.facebook.com/connect/xd_arbiter/r/XBwzv5Yrm_1.js?version=42#channel=f34610880b895d6&origin=http%3A%2F%2Fwww.jennyalice.com"
1500401152328	Marionette	DEBUG	Received DOM event "pageshow" for "https://staticxx.facebook.com/connect/xd_arbiter/r/XBwzv5Yrm_1.js?version=42#channel=f34610880b895d6&origin=http%3A%2F%2Fwww.jennyalice.com"
1500401152332	Marionette	DEBUG	Received DOM event "DOMContentLoaded" for "http://www.jennyalice.com/"
1500401152639	Marionette	DEBUG	Received DOM event "DOMContentLoaded" for "about:neterror?e=dnsNotFound&u=http%3A//widgetserver.amazon.com/invalid&c=UTF-8&f=regular&d=Firefox%20can%E2%80%99t%20find%20the%20server%20at%20widgetserver.amazon.com."
*************************
A coding exception was thrown and uncaught in a Task.

Full message: TypeError: NetworkError when attempting to fetch resource.
Full stack: 
*************************

###!!! [Child][MessageChannel] Error: (msgtype=0x7E000E,name=PHttpChannel::Msg_DeletingChannel) Channel closing: too late to send/recv, messages will be lost


###!!! [Child][MessageChannel] Error: (msgtype=0x440102,name=PContent::Msg_AsyncMessage) Channel closing: too late to send/recv, messages will be lost

JavaScript error: chrome://global/content/process-content.js, line 71: NS_ERROR_UNEXPECTED: Component returned failure code: 0x8000ffff (NS_ERROR_UNEXPECTED) [nsIMessageSender.sendAsyncMessage]

###!!! [Child][MessageChannel] Error: (msgtype=0x440102,name=PContent::Msg_AsyncMessage) Channel closing: too late to send/recv, messages will be lost

JavaScript error: chrome://global/content/process-content.js, line 71: NS_ERROR_UNEXPECTED: Component returned failure code: 0x8000ffff (NS_ERROR_UNEXPECTED) [nsIMessageSender.sendAsyncMessage]

###!!! [Child][MessageChannel] Error: (msgtype=0x440102,name=PContent::Msg_AsyncMessage) Channel closing: too late to send/recv, messages will be lost

JavaScript error: chrome://global/content/process-content.js, line 71: NS_ERROR_UNEXPECTED: Component returned failure code: 0x8000ffff (NS_ERROR_UNEXPECTED) [nsIMessageSender.sendAsyncMessage]

###!!! [Child][MessageChannel] Error: (msgtype=0x440102,name=PContent::Msg_AsyncMessage) Channel closing: too late to send/recv, messages will be lost

JavaScript error: chrome://global/content/process-content.js, line 71: NS_ERROR_UNEXPECTED: Component returned failure code: 0x8000ffff (NS_ERROR_UNEXPECTED) [nsIMessageSender.sendAsyncMessage]

###!!! [Child][MessageChannel] Error: (msgtype=0x440102,name=PContent::Msg_AsyncMessage) Channel closing: too late to send/recv, messages will be lost

JavaScript error: chrome://global/content/process-content.js, line 71: NS_ERROR_UNEXPECTED: Component returned failure code: 0x8000ffff (NS_ERROR_UNEXPECTED) [nsIMessageSender.sendAsyncMessage]

###!!! [Child][MessageChannel] Error: (msgtype=0x440102,name=PContent::Msg_AsyncMessage) Channel closing: too late to send/recv, messages will be lost

JavaScript error: chrome://global/content/process-content.js, line 71: NS_ERROR_UNEXPECTED: Component returned failure code: 0x8000ffff (NS_ERROR_UNEXPECTED) [nsIMessageSender.sendAsyncMessage]

###!!! [Child][MessageChannel] Error: (msgtype=0x440102,name=PContent::Msg_AsyncMessage) Channel closing: too late to send/recv, messages will be lost

JavaScript error: chrome://global/content/process-content.js, line 71: NS_ERROR_UNEXPECTED: Component returned failure code: 0x8000ffff (NS_ERROR_UNEXPECTED) [nsIMessageSender.sendAsyncMessage]

###!!! [Child][MessageChannel] Error: (msgtype=0x440102,name=PContent::Msg_AsyncMessage) Channel closing: too late to send/recv, messages will be lost

JavaScript error: chrome://global/content/process-content.js, line 71: NS_ERROR_UNEXPECTED: Component returned failure code: 0x8000ffff (NS_ERROR_UNEXPECTED) [nsIMessageSender.sendAsyncMessage]

###!!! [Child][MessageChannel] Error: (msgtype=0x440102,name=PContent::Msg_AsyncMessage) Channel closing: too late to send/recv, messages will be lost

JavaScript error: chrome://global/content/process-content.js, line 71: NS_ERROR_UNEXPECTED: Component returned failure code: 0x8000ffff (NS_ERROR_UNEXPECTED) [nsIMessageSender.sendAsyncMessage]

###!!! [Child][MessageChannel] Error: (msgtype=0x440102,name=PContent::Msg_AsyncMessage) Channel closing: too late to send/recv, messages will be lost

JavaScript error: chrome://global/content/process-content.js, line 71: NS_ERROR_UNEXPECTED: Component returned failure code: 0x8000ffff (NS_ERROR_UNEXPECTED) [nsIMessageSender.sendAsyncMessage]

###!!! [Child][MessageChannel] Error: (msgtype=0x440102,name=PContent::Msg_AsyncMessage) Channel closing: too late to send/recv, messages will be lost

JavaScript error: chrome://global/content/process-content.js, line 71: NS_ERROR_UNEXPECTED: Component returned failure code: 0x8000ffff (NS_ERROR_UNEXPECTED) [nsIMessageSender.sendAsyncMessage]

###!!! [Child][MessageChannel] Error: (msgtype=0x440102,name=PContent::Msg_AsyncMessage) Channel closing: too late to send/recv, messages will be lost

JavaScript error: chrome://global/content/process-content.js, line 71: NS_ERROR_UNEXPECTED: Component returned failure code: 0x8000ffff (NS_ERROR_UNEXPECTED) [nsIMessageSender.sendAsyncMessage]

###!!! [Child][MessageChannel] Error: (msgtype=0x440102,name=PContent::Msg_AsyncMessage) Channel closing: too late to send/recv, messages will be lost

JavaScript error: chrome://global/content/process-content.js, line 71: NS_ERROR_UNEXPECTED: Component returned failure code: 0x8000ffff (NS_ERROR_UNEXPECTED) [nsIMessageSender.sendAsyncMessage]

###!!! [Child][MessageChannel] Error: (msgtype=0x440102,name=PContent::Msg_AsyncMessage) Channel closing: too late to send/recv, messages will be lost

JavaScript error: chrome://global/content/process-content.js, line 71: NS_ERROR_UNEXPECTED: Component returned failure code: 0x8000ffff (NS_ERROR_UNEXPECTED) [nsIMessageSender.sendAsyncMessage]

###!!! [Child][MessageChannel] Error: (msgtype=0x440102,name=PContent::Msg_AsyncMessage) Channel closing: too late to send/recv, messages will be lost

JavaScript error: chrome://global/content/process-content.js, line 71: NS_ERROR_UNEXPECTED: Component returned failure code: 0x8000ffff (NS_ERROR_UNEXPECTED) [nsIMessageSender.sendAsyncMessage]

###!!! [Child][MessageChannel] Error: (msgtype=0x440102,name=PContent::Msg_AsyncMessage) Channel closing: too late to send/recv, messages will be lost

JavaScript error: chrome://global/content/process-content.js, line 71: NS_ERROR_UNEXPECTED: Component returned failure code: 0x8000ffff (NS_ERROR_UNEXPECTED) [nsIMessageSender.sendAsyncMessage]

###!!! [Child][MessageChannel] Error: (msgtype=0x440102,name=PContent::Msg_AsyncMessage) Channel closing: too late to send/recv, messages will be lost

JavaScript error: chrome://global/content/process-content.js, line 71: NS_ERROR_UNEXPECTED: Component returned failure code: 0x8000ffff (NS_ERROR_UNEXPECTED) [nsIMessageSender.sendAsyncMessage]

###!!! [Child][MessageChannel] Error: (msgtype=0x440102,name=PContent::Msg_AsyncMessage) Channel closing: too late to send/recv, messages will be lost

JavaScript error: chrome://global/content/process-content.js, line 71: NS_ERROR_UNEXPECTED: Component returned failure code: 0x8000ffff (NS_ERROR_UNEXPECTED) [nsIMessageSender.sendAsyncMessage]

###!!! [Child][MessageChannel] Error: (msgtype=0x440102,name=PContent::Msg_AsyncMessage) Channel closing: too late to send/recv, messages will be lost

JavaScript error: chrome://global/content/process-content.js, line 71: NS_ERROR_UNEXPECTED: Component returned failure code: 0x8000ffff (NS_ERROR_UNEXPECTED) [nsIMessageSender.sendAsyncMessage]

###!!! [Child][MessageChannel] Error: (msgtype=0x440102,name=PContent::Msg_AsyncMessage) Channel closing: too late to send/recv, messages will be lost

JavaScript error: chrome://global/content/process-content.js, line 71: NS_ERROR_UNEXPECTED: Component returned failure code: 0x8000ffff (NS_ERROR_UNEXPECTED) [nsIMessageSender.sendAsyncMessage]

###!!! [Child][MessageChannel] Error: (msgtype=0x440102,name=PContent::Msg_AsyncMessage) Channel closing: too late to send/recv, messages will be lost

JavaScript error: chrome://global/content/process-content.js, line 71: NS_ERROR_UNEXPECTED: Component returned failure code: 0x8000ffff (NS_ERROR_UNEXPECTED) [nsIMessageSender.sendAsyncMessage]

###!!! [Child][MessageChannel] Error: (msgtype=0x440102,name=PContent::Msg_AsyncMessage) Channel closing: too late to send/recv, messages will be lost

JavaScript error: chrome://global/content/process-content.js, line 71: NS_ERROR_UNEXPECTED: Component returned failure code: 0x8000ffff (NS_ERROR_UNEXPECTED) [nsIMessageSender.sendAsyncMessage]

###!!! [Child][MessageChannel] Error: (msgtype=0x440102,name=PContent::Msg_AsyncMessage) Channel closing: too late to send/recv, messages will be lost

JavaScript error: chrome://global/content/process-content.js, line 71: NS_ERROR_UNEXPECTED: Component returned failure code: 0x8000ffff (NS_ERROR_UNEXPECTED) [nsIMessageSender.sendAsyncMessage]

###!!! [Child][MessageChannel] Error: (msgtype=0x440102,name=PContent::Msg_AsyncMessage) Channel closing: too late to send/recv, messages will be lost

JavaScript error: chrome://global/content/process-content.js, line 71: NS_ERROR_UNEXPECTED: Component returned failure code: 0x8000ffff (NS_ERROR_UNEXPECTED) [nsIMessageSender.sendAsyncMessage]

###!!! [Child][MessageChannel] Error: (msgtype=0x440102,name=PContent::Msg_AsyncMessage) Channel closing: too late to send/recv, messages will be lost

JavaScript error: chrome://global/content/process-content.js, line 71: NS_ERROR_UNEXPECTED: Component returned failure code: 0x8000ffff (NS_ERROR_UNEXPECTED) [nsIMessageSender.sendAsyncMessage]

###!!! [Child][MessageChannel] Error: (msgtype=0x440102,name=PContent::Msg_AsyncMessage) Channel closing: too late to send/recv, messages will be lost

JavaScript error: chrome://global/content/process-content.js, line 71: NS_ERROR_UNEXPECTED: Component returned failure code: 0x8000ffff (NS_ERROR_UNEXPECTED) [nsIMessageSender.sendAsyncMessage]

###!!! [Child][MessageChannel] Error: (msgtype=0x440102,name=PContent::Msg_AsyncMessage) Channel closing: too late to send/recv, messages will be lost

JavaScript error: chrome://global/content/process-content.js, line 71: NS_ERROR_UNEXPECTED: Component returned failure code: 0x8000ffff (NS_ERROR_UNEXPECTED) [nsIMessageSender.sendAsyncMessage]

###!!! [Child][MessageChannel] Error: (msgtype=0x440102,name=PContent::Msg_AsyncMessage) Channel closing: too late to send/recv, messages will be lost

JavaScript error: chrome://global/content/process-content.js, line 71: NS_ERROR_UNEXPECTED: Component returned failure code: 0x8000ffff (NS_ERROR_UNEXPECTED) [nsIMessageSender.sendAsyncMessage]

###!!! [Child][MessageChannel] Error: (msgtype=0x440102,name=PContent::Msg_AsyncMessage) Channel closing: too late to send/recv, messages will be lost

JavaScript error: chrome://global/content/process-content.js, line 71: NS_ERROR_UNEXPECTED: Component returned failure code: 0x8000ffff (NS_ERROR_UNEXPECTED) [nsIMessageSender.sendAsyncMessage]

###!!! [Child][MessageChannel] Error: (msgtype=0x440102,name=PContent::Msg_AsyncMessage) Channel closing: too late to send/recv, messages will be lost

JavaScript error: chrome://global/content/process-content.js, line 71: NS_ERROR_UNEXPECTED: Component returned failure code: 0x8000ffff (NS_ERROR_UNEXPECTED) [nsIMessageSender.sendAsyncMessage]

###!!! [Child][MessageChannel] Error: (msgtype=0x440102,name=PContent::Msg_AsyncMessage) Channel closing: too late to send/recv, messages will be lost

JavaScript error: chrome://global/content/process-content.js, line 71: NS_ERROR_UNEXPECTED: Component returned failure code: 0x8000ffff (NS_ERROR_UNEXPECTED) [nsIMessageSender.sendAsyncMessage]

###!!! [Child][MessageChannel] Error: (msgtype=0x440102,name=PContent::Msg_AsyncMessage) Channel closing: too late to send/recv, messages will be lost

JavaScript error: chrome://global/content/process-content.js, line 71: NS_ERROR_UNEXPECTED: Component returned failure code: 0x8000ffff (NS_ERROR_UNEXPECTED) [nsIMessageSender.sendAsyncMessage]

###!!! [Child][MessageChannel] Error: (msgtype=0x440102,name=PContent::Msg_AsyncMessage) Channel closing: too late to send/recv, messages will be lost

JavaScript error: chrome://global/content/process-content.js, line 71: NS_ERROR_UNEXPECTED: Component returned failure code: 0x8000ffff (NS_ERROR_UNEXPECTED) [nsIMessageSender.sendAsyncMessage]

###!!! [Child][MessageChannel] Error: (msgtype=0x440102,name=PContent::Msg_AsyncMessage) Channel closing: too late to send/recv, messages will be lost

JavaScript error: chrome://global/content/process-content.js, line 71: NS_ERROR_UNEXPECTED: Component returned failure code: 0x8000ffff (NS_ERROR_UNEXPECTED) [nsIMessageSender.sendAsyncMessage]

###!!! [Child][MessageChannel] Error: (msgtype=0x440102,name=PContent::Msg_AsyncMessage) Channel closing: too late to send/recv, messages will be lost

JavaScript error: chrome://global/content/process-content.js, line 71: NS_ERROR_UNEXPECTED: Component returned failure code: 0x8000ffff (NS_ERROR_UNEXPECTED) [nsIMessageSender.sendAsyncMessage]

###!!! [Child][MessageChannel] Error: (msgtype=0x440102,name=PContent::Msg_AsyncMessage) Channel closing: too late to send/recv, messages will be lost

JavaScript error: chrome://global/content/process-content.js, line 71: NS_ERROR_UNEXPECTED: Component returned failure code: 0x8000ffff (NS_ERROR_UNEXPECTED) [nsIMessageSender.sendAsyncMessage]

###!!! [Child][MessageChannel] Error: (msgtype=0x440102,name=PContent::Msg_AsyncMessage) Channel closing: too late to send/recv, messages will be lost

JavaScript error: chrome://global/content/process-content.js, line 71: NS_ERROR_UNEXPECTED: Component returned failure code: 0x8000ffff (NS_ERROR_UNEXPECTED) [nsIMessageSender.sendAsyncMessage]

###!!! [Child][MessageChannel] Error: (msgtype=0x2C0048,name=PBrowser::Msg___delete__) Channel closing: too late to send/recv, messages will be lost


###!!! [Child][MessageChannel] Error: (msgtype=0x4400AB,name=PContent::Msg_ConsoleMessage) Channel closing: too late to send/recv, messages will be lost

1500401719077	Marionette	INFO	Ceased listening
1500401723733	Marionette	INFO	Ceased listening
