1500923104051	geckodriver	INFO	Listening on 127.0.0.1:60007
1500923107516	geckodriver::marionette	INFO	Starting browser /Users/Hannah/Applications/Firefox.app/Contents/MacOS/firefox-bin with args ["-marionette"]
1500923113764	Marionette	INFO	Listening on port 60030
1500923113885	Marionette	WARN	TLS certificate errors will be ignored for this session
1500923114156	Marionette	DEBUG	loaded listener.js
2017-07-24 15:05:14.275 plugin-container[10701:1140898] *** CFMessagePort: bootstrap_register(): failed 1100 (0x44c) 'Permission denied', port = 0x8e3f, name = 'com.apple.tsm.portname'
See /usr/include/servers/bootstrap_defs.h for the error codes.
2017-07-24 15:05:14.278 plugin-container[10701:1140898] *** CFMessagePort: bootstrap_register(): failed 1100 (0x44c) 'Permission denied', port = 0x5047, name = 'com.apple.CFPasteboardClient'
See /usr/include/servers/bootstrap_defs.h for the error codes.
2017-07-24 15:05:14.278 plugin-container[10701:1140898] void __CFPasteboardSetup() : Failed to allocate communication port for com.apple.CFPasteboardClient; this is likely due to sandbox restrictions
1500923115162	Marionette	DEBUG	Received DOM event "beforeunload" for "about:blank"
1500923115286	Marionette	DEBUG	Received DOM event "pagehide" for "about:blank"
1500923115287	Marionette	DEBUG	Received DOM event "unload" for "about:blank"
1500923116723	Marionette	DEBUG	Received DOM event "DOMContentLoaded" for "https://apis.google.com/se/0/wm/1/"
1500923116748	Marionette	DEBUG	Received DOM event "pageshow" for "https://apis.google.com/se/0/wm/1/"
1500923116910	Marionette	DEBUG	Received DOM event "DOMContentLoaded" for "http://bloom-parentingkidswithdisabilities.blogspot.com/"
1500923116945	Marionette	DEBUG	Received DOM event "DOMContentLoaded" for "https://www.blogger.com/navbar.g?targetBlogID=447392662850613354&blogName=Special+needs+disability+parenting+BLOOM&publishMode=PUBLISH_MODE_BLOGSPOT&navbarType=BLUE&layoutType=LAYOUTS&searchRoot=http://bloom-parentingkidswithdisabilities.blogspot.com/search&blogLocale=en&v=2&homepageUrl=http://bloom-parentingkidswithdisabilities.blogspot.com/&vt=3949196979230852404&usegapi=1&jsh=m%3B%2F_%2Fscs%2Fapps-static%2F_%2Fjs%2Fk%3Doz.gapi.en_US.poyYqObhGtA.O%2Fm%3D__features__%2Fam%3DAQ%2Frt%3Dj%2Fd%3D1%2Frs%3DAGLTcCOWpFuuKrTFaxcYv_R5sIlu_oMvDA#id=navbar-iframe&parent=http%3A%2F%2Fbloom-parentingkidswithdisabilities.blogspot.com&pfname=&rpctoken=32446614"
1500923116966	Marionette	DEBUG	Received DOM event "DOMContentLoaded" for "https://accounts.google.com/o/oauth2/postmessageRelay?parent=http%3A%2F%2Fbloom-parentingkidswithdisabilities.blogspot.com&jsh=m%3B%2F_%2Fscs%2Fapps-static%2F_%2Fjs%2Fk%3Doz.gapi.en_US.poyYqObhGtA.O%2Fm%3D__features__%2Fam%3DAQ%2Frt%3Dj%2Fd%3D1%2Frs%3DAGLTcCOWpFuuKrTFaxcYv_R5sIlu_oMvDA#rpctoken=317599546&forcesecure=1"
1500923117040	Marionette	DEBUG	Received DOM event "pageshow" for "https://accounts.google.com/o/oauth2/postmessageRelay?parent=http%3A%2F%2Fbloom-parentingkidswithdisabilities.blogspot.com&jsh=m%3B%2F_%2Fscs%2Fapps-static%2F_%2Fjs%2Fk%3Doz.gapi.en_US.poyYqObhGtA.O%2Fm%3D__features__%2Fam%3DAQ%2Frt%3Dj%2Fd%3D1%2Frs%3DAGLTcCOWpFuuKrTFaxcYv_R5sIlu_oMvDA#rpctoken=317599546&forcesecure=1"
1500923117232	Marionette	DEBUG	Received DOM event "DOMContentLoaded" for "https://apis.google.com/se/0/wm/1/"
1500923117236	Marionette	DEBUG	Received DOM event "pageshow" for "https://apis.google.com/se/0/wm/1/"
JavaScript warning: http://static.issuu.com/widgets/shelf/rev0/script/jquery-1.3.2.js, line 19: unreachable code after return statement
1500923117263	Marionette	DEBUG	Received DOM event "DOMContentLoaded" for "https://accounts.google.com/o/oauth2/postmessageRelay?parent=https%3A%2F%2Fwww.blogger.com&jsh=m%3B%2F_%2Fscs%2Fapps-static%2F_%2Fjs%2Fk%3Doz.gapi.en_US.poyYqObhGtA.O%2Fm%3D__features__%2Fam%3DAQ%2Frt%3Dj%2Fd%3D1%2Frs%3DAGLTcCOWpFuuKrTFaxcYv_R5sIlu_oMvDA#rpctoken=357284788&forcesecure=1"
1500923117287	Marionette	DEBUG	Received DOM event "DOMContentLoaded" for "http://static.issuu.com/widgets/shelf/index.html?folderId=9889ae17-765a-4124-9b00-5bac9be82493&theme=theme1&rows=1&thumbSize=medium&roundedCorners=false&showTitle=true&showAuthor=true&shadow=true&effect3d=true"
1500923117301	Marionette	DEBUG	Received DOM event "pageshow" for "http://static.issuu.com/widgets/shelf/index.html?folderId=9889ae17-765a-4124-9b00-5bac9be82493&theme=theme1&rows=1&thumbSize=medium&roundedCorners=false&showTitle=true&showAuthor=true&shadow=true&effect3d=true"
1500923117307	Marionette	DEBUG	Received DOM event "pageshow" for "https://accounts.google.com/o/oauth2/postmessageRelay?parent=https%3A%2F%2Fwww.blogger.com&jsh=m%3B%2F_%2Fscs%2Fapps-static%2F_%2Fjs%2Fk%3Doz.gapi.en_US.poyYqObhGtA.O%2Fm%3D__features__%2Fam%3DAQ%2Frt%3Dj%2Fd%3D1%2Frs%3DAGLTcCOWpFuuKrTFaxcYv_R5sIlu_oMvDA#rpctoken=357284788&forcesecure=1"
1500923117309	Marionette	DEBUG	Received DOM event "pageshow" for "https://www.blogger.com/navbar.g?targetBlogID=447392662850613354&blogName=Special+needs+disability+parenting+BLOOM&publishMode=PUBLISH_MODE_BLOGSPOT&navbarType=BLUE&layoutType=LAYOUTS&searchRoot=http://bloom-parentingkidswithdisabilities.blogspot.com/search&blogLocale=en&v=2&homepageUrl=http://bloom-parentingkidswithdisabilities.blogspot.com/&vt=3949196979230852404&usegapi=1&jsh=m%3B%2F_%2Fscs%2Fapps-static%2F_%2Fjs%2Fk%3Doz.gapi.en_US.poyYqObhGtA.O%2Fm%3D__features__%2Fam%3DAQ%2Frt%3Dj%2Fd%3D1%2Frs%3DAGLTcCOWpFuuKrTFaxcYv_R5sIlu_oMvDA#id=navbar-iframe&parent=http%3A%2F%2Fbloom-parentingkidswithdisabilities.blogspot.com&pfname=&rpctoken=32446614"
1500923117433	Marionette	DEBUG	Received DOM event "DOMContentLoaded" for "https://www.blogger.com/followers.g?blogID=447392662850613354&colors=Cgt0cmFuc3BhcmVudBILdHJhbnNwYXJlbnQaByM2NjY2NjYiByM1NTg4YWEqByNmZmZmZmYyByNjYzY2MDA6ByM2NjY2NjZCByM1NTg4YWFKByM5OTk5OTlSByM1NTg4YWFaC3RyYW5zcGFyZW50&pageSize=21&origin=http%3A%2F%2Fbloom-parentingkidswithdisabilities.blogspot.com%2F&usegapi=1&jsh=m%3B%2F_%2Fscs%2Fapps-static%2F_%2Fjs%2Fk%3Doz.gapi.en_US.poyYqObhGtA.O%2Fm%3D__features__%2Fam%3DAQ%2Frt%3Dj%2Fd%3D1%2Frs%3DAGLTcCOWpFuuKrTFaxcYv_R5sIlu_oMvDA&bpli=1#id=I0_1500923116382&parent=http%3A%2F%2Fbloom-parentingkidswithdisabilities.blogspot.com&pfname=&rpctoken=17558149"
1500923117754	Marionette	DEBUG	Received DOM event "pageshow" for "https://www.blogger.com/followers.g?blogID=447392662850613354&colors=Cgt0cmFuc3BhcmVudBILdHJhbnNwYXJlbnQaByM2NjY2NjYiByM1NTg4YWEqByNmZmZmZmYyByNjYzY2MDA6ByM2NjY2NjZCByM1NTg4YWFKByM5OTk5OTlSByM1NTg4YWFaC3RyYW5zcGFyZW50&pageSize=21&origin=http%3A%2F%2Fbloom-parentingkidswithdisabilities.blogspot.com%2F&usegapi=1&jsh=m%3B%2F_%2Fscs%2Fapps-static%2F_%2Fjs%2Fk%3Doz.gapi.en_US.poyYqObhGtA.O%2Fm%3D__features__%2Fam%3DAQ%2Frt%3Dj%2Fd%3D1%2Frs%3DAGLTcCOWpFuuKrTFaxcYv_R5sIlu_oMvDA&bpli=1#id=I0_1500923116382&parent=http%3A%2F%2Fbloom-parentingkidswithdisabilities.blogspot.com&pfname=&rpctoken=17558149"
1500923117759	Marionette	DEBUG	Received DOM event "pageshow" for "http://bloom-parentingkidswithdisabilities.blogspot.com/"
1500923117935	Marionette	INFO	New connections will no longer be accepted
