1496257095554	geckodriver	INFO	Listening on 127.0.0.1:58394
1496257097627	geckodriver::marionette	INFO	Starting browser /Users/Hannah/Applications/Firefox.app/Contents/MacOS/firefox-bin with args ["-marionette"]
1496257103285	Marionette	INFO	Listening on port 58533
1496257103587	Marionette	WARN	TLS certificate errors will be ignored for this session
2017-05-31 14:58:25.235 plugin-container[3916:283933] *** CFMessagePort: bootstrap_register(): failed 1100 (0x44c) 'Permission denied', port = 0x8c3f, name = 'com.apple.tsm.portname'
See /usr/include/servers/bootstrap_defs.h for the error codes.
2017-05-31 14:58:25.241 plugin-container[3916:283933] *** CFMessagePort: bootstrap_register(): failed 1100 (0x44c) 'Permission denied', port = 0x4f07, name = 'com.apple.CFPasteboardClient'
See /usr/include/servers/bootstrap_defs.h for the error codes.
2017-05-31 14:58:25.242 plugin-container[3916:283933] void __CFPasteboardSetup() : Failed to allocate communication port for com.apple.CFPasteboardClient; this is likely due to sandbox restrictions
*************************
A coding exception was thrown and uncaught in a Task.

Full message: TypeError: NetworkError when attempting to fetch resource.
Full stack: 
*************************
2017-05-31 21:22:52.944 geckodriver[3909:679870] Metadata.framework [Error]: server port invalidated for uid 501
2017-05-31 21:22:52.944 geckodriver[3909:680096] Metadata.framework [Error]: client check-in failed: (-308) (ipc/mig) server died
2017-05-31 21:22:53.096 geckodriver[3909:679873] Metadata.framework [Error]: couldn't get the client port
1498581487683	geckodriver	INFO	Listening on 127.0.0.1:56526
1498581490665	geckodriver::marionette	INFO	Starting browser /Users/Hannah/Applications/Firefox.app/Contents/MacOS/firefox-bin with args ["-marionette"]
1498581495552	Marionette	INFO	Listening on port 56576
1498581495717	Marionette	WARN	TLS certificate errors will be ignored for this session
1498581496019	Marionette	DEBUG	loaded listener.js
2017-06-27 12:38:16.115 plugin-container[2263:294181] *** CFMessagePort: bootstrap_register(): failed 1100 (0x44c) 'Permission denied', port = 0x903f, name = 'com.apple.tsm.portname'
See /usr/include/servers/bootstrap_defs.h for the error codes.
2017-06-27 12:38:16.116 plugin-container[2263:294181] *** CFMessagePort: bootstrap_register(): failed 1100 (0x44c) 'Permission denied', port = 0x911f, name = 'com.apple.CFPasteboardClient'
See /usr/include/servers/bootstrap_defs.h for the error codes.
2017-06-27 12:38:16.116 plugin-container[2263:294181] void __CFPasteboardSetup() : Failed to allocate communication port for com.apple.CFPasteboardClient; this is likely due to sandbox restrictions
1498581500619	Marionette	DEBUG	Received DOM event "beforeunload" for "about:blank"
1498581500783	Marionette	DEBUG	Received DOM event "pagehide" for "about:blank"
1498581500784	Marionette	DEBUG	Received DOM event "unload" for "about:blank"
1498581503662	Marionette	DEBUG	Received DOM event "DOMContentLoaded" for "https://www.reddit.com/static/button/button1.html?newwindow=true&width=120&url=http%3A%2F%2Fwww.stimeyland.com%2F2017%2F05%2Fthe-magic-of-special-hockey-reprise%2F&title=The%20Magic%20of%20Special%20Hockey%20Reprise"
1498581503699	Marionette	DEBUG	Received DOM event "DOMContentLoaded" for "https://www.reddit.com/static/button/button1.html?newwindow=true&width=120&url=http%3A%2F%2Fwww.stimeyland.com%2F2017%2F06%2Fthere-are-lots-of-things-to-do-during-a-36-hour-stay-in-ohio%2F&title=There%20Are%20Lots%20of%20Things%20to%20Do%20During%20a%2036-Hour%20Stay%20in%20Ohio"
1498581503700	Marionette	DEBUG	Received DOM event "DOMContentLoaded" for "https://www.reddit.com/static/button/button1.html?newwindow=true&width=120&url=http%3A%2F%2Fwww.stimeyland.com%2F2017%2F04%2Falexs-triumphant-footrace-debut%2F&title=Alex%27s%20Triumphant%20Footrace%20Debut"
1498581503701	Marionette	DEBUG	Received DOM event "DOMContentLoaded" for "https://www.reddit.com/static/button/button1.html?newwindow=true&width=120&url=http%3A%2F%2Fwww.stimeyland.com%2F2017%2F06%2Fjackrocks%2F&title=JackRocks"
1498581503701	Marionette	DEBUG	Received DOM event "DOMContentLoaded" for "https://www.reddit.com/static/button/button1.html?newwindow=true&width=120&url=http%3A%2F%2Fwww.stimeyland.com%2F2017%2F06%2Fthe-hunchnail-of-notre-jean%2F&title=The%20Hunchnail%20of%20Notre%20Jean"
1498581503701	Marionette	DEBUG	Received DOM event "DOMContentLoaded" for "https://www.reddit.com/static/button/button1.html?newwindow=true&width=120&url=http%3A%2F%2Fwww.stimeyland.com%2F2017%2F05%2Ftoo-many-ideas-to-fill-up-a-weekend%2F&title=Too%20Many%20Ideas%20to%20Fill%20Up%20a%20Weekend"
1498581503703	Marionette	DEBUG	Received DOM event "DOMContentLoaded" for "https://www.reddit.com/static/button/button1.html?newwindow=true&width=120&url=http%3A%2F%2Fwww.stimeyland.com%2F2017%2F05%2Fa-word-on-nomenclature%2F&title=A%20Word%20On%20Nomenclature"
1498581503851	Marionette	DEBUG	Received DOM event "pageshow" for "https://www.reddit.com/static/button/button1.html?newwindow=true&width=120&url=http%3A%2F%2Fwww.stimeyland.com%2F2017%2F05%2Fthe-magic-of-special-hockey-reprise%2F&title=The%20Magic%20of%20Special%20Hockey%20Reprise"
1498581503855	Marionette	DEBUG	Received DOM event "pageshow" for "https://www.reddit.com/static/button/button1.html?newwindow=true&width=120&url=http%3A%2F%2Fwww.stimeyland.com%2F2017%2F06%2Fthere-are-lots-of-things-to-do-during-a-36-hour-stay-in-ohio%2F&title=There%20Are%20Lots%20of%20Things%20to%20Do%20During%20a%2036-Hour%20Stay%20in%20Ohio"
1498581503858	Marionette	DEBUG	Received DOM event "pageshow" for "https://www.reddit.com/static/button/button1.html?newwindow=true&width=120&url=http%3A%2F%2Fwww.stimeyland.com%2F2017%2F04%2Falexs-triumphant-footrace-debut%2F&title=Alex%27s%20Triumphant%20Footrace%20Debut"
1498581503860	Marionette	DEBUG	Received DOM event "pageshow" for "https://www.reddit.com/static/button/button1.html?newwindow=true&width=120&url=http%3A%2F%2Fwww.stimeyland.com%2F2017%2F06%2Fjackrocks%2F&title=JackRocks"
1498581503889	Marionette	DEBUG	Received DOM event "pageshow" for "https://www.reddit.com/static/button/button1.html?newwindow=true&width=120&url=http%3A%2F%2Fwww.stimeyland.com%2F2017%2F05%2Ftoo-many-ideas-to-fill-up-a-weekend%2F&title=Too%20Many%20Ideas%20to%20Fill%20Up%20a%20Weekend"
1498581503904	Marionette	DEBUG	Received DOM event "pageshow" for "https://www.reddit.com/static/button/button1.html?newwindow=true&width=120&url=http%3A%2F%2Fwww.stimeyland.com%2F2017%2F05%2Fa-word-on-nomenclature%2F&title=A%20Word%20On%20Nomenclature"
1498581503907	Marionette	DEBUG	Received DOM event "pageshow" for "https://www.reddit.com/static/button/button1.html?newwindow=true&width=120&url=http%3A%2F%2Fwww.stimeyland.com%2F2017%2F06%2Fthe-hunchnail-of-notre-jean%2F&title=The%20Hunchnail%20of%20Notre%20Jean"
1498581504342	Marionette	DEBUG	Received DOM event "DOMContentLoaded" for "https://www.youtube.com/embed/3ntaGYd-sDU?rel=0"
1498581504514	Marionette	DEBUG	Received DOM event "DOMContentLoaded" for "http://www.stimeyland.com/"
1498581505413	Marionette	DEBUG	Received DOM event "pageshow" for "http://www.stimeyland.com/"
1498581505421	Marionette	DEBUG	Received DOM event "pageshow" for "http://www.stimeyland.com/"
1498581505427	Marionette	DEBUG	Received DOM event "pageshow" for "http://www.stimeyland.com/"
1498581505435	Marionette	DEBUG	Received DOM event "pageshow" for "http://www.stimeyland.com/"
1498581505441	Marionette	DEBUG	Received DOM event "pageshow" for "http://www.stimeyland.com/"
1498581505449	Marionette	DEBUG	Received DOM event "pageshow" for "http://www.stimeyland.com/"
1498581505455	Marionette	DEBUG	Received DOM event "pageshow" for "http://www.stimeyland.com/"
1498581505725	Marionette	DEBUG	Received DOM event "pageshow" for "https://www.youtube.com/embed/3ntaGYd-sDU?rel=0"
1498581506164	Marionette	DEBUG	Received DOM event "DOMContentLoaded" for "https://www.feedblitz.com/ssl_widget_tracker.html"
1498581506806	Marionette	DEBUG	Received DOM event "DOMContentLoaded" for "http://platform.twitter.com/widgets/tweet_button.7bf2b0e802ada47dae9548b7a1739fed.en.html#dnt=false&id=twitter-widget-0&lang=en&original_referer=http%3A%2F%2Fwww.stimeyland.com%2F&size=m&text=JackRocks&time=1498581505345&type=share&url=http%3A%2F%2Fwww.stimeyland.com%2F2017%2F06%2Fjackrocks%2F"
1498581506834	Marionette	DEBUG	Received DOM event "DOMContentLoaded" for "http://platform.twitter.com/widgets/tweet_button.7bf2b0e802ada47dae9548b7a1739fed.en.html#dnt=false&id=twitter-widget-1&lang=en&original_referer=http%3A%2F%2Fwww.stimeyland.com%2F&size=m&text=There%20Are%20Lots%20of%20Things%20to%20Do%20During%20a%2036-Hour%20Stay%20in%20Ohio&time=1498581505415&type=share&url=http%3A%2F%2Fwww.stimeyland.com%2F2017%2F06%2Fthere-are-lots-of-things-to-do-during-a-36-hour-stay-in-ohio%2F"
1498581506837	Marionette	DEBUG	Received DOM event "DOMContentLoaded" for "http://platform.twitter.com/widgets/tweet_button.7bf2b0e802ada47dae9548b7a1739fed.en.html#dnt=false&id=twitter-widget-2&lang=en&original_referer=http%3A%2F%2Fwww.stimeyland.com%2F&size=m&text=The%20Hunchnail%20of%20Notre%20Jean&time=1498581505422&type=share&url=http%3A%2F%2Fwww.stimeyland.com%2F2017%2F06%2Fthe-hunchnail-of-notre-jean%2F"
1498581506850	Marionette	DEBUG	Received DOM event "DOMContentLoaded" for "http://platform.twitter.com/widgets/tweet_button.7bf2b0e802ada47dae9548b7a1739fed.en.html#dnt=false&id=twitter-widget-3&lang=en&original_referer=http%3A%2F%2Fwww.stimeyland.com%2F&size=m&text=A%20Word%20On%20Nomenclature&time=1498581505429&type=share&url=http%3A%2F%2Fwww.stimeyland.com%2F2017%2F05%2Fa-word-on-nomenclature%2F"
1498581506854	Marionette	DEBUG	Received DOM event "DOMContentLoaded" for "http://platform.twitter.com/widgets/tweet_button.7bf2b0e802ada47dae9548b7a1739fed.en.html#dnt=false&id=twitter-widget-4&lang=en&original_referer=http%3A%2F%2Fwww.stimeyland.com%2F&size=m&text=Too%20Many%20Ideas%20to%20Fill%20Up%20a%20Weekend&time=1498581505436&type=share&url=http%3A%2F%2Fwww.stimeyland.com%2F2017%2F05%2Ftoo-many-ideas-to-fill-up-a-weekend%2F"
1498581506864	Marionette	DEBUG	Received DOM event "DOMContentLoaded" for "http://platform.twitter.com/widgets/tweet_button.7bf2b0e802ada47dae9548b7a1739fed.en.html#dnt=false&id=twitter-widget-5&lang=en&original_referer=http%3A%2F%2Fwww.stimeyland.com%2F&size=m&text=The%20Magic%20of%20Special%20Hockey%20Reprise&time=1498581505442&type=share&url=http%3A%2F%2Fwww.stimeyland.com%2F2017%2F05%2Fthe-magic-of-special-hockey-reprise%2F"
1498581506868	Marionette	DEBUG	Received DOM event "DOMContentLoaded" for "http://platform.twitter.com/widgets/tweet_button.7bf2b0e802ada47dae9548b7a1739fed.en.html#dnt=false&id=twitter-widget-6&lang=en&original_referer=http%3A%2F%2Fwww.stimeyland.com%2F&size=m&text=Alex%27s%20Triumphant%20Footrace%20Debut&time=1498581505450&type=share&url=http%3A%2F%2Fwww.stimeyland.com%2F2017%2F04%2Falexs-triumphant-footrace-debut%2F"
1498581506941	Marionette	DEBUG	Received DOM event "pageshow" for "https://www.feedblitz.com/ssl_widget_tracker.html"
1498581507407	Marionette	DEBUG	Received DOM event "DOMContentLoaded" for "https://apis.google.com/se/0/wm/1/"
1498581507421	Marionette	DEBUG	Received DOM event "DOMContentLoaded" for "https://apis.google.com/se/0/wm/1/"
1498581507455	Marionette	DEBUG	Received DOM event "pageshow" for "http://www.stimeyland.com/"
1498581507495	Marionette	DEBUG	Received DOM event "pageshow" for "http://www.stimeyland.com/"
1498581507588	Marionette	DEBUG	Received DOM event "pageshow" for "http://www.stimeyland.com/"
1498581507633	Marionette	DEBUG	Received DOM event "pageshow" for "http://www.stimeyland.com/"
1498581507686	Marionette	DEBUG	Received DOM event "pageshow" for "http://www.stimeyland.com/"
1498581507736	Marionette	DEBUG	Received DOM event "pageshow" for "http://www.stimeyland.com/"
1498581507781	Marionette	DEBUG	Received DOM event "pageshow" for "http://www.stimeyland.com/"
1498581507821	Marionette	DEBUG	Received DOM event "pageshow" for "http://www.stimeyland.com/"
1498581507849	Marionette	DEBUG	Received DOM event "pageshow" for "http://www.stimeyland.com/"
1498581507884	Marionette	DEBUG	Received DOM event "pageshow" for "http://www.stimeyland.com/"
1498581508050	Marionette	DEBUG	Received DOM event "DOMContentLoaded" for "https://apis.google.com/se/0/wm/1/"
1498581508064	Marionette	DEBUG	Received DOM event "DOMContentLoaded" for "https://apis.google.com/se/0/wm/1/"
1498581508091	Marionette	DEBUG	Received DOM event "DOMContentLoaded" for "https://apis.google.com/se/0/wm/1/"
1498581508112	Marionette	DEBUG	Received DOM event "pageshow" for "https://apis.google.com/se/0/wm/1/"
1498581508128	Marionette	DEBUG	Received DOM event "pageshow" for "https://apis.google.com/se/0/wm/1/"
1498581508135	Marionette	DEBUG	Received DOM event "pageshow" for "https://apis.google.com/se/0/wm/1/"
1498581508145	Marionette	DEBUG	Received DOM event "pageshow" for "https://apis.google.com/se/0/wm/1/"
1498581508167	Marionette	DEBUG	Received DOM event "pageshow" for "https://apis.google.com/se/0/wm/1/"
1498581508215	Marionette	DEBUG	Received DOM event "DOMContentLoaded" for "https://apis.google.com/se/0/wm/1/"
1498581508221	Marionette	DEBUG	Received DOM event "DOMContentLoaded" for "https://apis.google.com/se/0/wm/1/"
1498581508226	Marionette	DEBUG	Received DOM event "pageshow" for "http://platform.twitter.com/widgets/tweet_button.7bf2b0e802ada47dae9548b7a1739fed.en.html#dnt=false&id=twitter-widget-3&lang=en&original_referer=http%3A%2F%2Fwww.stimeyland.com%2F&size=m&text=A%20Word%20On%20Nomenclature&time=1498581505429&type=share&url=http%3A%2F%2Fwww.stimeyland.com%2F2017%2F05%2Fa-word-on-nomenclature%2F"
1498581508230	Marionette	DEBUG	Received DOM event "pageshow" for "http://platform.twitter.com/widgets/tweet_button.7bf2b0e802ada47dae9548b7a1739fed.en.html#dnt=false&id=twitter-widget-2&lang=en&original_referer=http%3A%2F%2Fwww.stimeyland.com%2F&size=m&text=The%20Hunchnail%20of%20Notre%20Jean&time=1498581505422&type=share&url=http%3A%2F%2Fwww.stimeyland.com%2F2017%2F06%2Fthe-hunchnail-of-notre-jean%2F"
1498581508233	Marionette	DEBUG	Received DOM event "pageshow" for "http://platform.twitter.com/widgets/tweet_button.7bf2b0e802ada47dae9548b7a1739fed.en.html#dnt=false&id=twitter-widget-4&lang=en&original_referer=http%3A%2F%2Fwww.stimeyland.com%2F&size=m&text=Too%20Many%20Ideas%20to%20Fill%20Up%20a%20Weekend&time=1498581505436&type=share&url=http%3A%2F%2Fwww.stimeyland.com%2F2017%2F05%2Ftoo-many-ideas-to-fill-up-a-weekend%2F"
1498581508236	Marionette	DEBUG	Received DOM event "pageshow" for "http://platform.twitter.com/widgets/tweet_button.7bf2b0e802ada47dae9548b7a1739fed.en.html#dnt=false&id=twitter-widget-6&lang=en&original_referer=http%3A%2F%2Fwww.stimeyland.com%2F&size=m&text=Alex%27s%20Triumphant%20Footrace%20Debut&time=1498581505450&type=share&url=http%3A%2F%2Fwww.stimeyland.com%2F2017%2F04%2Falexs-triumphant-footrace-debut%2F"
1498581508239	Marionette	DEBUG	Received DOM event "pageshow" for "http://platform.twitter.com/widgets/tweet_button.7bf2b0e802ada47dae9548b7a1739fed.en.html#dnt=false&id=twitter-widget-5&lang=en&original_referer=http%3A%2F%2Fwww.stimeyland.com%2F&size=m&text=The%20Magic%20of%20Special%20Hockey%20Reprise&time=1498581505442&type=share&url=http%3A%2F%2Fwww.stimeyland.com%2F2017%2F05%2Fthe-magic-of-special-hockey-reprise%2F"
1498581508243	Marionette	DEBUG	Received DOM event "pageshow" for "http://platform.twitter.com/widgets/tweet_button.7bf2b0e802ada47dae9548b7a1739fed.en.html#dnt=false&id=twitter-widget-1&lang=en&original_referer=http%3A%2F%2Fwww.stimeyland.com%2F&size=m&text=There%20Are%20Lots%20of%20Things%20to%20Do%20During%20a%2036-Hour%20Stay%20in%20Ohio&time=1498581505415&type=share&url=http%3A%2F%2Fwww.stimeyland.com%2F2017%2F06%2Fthere-are-lots-of-things-to-do-during-a-36-hour-stay-in-ohio%2F"
1498581508246	Marionette	DEBUG	Received DOM event "pageshow" for "http://platform.twitter.com/widgets/tweet_button.7bf2b0e802ada47dae9548b7a1739fed.en.html#dnt=false&id=twitter-widget-0&lang=en&original_referer=http%3A%2F%2Fwww.stimeyland.com%2F&size=m&text=JackRocks&time=1498581505345&type=share&url=http%3A%2F%2Fwww.stimeyland.com%2F2017%2F06%2Fjackrocks%2F"
1498581508260	Marionette	DEBUG	Received DOM event "pageshow" for "https://apis.google.com/se/0/wm/1/"
1498581508266	Marionette	DEBUG	Received DOM event "pageshow" for "https://apis.google.com/se/0/wm/1/"
1498581508444	Marionette	DEBUG	Received DOM event "DOMContentLoaded" for "https://accounts.google.com/o/oauth2/postmessageRelay?parent=http%3A%2F%2Fwww.stimeyland.com&jsh=m%3B%2F_%2Fscs%2Fapps-static%2F_%2Fjs%2Fk%3Doz.gapi.en_US.GfkYNo6gqPw.O%2Fm%3D__features__%2Fam%3DAQ%2Frt%3Dj%2Fd%3D1%2Frs%3DAGLTcCMb6GG45fF2HapKzrAkuFOe1Yx9QA#rpctoken=974354379&forcesecure=1"
1498581508485	Marionette	DEBUG	Received DOM event "pageshow" for "https://accounts.google.com/o/oauth2/postmessageRelay?parent=http%3A%2F%2Fwww.stimeyland.com&jsh=m%3B%2F_%2Fscs%2Fapps-static%2F_%2Fjs%2Fk%3Doz.gapi.en_US.GfkYNo6gqPw.O%2Fm%3D__features__%2Fam%3DAQ%2Frt%3Dj%2Fd%3D1%2Frs%3DAGLTcCMb6GG45fF2HapKzrAkuFOe1Yx9QA#rpctoken=974354379&forcesecure=1"
1498581508943	Marionette	DEBUG	Received DOM event "DOMContentLoaded" for "http://staticxx.facebook.com/connect/xd_arbiter/r/XBwzv5Yrm_1.js?version=42#channel=f3931f0cf917f3e&origin=http%3A%2F%2Fwww.stimeyland.com"
1498581508960	Marionette	DEBUG	Received DOM event "pageshow" for "http://staticxx.facebook.com/connect/xd_arbiter/r/XBwzv5Yrm_1.js?version=42#channel=f3931f0cf917f3e&origin=http%3A%2F%2Fwww.stimeyland.com"
1498581508962	Marionette	DEBUG	Received DOM event "DOMContentLoaded" for "https://www.facebook.com/v2.3/plugins/share_button.php?app_id=249643311490&channel=http%3A%2F%2Fstaticxx.facebook.com%2Fconnect%2Fxd_arbiter%2Fr%2FXBwzv5Yrm_1.js%3Fversion%3D42%23cb%3Df2856d198574966%26domain%3Dwww.stimeyland.com%26origin%3Dhttp%253A%252F%252Fwww.stimeyland.com%252Ff3931f0cf917f3e%26relation%3Dparent.parent&container_width=0&href=http%3A%2F%2Fwww.stimeyland.com%2F2017%2F06%2Fjackrocks%2F&layout=button_count&locale=en_US&sdk=joey"
1498581508969	Marionette	DEBUG	Received DOM event "DOMContentLoaded" for "https://staticxx.facebook.com/connect/xd_arbiter/r/XBwzv5Yrm_1.js?version=42#channel=f3931f0cf917f3e&origin=http%3A%2F%2Fwww.stimeyland.com"
1498581508978	Marionette	DEBUG	Received DOM event "pageshow" for "https://staticxx.facebook.com/connect/xd_arbiter/r/XBwzv5Yrm_1.js?version=42#channel=f3931f0cf917f3e&origin=http%3A%2F%2Fwww.stimeyland.com"
1498581508988	Marionette	DEBUG	Received DOM event "DOMContentLoaded" for "https://www.facebook.com/v2.3/plugins/share_button.php?app_id=249643311490&channel=http%3A%2F%2Fstaticxx.facebook.com%2Fconnect%2Fxd_arbiter%2Fr%2FXBwzv5Yrm_1.js%3Fversion%3D42%23cb%3Df11150d02a5fb04%26domain%3Dwww.stimeyland.com%26origin%3Dhttp%253A%252F%252Fwww.stimeyland.com%252Ff3931f0cf917f3e%26relation%3Dparent.parent&container_width=0&href=http%3A%2F%2Fwww.stimeyland.com%2F2017%2F06%2Fthere-are-lots-of-things-to-do-during-a-36-hour-stay-in-ohio%2F&layout=button_count&locale=en_US&sdk=joey"
1498581508997	Marionette	DEBUG	Received DOM event "DOMContentLoaded" for "https://www.facebook.com/v2.3/plugins/share_button.php?app_id=249643311490&channel=http%3A%2F%2Fstaticxx.facebook.com%2Fconnect%2Fxd_arbiter%2Fr%2FXBwzv5Yrm_1.js%3Fversion%3D42%23cb%3Df2fd274cc05bdb6%26domain%3Dwww.stimeyland.com%26origin%3Dhttp%253A%252F%252Fwww.stimeyland.com%252Ff3931f0cf917f3e%26relation%3Dparent.parent&container_width=0&href=http%3A%2F%2Fwww.stimeyland.com%2F2017%2F06%2Fthe-hunchnail-of-notre-jean%2F&layout=button_count&locale=en_US&sdk=joey"
1498581509010	Marionette	DEBUG	Received DOM event "DOMContentLoaded" for "https://www.facebook.com/v2.3/plugins/share_button.php?app_id=249643311490&channel=http%3A%2F%2Fstaticxx.facebook.com%2Fconnect%2Fxd_arbiter%2Fr%2FXBwzv5Yrm_1.js%3Fversion%3D42%23cb%3Df239725d50c04a%26domain%3Dwww.stimeyland.com%26origin%3Dhttp%253A%252F%252Fwww.stimeyland.com%252Ff3931f0cf917f3e%26relation%3Dparent.parent&container_width=0&href=http%3A%2F%2Fwww.stimeyland.com%2F2017%2F05%2Fa-word-on-nomenclature%2F&layout=button_count&locale=en_US&sdk=joey"
1498581509022	Marionette	DEBUG	Received DOM event "DOMContentLoaded" for "https://www.facebook.com/v2.3/plugins/share_button.php?app_id=249643311490&channel=http%3A%2F%2Fstaticxx.facebook.com%2Fconnect%2Fxd_arbiter%2Fr%2FXBwzv5Yrm_1.js%3Fversion%3D42%23cb%3Dff8077481eb38e%26domain%3Dwww.stimeyland.com%26origin%3Dhttp%253A%252F%252Fwww.stimeyland.com%252Ff3931f0cf917f3e%26relation%3Dparent.parent&container_width=0&href=http%3A%2F%2Fwww.stimeyland.com%2F2017%2F05%2Ftoo-many-ideas-to-fill-up-a-weekend%2F&layout=button_count&locale=en_US&sdk=joey"
1498581509136	Marionette	DEBUG	Received DOM event "DOMContentLoaded" for "https://www.facebook.com/v2.3/plugins/share_button.php?app_id=249643311490&channel=http%3A%2F%2Fstaticxx.facebook.com%2Fconnect%2Fxd_arbiter%2Fr%2FXBwzv5Yrm_1.js%3Fversion%3D42%23cb%3Dfc8975e186e582%26domain%3Dwww.stimeyland.com%26origin%3Dhttp%253A%252F%252Fwww.stimeyland.com%252Ff3931f0cf917f3e%26relation%3Dparent.parent&container_width=0&href=http%3A%2F%2Fwww.stimeyland.com%2F2017%2F05%2Fthe-magic-of-special-hockey-reprise%2F&layout=button_count&locale=en_US&sdk=joey"
1498581509148	Marionette	DEBUG	Received DOM event "DOMContentLoaded" for "https://www.facebook.com/v2.3/plugins/share_button.php?app_id=249643311490&channel=http%3A%2F%2Fstaticxx.facebook.com%2Fconnect%2Fxd_arbiter%2Fr%2FXBwzv5Yrm_1.js%3Fversion%3D42%23cb%3Df3d5fee8fe3cb8%26domain%3Dwww.stimeyland.com%26origin%3Dhttp%253A%252F%252Fwww.stimeyland.com%252Ff3931f0cf917f3e%26relation%3Dparent.parent&container_width=0&href=http%3A%2F%2Fwww.stimeyland.com%2F2017%2F04%2Falexs-triumphant-footrace-debut%2F&layout=button_count&locale=en_US&sdk=joey"
1498581509695	Marionette	DEBUG	Received DOM event "pageshow" for "https://www.facebook.com/v2.3/plugins/share_button.php?app_id=249643311490&channel=http%3A%2F%2Fstaticxx.facebook.com%2Fconnect%2Fxd_arbiter%2Fr%2FXBwzv5Yrm_1.js%3Fversion%3D42%23cb%3Df11150d02a5fb04%26domain%3Dwww.stimeyland.com%26origin%3Dhttp%253A%252F%252Fwww.stimeyland.com%252Ff3931f0cf917f3e%26relation%3Dparent.parent&container_width=0&href=http%3A%2F%2Fwww.stimeyland.com%2F2017%2F06%2Fthere-are-lots-of-things-to-do-during-a-36-hour-stay-in-ohio%2F&layout=button_count&locale=en_US&sdk=joey"
1498581510000	Marionette	DEBUG	Received DOM event "pageshow" for "https://www.facebook.com/v2.3/plugins/share_button.php?app_id=249643311490&channel=http%3A%2F%2Fstaticxx.facebook.com%2Fconnect%2Fxd_arbiter%2Fr%2FXBwzv5Yrm_1.js%3Fversion%3D42%23cb%3Df2fd274cc05bdb6%26domain%3Dwww.stimeyland.com%26origin%3Dhttp%253A%252F%252Fwww.stimeyland.com%252Ff3931f0cf917f3e%26relation%3Dparent.parent&container_width=0&href=http%3A%2F%2Fwww.stimeyland.com%2F2017%2F06%2Fthe-hunchnail-of-notre-jean%2F&layout=button_count&locale=en_US&sdk=joey"
1498581510118	Marionette	DEBUG	Received DOM event "pageshow" for "https://www.facebook.com/v2.3/plugins/share_button.php?app_id=249643311490&channel=http%3A%2F%2Fstaticxx.facebook.com%2Fconnect%2Fxd_arbiter%2Fr%2FXBwzv5Yrm_1.js%3Fversion%3D42%23cb%3Df239725d50c04a%26domain%3Dwww.stimeyland.com%26origin%3Dhttp%253A%252F%252Fwww.stimeyland.com%252Ff3931f0cf917f3e%26relation%3Dparent.parent&container_width=0&href=http%3A%2F%2Fwww.stimeyland.com%2F2017%2F05%2Fa-word-on-nomenclature%2F&layout=button_count&locale=en_US&sdk=joey"
1498581510311	Marionette	DEBUG	Received DOM event "pageshow" for "https://www.facebook.com/v2.3/plugins/share_button.php?app_id=249643311490&channel=http%3A%2F%2Fstaticxx.facebook.com%2Fconnect%2Fxd_arbiter%2Fr%2FXBwzv5Yrm_1.js%3Fversion%3D42%23cb%3Dff8077481eb38e%26domain%3Dwww.stimeyland.com%26origin%3Dhttp%253A%252F%252Fwww.stimeyland.com%252Ff3931f0cf917f3e%26relation%3Dparent.parent&container_width=0&href=http%3A%2F%2Fwww.stimeyland.com%2F2017%2F05%2Ftoo-many-ideas-to-fill-up-a-weekend%2F&layout=button_count&locale=en_US&sdk=joey"
1498581510436	Marionette	DEBUG	Received DOM event "pageshow" for "https://www.facebook.com/v2.3/plugins/share_button.php?app_id=249643311490&channel=http%3A%2F%2Fstaticxx.facebook.com%2Fconnect%2Fxd_arbiter%2Fr%2FXBwzv5Yrm_1.js%3Fversion%3D42%23cb%3Dfc8975e186e582%26domain%3Dwww.stimeyland.com%26origin%3Dhttp%253A%252F%252Fwww.stimeyland.com%252Ff3931f0cf917f3e%26relation%3Dparent.parent&container_width=0&href=http%3A%2F%2Fwww.stimeyland.com%2F2017%2F05%2Fthe-magic-of-special-hockey-reprise%2F&layout=button_count&locale=en_US&sdk=joey"
1498581510449	Marionette	DEBUG	Received DOM event "pageshow" for "https://www.facebook.com/v2.3/plugins/share_button.php?app_id=249643311490&channel=http%3A%2F%2Fstaticxx.facebook.com%2Fconnect%2Fxd_arbiter%2Fr%2FXBwzv5Yrm_1.js%3Fversion%3D42%23cb%3Df3d5fee8fe3cb8%26domain%3Dwww.stimeyland.com%26origin%3Dhttp%253A%252F%252Fwww.stimeyland.com%252Ff3931f0cf917f3e%26relation%3Dparent.parent&container_width=0&href=http%3A%2F%2Fwww.stimeyland.com%2F2017%2F04%2Falexs-triumphant-footrace-debut%2F&layout=button_count&locale=en_US&sdk=joey"
1498581510722	Marionette	DEBUG	Received DOM event "pageshow" for "https://www.facebook.com/v2.3/plugins/share_button.php?app_id=249643311490&channel=http%3A%2F%2Fstaticxx.facebook.com%2Fconnect%2Fxd_arbiter%2Fr%2FXBwzv5Yrm_1.js%3Fversion%3D42%23cb%3Df2856d198574966%26domain%3Dwww.stimeyland.com%26origin%3Dhttp%253A%252F%252Fwww.stimeyland.com%252Ff3931f0cf917f3e%26relation%3Dparent.parent&container_width=0&href=http%3A%2F%2Fwww.stimeyland.com%2F2017%2F06%2Fjackrocks%2F&layout=button_count&locale=en_US&sdk=joey"
1498581510745	Marionette	DEBUG	Received DOM event "DOMContentLoaded" for "https://www.facebook.com/v2.3/plugins/page.php?app_id=249643311490&channel=http%3A%2F%2Fstaticxx.facebook.com%2Fconnect%2Fxd_arbiter%2Fr%2FXBwzv5Yrm_1.js%3Fversion%3D42%23cb%3Df3a2e4c03e2dc64%26domain%3Dwww.stimeyland.com%26origin%3Dhttp%253A%252F%252Fwww.stimeyland.com%252Ff3931f0cf917f3e%26relation%3Dparent.parent&container_width=238&height=432&hide_cover=false&href=https%3A%2F%2Fwww.facebook.com%2FStimeyland&locale=en_US&sdk=joey&show_facepile=false&show_posts=true&width=275"
1498581510769	Marionette	DEBUG	Received DOM event "pageshow" for "https://www.facebook.com/v2.3/plugins/page.php?app_id=249643311490&channel=http%3A%2F%2Fstaticxx.facebook.com%2Fconnect%2Fxd_arbiter%2Fr%2FXBwzv5Yrm_1.js%3Fversion%3D42%23cb%3Df3a2e4c03e2dc64%26domain%3Dwww.stimeyland.com%26origin%3Dhttp%253A%252F%252Fwww.stimeyland.com%252Ff3931f0cf917f3e%26relation%3Dparent.parent&container_width=238&height=432&hide_cover=false&href=https%3A%2F%2Fwww.facebook.com%2FStimeyland&locale=en_US&sdk=joey&show_facepile=false&show_posts=true&width=275"
1498581510807	Marionette	DEBUG	Received DOM event "pageshow" for "http://www.stimeyland.com/"
*************************
A coding exception was thrown and uncaught in a Task.

Full message: TypeError: NetworkError when attempting to fetch resource.
Full stack: 
*************************
1498584042239	Marionette	INFO	Ceased listening
2017-07-01 07:37:17.326 geckodriver[2259:944885] Metadata.framework [Error]: server port invalidated for uid 501
2017-07-01 07:37:17.402 geckodriver[2259:945371] Metadata.framework [Error]: client check-in failed: (-308) (ipc/mig) server died
2017-07-01 07:37:17.443 geckodriver[2259:944828] Metadata.framework [Error]: couldn't get the client port
1500403305287	geckodriver	INFO	Listening on 127.0.0.1:55530
1500403306496	geckodriver::marionette	INFO	Starting browser /Users/Hannah/Applications/Firefox.app/Contents/MacOS/firefox-bin with args ["-marionette"]
1500403336477	geckodriver	INFO	Listening on 127.0.0.1:55658
1500403337538	geckodriver::marionette	INFO	Starting browser /Users/Hannah/Applications/Firefox.app/Contents/MacOS/firefox-bin with args ["-marionette"]
1500403375644	geckodriver	INFO	Listening on 127.0.0.1:55765
1500403376711	geckodriver::marionette	INFO	Starting browser /Users/Hannah/Applications/Firefox.app/Contents/MacOS/firefox-bin with args ["-marionette"]
1500403379599	Marionette	INFO	Listening on port 55772
1500403379668	Marionette	WARN	TLS certificate errors will be ignored for this session
1500403379973	Marionette	DEBUG	loaded listener.js
2017-07-18 14:43:00.134 plugin-container[1920:342195] *** CFMessagePort: bootstrap_register(): failed 1100 (0x44c) 'Permission denied', port = 0x8c3f, name = 'com.apple.tsm.portname'
See /usr/include/servers/bootstrap_defs.h for the error codes.
2017-07-18 14:43:00.139 plugin-container[1920:342195] *** CFMessagePort: bootstrap_register(): failed 1100 (0x44c) 'Permission denied', port = 0x8e1f, name = 'com.apple.CFPasteboardClient'
See /usr/include/servers/bootstrap_defs.h for the error codes.
2017-07-18 14:43:00.139 plugin-container[1920:342195] void __CFPasteboardSetup() : Failed to allocate communication port for com.apple.CFPasteboardClient; this is likely due to sandbox restrictions
1500403438623	geckodriver	INFO	Listening on 127.0.0.1:55937
1500403439923	geckodriver::marionette	INFO	Starting browser /Users/Hannah/Applications/Firefox.app/Contents/MacOS/firefox-bin with args ["-marionette"]
1500403444130	Marionette	INFO	Listening on port 55944
1500403444229	Marionette	WARN	TLS certificate errors will be ignored for this session
1500403444499	Marionette	DEBUG	loaded listener.js
2017-07-18 14:44:04.614 plugin-container[1926:342800] *** CFMessagePort: bootstrap_register(): failed 1100 (0x44c) 'Permission denied', port = 0x8e3f, name = 'com.apple.tsm.portname'
See /usr/include/servers/bootstrap_defs.h for the error codes.
2017-07-18 14:44:04.621 plugin-container[1926:342800] *** CFMessagePort: bootstrap_register(): failed 1100 (0x44c) 'Permission denied', port = 0x5117, name = 'com.apple.CFPasteboardClient'
See /usr/include/servers/bootstrap_defs.h for the error codes.
2017-07-18 14:44:04.621 plugin-container[1926:342800] void __CFPasteboardSetup() : Failed to allocate communication port for com.apple.CFPasteboardClient; this is likely due to sandbox restrictions
1500403452799	geckodriver	INFO	Listening on 127.0.0.1:56103
1500403454103	geckodriver::marionette	INFO	Starting browser /Users/Hannah/Applications/Firefox.app/Contents/MacOS/firefox-bin with args ["-marionette"]
1500403458183	Marionette	INFO	Listening on port 56114
1500403458280	Marionette	WARN	TLS certificate errors will be ignored for this session
1500403458558	Marionette	DEBUG	loaded listener.js
2017-07-18 14:44:18.642 plugin-container[1932:343150] *** CFMessagePort: bootstrap_register(): failed 1100 (0x44c) 'Permission denied', port = 0x903f, name = 'com.apple.tsm.portname'
See /usr/include/servers/bootstrap_defs.h for the error codes.
2017-07-18 14:44:18.642 plugin-container[1932:343150] *** CFMessagePort: bootstrap_register(): failed 1100 (0x44c) 'Permission denied', port = 0x921f, name = 'com.apple.CFPasteboardClient'
See /usr/include/servers/bootstrap_defs.h for the error codes.
2017-07-18 14:44:18.642 plugin-container[1932:343150] void __CFPasteboardSetup() : Failed to allocate communication port for com.apple.CFPasteboardClient; this is likely due to sandbox restrictions
1500403543554	Marionette	INFO	Ceased listening
1500403547412	Marionette	INFO	Ceased listening
1500403551073	Marionette	INFO	Ceased listening
1500403568071	geckodriver	INFO	Listening on 127.0.0.1:56434
1500403571373	geckodriver::marionette	INFO	Starting browser /Users/Hannah/Applications/Firefox.app/Contents/MacOS/firefox-bin with args ["-marionette"]
1500403576453	Marionette	INFO	Listening on port 56457
1500403576523	Marionette	WARN	TLS certificate errors will be ignored for this session
1500403576899	Marionette	DEBUG	loaded listener.js
2017-07-18 14:46:17.009 plugin-container[1942:344145] *** CFMessagePort: bootstrap_register(): failed 1100 (0x44c) 'Permission denied', port = 0x913f, name = 'com.apple.tsm.portname'
See /usr/include/servers/bootstrap_defs.h for the error codes.
2017-07-18 14:46:17.011 plugin-container[1942:344145] *** CFMessagePort: bootstrap_register(): failed 1100 (0x44c) 'Permission denied', port = 0x922b, name = 'com.apple.CFPasteboardClient'
See /usr/include/servers/bootstrap_defs.h for the error codes.
2017-07-18 14:46:17.011 plugin-container[1942:344145] void __CFPasteboardSetup() : Failed to allocate communication port for com.apple.CFPasteboardClient; this is likely due to sandbox restrictions
1500403591815	Marionette	INFO	Ceased listening
