1496253138944	geckodriver	INFO	Listening on 127.0.0.1:60863
1496253140001	geckodriver::marionette	INFO	Starting browser /Users/Hannah/Applications/Firefox.app/Contents/MacOS/firefox-bin with args ["-marionette"]
1496253142480	Marionette	INFO	Listening on port 60870
1496253142552	Marionette	WARN	TLS certificate errors will be ignored for this session
2017-05-31 13:52:23.087 plugin-container[2551:138832] *** CFMessagePort: bootstrap_register(): failed 1100 (0x44c) 'Permission denied', port = 0x8f3b, name = 'com.apple.tsm.portname'
See /usr/include/servers/bootstrap_defs.h for the error codes.
2017-05-31 13:52:23.090 plugin-container[2551:138832] *** CFMessagePort: bootstrap_register(): failed 1100 (0x44c) 'Permission denied', port = 0x920f, name = 'com.apple.CFPasteboardClient'
See /usr/include/servers/bootstrap_defs.h for the error codes.
2017-05-31 13:52:23.091 plugin-container[2551:138832] void __CFPasteboardSetup() : Failed to allocate communication port for com.apple.CFPasteboardClient; this is likely due to sandbox restrictions
*************************
A coding exception was thrown and uncaught in a Task.

Full message: TypeError: NetworkError when attempting to fetch resource.
Full stack: 
*************************
IPDL protocol error: Handler returned error code!

###!!! [Parent][DispatchAsyncMessage] Error: PLayerTransaction::Msg_ReleaseLayer Processing error: message was deserialized, but the handler returned false (indicating failure)

1498584205383	geckodriver	INFO	Listening on 127.0.0.1:64149
1498584206478	geckodriver::marionette	INFO	Starting browser /Users/Hannah/Applications/Firefox.app/Contents/MacOS/firefox-bin with args ["-marionette"]
1498584209017	Marionette	INFO	Listening on port 64161
1498584209118	Marionette	WARN	TLS certificate errors will be ignored for this session
1498584209366	Marionette	DEBUG	loaded listener.js
2017-06-27 13:23:29.467 plugin-container[2744:373513] *** CFMessagePort: bootstrap_register(): failed 1100 (0x44c) 'Permission denied', port = 0x8d3f, name = 'com.apple.tsm.portname'
See /usr/include/servers/bootstrap_defs.h for the error codes.
2017-06-27 13:23:29.468 plugin-container[2744:373513] *** CFMessagePort: bootstrap_register(): failed 1100 (0x44c) 'Permission denied', port = 0x5017, name = 'com.apple.CFPasteboardClient'
See /usr/include/servers/bootstrap_defs.h for the error codes.
2017-06-27 13:23:29.468 plugin-container[2744:373513] void __CFPasteboardSetup() : Failed to allocate communication port for com.apple.CFPasteboardClient; this is likely due to sandbox restrictions
1498584209727	Marionette	DEBUG	Received DOM event "beforeunload" for "about:blank"
1498584209809	Marionette	DEBUG	Received DOM event "pagehide" for "about:blank"
1498584209810	Marionette	DEBUG	Received DOM event "unload" for "about:blank"
1498584210724	Marionette	DEBUG	Received DOM event "DOMContentLoaded" for "https://www.blogger.com/navbar.g?targetBlogID=6227616579829607218&blogName=Full+Spectrum+Mama&publishMode=PUBLISH_MODE_BLOGSPOT&navbarType=BLUE&layoutType=LAYOUTS&searchRoot=http://fullspectrummama.blogspot.com/search&blogLocale=en&v=2&homepageUrl=http://fullspectrummama.blogspot.com/&vt=-2285055298508645553&usegapi=1&jsh=m%3B%2F_%2Fscs%2Fapps-static%2F_%2Fjs%2Fk%3Doz.gapi.en_US.GfkYNo6gqPw.O%2Fm%3D__features__%2Fam%3DAQ%2Frt%3Dj%2Fd%3D1%2Frs%3DAGLTcCMb6GG45fF2HapKzrAkuFOe1Yx9QA#id=navbar-iframe&parent=http%3A%2F%2Ffullspectrummama.blogspot.com&pfname=&rpctoken=22243889"
1498584211424	Marionette	DEBUG	Received DOM event "DOMContentLoaded" for "http://fullspectrummama.blogspot.com/"
1498584211842	Marionette	DEBUG	Received DOM event "DOMContentLoaded" for "https://apis.google.com/se/0/wm/1/"
1498584211990	Marionette	DEBUG	Received DOM event "pageshow" for "https://apis.google.com/se/0/wm/1/"
1498584211998	Marionette	DEBUG	Received DOM event "DOMContentLoaded" for "https://apis.google.com/se/0/wm/1/"
1498584212011	Marionette	DEBUG	Received DOM event "DOMContentLoaded" for "https://apis.google.com/se/0/wm/1/"
1498584212017	Marionette	DEBUG	Received DOM event "pageshow" for "https://apis.google.com/se/0/wm/1/"
1498584212022	Marionette	DEBUG	Received DOM event "pageshow" for "https://apis.google.com/se/0/wm/1/"
1498584212072	Marionette	DEBUG	Received DOM event "DOMContentLoaded" for "https://apis.google.com/se/0/wm/1/"
1498584212080	Marionette	DEBUG	Received DOM event "pageshow" for "https://apis.google.com/se/0/wm/1/"
1498584212103	Marionette	DEBUG	Received DOM event "DOMContentLoaded" for "https://apis.google.com/se/0/wm/1/"
1498584212108	Marionette	DEBUG	Received DOM event "pageshow" for "https://apis.google.com/se/0/wm/1/"
1498584212144	Marionette	DEBUG	Received DOM event "DOMContentLoaded" for "https://accounts.google.com/o/oauth2/postmessageRelay?parent=https%3A%2F%2Fwww.blogger.com&jsh=m%3B%2F_%2Fscs%2Fapps-static%2F_%2Fjs%2Fk%3Doz.gapi.en_US.GfkYNo6gqPw.O%2Fm%3D__features__%2Fam%3DAQ%2Frt%3Dj%2Fd%3D1%2Frs%3DAGLTcCMb6GG45fF2HapKzrAkuFOe1Yx9QA#rpctoken=694353328&forcesecure=1"
1498584212145	Marionette	DEBUG	Received DOM event "DOMContentLoaded" for "https://accounts.google.com/o/oauth2/postmessageRelay?parent=http%3A%2F%2Ffullspectrummama.blogspot.com&jsh=m%3B%2F_%2Fscs%2Fapps-static%2F_%2Fjs%2Fk%3Doz.gapi.en_US.GfkYNo6gqPw.O%2Fm%3D__features__%2Fam%3DAQ%2Frt%3Dj%2Fd%3D1%2Frs%3DAGLTcCMb6GG45fF2HapKzrAkuFOe1Yx9QA#rpctoken=343754464&forcesecure=1"
1498584212183	Marionette	DEBUG	Received DOM event "pageshow" for "https://accounts.google.com/o/oauth2/postmessageRelay?parent=https%3A%2F%2Fwww.blogger.com&jsh=m%3B%2F_%2Fscs%2Fapps-static%2F_%2Fjs%2Fk%3Doz.gapi.en_US.GfkYNo6gqPw.O%2Fm%3D__features__%2Fam%3DAQ%2Frt%3Dj%2Fd%3D1%2Frs%3DAGLTcCMb6GG45fF2HapKzrAkuFOe1Yx9QA#rpctoken=694353328&forcesecure=1"
1498584212186	Marionette	DEBUG	Received DOM event "pageshow" for "https://www.blogger.com/navbar.g?targetBlogID=6227616579829607218&blogName=Full+Spectrum+Mama&publishMode=PUBLISH_MODE_BLOGSPOT&navbarType=BLUE&layoutType=LAYOUTS&searchRoot=http://fullspectrummama.blogspot.com/search&blogLocale=en&v=2&homepageUrl=http://fullspectrummama.blogspot.com/&vt=-2285055298508645553&usegapi=1&jsh=m%3B%2F_%2Fscs%2Fapps-static%2F_%2Fjs%2Fk%3Doz.gapi.en_US.GfkYNo6gqPw.O%2Fm%3D__features__%2Fam%3DAQ%2Frt%3Dj%2Fd%3D1%2Frs%3DAGLTcCMb6GG45fF2HapKzrAkuFOe1Yx9QA#id=navbar-iframe&parent=http%3A%2F%2Ffullspectrummama.blogspot.com&pfname=&rpctoken=22243889"
1498584212191	Marionette	DEBUG	Received DOM event "pageshow" for "https://accounts.google.com/o/oauth2/postmessageRelay?parent=http%3A%2F%2Ffullspectrummama.blogspot.com&jsh=m%3B%2F_%2Fscs%2Fapps-static%2F_%2Fjs%2Fk%3Doz.gapi.en_US.GfkYNo6gqPw.O%2Fm%3D__features__%2Fam%3DAQ%2Frt%3Dj%2Fd%3D1%2Frs%3DAGLTcCMb6GG45fF2HapKzrAkuFOe1Yx9QA#rpctoken=343754464&forcesecure=1"
1498584213776	Marionette	DEBUG	Received DOM event "DOMContentLoaded" for "http://www.inlinkz.com/js/cors/?xdm_e=http%3A%2F%2Ffullspectrummama.blogspot.com&xdm_c=default7286&xdm_p=1"
1498584213778	Marionette	DEBUG	Received DOM event "pageshow" for "http://www.inlinkz.com/js/cors/?xdm_e=http%3A%2F%2Ffullspectrummama.blogspot.com&xdm_c=default7286&xdm_p=1"
1498584213789	Marionette	DEBUG	Received DOM event "DOMContentLoaded" for "http://www.inlinkz.com/js/cors/?xdm_e=http%3A%2F%2Ffullspectrummama.blogspot.com&xdm_c=default3153&xdm_p=1"
1498584213793	Marionette	DEBUG	Received DOM event "pageshow" for "http://www.inlinkz.com/js/cors/?xdm_e=http%3A%2F%2Ffullspectrummama.blogspot.com&xdm_c=default3153&xdm_p=1"
1498584213801	Marionette	DEBUG	Received DOM event "DOMContentLoaded" for "http://www.inlinkz.com/js/cors/?xdm_e=http%3A%2F%2Ffullspectrummama.blogspot.com&xdm_c=default5977&xdm_p=1"
1498584213804	Marionette	DEBUG	Received DOM event "pageshow" for "http://www.inlinkz.com/js/cors/?xdm_e=http%3A%2F%2Ffullspectrummama.blogspot.com&xdm_c=default5977&xdm_p=1"
1498584213810	Marionette	DEBUG	Received DOM event "DOMContentLoaded" for "http://www.inlinkz.com/js/cors/?xdm_e=http%3A%2F%2Ffullspectrummama.blogspot.com&xdm_c=default4175&xdm_p=1"
1498584213812	Marionette	DEBUG	Received DOM event "pageshow" for "http://www.inlinkz.com/js/cors/?xdm_e=http%3A%2F%2Ffullspectrummama.blogspot.com&xdm_c=default4175&xdm_p=1"
1498584213818	Marionette	DEBUG	Received DOM event "pageshow" for "http://fullspectrummama.blogspot.com/"
*************************
A coding exception was thrown and uncaught in a Task.

Full message: TypeError: NetworkError when attempting to fetch resource.
Full stack: 
*************************
IPDL protocol error: Handler returned error code!

###!!! [Parent][DispatchAsyncMessage] Error: PLayerTransaction::Msg_ReleaseLayer Processing error: message was deserialized, but the handler returned false (indicating failure)


###!!! [Child][MessageChannel] Error: (msgtype=0x440102,name=PContent::Msg_AsyncMessage) Channel closing: too late to send/recv, messages will be lost

JavaScript error: chrome://global/content/process-content.js, line 71: NS_ERROR_UNEXPECTED: Component returned failure code: 0x8000ffff (NS_ERROR_UNEXPECTED) [nsIMessageSender.sendAsyncMessage]

###!!! [Child][MessageChannel] Error: (msgtype=0x440102,name=PContent::Msg_AsyncMessage) Channel closing: too late to send/recv, messages will be lost

JavaScript error: chrome://global/content/process-content.js, line 71: NS_ERROR_UNEXPECTED: Component returned failure code: 0x8000ffff (NS_ERROR_UNEXPECTED) [nsIMessageSender.sendAsyncMessage]

###!!! [Child][MessageChannel] Error: (msgtype=0x440102,name=PContent::Msg_AsyncMessage) Channel closing: too late to send/recv, messages will be lost

JavaScript error: chrome://global/content/process-content.js, line 71: NS_ERROR_UNEXPECTED: Component returned failure code: 0x8000ffff (NS_ERROR_UNEXPECTED) [nsIMessageSender.sendAsyncMessage]

###!!! [Child][MessageChannel] Error: (msgtype=0x440102,name=PContent::Msg_AsyncMessage) Channel closing: too late to send/recv, messages will be lost

JavaScript error: chrome://global/content/process-content.js, line 71: NS_ERROR_UNEXPECTED: Component returned failure code: 0x8000ffff (NS_ERROR_UNEXPECTED) [nsIMessageSender.sendAsyncMessage]

###!!! [Child][MessageChannel] Error: (msgtype=0x440102,name=PContent::Msg_AsyncMessage) Channel closing: too late to send/recv, messages will be lost

JavaScript error: chrome://global/content/process-content.js, line 71: NS_ERROR_UNEXPECTED: Component returned failure code: 0x8000ffff (NS_ERROR_UNEXPECTED) [nsIMessageSender.sendAsyncMessage]

###!!! [Child][MessageChannel] Error: (msgtype=0x440102,name=PContent::Msg_AsyncMessage) Channel closing: too late to send/recv, messages will be lost

JavaScript error: chrome://global/content/process-content.js, line 71: NS_ERROR_UNEXPECTED: Component returned failure code: 0x8000ffff (NS_ERROR_UNEXPECTED) [nsIMessageSender.sendAsyncMessage]

###!!! [Child][MessageChannel] Error: (msgtype=0x440102,name=PContent::Msg_AsyncMessage) Channel closing: too late to send/recv, messages will be lost

JavaScript error: chrome://global/content/process-content.js, line 71: NS_ERROR_UNEXPECTED: Component returned failure code: 0x8000ffff (NS_ERROR_UNEXPECTED) [nsIMessageSender.sendAsyncMessage]

###!!! [Child][MessageChannel] Error: (msgtype=0x440102,name=PContent::Msg_AsyncMessage) Channel closing: too late to send/recv, messages will be lost

JavaScript error: chrome://global/content/process-content.js, line 71: NS_ERROR_UNEXPECTED: Component returned failure code: 0x8000ffff (NS_ERROR_UNEXPECTED) [nsIMessageSender.sendAsyncMessage]

###!!! [Child][MessageChannel] Error: (msgtype=0x440102,name=PContent::Msg_AsyncMessage) Channel closing: too late to send/recv, messages will be lost

JavaScript error: chrome://global/content/process-content.js, line 71: NS_ERROR_UNEXPECTED: Component returned failure code: 0x8000ffff (NS_ERROR_UNEXPECTED) [nsIMessageSender.sendAsyncMessage]

###!!! [Child][MessageChannel] Error: (msgtype=0x440102,name=PContent::Msg_AsyncMessage) Channel closing: too late to send/recv, messages will be lost

JavaScript error: chrome://global/content/process-content.js, line 71: NS_ERROR_UNEXPECTED: Component returned failure code: 0x8000ffff (NS_ERROR_UNEXPECTED) [nsIMessageSender.sendAsyncMessage]

###!!! [Child][MessageChannel] Error: (msgtype=0x440102,name=PContent::Msg_AsyncMessage) Channel closing: too late to send/recv, messages will be lost

JavaScript error: chrome://global/content/process-content.js, line 71: NS_ERROR_UNEXPECTED: Component returned failure code: 0x8000ffff (NS_ERROR_UNEXPECTED) [nsIMessageSender.sendAsyncMessage]

###!!! [Child][MessageChannel] Error: (msgtype=0x440102,name=PContent::Msg_AsyncMessage) Channel closing: too late to send/recv, messages will be lost

JavaScript error: chrome://global/content/process-content.js, line 71: NS_ERROR_UNEXPECTED: Component returned failure code: 0x8000ffff (NS_ERROR_UNEXPECTED) [nsIMessageSender.sendAsyncMessage]

###!!! [Child][MessageChannel] Error: (msgtype=0x440102,name=PContent::Msg_AsyncMessage) Channel closing: too late to send/recv, messages will be lost

JavaScript error: chrome://global/content/process-content.js, line 71: NS_ERROR_UNEXPECTED: Component returned failure code: 0x8000ffff (NS_ERROR_UNEXPECTED) [nsIMessageSender.sendAsyncMessage]

###!!! [Child][MessageChannel] Error: (msgtype=0x2C0048,name=PBrowser::Msg___delete__) Channel closing: too late to send/recv, messages will be lost


###!!! [Child][MessageChannel] Error: (msgtype=0x4400AB,name=PContent::Msg_ConsoleMessage) Channel closing: too late to send/recv, messages will be lost

1498585188510	Marionette	INFO	Ceased listening
1498661073002	geckodriver	INFO	Listening on 127.0.0.1:50947
1498661074069	geckodriver::marionette	INFO	Starting browser /Users/Hannah/Applications/Firefox.app/Contents/MacOS/firefox-bin with args ["-marionette"]
1498661076748	Marionette	INFO	Listening on port 50955
1498661076822	Marionette	WARN	TLS certificate errors will be ignored for this session
1498661077107	Marionette	DEBUG	loaded listener.js
2017-06-28 10:44:37.234 plugin-container[4136:582942] *** CFMessagePort: bootstrap_register(): failed 1100 (0x44c) 'Permission denied', port = 0x8e3f, name = 'com.apple.tsm.portname'
See /usr/include/servers/bootstrap_defs.h for the error codes.
2017-06-28 10:44:37.238 plugin-container[4136:582942] *** CFMessagePort: bootstrap_register(): failed 1100 (0x44c) 'Permission denied', port = 0x901f, name = 'com.apple.CFPasteboardClient'
See /usr/include/servers/bootstrap_defs.h for the error codes.
2017-06-28 10:44:37.238 plugin-container[4136:582942] void __CFPasteboardSetup() : Failed to allocate communication port for com.apple.CFPasteboardClient; this is likely due to sandbox restrictions
1498661077520	Marionette	DEBUG	Received DOM event "beforeunload" for "about:blank"
1498661077611	Marionette	DEBUG	Received DOM event "pagehide" for "about:blank"
1498661077611	Marionette	DEBUG	Received DOM event "unload" for "about:blank"
1498661078486	Marionette	DEBUG	Received DOM event "DOMContentLoaded" for "https://www.blogger.com/navbar.g?targetBlogID=6227616579829607218&blogName=Full+Spectrum+Mama&publishMode=PUBLISH_MODE_BLOGSPOT&navbarType=BLUE&layoutType=LAYOUTS&searchRoot=http://fullspectrummama.blogspot.com/search&blogLocale=en&v=2&homepageUrl=http://fullspectrummama.blogspot.com/&vt=-2285055298508645553&usegapi=1&jsh=m%3B%2F_%2Fscs%2Fapps-static%2F_%2Fjs%2Fk%3Doz.gapi.en_US.wpCNxUYJ7bc.O%2Fm%3D__features__%2Fam%3DAQ%2Frt%3Dj%2Fd%3D1%2Frs%3DAGLTcCP2kAF69smYVvU1nnoKCqrvBMsiwg#id=navbar-iframe&parent=http%3A%2F%2Ffullspectrummama.blogspot.com&pfname=&rpctoken=16264568"
1498661079130	Marionette	DEBUG	Received DOM event "DOMContentLoaded" for "https://apis.google.com/se/0/wm/1/"
1498661079333	Marionette	DEBUG	Received DOM event "DOMContentLoaded" for "http://fullspectrummama.blogspot.com/"
1498661079496	Marionette	DEBUG	Received DOM event "pageshow" for "https://apis.google.com/se/0/wm/1/"
1498661079850	Marionette	DEBUG	Received DOM event "DOMContentLoaded" for "https://accounts.google.com/o/oauth2/postmessageRelay?parent=https%3A%2F%2Fwww.blogger.com&jsh=m%3B%2F_%2Fscs%2Fapps-static%2F_%2Fjs%2Fk%3Doz.gapi.en_US.wpCNxUYJ7bc.O%2Fm%3D__features__%2Fam%3DAQ%2Frt%3Dj%2Fd%3D1%2Frs%3DAGLTcCP2kAF69smYVvU1nnoKCqrvBMsiwg#rpctoken=909000602&forcesecure=1"
1498661079874	Marionette	DEBUG	Received DOM event "DOMContentLoaded" for "https://apis.google.com/se/0/wm/1/"
1498661079880	Marionette	DEBUG	Received DOM event "pageshow" for "https://apis.google.com/se/0/wm/1/"
1498661079890	Marionette	DEBUG	Received DOM event "DOMContentLoaded" for "https://apis.google.com/se/0/wm/1/"
1498661079895	Marionette	DEBUG	Received DOM event "pageshow" for "https://apis.google.com/se/0/wm/1/"
1498661079918	Marionette	DEBUG	Received DOM event "DOMContentLoaded" for "https://apis.google.com/se/0/wm/1/"
1498661079923	Marionette	DEBUG	Received DOM event "pageshow" for "https://apis.google.com/se/0/wm/1/"
1498661080005	Marionette	DEBUG	Received DOM event "DOMContentLoaded" for "https://apis.google.com/se/0/wm/1/"
1498661080011	Marionette	DEBUG	Received DOM event "pageshow" for "https://apis.google.com/se/0/wm/1/"
1498661080021	Marionette	DEBUG	Received DOM event "DOMContentLoaded" for "http://www.inlinkz.com/js/cors/?xdm_e=http%3A%2F%2Ffullspectrummama.blogspot.com&xdm_c=default4607&xdm_p=1"
1498661080022	Marionette	DEBUG	Received DOM event "pageshow" for "http://www.inlinkz.com/js/cors/?xdm_e=http%3A%2F%2Ffullspectrummama.blogspot.com&xdm_c=default4607&xdm_p=1"
1498661080024	Marionette	DEBUG	Received DOM event "DOMContentLoaded" for "http://www.inlinkz.com/js/cors/?xdm_e=http%3A%2F%2Ffullspectrummama.blogspot.com&xdm_c=default2557&xdm_p=1"
1498661080026	Marionette	DEBUG	Received DOM event "pageshow" for "http://www.inlinkz.com/js/cors/?xdm_e=http%3A%2F%2Ffullspectrummama.blogspot.com&xdm_c=default2557&xdm_p=1"
1498661080031	Marionette	DEBUG	Received DOM event "pageshow" for "https://accounts.google.com/o/oauth2/postmessageRelay?parent=https%3A%2F%2Fwww.blogger.com&jsh=m%3B%2F_%2Fscs%2Fapps-static%2F_%2Fjs%2Fk%3Doz.gapi.en_US.wpCNxUYJ7bc.O%2Fm%3D__features__%2Fam%3DAQ%2Frt%3Dj%2Fd%3D1%2Frs%3DAGLTcCP2kAF69smYVvU1nnoKCqrvBMsiwg#rpctoken=909000602&forcesecure=1"
1498661080034	Marionette	DEBUG	Received DOM event "pageshow" for "https://www.blogger.com/navbar.g?targetBlogID=6227616579829607218&blogName=Full+Spectrum+Mama&publishMode=PUBLISH_MODE_BLOGSPOT&navbarType=BLUE&layoutType=LAYOUTS&searchRoot=http://fullspectrummama.blogspot.com/search&blogLocale=en&v=2&homepageUrl=http://fullspectrummama.blogspot.com/&vt=-2285055298508645553&usegapi=1&jsh=m%3B%2F_%2Fscs%2Fapps-static%2F_%2Fjs%2Fk%3Doz.gapi.en_US.wpCNxUYJ7bc.O%2Fm%3D__features__%2Fam%3DAQ%2Frt%3Dj%2Fd%3D1%2Frs%3DAGLTcCP2kAF69smYVvU1nnoKCqrvBMsiwg#id=navbar-iframe&parent=http%3A%2F%2Ffullspectrummama.blogspot.com&pfname=&rpctoken=16264568"
1498661080035	Marionette	DEBUG	Received DOM event "DOMContentLoaded" for "http://www.inlinkz.com/js/cors/?xdm_e=http%3A%2F%2Ffullspectrummama.blogspot.com&xdm_c=default3344&xdm_p=1"
1498661080038	Marionette	DEBUG	Received DOM event "pageshow" for "http://www.inlinkz.com/js/cors/?xdm_e=http%3A%2F%2Ffullspectrummama.blogspot.com&xdm_c=default3344&xdm_p=1"
1498661080042	Marionette	DEBUG	Received DOM event "DOMContentLoaded" for "http://www.inlinkz.com/js/cors/?xdm_e=http%3A%2F%2Ffullspectrummama.blogspot.com&xdm_c=default719&xdm_p=1"
1498661080045	Marionette	DEBUG	Received DOM event "pageshow" for "http://www.inlinkz.com/js/cors/?xdm_e=http%3A%2F%2Ffullspectrummama.blogspot.com&xdm_c=default719&xdm_p=1"
1498661080055	Marionette	DEBUG	Received DOM event "DOMContentLoaded" for "https://accounts.google.com/o/oauth2/postmessageRelay?parent=http%3A%2F%2Ffullspectrummama.blogspot.com&jsh=m%3B%2F_%2Fscs%2Fapps-static%2F_%2Fjs%2Fk%3Doz.gapi.en_US.wpCNxUYJ7bc.O%2Fm%3D__features__%2Fam%3DAQ%2Frt%3Dj%2Fd%3D1%2Frs%3DAGLTcCP2kAF69smYVvU1nnoKCqrvBMsiwg#rpctoken=248362318&forcesecure=1"
1498661080100	Marionette	DEBUG	Received DOM event "pageshow" for "https://accounts.google.com/o/oauth2/postmessageRelay?parent=http%3A%2F%2Ffullspectrummama.blogspot.com&jsh=m%3B%2F_%2Fscs%2Fapps-static%2F_%2Fjs%2Fk%3Doz.gapi.en_US.wpCNxUYJ7bc.O%2Fm%3D__features__%2Fam%3DAQ%2Frt%3Dj%2Fd%3D1%2Frs%3DAGLTcCP2kAF69smYVvU1nnoKCqrvBMsiwg#rpctoken=248362318&forcesecure=1"
1498661080108	Marionette	DEBUG	Received DOM event "pageshow" for "http://fullspectrummama.blogspot.com/"
1498661080983	Marionette	DEBUG	Canceled page load listener because no navigation has been detected
1498661082255	Marionette	DEBUG	Canceled page load listener because no navigation has been detected
1498661083534	Marionette	DEBUG	Canceled page load listener because no navigation has been detected
1498661084797	Marionette	DEBUG	Canceled page load listener because no navigation has been detected
1498661086061	Marionette	DEBUG	Canceled page load listener because no navigation has been detected
1498661087349	Marionette	DEBUG	Canceled page load listener because no navigation has been detected
1498661088613	Marionette	DEBUG	Canceled page load listener because no navigation has been detected
1498661089869	Marionette	DEBUG	Canceled page load listener because no navigation has been detected
1498661091128	Marionette	DEBUG	Canceled page load listener because no navigation has been detected
1498661092397	Marionette	DEBUG	Canceled page load listener because no navigation has been detected
1498661093651	Marionette	DEBUG	Canceled page load listener because no navigation has been detected
1498661094905	Marionette	DEBUG	Canceled page load listener because no navigation has been detected
1498661096154	Marionette	DEBUG	Canceled page load listener because no navigation has been detected
1498661097418	Marionette	DEBUG	Canceled page load listener because no navigation has been detected
1498661098681	Marionette	DEBUG	Canceled page load listener because no navigation has been detected
1498661099941	Marionette	DEBUG	Canceled page load listener because no navigation has been detected
1498661101193	Marionette	DEBUG	Canceled page load listener because no navigation has been detected
1498661102472	Marionette	DEBUG	Canceled page load listener because no navigation has been detected
1498661103733	Marionette	DEBUG	Canceled page load listener because no navigation has been detected
1498661104990	Marionette	DEBUG	Canceled page load listener because no navigation has been detected
1498661106258	Marionette	DEBUG	Canceled page load listener because no navigation has been detected
1498661107544	Marionette	DEBUG	Canceled page load listener because no navigation has been detected
1498661108806	Marionette	DEBUG	Canceled page load listener because no navigation has been detected
1498661110070	Marionette	DEBUG	Canceled page load listener because no navigation has been detected
1498661111328	Marionette	DEBUG	Canceled page load listener because no navigation has been detected
1498661112586	Marionette	DEBUG	Canceled page load listener because no navigation has been detected
1498661113869	Marionette	DEBUG	Canceled page load listener because no navigation has been detected
1498661115132	Marionette	DEBUG	Canceled page load listener because no navigation has been detected
1498661116406	Marionette	DEBUG	Canceled page load listener because no navigation has been detected
1498661117661	Marionette	DEBUG	Canceled page load listener because no navigation has been detected
1498661118957	Marionette	DEBUG	Canceled page load listener because no navigation has been detected
1498661120211	Marionette	DEBUG	Canceled page load listener because no navigation has been detected
1498661121461	Marionette	DEBUG	Canceled page load listener because no navigation has been detected
1498661122708	Marionette	DEBUG	Canceled page load listener because no navigation has been detected
1498661123975	Marionette	DEBUG	Canceled page load listener because no navigation has been detected
1498661125232	Marionette	DEBUG	Canceled page load listener because no navigation has been detected
1498661126481	Marionette	DEBUG	Canceled page load listener because no navigation has been detected
1498661127734	Marionette	DEBUG	Canceled page load listener because no navigation has been detected
1498661129001	Marionette	DEBUG	Canceled page load listener because no navigation has been detected
1498661130255	Marionette	DEBUG	Canceled page load listener because no navigation has been detected
1498661131504	Marionette	DEBUG	Canceled page load listener because no navigation has been detected
1498661132755	Marionette	DEBUG	Canceled page load listener because no navigation has been detected
1498661133998	Marionette	DEBUG	Canceled page load listener because no navigation has been detected
1498661135268	Marionette	DEBUG	Canceled page load listener because no navigation has been detected
1498661136522	Marionette	DEBUG	Canceled page load listener because no navigation has been detected
1498661137788	Marionette	DEBUG	Canceled page load listener because no navigation has been detected
1498661139062	Marionette	DEBUG	Canceled page load listener because no navigation has been detected
1498661140326	Marionette	DEBUG	Canceled page load listener because no navigation has been detected
1498661141578	Marionette	DEBUG	Canceled page load listener because no navigation has been detected
1498661142827	Marionette	DEBUG	Canceled page load listener because no navigation has been detected
1498661144073	Marionette	DEBUG	Canceled page load listener because no navigation has been detected
1498661145336	Marionette	DEBUG	Canceled page load listener because no navigation has been detected
1498661146584	Marionette	DEBUG	Canceled page load listener because no navigation has been detected
1498661147831	Marionette	DEBUG	Canceled page load listener because no navigation has been detected
1498661149079	Marionette	DEBUG	Canceled page load listener because no navigation has been detected
1498661150345	Marionette	DEBUG	Canceled page load listener because no navigation has been detected
1498661151605	Marionette	DEBUG	Canceled page load listener because no navigation has been detected
1498661152860	Marionette	DEBUG	Canceled page load listener because no navigation has been detected
1498661154107	Marionette	DEBUG	Canceled page load listener because no navigation has been detected
1498661155376	Marionette	DEBUG	Canceled page load listener because no navigation has been detected
1498661156638	Marionette	DEBUG	Canceled page load listener because no navigation has been detected
1498661157905	Marionette	DEBUG	Canceled page load listener because no navigation has been detected
1498661159158	Marionette	DEBUG	Canceled page load listener because no navigation has been detected
1498661160417	Marionette	DEBUG	Canceled page load listener because no navigation has been detected
1498661161666	Marionette	DEBUG	Canceled page load listener because no navigation has been detected
1498661162918	Marionette	DEBUG	Canceled page load listener because no navigation has been detected
1498661164177	Marionette	DEBUG	Canceled page load listener because no navigation has been detected
1498661165430	Marionette	DEBUG	Canceled page load listener because no navigation has been detected
1498661174908	Marionette	INFO	New connections will no longer be accepted
