1496256509329	geckodriver	INFO	Listening on 127.0.0.1:53145
1496256512755	geckodriver::marionette	INFO	Starting browser /Users/Hannah/Applications/Firefox.app/Contents/MacOS/firefox-bin with args ["-marionette"]
1496256520244	Marionette	INFO	Listening on port 53177
1496256520445	Marionette	WARN	TLS certificate errors will be ignored for this session
2017-05-31 14:48:41.588 plugin-container[3550:243360] *** CFMessagePort: bootstrap_register(): failed 1100 (0x44c) 'Permission denied', port = 0x913f, name = 'com.apple.tsm.portname'
See /usr/include/servers/bootstrap_defs.h for the error codes.
2017-05-31 14:48:41.589 plugin-container[3550:243360] *** CFMessagePort: bootstrap_register(): failed 1100 (0x44c) 'Permission denied', port = 0x921f, name = 'com.apple.CFPasteboardClient'
See /usr/include/servers/bootstrap_defs.h for the error codes.
2017-05-31 14:48:41.589 plugin-container[3550:243360] void __CFPasteboardSetup() : Failed to allocate communication port for com.apple.CFPasteboardClient; this is likely due to sandbox restrictions
*************************
A coding exception was thrown and uncaught in a Task.

Full message: TypeError: NetworkError when attempting to fetch resource.
Full stack: 
*************************
[Child 3550] WARNING: pipe error: Broken pipe: file /builds/slave/m-rel-m64-00000000000000000000/build/src/ipc/chromium/src/chrome/common/ipc_channel_posix.cc, line 702
1498580897912	geckodriver	INFO	Listening on 127.0.0.1:59612
1498580899012	geckodriver::marionette	INFO	Starting browser /Users/Hannah/Applications/Firefox.app/Contents/MacOS/firefox-bin with args ["-marionette"]
1498580902381	Marionette	INFO	Listening on port 59655
1498580902539	Marionette	WARN	TLS certificate errors will be ignored for this session
1498580902950	Marionette	DEBUG	loaded listener.js
2017-06-27 12:28:23.097 plugin-container[2040:256875] *** CFMessagePort: bootstrap_register(): failed 1100 (0x44c) 'Permission denied', port = 0x8e3f, name = 'com.apple.tsm.portname'
See /usr/include/servers/bootstrap_defs.h for the error codes.
2017-06-27 12:28:23.103 plugin-container[2040:256875] *** CFMessagePort: bootstrap_register(): failed 1100 (0x44c) 'Permission denied', port = 0x9027, name = 'com.apple.CFPasteboardClient'
See /usr/include/servers/bootstrap_defs.h for the error codes.
2017-06-27 12:28:23.103 plugin-container[2040:256875] void __CFPasteboardSetup() : Failed to allocate communication port for com.apple.CFPasteboardClient; this is likely due to sandbox restrictions
1498580904995	Marionette	DEBUG	Received DOM event "beforeunload" for "about:blank"
1498580905098	Marionette	DEBUG	Received DOM event "pagehide" for "about:blank"
1498580905098	Marionette	DEBUG	Received DOM event "unload" for "about:blank"
1498580906124	Marionette	DEBUG	Received DOM event "DOMContentLoaded" for "https://www.blogger.com/navbar.g?targetBlogID=6670201345837905864&blogName=The+Squashed+Bologna:+a+slice+of+life...&publishMode=PUBLISH_MODE_HOSTED&navbarType=BLACK&layoutType=LAYOUTS&searchRoot=http://www.squashedmom.com/search&blogLocale=en&v=2&homepageUrl=http://www.squashedmom.com/&vt=-6611831986974987902&usegapi=1&jsh=m%3B%2F_%2Fscs%2Fapps-static%2F_%2Fjs%2Fk%3Doz.gapi.en_US.GfkYNo6gqPw.O%2Fm%3D__features__%2Fam%3DEQ%2Frt%3Dj%2Fd%3D1%2Frs%3DAGLTcCMJgBcU0Z0eWj4ZR2LIJ6n1In4ukg#id=navbar-iframe&parent=http%3A%2F%2Fwww.squashedmom.com&pfname=&rpctoken=22731491"
1498580907466	Marionette	DEBUG	Received DOM event "DOMContentLoaded" for "https://apis.google.com/se/0/wm/1/"
1498580907506	Marionette	DEBUG	Received DOM event "pageshow" for "https://apis.google.com/se/0/wm/1/"
1498580907626	Marionette	DEBUG	Received DOM event "DOMContentLoaded" for "http://mpp.vindicosuite.com/?y=3&t=h&u=http%3A%2F%2Fwww.squashedmom.com%2F&r="
1498580907631	Marionette	DEBUG	Received DOM event "pageshow" for "http://mpp.vindicosuite.com/?y=3&t=h&u=http%3A%2F%2Fwww.squashedmom.com%2F&r="
1498580907843	Marionette	DEBUG	Received DOM event "DOMContentLoaded" for "http://www.squashedmom.com/"
1498580908064	Marionette	DEBUG	Received DOM event "pageshow" for "http://www.squashedmom.com/"
1498580908077	Marionette	DEBUG	Received DOM event "pageshow" for "http://www.squashedmom.com/"
1498580908330	Marionette	DEBUG	Received DOM event "DOMContentLoaded" for "https://apis.google.com/se/0/wm/1/"
1498580908350	Marionette	DEBUG	Received DOM event "pageshow" for "https://apis.google.com/se/0/wm/1/"
1498580908361	Marionette	DEBUG	Received DOM event "DOMContentLoaded" for "https://apis.google.com/se/0/wm/1/"
1498580908370	Marionette	DEBUG	Received DOM event "pageshow" for "https://apis.google.com/se/0/wm/1/"
1498580908382	Marionette	DEBUG	Received DOM event "DOMContentLoaded" for "https://apis.google.com/se/0/wm/1/"
1498580908390	Marionette	DEBUG	Received DOM event "pageshow" for "https://apis.google.com/se/0/wm/1/"
1498580908438	Marionette	DEBUG	Received DOM event "DOMContentLoaded" for "https://apis.google.com/se/0/wm/1/"
1498580908451	Marionette	DEBUG	Received DOM event "pageshow" for "https://apis.google.com/se/0/wm/1/"
1498580908457	Marionette	DEBUG	Received DOM event "DOMContentLoaded" for "https://apis.google.com/se/0/wm/1/"
1498580908465	Marionette	DEBUG	Received DOM event "pageshow" for "https://apis.google.com/se/0/wm/1/"
1498580908475	Marionette	DEBUG	Received DOM event "DOMContentLoaded" for "https://apis.google.com/se/0/wm/1/"
1498580908487	Marionette	DEBUG	Received DOM event "pageshow" for "https://apis.google.com/se/0/wm/1/"
1498580908490	Marionette	DEBUG	Received DOM event "DOMContentLoaded" for "http://badge.stumbleupon.com/badge/embed/5/?url=http%3A%2F%2Fwww.squashedmom.com%2F"
1498580908493	Marionette	DEBUG	Received DOM event "DOMContentLoaded" for "http://badge.stumbleupon.com/badge/embed/5/?url=http%3A%2F%2Fwww.squashedmom.com%2F"
1498580908494	Marionette	DEBUG	Received DOM event "DOMContentLoaded" for "http://badge.stumbleupon.com/badge/embed/5/?url=http%3A%2F%2Fwww.squashedmom.com%2F"
1498580908512	Marionette	DEBUG	Received DOM event "DOMContentLoaded" for "https://apis.google.com/se/0/wm/1/"
1498580908522	Marionette	DEBUG	Received DOM event "pageshow" for "https://apis.google.com/se/0/wm/1/"
1498580908626	Marionette	DEBUG	Received DOM event "DOMContentLoaded" for "http://dp1.33across.com/ps/?tt=iframe&amp;pid=523&amp;cgn=14275"
1498580908712	Marionette	DEBUG	Received DOM event "DOMContentLoaded" for "http://staticxx.facebook.com/connect/xd_arbiter/r/XBwzv5Yrm_1.js?version=42#channel=f3b97990d0989fc&origin=http%3A%2F%2Fwww.squashedmom.com"
1498580908716	Marionette	DEBUG	Received DOM event "pageshow" for "http://staticxx.facebook.com/connect/xd_arbiter/r/XBwzv5Yrm_1.js?version=42#channel=f3b97990d0989fc&origin=http%3A%2F%2Fwww.squashedmom.com"
1498580908718	Marionette	DEBUG	Received DOM event "DOMContentLoaded" for "https://staticxx.facebook.com/connect/xd_arbiter/r/XBwzv5Yrm_1.js?version=42#channel=f3b97990d0989fc&origin=http%3A%2F%2Fwww.squashedmom.com"
1498580908721	Marionette	DEBUG	Received DOM event "pageshow" for "https://staticxx.facebook.com/connect/xd_arbiter/r/XBwzv5Yrm_1.js?version=42#channel=f3b97990d0989fc&origin=http%3A%2F%2Fwww.squashedmom.com"
1498580908722	Marionette	DEBUG	Received DOM event "DOMContentLoaded" for "https://accounts.google.com/o/oauth2/postmessageRelay?parent=http%3A%2F%2Fwww.squashedmom.com&jsh=m%3B%2F_%2Fscs%2Fapps-static%2F_%2Fjs%2Fk%3Doz.gapi.en_US.GfkYNo6gqPw.O%2Fm%3D__features__%2Fam%3DEQ%2Frt%3Dj%2Fd%3D1%2Frs%3DAGLTcCMJgBcU0Z0eWj4ZR2LIJ6n1In4ukg#rpctoken=309685044&forcesecure=1"
1498580908724	Marionette	DEBUG	Received DOM event "DOMContentLoaded" for "https://accounts.google.com/o/oauth2/postmessageRelay?parent=https%3A%2F%2Fwww.blogger.com&jsh=m%3B%2F_%2Fscs%2Fapps-static%2F_%2Fjs%2Fk%3Doz.gapi.en_US.GfkYNo6gqPw.O%2Fm%3D__features__%2Fam%3DEQ%2Frt%3Dj%2Fd%3D1%2Frs%3DAGLTcCMJgBcU0Z0eWj4ZR2LIJ6n1In4ukg#rpctoken=1949534898&forcesecure=1"
1498580908736	Marionette	DEBUG	Received DOM event "pageshow" for "http://badge.stumbleupon.com/badge/embed/5/?url=http%3A%2F%2Fwww.squashedmom.com%2F"
1498580908739	Marionette	DEBUG	Received DOM event "pageshow" for "http://badge.stumbleupon.com/badge/embed/5/?url=http%3A%2F%2Fwww.squashedmom.com%2F"
1498580908743	Marionette	DEBUG	Received DOM event "pageshow" for "http://badge.stumbleupon.com/badge/embed/5/?url=http%3A%2F%2Fwww.squashedmom.com%2F"
1498580908788	Marionette	DEBUG	Received DOM event "pageshow" for "https://accounts.google.com/o/oauth2/postmessageRelay?parent=http%3A%2F%2Fwww.squashedmom.com&jsh=m%3B%2F_%2Fscs%2Fapps-static%2F_%2Fjs%2Fk%3Doz.gapi.en_US.GfkYNo6gqPw.O%2Fm%3D__features__%2Fam%3DEQ%2Frt%3Dj%2Fd%3D1%2Frs%3DAGLTcCMJgBcU0Z0eWj4ZR2LIJ6n1In4ukg#rpctoken=309685044&forcesecure=1"
1498580908795	Marionette	DEBUG	Received DOM event "pageshow" for "https://accounts.google.com/o/oauth2/postmessageRelay?parent=https%3A%2F%2Fwww.blogger.com&jsh=m%3B%2F_%2Fscs%2Fapps-static%2F_%2Fjs%2Fk%3Doz.gapi.en_US.GfkYNo6gqPw.O%2Fm%3D__features__%2Fam%3DEQ%2Frt%3Dj%2Fd%3D1%2Frs%3DAGLTcCMJgBcU0Z0eWj4ZR2LIJ6n1In4ukg#rpctoken=1949534898&forcesecure=1"
1498580908798	Marionette	DEBUG	Received DOM event "pageshow" for "https://www.blogger.com/navbar.g?targetBlogID=6670201345837905864&blogName=The+Squashed+Bologna:+a+slice+of+life...&publishMode=PUBLISH_MODE_HOSTED&navbarType=BLACK&layoutType=LAYOUTS&searchRoot=http://www.squashedmom.com/search&blogLocale=en&v=2&homepageUrl=http://www.squashedmom.com/&vt=-6611831986974987902&usegapi=1&jsh=m%3B%2F_%2Fscs%2Fapps-static%2F_%2Fjs%2Fk%3Doz.gapi.en_US.GfkYNo6gqPw.O%2Fm%3D__features__%2Fam%3DEQ%2Frt%3Dj%2Fd%3D1%2Frs%3DAGLTcCMJgBcU0Z0eWj4ZR2LIJ6n1In4ukg#id=navbar-iframe&parent=http%3A%2F%2Fwww.squashedmom.com&pfname=&rpctoken=22731491"
1498580908985	Marionette	DEBUG	Received DOM event "pageshow" for "http://www.squashedmom.com/"
1498580909087	Marionette	DEBUG	Received DOM event "pageshow" for "http://www.squashedmom.com/"
1498580909638	Marionette	DEBUG	Received DOM event "DOMContentLoaded" for "https://www.blogger.com/followers.g?blogID=6670201345837905864&colors=Cgt0cmFuc3BhcmVudBILdHJhbnNwYXJlbnQaByM0ZTRlNGUiByNhODUzMzgqC3RyYW5zcGFyZW50MgcjOGU4ZThlOgcjNGU0ZTRlQgcjYTg1MzM4SgcjMDAwMDAwUgcjYTg1MzM4Wgt0cmFuc3BhcmVudA%3D%3D&pageSize=21&origin=http%3A%2F%2Fwww.squashedmom.com%2F&usegapi=1&jsh=m%3B%2F_%2Fscs%2Fapps-static%2F_%2Fjs%2Fk%3Doz.gapi.en_US.GfkYNo6gqPw.O%2Fm%3D__features__%2Fam%3DEQ%2Frt%3Dj%2Fd%3D1%2Frs%3DAGLTcCMJgBcU0Z0eWj4ZR2LIJ6n1In4ukg&bpli=1#id=I0_1498580906484&parent=http%3A%2F%2Fwww.squashedmom.com&pfname=&rpctoken=22400922"
1498580910243	Marionette	DEBUG	Received DOM event "DOMContentLoaded" for "http://tags.bluekai.com/site/27519?dt=0&r=1137075981&sig=3066008212&bkca=KJpnEnaNpQlN2x7nYzTyvdq0v9XrXU46pUJ1PpPt9uvNG+xutT0ulO0NGLuXkwhzV61Euy+EYyBn9y+n9p19jd9uy9=="
1498580910679	Marionette	DEBUG	Received DOM event "DOMContentLoaded" for "https://www.facebook.com/plugins/like_box.php?app_id=&channel=http%3A%2F%2Fstaticxx.facebook.com%2Fconnect%2Fxd_arbiter%2Fr%2FXBwzv5Yrm_1.js%3Fversion%3D42%23cb%3Df2de757e03a1124%26domain%3Dwww.squashedmom.com%26origin%3Dhttp%253A%252F%252Fwww.squashedmom.com%252Ff3b97990d0989fc%26relation%3Dparent.parent&container_width=0&header=true&href=http%3A%2F%2Fwww.facebook.com%2FTheSquashedBologna&locale=en_US&sdk=joey&show_faces=true&stream=false&width=200"
1498580910909	Marionette	DEBUG	Received DOM event "pageshow" for "https://www.facebook.com/plugins/like_box.php?app_id=&channel=http%3A%2F%2Fstaticxx.facebook.com%2Fconnect%2Fxd_arbiter%2Fr%2FXBwzv5Yrm_1.js%3Fversion%3D42%23cb%3Df2de757e03a1124%26domain%3Dwww.squashedmom.com%26origin%3Dhttp%253A%252F%252Fwww.squashedmom.com%252Ff3b97990d0989fc%26relation%3Dparent.parent&container_width=0&header=true&href=http%3A%2F%2Fwww.facebook.com%2FTheSquashedBologna&locale=en_US&sdk=joey&show_faces=true&stream=false&width=200"
1498580911557	Marionette	DEBUG	Received DOM event "pageshow" for "https://www.blogger.com/followers.g?blogID=6670201345837905864&colors=Cgt0cmFuc3BhcmVudBILdHJhbnNwYXJlbnQaByM0ZTRlNGUiByNhODUzMzgqC3RyYW5zcGFyZW50MgcjOGU4ZThlOgcjNGU0ZTRlQgcjYTg1MzM4SgcjMDAwMDAwUgcjYTg1MzM4Wgt0cmFuc3BhcmVudA%3D%3D&pageSize=21&origin=http%3A%2F%2Fwww.squashedmom.com%2F&usegapi=1&jsh=m%3B%2F_%2Fscs%2Fapps-static%2F_%2Fjs%2Fk%3Doz.gapi.en_US.GfkYNo6gqPw.O%2Fm%3D__features__%2Fam%3DEQ%2Frt%3Dj%2Fd%3D1%2Frs%3DAGLTcCMJgBcU0Z0eWj4ZR2LIJ6n1In4ukg&bpli=1#id=I0_1498580906484&parent=http%3A%2F%2Fwww.squashedmom.com&pfname=&rpctoken=22400922"
1498580911641	Marionette	DEBUG	Received DOM event "pageshow" for "http://dp1.33across.com/ps/?tt=iframe&amp;pid=523&amp;cgn=14275"
1498580912424	Marionette	DEBUG	Received DOM event "pageshow" for "http://tags.bluekai.com/site/27519?dt=0&r=1137075981&sig=3066008212&bkca=KJpnEnaNpQlN2x7nYzTyvdq0v9XrXU46pUJ1PpPt9uvNG+xutT0ulO0NGLuXkwhzV61Euy+EYyBn9y+n9p19jd9uy9=="
1498580912453	Marionette	DEBUG	Received DOM event "pageshow" for "http://www.squashedmom.com/"
*************************
A coding exception was thrown and uncaught in a Task.

Full message: TypeError: NetworkError when attempting to fetch resource.
Full stack: 
*************************
1498584039284	Marionette	INFO	Ceased listening
1498674491960	geckodriver	INFO	Listening on 127.0.0.1:57768
1498674493319	geckodriver::marionette	INFO	Starting browser /Users/Hannah/Applications/Firefox.app/Contents/MacOS/firefox-bin with args ["-marionette"]
1498674498896	Marionette	INFO	Listening on port 57775
1498674498966	Marionette	WARN	TLS certificate errors will be ignored for this session
1498674499231	Marionette	DEBUG	loaded listener.js
2017-06-28 14:28:19.354 plugin-container[5321:693726] *** CFMessagePort: bootstrap_register(): failed 1100 (0x44c) 'Permission denied', port = 0x8e3f, name = 'com.apple.tsm.portname'
See /usr/include/servers/bootstrap_defs.h for the error codes.
2017-06-28 14:28:19.357 plugin-container[5321:693726] *** CFMessagePort: bootstrap_register(): failed 1100 (0x44c) 'Permission denied', port = 0x8f23, name = 'com.apple.CFPasteboardClient'
See /usr/include/servers/bootstrap_defs.h for the error codes.
2017-06-28 14:28:19.357 plugin-container[5321:693726] void __CFPasteboardSetup() : Failed to allocate communication port for com.apple.CFPasteboardClient; this is likely due to sandbox restrictions
1498674500153	Marionette	DEBUG	Received DOM event "beforeunload" for "about:blank"
1498674500225	Marionette	DEBUG	Received DOM event "pagehide" for "about:blank"
1498674500225	Marionette	DEBUG	Received DOM event "unload" for "about:blank"
1498674500872	Marionette	DEBUG	Received DOM event "DOMContentLoaded" for "https://www.blogger.com/navbar.g?targetBlogID=6670201345837905864&blogName=The+Squashed+Bologna:+a+slice+of+life...&publishMode=PUBLISH_MODE_HOSTED&navbarType=BLACK&layoutType=LAYOUTS&searchRoot=http://www.squashedmom.com/search&blogLocale=en&v=2&homepageUrl=http://www.squashedmom.com/&vt=-6611831986974987902&usegapi=1&jsh=m%3B%2F_%2Fscs%2Fapps-static%2F_%2Fjs%2Fk%3Doz.gapi.en_US.wpCNxUYJ7bc.O%2Fm%3D__features__%2Fam%3DAQ%2Frt%3Dj%2Fd%3D1%2Frs%3DAGLTcCP2kAF69smYVvU1nnoKCqrvBMsiwg#id=navbar-iframe&parent=http%3A%2F%2Fwww.squashedmom.com&pfname=&rpctoken=11860076"
1498674501930	Marionette	DEBUG	Received DOM event "DOMContentLoaded" for "https://apis.google.com/se/0/wm/1/"
1498674501987	Marionette	DEBUG	Received DOM event "pageshow" for "https://apis.google.com/se/0/wm/1/"
1498674502264	Marionette	DEBUG	Received DOM event "DOMContentLoaded" for "http://mpp.vindicosuite.com/?y=3&t=h&u=http%3A%2F%2Fwww.squashedmom.com%2F&r="
1498674502266	Marionette	DEBUG	Received DOM event "pageshow" for "http://mpp.vindicosuite.com/?y=3&t=h&u=http%3A%2F%2Fwww.squashedmom.com%2F&r="
1498674502333	Marionette	DEBUG	Received DOM event "pageshow" for "http://www.squashedmom.com/"
1498674502343	Marionette	DEBUG	Received DOM event "pageshow" for "http://www.squashedmom.com/"
1498674502530	Marionette	DEBUG	Received DOM event "DOMContentLoaded" for "https://apis.google.com/se/0/wm/1/"
1498674502540	Marionette	DEBUG	Received DOM event "pageshow" for "https://apis.google.com/se/0/wm/1/"
1498674502549	Marionette	DEBUG	Received DOM event "DOMContentLoaded" for "https://apis.google.com/se/0/wm/1/"
1498674502556	Marionette	DEBUG	Received DOM event "pageshow" for "https://apis.google.com/se/0/wm/1/"
1498674502564	Marionette	DEBUG	Received DOM event "DOMContentLoaded" for "https://apis.google.com/se/0/wm/1/"
1498674502570	Marionette	DEBUG	Received DOM event "pageshow" for "https://apis.google.com/se/0/wm/1/"
1498674502582	Marionette	DEBUG	Received DOM event "DOMContentLoaded" for "https://apis.google.com/se/0/wm/1/"
1498674502588	Marionette	DEBUG	Received DOM event "pageshow" for "https://apis.google.com/se/0/wm/1/"
1498674502644	Marionette	DEBUG	Received DOM event "DOMContentLoaded" for "https://apis.google.com/se/0/wm/1/"
1498674502651	Marionette	DEBUG	Received DOM event "pageshow" for "https://apis.google.com/se/0/wm/1/"
1498674502659	Marionette	DEBUG	Received DOM event "DOMContentLoaded" for "https://apis.google.com/se/0/wm/1/"
1498674502667	Marionette	DEBUG	Received DOM event "pageshow" for "https://apis.google.com/se/0/wm/1/"
1498674502682	Marionette	DEBUG	Received DOM event "DOMContentLoaded" for "https://apis.google.com/se/0/wm/1/"
1498674502688	Marionette	DEBUG	Received DOM event "pageshow" for "https://apis.google.com/se/0/wm/1/"
1498674502864	Marionette	DEBUG	Received DOM event "DOMContentLoaded" for "http://www.squashedmom.com/"
1498674502903	Marionette	DEBUG	Received DOM event "DOMContentLoaded" for "https://accounts.google.com/o/oauth2/postmessageRelay?parent=https%3A%2F%2Fwww.blogger.com&jsh=m%3B%2F_%2Fscs%2Fapps-static%2F_%2Fjs%2Fk%3Doz.gapi.en_US.wpCNxUYJ7bc.O%2Fm%3D__features__%2Fam%3DAQ%2Frt%3Dj%2Fd%3D1%2Frs%3DAGLTcCP2kAF69smYVvU1nnoKCqrvBMsiwg#rpctoken=831039503&forcesecure=1"
1498674502929	Marionette	DEBUG	Received DOM event "DOMContentLoaded" for "https://accounts.google.com/o/oauth2/postmessageRelay?parent=http%3A%2F%2Fwww.squashedmom.com&jsh=m%3B%2F_%2Fscs%2Fapps-static%2F_%2Fjs%2Fk%3Doz.gapi.en_US.wpCNxUYJ7bc.O%2Fm%3D__features__%2Fam%3DAQ%2Frt%3Dj%2Fd%3D1%2Frs%3DAGLTcCP2kAF69smYVvU1nnoKCqrvBMsiwg#rpctoken=618446737&forcesecure=1"
1498674502942	Marionette	DEBUG	Received DOM event "DOMContentLoaded" for "http://badge.stumbleupon.com/badge/embed/5/?url=http%3A%2F%2Fwww.squashedmom.com%2F"
1498674502944	Marionette	DEBUG	Received DOM event "DOMContentLoaded" for "http://badge.stumbleupon.com/badge/embed/5/?url=http%3A%2F%2Fwww.squashedmom.com%2F"
1498674502949	Marionette	DEBUG	Received DOM event "DOMContentLoaded" for "http://badge.stumbleupon.com/badge/embed/5/?url=http%3A%2F%2Fwww.squashedmom.com%2F"
1498674502957	Marionette	DEBUG	Received DOM event "DOMContentLoaded" for "http://staticxx.facebook.com/connect/xd_arbiter/r/XBwzv5Yrm_1.js?version=42#channel=f3863b8df7d1ce&origin=http%3A%2F%2Fwww.squashedmom.com"
1498674502962	Marionette	DEBUG	Received DOM event "pageshow" for "http://staticxx.facebook.com/connect/xd_arbiter/r/XBwzv5Yrm_1.js?version=42#channel=f3863b8df7d1ce&origin=http%3A%2F%2Fwww.squashedmom.com"
1498674502985	Marionette	DEBUG	Received DOM event "DOMContentLoaded" for "https://staticxx.facebook.com/connect/xd_arbiter/r/XBwzv5Yrm_1.js?version=42#channel=f3863b8df7d1ce&origin=http%3A%2F%2Fwww.squashedmom.com"
1498674502987	Marionette	DEBUG	Received DOM event "pageshow" for "https://staticxx.facebook.com/connect/xd_arbiter/r/XBwzv5Yrm_1.js?version=42#channel=f3863b8df7d1ce&origin=http%3A%2F%2Fwww.squashedmom.com"
1498674503016	Marionette	DEBUG	Received DOM event "DOMContentLoaded" for "http://badge.stumbleupon.com/badge/embed/5/?url=http%3A%2F%2Fwww.squashedmom.com%2F"
1498674503034	Marionette	DEBUG	Received DOM event "pageshow" for "https://accounts.google.com/o/oauth2/postmessageRelay?parent=https%3A%2F%2Fwww.blogger.com&jsh=m%3B%2F_%2Fscs%2Fapps-static%2F_%2Fjs%2Fk%3Doz.gapi.en_US.wpCNxUYJ7bc.O%2Fm%3D__features__%2Fam%3DAQ%2Frt%3Dj%2Fd%3D1%2Frs%3DAGLTcCP2kAF69smYVvU1nnoKCqrvBMsiwg#rpctoken=831039503&forcesecure=1"
1498674503037	Marionette	DEBUG	Received DOM event "pageshow" for "https://www.blogger.com/navbar.g?targetBlogID=6670201345837905864&blogName=The+Squashed+Bologna:+a+slice+of+life...&publishMode=PUBLISH_MODE_HOSTED&navbarType=BLACK&layoutType=LAYOUTS&searchRoot=http://www.squashedmom.com/search&blogLocale=en&v=2&homepageUrl=http://www.squashedmom.com/&vt=-6611831986974987902&usegapi=1&jsh=m%3B%2F_%2Fscs%2Fapps-static%2F_%2Fjs%2Fk%3Doz.gapi.en_US.wpCNxUYJ7bc.O%2Fm%3D__features__%2Fam%3DAQ%2Frt%3Dj%2Fd%3D1%2Frs%3DAGLTcCP2kAF69smYVvU1nnoKCqrvBMsiwg#id=navbar-iframe&parent=http%3A%2F%2Fwww.squashedmom.com&pfname=&rpctoken=11860076"
1498674503042	Marionette	DEBUG	Received DOM event "DOMContentLoaded" for "http://badge.stumbleupon.com/badge/embed/5/?url=http%3A%2F%2Fwww.squashedmom.com%2F"
1498674503049	Marionette	DEBUG	Received DOM event "pageshow" for "https://accounts.google.com/o/oauth2/postmessageRelay?parent=http%3A%2F%2Fwww.squashedmom.com&jsh=m%3B%2F_%2Fscs%2Fapps-static%2F_%2Fjs%2Fk%3Doz.gapi.en_US.wpCNxUYJ7bc.O%2Fm%3D__features__%2Fam%3DAQ%2Frt%3Dj%2Fd%3D1%2Frs%3DAGLTcCP2kAF69smYVvU1nnoKCqrvBMsiwg#rpctoken=618446737&forcesecure=1"
1498674503051	Marionette	DEBUG	Received DOM event "DOMContentLoaded" for "http://badge.stumbleupon.com/badge/embed/5/?url=http%3A%2F%2Fwww.squashedmom.com%2F"
1498674503054	Marionette	DEBUG	Received DOM event "DOMContentLoaded" for "http://dp1.33across.com/ps/?tt=iframe&amp;pid=523&amp;cgn=14275"
1498674503068	Marionette	DEBUG	Received DOM event "pageshow" for "http://badge.stumbleupon.com/badge/embed/5/?url=http%3A%2F%2Fwww.squashedmom.com%2F"
1498674503070	Marionette	DEBUG	Received DOM event "pageshow" for "http://badge.stumbleupon.com/badge/embed/5/?url=http%3A%2F%2Fwww.squashedmom.com%2F"
1498674503071	Marionette	DEBUG	Received DOM event "pageshow" for "http://badge.stumbleupon.com/badge/embed/5/?url=http%3A%2F%2Fwww.squashedmom.com%2F"
1498674503077	Marionette	DEBUG	Received DOM event "pageshow" for "http://badge.stumbleupon.com/badge/embed/5/?url=http%3A%2F%2Fwww.squashedmom.com%2F"
1498674503078	Marionette	DEBUG	Received DOM event "pageshow" for "http://badge.stumbleupon.com/badge/embed/5/?url=http%3A%2F%2Fwww.squashedmom.com%2F"
1498674503081	Marionette	DEBUG	Received DOM event "pageshow" for "http://badge.stumbleupon.com/badge/embed/5/?url=http%3A%2F%2Fwww.squashedmom.com%2F"
1498674503205	Marionette	DEBUG	Received DOM event "pageshow" for "http://www.squashedmom.com/"
1498674503276	Marionette	DEBUG	Received DOM event "pageshow" for "http://www.squashedmom.com/"
1498674503535	Marionette	DEBUG	Received DOM event "DOMContentLoaded" for "https://www.blogger.com/followers.g?blogID=6670201345837905864&colors=Cgt0cmFuc3BhcmVudBILdHJhbnNwYXJlbnQaByM0ZTRlNGUiByNhODUzMzgqC3RyYW5zcGFyZW50MgcjOGU4ZThlOgcjNGU0ZTRlQgcjYTg1MzM4SgcjMDAwMDAwUgcjYTg1MzM4Wgt0cmFuc3BhcmVudA%3D%3D&pageSize=21&origin=http%3A%2F%2Fwww.squashedmom.com%2F&usegapi=1&jsh=m%3B%2F_%2Fscs%2Fapps-static%2F_%2Fjs%2Fk%3Doz.gapi.en_US.wpCNxUYJ7bc.O%2Fm%3D__features__%2Fam%3DAQ%2Frt%3Dj%2Fd%3D1%2Frs%3DAGLTcCP2kAF69smYVvU1nnoKCqrvBMsiwg&bpli=1#id=I0_1498674501174&parent=http%3A%2F%2Fwww.squashedmom.com&pfname=&rpctoken=42143444"
1498674504100	Marionette	DEBUG	Received DOM event "DOMContentLoaded" for "http://tags.bluekai.com/site/27519?dt=0&r=55921503&sig=2861123611&bkca=KJpnEnaNpQlN2Eq1YqW1M4xyEy2mYEjhDMP0z6hUBURO/gViNOnqMJnzcnVihn0DdahqxhBnYpBpWN1eR61MDyOCdHJH"
1498674504335	Marionette	DEBUG	Received DOM event "DOMContentLoaded" for "https://www.facebook.com/plugins/like_box.php?app_id=&channel=http%3A%2F%2Fstaticxx.facebook.com%2Fconnect%2Fxd_arbiter%2Fr%2FXBwzv5Yrm_1.js%3Fversion%3D42%23cb%3Df8d050d6b869f4%26domain%3Dwww.squashedmom.com%26origin%3Dhttp%253A%252F%252Fwww.squashedmom.com%252Ff3863b8df7d1ce%26relation%3Dparent.parent&container_width=0&header=true&href=http%3A%2F%2Fwww.facebook.com%2FTheSquashedBologna&locale=en_US&sdk=joey&show_faces=true&stream=false&width=200"
1498674504363	Marionette	DEBUG	Received DOM event "pageshow" for "https://www.blogger.com/followers.g?blogID=6670201345837905864&colors=Cgt0cmFuc3BhcmVudBILdHJhbnNwYXJlbnQaByM0ZTRlNGUiByNhODUzMzgqC3RyYW5zcGFyZW50MgcjOGU4ZThlOgcjNGU0ZTRlQgcjYTg1MzM4SgcjMDAwMDAwUgcjYTg1MzM4Wgt0cmFuc3BhcmVudA%3D%3D&pageSize=21&origin=http%3A%2F%2Fwww.squashedmom.com%2F&usegapi=1&jsh=m%3B%2F_%2Fscs%2Fapps-static%2F_%2Fjs%2Fk%3Doz.gapi.en_US.wpCNxUYJ7bc.O%2Fm%3D__features__%2Fam%3DAQ%2Frt%3Dj%2Fd%3D1%2Frs%3DAGLTcCP2kAF69smYVvU1nnoKCqrvBMsiwg&bpli=1#id=I0_1498674501174&parent=http%3A%2F%2Fwww.squashedmom.com&pfname=&rpctoken=42143444"
1498674504390	Marionette	DEBUG	Received DOM event "pageshow" for "https://www.facebook.com/plugins/like_box.php?app_id=&channel=http%3A%2F%2Fstaticxx.facebook.com%2Fconnect%2Fxd_arbiter%2Fr%2FXBwzv5Yrm_1.js%3Fversion%3D42%23cb%3Df8d050d6b869f4%26domain%3Dwww.squashedmom.com%26origin%3Dhttp%253A%252F%252Fwww.squashedmom.com%252Ff3863b8df7d1ce%26relation%3Dparent.parent&container_width=0&header=true&href=http%3A%2F%2Fwww.facebook.com%2FTheSquashedBologna&locale=en_US&sdk=joey&show_faces=true&stream=false&width=200"
1498674504648	Marionette	DEBUG	Received DOM event "pageshow" for "http://dp1.33across.com/ps/?tt=iframe&amp;pid=523&amp;cgn=14275"
1498674505175	Marionette	DEBUG	Received DOM event "pageshow" for "http://tags.bluekai.com/site/27519?dt=0&r=55921503&sig=2861123611&bkca=KJpnEnaNpQlN2Eq1YqW1M4xyEy2mYEjhDMP0z6hUBURO/gViNOnqMJnzcnVihn0DdahqxhBnYpBpWN1eR61MDyOCdHJH"
1498674505792	Marionette	DEBUG	Received DOM event "pageshow" for "http://www.squashedmom.com/"
1498674575169	Marionette	INFO	Ceased listening
