1496256390807	geckodriver	INFO	Listening on 127.0.0.1:49330
1496256392862	geckodriver::marionette	INFO	Starting browser /Users/Hannah/Applications/Firefox.app/Contents/MacOS/firefox-bin with args ["-marionette"]
1496256398750	Marionette	INFO	Listening on port 49346
1496256398860	Marionette	WARN	TLS certificate errors will be ignored for this session
2017-05-31 14:46:39.837 plugin-container[3486:235771] *** CFMessagePort: bootstrap_register(): failed 1100 (0x44c) 'Permission denied', port = 0x8e3b, name = 'com.apple.tsm.portname'
See /usr/include/servers/bootstrap_defs.h for the error codes.
2017-05-31 14:46:39.838 plugin-container[3486:235771] *** CFMessagePort: bootstrap_register(): failed 1100 (0x44c) 'Permission denied', port = 0x5107, name = 'com.apple.CFPasteboardClient'
See /usr/include/servers/bootstrap_defs.h for the error codes.
2017-05-31 14:46:39.838 plugin-container[3486:235771] void __CFPasteboardSetup() : Failed to allocate communication port for com.apple.CFPasteboardClient; this is likely due to sandbox restrictions
JavaScript error: http://www.statcounter.com/counter/counter_xhtml.js, line 1: TypeError: _ca is null
*************************
A coding exception was thrown and uncaught in a Task.

Full message: TypeError: NetworkError when attempting to fetch resource.
Full stack: 
*************************
1498584579906	geckodriver	INFO	Listening on 127.0.0.1:50349
1498584582248	geckodriver::marionette	INFO	Starting browser /Users/Hannah/Applications/Firefox.app/Contents/MacOS/firefox-bin with args ["-marionette"]
1498584587898	Marionette	INFO	Listening on port 50362
1498584588011	Marionette	WARN	TLS certificate errors will be ignored for this session
1498584588428	Marionette	DEBUG	loaded listener.js
2017-06-27 13:29:48.601 plugin-container[2800:377757] *** CFMessagePort: bootstrap_register(): failed 1100 (0x44c) 'Permission denied', port = 0x903f, name = 'com.apple.tsm.portname'
See /usr/include/servers/bootstrap_defs.h for the error codes.
2017-06-27 13:29:48.602 plugin-container[2800:377757] *** CFMessagePort: bootstrap_register(): failed 1100 (0x44c) 'Permission denied', port = 0x9227, name = 'com.apple.CFPasteboardClient'
See /usr/include/servers/bootstrap_defs.h for the error codes.
2017-06-27 13:29:48.602 plugin-container[2800:377757] void __CFPasteboardSetup() : Failed to allocate communication port for com.apple.CFPasteboardClient; this is likely due to sandbox restrictions
1498584589247	Marionette	DEBUG	Received DOM event "beforeunload" for "about:blank"
1498584589352	Marionette	DEBUG	Received DOM event "pagehide" for "about:blank"
1498584589352	Marionette	DEBUG	Received DOM event "unload" for "about:blank"
1498584590236	Marionette	DEBUG	Received DOM event "DOMContentLoaded" for "https://www.blogger.com/navbar.g?targetBlogID=545465610500649673&blogName=Rooster+Calls&publishMode=PUBLISH_MODE_BLOGSPOT&navbarType=BLUE&layoutType=LAYOUTS&searchRoot=http://roostercalls.blogspot.com/search&blogLocale=en&v=2&homepageUrl=http://roostercalls.blogspot.com/&vt=-8263089849383894127&usegapi=1&jsh=m%3B%2F_%2Fscs%2Fapps-static%2F_%2Fjs%2Fk%3Doz.gapi.en_US.GfkYNo6gqPw.O%2Fm%3D__features__%2Fam%3DAQ%2Frt%3Dj%2Fd%3D1%2Frs%3DAGLTcCMb6GG45fF2HapKzrAkuFOe1Yx9QA#id=navbar-iframe&parent=http%3A%2F%2Froostercalls.blogspot.com&pfname=&rpctoken=33222034"
1498584590397	Marionette	DEBUG	Received DOM event "DOMContentLoaded" for "http://roostercalls.blogspot.com/"
JavaScript error: http://www.statcounter.com/counter/counter_xhtml.js, line 1: TypeError: _ca is null
1498584590695	Marionette	DEBUG	Received DOM event "DOMContentLoaded" for "https://apis.google.com/se/0/wm/1/"
1498584590796	Marionette	DEBUG	Received DOM event "pageshow" for "https://apis.google.com/se/0/wm/1/"
1498584590830	Marionette	DEBUG	Received DOM event "DOMContentLoaded" for "https://accounts.google.com/o/oauth2/postmessageRelay?parent=https%3A%2F%2Fwww.blogger.com&jsh=m%3B%2F_%2Fscs%2Fapps-static%2F_%2Fjs%2Fk%3Doz.gapi.en_US.GfkYNo6gqPw.O%2Fm%3D__features__%2Fam%3DAQ%2Frt%3Dj%2Fd%3D1%2Frs%3DAGLTcCMb6GG45fF2HapKzrAkuFOe1Yx9QA#rpctoken=250730577&forcesecure=1"
1498584590871	Marionette	DEBUG	Received DOM event "pageshow" for "https://accounts.google.com/o/oauth2/postmessageRelay?parent=https%3A%2F%2Fwww.blogger.com&jsh=m%3B%2F_%2Fscs%2Fapps-static%2F_%2Fjs%2Fk%3Doz.gapi.en_US.GfkYNo6gqPw.O%2Fm%3D__features__%2Fam%3DAQ%2Frt%3Dj%2Fd%3D1%2Frs%3DAGLTcCMb6GG45fF2HapKzrAkuFOe1Yx9QA#rpctoken=250730577&forcesecure=1"
1498584590874	Marionette	DEBUG	Received DOM event "pageshow" for "https://www.blogger.com/navbar.g?targetBlogID=545465610500649673&blogName=Rooster+Calls&publishMode=PUBLISH_MODE_BLOGSPOT&navbarType=BLUE&layoutType=LAYOUTS&searchRoot=http://roostercalls.blogspot.com/search&blogLocale=en&v=2&homepageUrl=http://roostercalls.blogspot.com/&vt=-8263089849383894127&usegapi=1&jsh=m%3B%2F_%2Fscs%2Fapps-static%2F_%2Fjs%2Fk%3Doz.gapi.en_US.GfkYNo6gqPw.O%2Fm%3D__features__%2Fam%3DAQ%2Frt%3Dj%2Fd%3D1%2Frs%3DAGLTcCMb6GG45fF2HapKzrAkuFOe1Yx9QA#id=navbar-iframe&parent=http%3A%2F%2Froostercalls.blogspot.com&pfname=&rpctoken=33222034"
1498584591831	Marionette	DEBUG	Received DOM event "DOMContentLoaded" for "https://www.blogger.com/followers.g?blogID=545465610500649673&colors=Cgt0cmFuc3BhcmVudBILdHJhbnNwYXJlbnQaByM2NjY2NjYiByM1NTg4YWEqByNmZmZmZmYyByNjYzY2MDA6ByM2NjY2NjZCByM1NTg4YWFKByM5OTk5OTlSByM1NTg4YWFaC3RyYW5zcGFyZW50&pageSize=21&origin=http%3A%2F%2Froostercalls.blogspot.com%2F&usegapi=1&jsh=m%3B%2F_%2Fscs%2Fapps-static%2F_%2Fjs%2Fk%3Doz.gapi.en_US.GfkYNo6gqPw.O%2Fm%3D__features__%2Fam%3DAQ%2Frt%3Dj%2Fd%3D1%2Frs%3DAGLTcCMb6GG45fF2HapKzrAkuFOe1Yx9QA&bpli=1#id=I0_1498584590100&parent=http%3A%2F%2Froostercalls.blogspot.com&pfname=&rpctoken=64329088"
1498584592260	Marionette	DEBUG	Received DOM event "pageshow" for "https://www.blogger.com/followers.g?blogID=545465610500649673&colors=Cgt0cmFuc3BhcmVudBILdHJhbnNwYXJlbnQaByM2NjY2NjYiByM1NTg4YWEqByNmZmZmZmYyByNjYzY2MDA6ByM2NjY2NjZCByM1NTg4YWFKByM5OTk5OTlSByM1NTg4YWFaC3RyYW5zcGFyZW50&pageSize=21&origin=http%3A%2F%2Froostercalls.blogspot.com%2F&usegapi=1&jsh=m%3B%2F_%2Fscs%2Fapps-static%2F_%2Fjs%2Fk%3Doz.gapi.en_US.GfkYNo6gqPw.O%2Fm%3D__features__%2Fam%3DAQ%2Frt%3Dj%2Fd%3D1%2Frs%3DAGLTcCMb6GG45fF2HapKzrAkuFOe1Yx9QA&bpli=1#id=I0_1498584590100&parent=http%3A%2F%2Froostercalls.blogspot.com&pfname=&rpctoken=64329088"
1498584592262	Marionette	DEBUG	Received DOM event "pageshow" for "http://roostercalls.blogspot.com/"
*************************
A coding exception was thrown and uncaught in a Task.

Full message: TypeError: NetworkError when attempting to fetch resource.
Full stack: 
*************************
1498585357727	Marionette	INFO	Ceased listening
1498661270180	geckodriver	INFO	Listening on 127.0.0.1:51825
1498661271246	geckodriver::marionette	INFO	Starting browser /Users/Hannah/Applications/Firefox.app/Contents/MacOS/firefox-bin with args ["-marionette"]
1498661273970	Marionette	INFO	Listening on port 51833
1498661274071	Marionette	WARN	TLS certificate errors will be ignored for this session
1498661274332	Marionette	DEBUG	loaded listener.js
2017-06-28 10:47:54.434 plugin-container[4155:585320] *** CFMessagePort: bootstrap_register(): failed 1100 (0x44c) 'Permission denied', port = 0x8f3f, name = 'com.apple.tsm.portname'
See /usr/include/servers/bootstrap_defs.h for the error codes.
2017-06-28 10:47:54.435 plugin-container[4155:585320] *** CFMessagePort: bootstrap_register(): failed 1100 (0x44c) 'Permission denied', port = 0x9127, name = 'com.apple.CFPasteboardClient'
See /usr/include/servers/bootstrap_defs.h for the error codes.
2017-06-28 10:47:54.435 plugin-container[4155:585320] void __CFPasteboardSetup() : Failed to allocate communication port for com.apple.CFPasteboardClient; this is likely due to sandbox restrictions
1498661274707	Marionette	DEBUG	Received DOM event "beforeunload" for "about:blank"
1498661274801	Marionette	DEBUG	Received DOM event "pagehide" for "about:blank"
1498661274802	Marionette	DEBUG	Received DOM event "unload" for "about:blank"
1498661275335	Marionette	DEBUG	Received DOM event "DOMContentLoaded" for "https://www.blogger.com/navbar.g?targetBlogID=545465610500649673&blogName=Rooster+Calls&publishMode=PUBLISH_MODE_BLOGSPOT&navbarType=BLUE&layoutType=LAYOUTS&searchRoot=http://roostercalls.blogspot.com/search&blogLocale=en&v=2&homepageUrl=http://roostercalls.blogspot.com/&vt=-8263089849383894127&usegapi=1&jsh=m%3B%2F_%2Fscs%2Fapps-static%2F_%2Fjs%2Fk%3Doz.gapi.en_US.wpCNxUYJ7bc.O%2Fm%3D__features__%2Fam%3DAQ%2Frt%3Dj%2Fd%3D1%2Frs%3DAGLTcCP2kAF69smYVvU1nnoKCqrvBMsiwg#id=navbar-iframe&parent=http%3A%2F%2Froostercalls.blogspot.com&pfname=&rpctoken=31252447"
1498661275550	Marionette	DEBUG	Received DOM event "DOMContentLoaded" for "http://roostercalls.blogspot.com/"
JavaScript error: http://www.statcounter.com/counter/counter_xhtml.js, line 1: TypeError: _ca is null
1498661275685	Marionette	DEBUG	Received DOM event "DOMContentLoaded" for "https://apis.google.com/se/0/wm/1/"
1498661275708	Marionette	DEBUG	Received DOM event "pageshow" for "https://apis.google.com/se/0/wm/1/"
1498661275823	Marionette	DEBUG	Received DOM event "DOMContentLoaded" for "https://accounts.google.com/o/oauth2/postmessageRelay?parent=https%3A%2F%2Fwww.blogger.com&jsh=m%3B%2F_%2Fscs%2Fapps-static%2F_%2Fjs%2Fk%3Doz.gapi.en_US.wpCNxUYJ7bc.O%2Fm%3D__features__%2Fam%3DAQ%2Frt%3Dj%2Fd%3D1%2Frs%3DAGLTcCP2kAF69smYVvU1nnoKCqrvBMsiwg#rpctoken=752268025&forcesecure=1"
1498661275856	Marionette	DEBUG	Received DOM event "pageshow" for "https://accounts.google.com/o/oauth2/postmessageRelay?parent=https%3A%2F%2Fwww.blogger.com&jsh=m%3B%2F_%2Fscs%2Fapps-static%2F_%2Fjs%2Fk%3Doz.gapi.en_US.wpCNxUYJ7bc.O%2Fm%3D__features__%2Fam%3DAQ%2Frt%3Dj%2Fd%3D1%2Frs%3DAGLTcCP2kAF69smYVvU1nnoKCqrvBMsiwg#rpctoken=752268025&forcesecure=1"
1498661275859	Marionette	DEBUG	Received DOM event "pageshow" for "https://www.blogger.com/navbar.g?targetBlogID=545465610500649673&blogName=Rooster+Calls&publishMode=PUBLISH_MODE_BLOGSPOT&navbarType=BLUE&layoutType=LAYOUTS&searchRoot=http://roostercalls.blogspot.com/search&blogLocale=en&v=2&homepageUrl=http://roostercalls.blogspot.com/&vt=-8263089849383894127&usegapi=1&jsh=m%3B%2F_%2Fscs%2Fapps-static%2F_%2Fjs%2Fk%3Doz.gapi.en_US.wpCNxUYJ7bc.O%2Fm%3D__features__%2Fam%3DAQ%2Frt%3Dj%2Fd%3D1%2Frs%3DAGLTcCP2kAF69smYVvU1nnoKCqrvBMsiwg#id=navbar-iframe&parent=http%3A%2F%2Froostercalls.blogspot.com&pfname=&rpctoken=31252447"
1498661276773	Marionette	DEBUG	Received DOM event "DOMContentLoaded" for "https://www.blogger.com/followers.g?blogID=545465610500649673&colors=Cgt0cmFuc3BhcmVudBILdHJhbnNwYXJlbnQaByM2NjY2NjYiByM1NTg4YWEqByNmZmZmZmYyByNjYzY2MDA6ByM2NjY2NjZCByM1NTg4YWFKByM5OTk5OTlSByM1NTg4YWFaC3RyYW5zcGFyZW50&pageSize=21&origin=http%3A%2F%2Froostercalls.blogspot.com%2F&usegapi=1&jsh=m%3B%2F_%2Fscs%2Fapps-static%2F_%2Fjs%2Fk%3Doz.gapi.en_US.wpCNxUYJ7bc.O%2Fm%3D__features__%2Fam%3DAQ%2Frt%3Dj%2Fd%3D1%2Frs%3DAGLTcCP2kAF69smYVvU1nnoKCqrvBMsiwg&bpli=1#id=I0_1498661275248&parent=http%3A%2F%2Froostercalls.blogspot.com&pfname=&rpctoken=34666330"
1498661277342	Marionette	DEBUG	Received DOM event "pageshow" for "https://www.blogger.com/followers.g?blogID=545465610500649673&colors=Cgt0cmFuc3BhcmVudBILdHJhbnNwYXJlbnQaByM2NjY2NjYiByM1NTg4YWEqByNmZmZmZmYyByNjYzY2MDA6ByM2NjY2NjZCByM1NTg4YWFKByM5OTk5OTlSByM1NTg4YWFaC3RyYW5zcGFyZW50&pageSize=21&origin=http%3A%2F%2Froostercalls.blogspot.com%2F&usegapi=1&jsh=m%3B%2F_%2Fscs%2Fapps-static%2F_%2Fjs%2Fk%3Doz.gapi.en_US.wpCNxUYJ7bc.O%2Fm%3D__features__%2Fam%3DAQ%2Frt%3Dj%2Fd%3D1%2Frs%3DAGLTcCP2kAF69smYVvU1nnoKCqrvBMsiwg&bpli=1#id=I0_1498661275248&parent=http%3A%2F%2Froostercalls.blogspot.com&pfname=&rpctoken=34666330"
1498661277345	Marionette	DEBUG	Received DOM event "pageshow" for "http://roostercalls.blogspot.com/"
1498661277793	Marionette	DEBUG	Canceled page load listener because no navigation has been detected
1498661279053	Marionette	DEBUG	Canceled page load listener because no navigation has been detected
1498661280328	Marionette	DEBUG	Canceled page load listener because no navigation has been detected
1498661281594	Marionette	DEBUG	Canceled page load listener because no navigation has been detected
1498661282859	Marionette	DEBUG	Canceled page load listener because no navigation has been detected
1498661284132	Marionette	DEBUG	Canceled page load listener because no navigation has been detected
1498661285417	Marionette	DEBUG	Canceled page load listener because no navigation has been detected
1498661286691	Marionette	DEBUG	Canceled page load listener because no navigation has been detected
1498661287954	Marionette	DEBUG	Canceled page load listener because no navigation has been detected
1498661289206	Marionette	DEBUG	Canceled page load listener because no navigation has been detected
1498661290459	Marionette	DEBUG	Canceled page load listener because no navigation has been detected
1498661291708	Marionette	DEBUG	Canceled page load listener because no navigation has been detected
1498661292960	Marionette	DEBUG	Canceled page load listener because no navigation has been detected
1498661294207	Marionette	DEBUG	Canceled page load listener because no navigation has been detected
1498661295473	Marionette	DEBUG	Canceled page load listener because no navigation has been detected
1498661296727	Marionette	DEBUG	Canceled page load listener because no navigation has been detected
1498661297978	Marionette	DEBUG	Canceled page load listener because no navigation has been detected
1498661299231	Marionette	DEBUG	Canceled page load listener because no navigation has been detected
1498661300489	Marionette	DEBUG	Canceled page load listener because no navigation has been detected
1498661301748	Marionette	DEBUG	Canceled page load listener because no navigation has been detected
1498661303003	Marionette	DEBUG	Canceled page load listener because no navigation has been detected
1498661304252	Marionette	DEBUG	Canceled page load listener because no navigation has been detected
1498661305503	Marionette	DEBUG	Canceled page load listener because no navigation has been detected
1498661306766	Marionette	DEBUG	Canceled page load listener because no navigation has been detected
1498661308023	Marionette	DEBUG	Canceled page load listener because no navigation has been detected
1498661309269	Marionette	DEBUG	Canceled page load listener because no navigation has been detected
1498661310519	Marionette	DEBUG	Canceled page load listener because no navigation has been detected
1498661311768	Marionette	DEBUG	Canceled page load listener because no navigation has been detected
1498661313035	Marionette	DEBUG	Canceled page load listener because no navigation has been detected
1498661314292	Marionette	DEBUG	Canceled page load listener because no navigation has been detected
1498661315539	Marionette	DEBUG	Canceled page load listener because no navigation has been detected
1498661316780	Marionette	DEBUG	Canceled page load listener because no navigation has been detected
1498661318035	Marionette	DEBUG	Canceled page load listener because no navigation has been detected
1498661319280	Marionette	DEBUG	Canceled page load listener because no navigation has been detected
1498661320544	Marionette	DEBUG	Canceled page load listener because no navigation has been detected
1498661321789	Marionette	DEBUG	Canceled page load listener because no navigation has been detected
1498661323038	Marionette	DEBUG	Canceled page load listener because no navigation has been detected
1498661324285	Marionette	DEBUG	Canceled page load listener because no navigation has been detected
1498661325528	Marionette	DEBUG	Canceled page load listener because no navigation has been detected
1498661326797	Marionette	DEBUG	Canceled page load listener because no navigation has been detected
1498661328051	Marionette	DEBUG	Canceled page load listener because no navigation has been detected
1498661329300	Marionette	DEBUG	Canceled page load listener because no navigation has been detected
1498661330579	Marionette	DEBUG	Canceled page load listener because no navigation has been detected
1498661331841	Marionette	DEBUG	Canceled page load listener because no navigation has been detected
1498661333095	Marionette	DEBUG	Canceled page load listener because no navigation has been detected
1498661334376	Marionette	DEBUG	Canceled page load listener because no navigation has been detected
1498661335658	Marionette	DEBUG	Canceled page load listener because no navigation has been detected
1498661336924	Marionette	DEBUG	Canceled page load listener because no navigation has been detected
1498661338211	Marionette	DEBUG	Canceled page load listener because no navigation has been detected
1498661339461	Marionette	DEBUG	Canceled page load listener because no navigation has been detected
1498661340731	Marionette	DEBUG	Canceled page load listener because no navigation has been detected
1498661341980	Marionette	DEBUG	Canceled page load listener because no navigation has been detected
1498661343245	Marionette	DEBUG	Canceled page load listener because no navigation has been detected
1498661344512	Marionette	DEBUG	Canceled page load listener because no navigation has been detected
1498661345773	Marionette	DEBUG	Canceled page load listener because no navigation has been detected
1498661347024	Marionette	DEBUG	Canceled page load listener because no navigation has been detected
1498661348278	Marionette	DEBUG	Canceled page load listener because no navigation has been detected
1498661349518	Marionette	DEBUG	Canceled page load listener because no navigation has been detected
1498661350782	Marionette	DEBUG	Canceled page load listener because no navigation has been detected
1498661352027	Marionette	DEBUG	Canceled page load listener because no navigation has been detected
1498661353276	Marionette	DEBUG	Canceled page load listener because no navigation has been detected
1498661354523	Marionette	DEBUG	Canceled page load listener because no navigation has been detected
1498661355794	Marionette	DEBUG	Canceled page load listener because no navigation has been detected
1498661357047	Marionette	DEBUG	Canceled page load listener because no navigation has been detected
1498661358297	Marionette	DEBUG	Canceled page load listener because no navigation has been detected
1498661359545	Marionette	DEBUG	Canceled page load listener because no navigation has been detected
1498661360823	Marionette	DEBUG	Canceled page load listener because no navigation has been detected
1498661362079	Marionette	DEBUG	Canceled page load listener because no navigation has been detected
1498661363326	Marionette	DEBUG	Canceled page load listener because no navigation has been detected
1498661386465	Marionette	INFO	New connections will no longer be accepted
