1496253183963	geckodriver	INFO	Listening on 127.0.0.1:61023
1496253185031	geckodriver::marionette	INFO	Starting browser /Users/Hannah/Applications/Firefox.app/Contents/MacOS/firefox-bin with args ["-marionette"]
1496253187448	Marionette	INFO	Listening on port 61030
1496253187553	Marionette	WARN	TLS certificate errors will be ignored for this session
2017-05-31 13:53:08.138 plugin-container[2557:139218] *** CFMessagePort: bootstrap_register(): failed 1100 (0x44c) 'Permission denied', port = 0x8f37, name = 'com.apple.tsm.portname'
See /usr/include/servers/bootstrap_defs.h for the error codes.
2017-05-31 13:53:08.139 plugin-container[2557:139218] *** CFMessagePort: bootstrap_register(): failed 1100 (0x44c) 'Permission denied', port = 0x904b, name = 'com.apple.CFPasteboardClient'
See /usr/include/servers/bootstrap_defs.h for the error codes.
2017-05-31 13:53:08.139 plugin-container[2557:139218] void __CFPasteboardSetup() : Failed to allocate communication port for com.apple.CFPasteboardClient; this is likely due to sandbox restrictions
*************************
A coding exception was thrown and uncaught in a Task.

Full message: TypeError: NetworkError when attempting to fetch resource.
Full stack: 
*************************
1498662962586	geckodriver	INFO	Listening on 127.0.0.1:61515
1498662964106	geckodriver::marionette	INFO	Starting browser /Users/Hannah/Applications/Firefox.app/Contents/MacOS/firefox-bin with args ["-marionette"]
1498662969009	Marionette	INFO	Listening on port 61522
1498662969107	Marionette	WARN	TLS certificate errors will be ignored for this session
1498662969412	Marionette	DEBUG	loaded listener.js
2017-06-28 11:16:09.515 plugin-container[4327:601448] *** CFMessagePort: bootstrap_register(): failed 1100 (0x44c) 'Permission denied', port = 0x8d3f, name = 'com.apple.tsm.portname'
See /usr/include/servers/bootstrap_defs.h for the error codes.
2017-06-28 11:16:09.519 plugin-container[4327:601448] *** CFMessagePort: bootstrap_register(): failed 1100 (0x44c) 'Permission denied', port = 0x901f, name = 'com.apple.CFPasteboardClient'
See /usr/include/servers/bootstrap_defs.h for the error codes.
2017-06-28 11:16:09.519 plugin-container[4327:601448] void __CFPasteboardSetup() : Failed to allocate communication port for com.apple.CFPasteboardClient; this is likely due to sandbox restrictions
1498662970153	Marionette	DEBUG	Received DOM event "beforeunload" for "about:blank"
1498662970237	Marionette	DEBUG	Received DOM event "pagehide" for "about:blank"
1498662970237	Marionette	DEBUG	Received DOM event "unload" for "about:blank"
1498662970835	Marionette	DEBUG	Received DOM event "DOMContentLoaded" for "http://hoopdeedoo.blogspot.com/"
1498662970872	Marionette	DEBUG	Received DOM event "DOMContentLoaded" for "https://www.blogger.com/navbar.g?targetBlogID=8896441419741853694&blogName=Gardening,+goofing+off+and+autism&publishMode=PUBLISH_MODE_BLOGSPOT&navbarType=LIGHT&layoutType=LAYOUTS&searchRoot=http://hoopdeedoo.blogspot.com/search&blogLocale=en&v=2&homepageUrl=http://hoopdeedoo.blogspot.com/&vt=-3976967421370946212&usegapi=1&jsh=m%3B%2F_%2Fscs%2Fapps-static%2F_%2Fjs%2Fk%3Doz.gapi.en_US.wpCNxUYJ7bc.O%2Fm%3D__features__%2Fam%3DEQ%2Frt%3Dj%2Fd%3D1%2Frs%3DAGLTcCMzAPKkk563KJa44hVm2hkiPHRLrw#id=navbar-iframe&parent=http%3A%2F%2Fhoopdeedoo.blogspot.com&pfname=&rpctoken=11320730"
1498662971167	Marionette	DEBUG	Received DOM event "DOMContentLoaded" for "https://apis.google.com/se/0/wm/1/"
1498662971244	Marionette	DEBUG	Received DOM event "pageshow" for "https://apis.google.com/se/0/wm/1/"
1498662971304	Marionette	DEBUG	Received DOM event "DOMContentLoaded" for "https://accounts.google.com/o/oauth2/postmessageRelay?parent=https%3A%2F%2Fwww.blogger.com&jsh=m%3B%2F_%2Fscs%2Fapps-static%2F_%2Fjs%2Fk%3Doz.gapi.en_US.wpCNxUYJ7bc.O%2Fm%3D__features__%2Fam%3DEQ%2Frt%3Dj%2Fd%3D1%2Frs%3DAGLTcCMzAPKkk563KJa44hVm2hkiPHRLrw#rpctoken=1169093881&forcesecure=1"
1498662971344	Marionette	DEBUG	Received DOM event "pageshow" for "https://accounts.google.com/o/oauth2/postmessageRelay?parent=https%3A%2F%2Fwww.blogger.com&jsh=m%3B%2F_%2Fscs%2Fapps-static%2F_%2Fjs%2Fk%3Doz.gapi.en_US.wpCNxUYJ7bc.O%2Fm%3D__features__%2Fam%3DEQ%2Frt%3Dj%2Fd%3D1%2Frs%3DAGLTcCMzAPKkk563KJa44hVm2hkiPHRLrw#rpctoken=1169093881&forcesecure=1"
1498662971346	Marionette	DEBUG	Received DOM event "pageshow" for "https://www.blogger.com/navbar.g?targetBlogID=8896441419741853694&blogName=Gardening,+goofing+off+and+autism&publishMode=PUBLISH_MODE_BLOGSPOT&navbarType=LIGHT&layoutType=LAYOUTS&searchRoot=http://hoopdeedoo.blogspot.com/search&blogLocale=en&v=2&homepageUrl=http://hoopdeedoo.blogspot.com/&vt=-3976967421370946212&usegapi=1&jsh=m%3B%2F_%2Fscs%2Fapps-static%2F_%2Fjs%2Fk%3Doz.gapi.en_US.wpCNxUYJ7bc.O%2Fm%3D__features__%2Fam%3DEQ%2Frt%3Dj%2Fd%3D1%2Frs%3DAGLTcCMzAPKkk563KJa44hVm2hkiPHRLrw#id=navbar-iframe&parent=http%3A%2F%2Fhoopdeedoo.blogspot.com&pfname=&rpctoken=11320730"
1498662982638	Marionette	DEBUG	Received DOM event "pageshow" for "http://hoopdeedoo.blogspot.com/"
1498662983029	Marionette	DEBUG	Canceled page load listener because no navigation has been detected
1498662984299	Marionette	DEBUG	Canceled page load listener because no navigation has been detected
1498662985558	Marionette	DEBUG	Canceled page load listener because no navigation has been detected
1498662986826	Marionette	DEBUG	Canceled page load listener because no navigation has been detected
1498662988091	Marionette	DEBUG	Canceled page load listener because no navigation has been detected
1498662989344	Marionette	DEBUG	Canceled page load listener because no navigation has been detected
1498662990382	Marionette	INFO	New connections will no longer be accepted
1498671613184	geckodriver	INFO	Listening on 127.0.0.1:65093
1498671614253	geckodriver::marionette	INFO	Starting browser /Users/Hannah/Applications/Firefox.app/Contents/MacOS/firefox-bin with args ["-marionette"]
1498671616532	Marionette	INFO	Listening on port 65100
1498671616649	Marionette	WARN	TLS certificate errors will be ignored for this session
1498671616860	Marionette	DEBUG	loaded listener.js
2017-06-28 13:40:16.974 plugin-container[5192:673738] *** CFMessagePort: bootstrap_register(): failed 1100 (0x44c) 'Permission denied', port = 0x8e3f, name = 'com.apple.tsm.portname'
See /usr/include/servers/bootstrap_defs.h for the error codes.
2017-06-28 13:40:16.979 plugin-container[5192:673738] *** CFMessagePort: bootstrap_register(): failed 1100 (0x44c) 'Permission denied', port = 0x8f2b, name = 'com.apple.CFPasteboardClient'
See /usr/include/servers/bootstrap_defs.h for the error codes.
2017-06-28 13:40:16.979 plugin-container[5192:673738] void __CFPasteboardSetup() : Failed to allocate communication port for com.apple.CFPasteboardClient; this is likely due to sandbox restrictions
1498671617237	Marionette	DEBUG	Received DOM event "beforeunload" for "about:blank"
1498671617301	Marionette	DEBUG	Received DOM event "pagehide" for "about:blank"
1498671617301	Marionette	DEBUG	Received DOM event "unload" for "about:blank"
1498671617876	Marionette	DEBUG	Received DOM event "DOMContentLoaded" for "http://hoopdeedoo.blogspot.com/"
1498671617963	Marionette	DEBUG	Received DOM event "DOMContentLoaded" for "https://www.blogger.com/navbar.g?targetBlogID=8896441419741853694&blogName=Gardening,+goofing+off+and+autism&publishMode=PUBLISH_MODE_BLOGSPOT&navbarType=LIGHT&layoutType=LAYOUTS&searchRoot=http://hoopdeedoo.blogspot.com/search&blogLocale=en&v=2&homepageUrl=http://hoopdeedoo.blogspot.com/&vt=-3976967421370946212&usegapi=1&jsh=m%3B%2F_%2Fscs%2Fapps-static%2F_%2Fjs%2Fk%3Doz.gapi.en_US.wpCNxUYJ7bc.O%2Fm%3D__features__%2Fam%3DAQ%2Frt%3Dj%2Fd%3D1%2Frs%3DAGLTcCP2kAF69smYVvU1nnoKCqrvBMsiwg#id=navbar-iframe&parent=http%3A%2F%2Fhoopdeedoo.blogspot.com&pfname=&rpctoken=32942671"
1498671618279	Marionette	DEBUG	Received DOM event "DOMContentLoaded" for "https://apis.google.com/se/0/wm/1/"
1498671618363	Marionette	DEBUG	Received DOM event "DOMContentLoaded" for "https://accounts.google.com/o/oauth2/postmessageRelay?parent=https%3A%2F%2Fwww.blogger.com&jsh=m%3B%2F_%2Fscs%2Fapps-static%2F_%2Fjs%2Fk%3Doz.gapi.en_US.wpCNxUYJ7bc.O%2Fm%3D__features__%2Fam%3DAQ%2Frt%3Dj%2Fd%3D1%2Frs%3DAGLTcCP2kAF69smYVvU1nnoKCqrvBMsiwg#rpctoken=1849006234&forcesecure=1"
1498671618369	Marionette	DEBUG	Received DOM event "pageshow" for "https://apis.google.com/se/0/wm/1/"
1498671618402	Marionette	DEBUG	Received DOM event "pageshow" for "https://accounts.google.com/o/oauth2/postmessageRelay?parent=https%3A%2F%2Fwww.blogger.com&jsh=m%3B%2F_%2Fscs%2Fapps-static%2F_%2Fjs%2Fk%3Doz.gapi.en_US.wpCNxUYJ7bc.O%2Fm%3D__features__%2Fam%3DAQ%2Frt%3Dj%2Fd%3D1%2Frs%3DAGLTcCP2kAF69smYVvU1nnoKCqrvBMsiwg#rpctoken=1849006234&forcesecure=1"
1498671618405	Marionette	DEBUG	Received DOM event "pageshow" for "https://www.blogger.com/navbar.g?targetBlogID=8896441419741853694&blogName=Gardening,+goofing+off+and+autism&publishMode=PUBLISH_MODE_BLOGSPOT&navbarType=LIGHT&layoutType=LAYOUTS&searchRoot=http://hoopdeedoo.blogspot.com/search&blogLocale=en&v=2&homepageUrl=http://hoopdeedoo.blogspot.com/&vt=-3976967421370946212&usegapi=1&jsh=m%3B%2F_%2Fscs%2Fapps-static%2F_%2Fjs%2Fk%3Doz.gapi.en_US.wpCNxUYJ7bc.O%2Fm%3D__features__%2Fam%3DAQ%2Frt%3Dj%2Fd%3D1%2Frs%3DAGLTcCP2kAF69smYVvU1nnoKCqrvBMsiwg#id=navbar-iframe&parent=http%3A%2F%2Fhoopdeedoo.blogspot.com&pfname=&rpctoken=32942671"
1498671629804	Marionette	DEBUG	Received DOM event "pageshow" for "http://hoopdeedoo.blogspot.com/"
1498671630226	Marionette	DEBUG	Canceled page load listener because no navigation has been detected
1498671631493	Marionette	DEBUG	Canceled page load listener because no navigation has been detected
1498671632751	Marionette	DEBUG	Canceled page load listener because no navigation has been detected
1498671634014	Marionette	DEBUG	Canceled page load listener because no navigation has been detected
1498671635270	Marionette	DEBUG	Canceled page load listener because no navigation has been detected
1498671636522	Marionette	DEBUG	Canceled page load listener because no navigation has been detected
1498671637561	Marionette	INFO	New connections will no longer be accepted
