1496256172077	geckodriver	INFO	Listening on 127.0.0.1:64539
1496256173141	geckodriver::marionette	INFO	Starting browser /Users/Hannah/Applications/Firefox.app/Contents/MacOS/firefox-bin with args ["-marionette"]
1496256175379	Marionette	INFO	Listening on port 64546
1496256175453	Marionette	WARN	TLS certificate errors will be ignored for this session
2017-05-31 14:42:55.926 plugin-container[3444:232950] *** CFMessagePort: bootstrap_register(): failed 1100 (0x44c) 'Permission denied', port = 0x8e3f, name = 'com.apple.tsm.portname'
See /usr/include/servers/bootstrap_defs.h for the error codes.
2017-05-31 14:42:55.926 plugin-container[3444:232950] *** CFMessagePort: bootstrap_register(): failed 1100 (0x44c) 'Permission denied', port = 0x901f, name = 'com.apple.CFPasteboardClient'
See /usr/include/servers/bootstrap_defs.h for the error codes.
2017-05-31 14:42:55.926 plugin-container[3444:232950] void __CFPasteboardSetup() : Failed to allocate communication port for com.apple.CFPasteboardClient; this is likely due to sandbox restrictions
*************************
A coding exception was thrown and uncaught in a Task.

Full message: TypeError: NetworkError when attempting to fetch resource.
Full stack: 
*************************
1498584426847	geckodriver	INFO	Listening on 127.0.0.1:65368
1498584430783	geckodriver::marionette	INFO	Starting browser /Users/Hannah/Applications/Firefox.app/Contents/MacOS/firefox-bin with args ["-marionette"]
1498584438009	Marionette	INFO	Listening on port 65388
1498584438182	Marionette	WARN	TLS certificate errors will be ignored for this session
1498584438825	Marionette	DEBUG	loaded listener.js
2017-06-27 13:27:18.964 plugin-container[2773:375834] *** CFMessagePort: bootstrap_register(): failed 1100 (0x44c) 'Permission denied', port = 0x8f3f, name = 'com.apple.tsm.portname'
See /usr/include/servers/bootstrap_defs.h for the error codes.
2017-06-27 13:27:18.965 plugin-container[2773:375834] *** CFMessagePort: bootstrap_register(): failed 1100 (0x44c) 'Permission denied', port = 0x5217, name = 'com.apple.CFPasteboardClient'
See /usr/include/servers/bootstrap_defs.h for the error codes.
2017-06-27 13:27:18.965 plugin-container[2773:375834] void __CFPasteboardSetup() : Failed to allocate communication port for com.apple.CFPasteboardClient; this is likely due to sandbox restrictions
1498584440192	Marionette	DEBUG	Received DOM event "beforeunload" for "about:blank"
1498584440300	Marionette	DEBUG	Received DOM event "pagehide" for "about:blank"
1498584440301	Marionette	DEBUG	Received DOM event "unload" for "about:blank"
1498584442289	Marionette	DEBUG	Received DOM event "DOMContentLoaded" for "https://www.blogger.com/navbar.g?targetBlogID=7343920797910396030&blogName=Mother+of+Shrek&publishMode=PUBLISH_MODE_BLOGSPOT&navbarType=BLACK&layoutType=LAYOUTS&searchRoot=http://motherofshrek.blogspot.com/search&blogLocale=en_GB&v=2&homepageUrl=http://motherofshrek.blogspot.com/&vt=-2016301229115511804&usegapi=1&jsh=m%3B%2F_%2Fscs%2Fapps-static%2F_%2Fjs%2Fk%3Doz.gapi.en_US.GfkYNo6gqPw.O%2Fm%3D__features__%2Fam%3DAQ%2Frt%3Dj%2Fd%3D1%2Frs%3DAGLTcCMb6GG45fF2HapKzrAkuFOe1Yx9QA#id=navbar-iframe&parent=http%3A%2F%2Fmotherofshrek.blogspot.com&pfname=&rpctoken=22986680"
1498584442440	Marionette	DEBUG	Received DOM event "DOMContentLoaded" for "http://motherofshrek.blogspot.com/"
1498584442728	Marionette	DEBUG	Received DOM event "DOMContentLoaded" for "https://apis.google.com/se/0/wm/1/"
1498584442788	Marionette	DEBUG	Received DOM event "DOMContentLoaded" for "https://apis.google.com/se/0/wm/1/"
1498584442815	Marionette	DEBUG	Received DOM event "DOMContentLoaded" for "https://apis.google.com/se/0/wm/1/"
1498584442827	Marionette	DEBUG	Received DOM event "DOMContentLoaded" for "https://apis.google.com/se/0/wm/1/"
1498584442832	Marionette	DEBUG	Received DOM event "DOMContentLoaded" for "https://apis.google.com/se/0/wm/1/"
1498584442862	Marionette	DEBUG	Received DOM event "pageshow" for "https://apis.google.com/se/0/wm/1/"
1498584442868	Marionette	DEBUG	Received DOM event "pageshow" for "https://apis.google.com/se/0/wm/1/"
1498584442873	Marionette	DEBUG	Received DOM event "DOMContentLoaded" for "https://apis.google.com/se/0/wm/1/"
1498584442897	Marionette	DEBUG	Received DOM event "DOMContentLoaded" for "https://apis.google.com/se/0/wm/1/"
1498584442903	Marionette	DEBUG	Received DOM event "DOMContentLoaded" for "https://apis.google.com/se/0/wm/1/"
1498584442930	Marionette	DEBUG	Received DOM event "pageshow" for "https://apis.google.com/se/0/wm/1/"
1498584442934	Marionette	DEBUG	Received DOM event "pageshow" for "https://apis.google.com/se/0/wm/1/"
1498584442940	Marionette	DEBUG	Received DOM event "pageshow" for "https://apis.google.com/se/0/wm/1/"
1498584442946	Marionette	DEBUG	Received DOM event "pageshow" for "https://apis.google.com/se/0/wm/1/"
1498584442955	Marionette	DEBUG	Received DOM event "pageshow" for "https://apis.google.com/se/0/wm/1/"
1498584442961	Marionette	DEBUG	Received DOM event "pageshow" for "https://apis.google.com/se/0/wm/1/"
1498584443248	Marionette	DEBUG	Received DOM event "DOMContentLoaded" for "https://apis.google.com/se/0/wm/1/"
1498584443322	Marionette	DEBUG	Received DOM event "pageshow" for "https://apis.google.com/se/0/wm/1/"
1498584443329	Marionette	DEBUG	Received DOM event "DOMContentLoaded" for "https://accounts.google.com/o/oauth2/postmessageRelay?parent=http%3A%2F%2Fmotherofshrek.blogspot.com&jsh=m%3B%2F_%2Fscs%2Fapps-static%2F_%2Fjs%2Fk%3Doz.gapi.en_US.GfkYNo6gqPw.O%2Fm%3D__features__%2Fam%3DAQ%2Frt%3Dj%2Fd%3D1%2Frs%3DAGLTcCMb6GG45fF2HapKzrAkuFOe1Yx9QA#rpctoken=275670981&forcesecure=1"
1498584443856	Marionette	DEBUG	Received DOM event "DOMContentLoaded" for "https://www.youtube.com/embed/WmdfqevzJ6E?hl=en&fs=1"
1498584443883	Marionette	DEBUG	Received DOM event "DOMContentLoaded" for "https://www.youtube.com/embed/3OR69sy4C8Y"
1498584443894	Marionette	DEBUG	Received DOM event "pageshow" for "https://accounts.google.com/o/oauth2/postmessageRelay?parent=http%3A%2F%2Fmotherofshrek.blogspot.com&jsh=m%3B%2F_%2Fscs%2Fapps-static%2F_%2Fjs%2Fk%3Doz.gapi.en_US.GfkYNo6gqPw.O%2Fm%3D__features__%2Fam%3DAQ%2Frt%3Dj%2Fd%3D1%2Frs%3DAGLTcCMb6GG45fF2HapKzrAkuFOe1Yx9QA#rpctoken=275670981&forcesecure=1"
1498584443965	Marionette	DEBUG	Received DOM event "DOMContentLoaded" for "https://accounts.google.com/o/oauth2/postmessageRelay?parent=https%3A%2F%2Fwww.blogger.com&jsh=m%3B%2F_%2Fscs%2Fapps-static%2F_%2Fjs%2Fk%3Doz.gapi.en_US.GfkYNo6gqPw.O%2Fm%3D__features__%2Fam%3DAQ%2Frt%3Dj%2Fd%3D1%2Frs%3DAGLTcCMb6GG45fF2HapKzrAkuFOe1Yx9QA#rpctoken=306321443&forcesecure=1"
1498584444348	Marionette	DEBUG	Received DOM event "pageshow" for "https://www.youtube.com/embed/3OR69sy4C8Y"
1498584444593	Marionette	DEBUG	Received DOM event "pageshow" for "https://accounts.google.com/o/oauth2/postmessageRelay?parent=https%3A%2F%2Fwww.blogger.com&jsh=m%3B%2F_%2Fscs%2Fapps-static%2F_%2Fjs%2Fk%3Doz.gapi.en_US.GfkYNo6gqPw.O%2Fm%3D__features__%2Fam%3DAQ%2Frt%3Dj%2Fd%3D1%2Frs%3DAGLTcCMb6GG45fF2HapKzrAkuFOe1Yx9QA#rpctoken=306321443&forcesecure=1"
1498584444595	Marionette	DEBUG	Received DOM event "pageshow" for "https://www.blogger.com/navbar.g?targetBlogID=7343920797910396030&blogName=Mother+of+Shrek&publishMode=PUBLISH_MODE_BLOGSPOT&navbarType=BLACK&layoutType=LAYOUTS&searchRoot=http://motherofshrek.blogspot.com/search&blogLocale=en_GB&v=2&homepageUrl=http://motherofshrek.blogspot.com/&vt=-2016301229115511804&usegapi=1&jsh=m%3B%2F_%2Fscs%2Fapps-static%2F_%2Fjs%2Fk%3Doz.gapi.en_US.GfkYNo6gqPw.O%2Fm%3D__features__%2Fam%3DAQ%2Frt%3Dj%2Fd%3D1%2Frs%3DAGLTcCMb6GG45fF2HapKzrAkuFOe1Yx9QA#id=navbar-iframe&parent=http%3A%2F%2Fmotherofshrek.blogspot.com&pfname=&rpctoken=22986680"
1498584444617	Marionette	DEBUG	Received DOM event "pageshow" for "https://www.youtube.com/embed/WmdfqevzJ6E?hl=en&fs=1"
1498584444763	Marionette	DEBUG	Received DOM event "DOMContentLoaded" for "https://www.blogger.com/followers.g?blogID=7343920797910396030&colors=Cgt0cmFuc3BhcmVudBILdHJhbnNwYXJlbnQaByM5OTk5OTkiByM5OWFhZGQqByMwMDAwMDAyByNjYzAwMDA6ByM5OTk5OTlCByM5OWFhZGRKByNlNmU2ZTZSByM5OWFhZGRaC3RyYW5zcGFyZW50&pageSize=21&origin=http%3A%2F%2Fmotherofshrek.blogspot.com%2F&usegapi=1&jsh=m%3B%2F_%2Fscs%2Fapps-static%2F_%2Fjs%2Fk%3Doz.gapi.en_US.GfkYNo6gqPw.O%2Fm%3D__features__%2Fam%3DAQ%2Frt%3Dj%2Fd%3D1%2Frs%3DAGLTcCMb6GG45fF2HapKzrAkuFOe1Yx9QA&bpli=1#id=I0_1498584441391&parent=http%3A%2F%2Fmotherofshrek.blogspot.com&pfname=&rpctoken=27083395"
1498584445130	Marionette	DEBUG	Received observer notification "outer-window-destroyed" for "2147483688"
1498584445380	Marionette	DEBUG	Received observer notification "outer-window-destroyed" for "2147483690"
1498584445670	Marionette	DEBUG	Received DOM event "pageshow" for "https://www.blogger.com/followers.g?blogID=7343920797910396030&colors=Cgt0cmFuc3BhcmVudBILdHJhbnNwYXJlbnQaByM5OTk5OTkiByM5OWFhZGQqByMwMDAwMDAyByNjYzAwMDA6ByM5OTk5OTlCByM5OWFhZGRKByNlNmU2ZTZSByM5OWFhZGRaC3RyYW5zcGFyZW50&pageSize=21&origin=http%3A%2F%2Fmotherofshrek.blogspot.com%2F&usegapi=1&jsh=m%3B%2F_%2Fscs%2Fapps-static%2F_%2Fjs%2Fk%3Doz.gapi.en_US.GfkYNo6gqPw.O%2Fm%3D__features__%2Fam%3DAQ%2Frt%3Dj%2Fd%3D1%2Frs%3DAGLTcCMb6GG45fF2HapKzrAkuFOe1Yx9QA&bpli=1#id=I0_1498584441391&parent=http%3A%2F%2Fmotherofshrek.blogspot.com&pfname=&rpctoken=27083395"
1498584517588	Marionette	DEBUG	Received DOM event "pageshow" for "http://motherofshrek.blogspot.com/"
*************************
A coding exception was thrown and uncaught in a Task.

Full message: TypeError: NetworkError when attempting to fetch resource.
Full stack: 
*************************
1498585195883	Marionette	INFO	Ceased listening
1498660957981	geckodriver	INFO	Listening on 127.0.0.1:50148
1498660959052	geckodriver::marionette	INFO	Starting browser /Users/Hannah/Applications/Firefox.app/Contents/MacOS/firefox-bin with args ["-marionette"]
1498660961417	Marionette	INFO	Listening on port 50157
1498660961490	Marionette	WARN	TLS certificate errors will be ignored for this session
1498660961788	Marionette	DEBUG	loaded listener.js
2017-06-28 10:42:41.879 plugin-container[4129:581933] *** CFMessagePort: bootstrap_register(): failed 1100 (0x44c) 'Permission denied', port = 0x8e3f, name = 'com.apple.tsm.portname'
See /usr/include/servers/bootstrap_defs.h for the error codes.
2017-06-28 10:42:41.880 plugin-container[4129:581933] *** CFMessagePort: bootstrap_register(): failed 1100 (0x44c) 'Permission denied', port = 0x9027, name = 'com.apple.CFPasteboardClient'
See /usr/include/servers/bootstrap_defs.h for the error codes.
2017-06-28 10:42:41.880 plugin-container[4129:581933] void __CFPasteboardSetup() : Failed to allocate communication port for com.apple.CFPasteboardClient; this is likely due to sandbox restrictions
1498660962396	Marionette	DEBUG	Received DOM event "beforeunload" for "about:blank"
1498660962494	Marionette	DEBUG	Received DOM event "pagehide" for "about:blank"
1498660962495	Marionette	DEBUG	Received DOM event "unload" for "about:blank"
1498660963987	Marionette	DEBUG	Received DOM event "DOMContentLoaded" for "https://www.blogger.com/navbar.g?targetBlogID=7343920797910396030&blogName=Mother+of+Shrek&publishMode=PUBLISH_MODE_BLOGSPOT&navbarType=BLACK&layoutType=LAYOUTS&searchRoot=http://motherofshrek.blogspot.com/search&blogLocale=en_GB&v=2&homepageUrl=http://motherofshrek.blogspot.com/&vt=-2016301229115511804&usegapi=1&jsh=m%3B%2F_%2Fscs%2Fapps-static%2F_%2Fjs%2Fk%3Doz.gapi.en_US.wpCNxUYJ7bc.O%2Fm%3D__features__%2Fam%3DAQ%2Frt%3Dj%2Fd%3D1%2Frs%3DAGLTcCP2kAF69smYVvU1nnoKCqrvBMsiwg#id=navbar-iframe&parent=http%3A%2F%2Fmotherofshrek.blogspot.com&pfname=&rpctoken=20580136"
1498660964058	Marionette	DEBUG	Received DOM event "DOMContentLoaded" for "http://motherofshrek.blogspot.com/"
1498660964330	Marionette	DEBUG	Received DOM event "DOMContentLoaded" for "https://apis.google.com/se/0/wm/1/"
1498660964345	Marionette	DEBUG	Received DOM event "DOMContentLoaded" for "https://apis.google.com/se/0/wm/1/"
1498660964353	Marionette	DEBUG	Received DOM event "DOMContentLoaded" for "https://apis.google.com/se/0/wm/1/"
1498660964371	Marionette	DEBUG	Received DOM event "DOMContentLoaded" for "https://apis.google.com/se/0/wm/1/"
1498660964391	Marionette	DEBUG	Received DOM event "pageshow" for "https://apis.google.com/se/0/wm/1/"
1498660964400	Marionette	DEBUG	Received DOM event "DOMContentLoaded" for "https://apis.google.com/se/0/wm/1/"
1498660964408	Marionette	DEBUG	Received DOM event "DOMContentLoaded" for "https://apis.google.com/se/0/wm/1/"
1498660964418	Marionette	DEBUG	Received DOM event "DOMContentLoaded" for "https://apis.google.com/se/0/wm/1/"
1498660964425	Marionette	DEBUG	Received DOM event "DOMContentLoaded" for "https://apis.google.com/se/0/wm/1/"
1498660964438	Marionette	DEBUG	Received DOM event "pageshow" for "https://apis.google.com/se/0/wm/1/"
1498660964442	Marionette	DEBUG	Received DOM event "pageshow" for "https://apis.google.com/se/0/wm/1/"
1498660964448	Marionette	DEBUG	Received DOM event "pageshow" for "https://apis.google.com/se/0/wm/1/"
1498660964452	Marionette	DEBUG	Received DOM event "pageshow" for "https://apis.google.com/se/0/wm/1/"
1498660964456	Marionette	DEBUG	Received DOM event "pageshow" for "https://apis.google.com/se/0/wm/1/"
1498660964461	Marionette	DEBUG	Received DOM event "pageshow" for "https://apis.google.com/se/0/wm/1/"
1498660964465	Marionette	DEBUG	Received DOM event "pageshow" for "https://apis.google.com/se/0/wm/1/"
1498660964709	Marionette	DEBUG	Received DOM event "DOMContentLoaded" for "https://accounts.google.com/o/oauth2/postmessageRelay?parent=http%3A%2F%2Fmotherofshrek.blogspot.com&jsh=m%3B%2F_%2Fscs%2Fapps-static%2F_%2Fjs%2Fk%3Doz.gapi.en_US.wpCNxUYJ7bc.O%2Fm%3D__features__%2Fam%3DAQ%2Frt%3Dj%2Fd%3D1%2Frs%3DAGLTcCP2kAF69smYVvU1nnoKCqrvBMsiwg#rpctoken=1592250710&forcesecure=1"
1498660964716	Marionette	DEBUG	Received DOM event "DOMContentLoaded" for "https://apis.google.com/se/0/wm/1/"
1498660964721	Marionette	DEBUG	Received DOM event "pageshow" for "https://apis.google.com/se/0/wm/1/"
1498660965142	Marionette	DEBUG	Received DOM event "DOMContentLoaded" for "https://www.youtube.com/embed/WmdfqevzJ6E?hl=en&fs=1"
1498660965153	Marionette	DEBUG	Received DOM event "DOMContentLoaded" for "https://www.youtube.com/embed/3OR69sy4C8Y"
1498660965167	Marionette	DEBUG	Received DOM event "pageshow" for "https://accounts.google.com/o/oauth2/postmessageRelay?parent=http%3A%2F%2Fmotherofshrek.blogspot.com&jsh=m%3B%2F_%2Fscs%2Fapps-static%2F_%2Fjs%2Fk%3Doz.gapi.en_US.wpCNxUYJ7bc.O%2Fm%3D__features__%2Fam%3DAQ%2Frt%3Dj%2Fd%3D1%2Frs%3DAGLTcCP2kAF69smYVvU1nnoKCqrvBMsiwg#rpctoken=1592250710&forcesecure=1"
1498660965185	Marionette	DEBUG	Received DOM event "pageshow" for "https://www.youtube.com/embed/WmdfqevzJ6E?hl=en&fs=1"
1498660965188	Marionette	DEBUG	Received DOM event "pageshow" for "https://www.youtube.com/embed/3OR69sy4C8Y"
1498660965204	Marionette	DEBUG	Received DOM event "DOMContentLoaded" for "https://accounts.google.com/o/oauth2/postmessageRelay?parent=https%3A%2F%2Fwww.blogger.com&jsh=m%3B%2F_%2Fscs%2Fapps-static%2F_%2Fjs%2Fk%3Doz.gapi.en_US.wpCNxUYJ7bc.O%2Fm%3D__features__%2Fam%3DAQ%2Frt%3Dj%2Fd%3D1%2Frs%3DAGLTcCP2kAF69smYVvU1nnoKCqrvBMsiwg#rpctoken=402059688&forcesecure=1"
1498660965629	Marionette	DEBUG	Received DOM event "pageshow" for "https://accounts.google.com/o/oauth2/postmessageRelay?parent=https%3A%2F%2Fwww.blogger.com&jsh=m%3B%2F_%2Fscs%2Fapps-static%2F_%2Fjs%2Fk%3Doz.gapi.en_US.wpCNxUYJ7bc.O%2Fm%3D__features__%2Fam%3DAQ%2Frt%3Dj%2Fd%3D1%2Frs%3DAGLTcCP2kAF69smYVvU1nnoKCqrvBMsiwg#rpctoken=402059688&forcesecure=1"
1498660965630	Marionette	DEBUG	Received DOM event "pageshow" for "https://www.blogger.com/navbar.g?targetBlogID=7343920797910396030&blogName=Mother+of+Shrek&publishMode=PUBLISH_MODE_BLOGSPOT&navbarType=BLACK&layoutType=LAYOUTS&searchRoot=http://motherofshrek.blogspot.com/search&blogLocale=en_GB&v=2&homepageUrl=http://motherofshrek.blogspot.com/&vt=-2016301229115511804&usegapi=1&jsh=m%3B%2F_%2Fscs%2Fapps-static%2F_%2Fjs%2Fk%3Doz.gapi.en_US.wpCNxUYJ7bc.O%2Fm%3D__features__%2Fam%3DAQ%2Frt%3Dj%2Fd%3D1%2Frs%3DAGLTcCP2kAF69smYVvU1nnoKCqrvBMsiwg#id=navbar-iframe&parent=http%3A%2F%2Fmotherofshrek.blogspot.com&pfname=&rpctoken=20580136"
1498660965738	Marionette	DEBUG	Received DOM event "DOMContentLoaded" for "https://www.blogger.com/followers.g?blogID=7343920797910396030&colors=Cgt0cmFuc3BhcmVudBILdHJhbnNwYXJlbnQaByM5OTk5OTkiByM5OWFhZGQqByMwMDAwMDAyByNjYzAwMDA6ByM5OTk5OTlCByM5OWFhZGRKByNlNmU2ZTZSByM5OWFhZGRaC3RyYW5zcGFyZW50&pageSize=21&origin=http%3A%2F%2Fmotherofshrek.blogspot.com%2F&usegapi=1&jsh=m%3B%2F_%2Fscs%2Fapps-static%2F_%2Fjs%2Fk%3Doz.gapi.en_US.wpCNxUYJ7bc.O%2Fm%3D__features__%2Fam%3DAQ%2Frt%3Dj%2Fd%3D1%2Frs%3DAGLTcCP2kAF69smYVvU1nnoKCqrvBMsiwg&bpli=1#id=I0_1498660963777&parent=http%3A%2F%2Fmotherofshrek.blogspot.com&pfname=&rpctoken=37100983"
1498660966021	Marionette	DEBUG	Received observer notification "outer-window-destroyed" for "2147483689"
1498660966205	Marionette	DEBUG	Received observer notification "outer-window-destroyed" for "2147483691"
1498660966217	Marionette	DEBUG	Received DOM event "pageshow" for "https://www.blogger.com/followers.g?blogID=7343920797910396030&colors=Cgt0cmFuc3BhcmVudBILdHJhbnNwYXJlbnQaByM5OTk5OTkiByM5OWFhZGQqByMwMDAwMDAyByNjYzAwMDA6ByM5OTk5OTlCByM5OWFhZGRKByNlNmU2ZTZSByM5OWFhZGRaC3RyYW5zcGFyZW50&pageSize=21&origin=http%3A%2F%2Fmotherofshrek.blogspot.com%2F&usegapi=1&jsh=m%3B%2F_%2Fscs%2Fapps-static%2F_%2Fjs%2Fk%3Doz.gapi.en_US.wpCNxUYJ7bc.O%2Fm%3D__features__%2Fam%3DAQ%2Frt%3Dj%2Fd%3D1%2Frs%3DAGLTcCP2kAF69smYVvU1nnoKCqrvBMsiwg&bpli=1#id=I0_1498660963777&parent=http%3A%2F%2Fmotherofshrek.blogspot.com&pfname=&rpctoken=37100983"
1498661040821	Marionette	DEBUG	Received DOM event "pageshow" for "http://motherofshrek.blogspot.com/"
1498661041313	Marionette	DEBUG	Canceled page load listener because no navigation has been detected
1498661042578	Marionette	DEBUG	Canceled page load listener because no navigation has been detected
1498661043862	Marionette	DEBUG	Canceled page load listener because no navigation has been detected
1498661045140	Marionette	DEBUG	Canceled page load listener because no navigation has been detected
1498661046395	Marionette	DEBUG	Canceled page load listener because no navigation has been detected
1498661047638	Marionette	DEBUG	Canceled page load listener because no navigation has been detected
1498661048923	Marionette	DEBUG	Canceled page load listener because no navigation has been detected
1498661050221	Marionette	DEBUG	Canceled page load listener because no navigation has been detected
1498661051468	Marionette	DEBUG	Canceled page load listener because no navigation has been detected
1498661052721	Marionette	DEBUG	Canceled page load listener because no navigation has been detected
1498661053972	Marionette	DEBUG	Canceled page load listener because no navigation has been detected
1498661055244	Marionette	DEBUG	Canceled page load listener because no navigation has been detected
1498661056495	Marionette	DEBUG	Canceled page load listener because no navigation has been detected
1498661057744	Marionette	DEBUG	Canceled page load listener because no navigation has been detected
1498661058999	Marionette	DEBUG	Canceled page load listener because no navigation has been detected
1498661060243	Marionette	DEBUG	Canceled page load listener because no navigation has been detected
1498661061520	Marionette	DEBUG	Canceled page load listener because no navigation has been detected
1498661062770	Marionette	DEBUG	Canceled page load listener because no navigation has been detected
1498661064022	Marionette	DEBUG	Canceled page load listener because no navigation has been detected
1498661065265	Marionette	DEBUG	Canceled page load listener because no navigation has been detected
1498661066508	Marionette	DEBUG	Canceled page load listener because no navigation has been detected
1498661067763	Marionette	DEBUG	Canceled page load listener because no navigation has been detected
1498661069009	Marionette	DEBUG	Canceled page load listener because no navigation has been detected
1498661070254	Marionette	DEBUG	Canceled page load listener because no navigation has been detected
1498661071503	Marionette	DEBUG	Canceled page load listener because no navigation has been detected
1498661072743	Marionette	DEBUG	Canceled page load listener because no navigation has been detected
1498661073997	Marionette	DEBUG	Canceled page load listener because no navigation has been detected
1498661075245	Marionette	DEBUG	Canceled page load listener because no navigation has been detected
1498661076495	Marionette	DEBUG	Canceled page load listener because no navigation has been detected
1498661077743	Marionette	DEBUG	Canceled page load listener because no navigation has been detected
1498661079012	Marionette	DEBUG	Canceled page load listener because no navigation has been detected
1498661080292	Marionette	DEBUG	Canceled page load listener because no navigation has been detected
1498661081538	Marionette	DEBUG	Canceled page load listener because no navigation has been detected
1498661082793	Marionette	DEBUG	Canceled page load listener because no navigation has been detected
1498661084043	Marionette	DEBUG	Canceled page load listener because no navigation has been detected
1498661085298	Marionette	DEBUG	Canceled page load listener because no navigation has been detected
1498661086564	Marionette	DEBUG	Canceled page load listener because no navigation has been detected
1498661087816	Marionette	DEBUG	Canceled page load listener because no navigation has been detected
1498661089071	Marionette	DEBUG	Canceled page load listener because no navigation has been detected
1498661090326	Marionette	DEBUG	Canceled page load listener because no navigation has been detected
1498661091568	Marionette	DEBUG	Canceled page load listener because no navigation has been detected
1498661092812	Marionette	DEBUG	Canceled page load listener because no navigation has been detected
1498661094067	Marionette	DEBUG	Canceled page load listener because no navigation has been detected
1498661095313	Marionette	DEBUG	Canceled page load listener because no navigation has been detected
1498661096560	Marionette	DEBUG	Canceled page load listener because no navigation has been detected
1498661097805	Marionette	DEBUG	Canceled page load listener because no navigation has been detected
1498661099051	Marionette	DEBUG	Canceled page load listener because no navigation has been detected
1498661100311	Marionette	DEBUG	Canceled page load listener because no navigation has been detected
1498661118291	Marionette	INFO	New connections will no longer be accepted
