1496252871696	geckodriver	INFO	Listening on 127.0.0.1:60696
1496252872758	geckodriver::marionette	INFO	Starting browser /Users/Hannah/Applications/Firefox.app/Contents/MacOS/firefox-bin with args ["-marionette"]
1496252874971	Marionette	INFO	Listening on port 60703
1496252875078	Marionette	WARN	TLS certificate errors will be ignored for this session
2017-05-31 13:47:55.561 plugin-container[2538:137820] *** CFMessagePort: bootstrap_register(): failed 1100 (0x44c) 'Permission denied', port = 0x904b, name = 'com.apple.tsm.portname'
See /usr/include/servers/bootstrap_defs.h for the error codes.
2017-05-31 13:47:55.567 plugin-container[2538:137820] *** CFMessagePort: bootstrap_register(): failed 1100 (0x44c) 'Permission denied', port = 0x8e1f, name = 'com.apple.CFPasteboardClient'
See /usr/include/servers/bootstrap_defs.h for the error codes.
2017-05-31 13:47:55.567 plugin-container[2538:137820] void __CFPasteboardSetup() : Failed to allocate communication port for com.apple.CFPasteboardClient; this is likely due to sandbox restrictions
*************************
A coding exception was thrown and uncaught in a Task.

Full message: TypeError: NetworkError when attempting to fetch resource.
Full stack: 
*************************
1498584170688	geckodriver	INFO	Listening on 127.0.0.1:63895
1498584171779	geckodriver::marionette	INFO	Starting browser /Users/Hannah/Applications/Firefox.app/Contents/MacOS/firefox-bin with args ["-marionette"]
1498584174524	Marionette	INFO	Listening on port 63905
1498584174657	Marionette	WARN	TLS certificate errors will be ignored for this session
1498584174981	Marionette	DEBUG	loaded listener.js
2017-06-27 13:22:55.099 plugin-container[2738:373098] *** CFMessagePort: bootstrap_register(): failed 1100 (0x44c) 'Permission denied', port = 0x913f, name = 'com.apple.tsm.portname'
See /usr/include/servers/bootstrap_defs.h for the error codes.
2017-06-27 13:22:55.101 plugin-container[2738:373098] *** CFMessagePort: bootstrap_register(): failed 1100 (0x44c) 'Permission denied', port = 0x5407, name = 'com.apple.CFPasteboardClient'
See /usr/include/servers/bootstrap_defs.h for the error codes.
2017-06-27 13:22:55.101 plugin-container[2738:373098] void __CFPasteboardSetup() : Failed to allocate communication port for com.apple.CFPasteboardClient; this is likely due to sandbox restrictions
1498584175408	Marionette	DEBUG	Received DOM event "beforeunload" for "about:blank"
1498584175493	Marionette	DEBUG	Received DOM event "pagehide" for "about:blank"
1498584175493	Marionette	DEBUG	Received DOM event "unload" for "about:blank"
1498584176586	Marionette	DEBUG	Received DOM event "DOMContentLoaded" for "http://elvis-sightings.blogspot.com/"
1498584176842	Marionette	DEBUG	Received DOM event "DOMContentLoaded" for "https://www.blogger.com/navbar.g?targetBlogID=2811189992135134605&blogName=Elvis+Sightings&publishMode=PUBLISH_MODE_BLOGSPOT&navbarType=LIGHT&layoutType=LAYOUTS&searchRoot=http://elvis-sightings.blogspot.com/search&blogLocale=en&v=2&homepageUrl=http://elvis-sightings.blogspot.com/&vt=7357760458763926823&usegapi=1&jsh=m%3B%2F_%2Fscs%2Fapps-static%2F_%2Fjs%2Fk%3Doz.gapi.en_US.GfkYNo6gqPw.O%2Fm%3D__features__%2Fam%3DEQ%2Frt%3Dj%2Fd%3D1%2Frs%3DAGLTcCMJgBcU0Z0eWj4ZR2LIJ6n1In4ukg#id=navbar-iframe&parent=http%3A%2F%2Felvis-sightings.blogspot.com&pfname=&rpctoken=36263926"
1498584177110	Marionette	DEBUG	Received DOM event "DOMContentLoaded" for "https://apis.google.com/se/0/wm/1/"
1498584177232	Marionette	DEBUG	Received DOM event "DOMContentLoaded" for "https://apis.google.com/se/0/wm/1/"
1498584177330	Marionette	DEBUG	Received DOM event "pageshow" for "https://apis.google.com/se/0/wm/1/"
1498584177336	Marionette	DEBUG	Received DOM event "DOMContentLoaded" for "https://apis.google.com/se/0/wm/1/"
1498584177343	Marionette	DEBUG	Received DOM event "pageshow" for "https://apis.google.com/se/0/wm/1/"
1498584177365	Marionette	DEBUG	Received DOM event "DOMContentLoaded" for "https://apis.google.com/se/0/wm/1/"
1498584177378	Marionette	DEBUG	Received DOM event "DOMContentLoaded" for "https://apis.google.com/se/0/wm/1/"
1498584177388	Marionette	DEBUG	Received DOM event "DOMContentLoaded" for "https://apis.google.com/se/0/wm/1/"
1498584177398	Marionette	DEBUG	Received DOM event "DOMContentLoaded" for "https://apis.google.com/se/0/wm/1/"
1498584177416	Marionette	DEBUG	Received DOM event "pageshow" for "https://apis.google.com/se/0/wm/1/"
1498584177423	Marionette	DEBUG	Received DOM event "pageshow" for "https://apis.google.com/se/0/wm/1/"
1498584177433	Marionette	DEBUG	Received DOM event "pageshow" for "https://apis.google.com/se/0/wm/1/"
1498584177439	Marionette	DEBUG	Received DOM event "pageshow" for "https://apis.google.com/se/0/wm/1/"
1498584177446	Marionette	DEBUG	Received DOM event "pageshow" for "https://apis.google.com/se/0/wm/1/"
1498584177914	Marionette	DEBUG	Received DOM event "DOMContentLoaded" for "https://apis.google.com/se/0/wm/1/"
1498584177918	Marionette	DEBUG	Received DOM event "pageshow" for "https://apis.google.com/se/0/wm/1/"
1498584177937	Marionette	DEBUG	Received DOM event "DOMContentLoaded" for "https://www.facebook.com/plugins/likebox.php?href=http%3A%2F%2Fwww.facebook.com%2Fpages%2FElvis-Sightings%2F114469201956805&width=250&colorscheme=light&connections=0&stream=false&header=false&height=80"
1498584177940	Marionette	DEBUG	Received DOM event "DOMContentLoaded" for "https://accounts.google.com/o/oauth2/postmessageRelay?parent=http%3A%2F%2Felvis-sightings.blogspot.com&jsh=m%3B%2F_%2Fscs%2Fapps-static%2F_%2Fjs%2Fk%3Doz.gapi.en_US.GfkYNo6gqPw.O%2Fm%3D__features__%2Fam%3DEQ%2Frt%3Dj%2Fd%3D1%2Frs%3DAGLTcCMJgBcU0Z0eWj4ZR2LIJ6n1In4ukg#rpctoken=607876354&forcesecure=1"
1498584178024	Marionette	DEBUG	Received DOM event "pageshow" for "https://www.facebook.com/plugins/likebox.php?href=http%3A%2F%2Fwww.facebook.com%2Fpages%2FElvis-Sightings%2F114469201956805&width=250&colorscheme=light&connections=0&stream=false&header=false&height=80"
1498584178052	Marionette	DEBUG	Received DOM event "pageshow" for "https://accounts.google.com/o/oauth2/postmessageRelay?parent=http%3A%2F%2Felvis-sightings.blogspot.com&jsh=m%3B%2F_%2Fscs%2Fapps-static%2F_%2Fjs%2Fk%3Doz.gapi.en_US.GfkYNo6gqPw.O%2Fm%3D__features__%2Fam%3DEQ%2Frt%3Dj%2Fd%3D1%2Frs%3DAGLTcCMJgBcU0Z0eWj4ZR2LIJ6n1In4ukg#rpctoken=607876354&forcesecure=1"
1498584178054	Marionette	DEBUG	Received DOM event "DOMContentLoaded" for "http://mpp.vindicosuite.com/?y=3&t=h&u=http%3A%2F%2Felvis-sightings.blogspot.com%2F&r="
1498584178058	Marionette	DEBUG	Received DOM event "pageshow" for "http://mpp.vindicosuite.com/?y=3&t=h&u=http%3A%2F%2Felvis-sightings.blogspot.com%2F&r="
1498584178093	Marionette	DEBUG	Received DOM event "DOMContentLoaded" for "https://accounts.google.com/o/oauth2/postmessageRelay?parent=https%3A%2F%2Fwww.blogger.com&jsh=m%3B%2F_%2Fscs%2Fapps-static%2F_%2Fjs%2Fk%3Doz.gapi.en_US.GfkYNo6gqPw.O%2Fm%3D__features__%2Fam%3DEQ%2Frt%3Dj%2Fd%3D1%2Frs%3DAGLTcCMJgBcU0Z0eWj4ZR2LIJ6n1In4ukg#rpctoken=423649561&forcesecure=1"
1498584178131	Marionette	DEBUG	Received DOM event "pageshow" for "https://accounts.google.com/o/oauth2/postmessageRelay?parent=https%3A%2F%2Fwww.blogger.com&jsh=m%3B%2F_%2Fscs%2Fapps-static%2F_%2Fjs%2Fk%3Doz.gapi.en_US.GfkYNo6gqPw.O%2Fm%3D__features__%2Fam%3DEQ%2Frt%3Dj%2Fd%3D1%2Frs%3DAGLTcCMJgBcU0Z0eWj4ZR2LIJ6n1In4ukg#rpctoken=423649561&forcesecure=1"
1498584178133	Marionette	DEBUG	Received DOM event "pageshow" for "https://www.blogger.com/navbar.g?targetBlogID=2811189992135134605&blogName=Elvis+Sightings&publishMode=PUBLISH_MODE_BLOGSPOT&navbarType=LIGHT&layoutType=LAYOUTS&searchRoot=http://elvis-sightings.blogspot.com/search&blogLocale=en&v=2&homepageUrl=http://elvis-sightings.blogspot.com/&vt=7357760458763926823&usegapi=1&jsh=m%3B%2F_%2Fscs%2Fapps-static%2F_%2Fjs%2Fk%3Doz.gapi.en_US.GfkYNo6gqPw.O%2Fm%3D__features__%2Fam%3DEQ%2Frt%3Dj%2Fd%3D1%2Frs%3DAGLTcCMJgBcU0Z0eWj4ZR2LIJ6n1In4ukg#id=navbar-iframe&parent=http%3A%2F%2Felvis-sightings.blogspot.com&pfname=&rpctoken=36263926"
1498584178289	Marionette	DEBUG	Received DOM event "pageshow" for "http://elvis-sightings.blogspot.com/"
*************************
A coding exception was thrown and uncaught in a Task.

Full message: TypeError: NetworkError when attempting to fetch resource.
Full stack: 
*************************
IPDL protocol error: Handler returned error code!

###!!! [Parent][DispatchAsyncMessage] Error: PLayerTransaction::Msg_ReleaseLayer Processing error: message was deserialized, but the handler returned false (indicating failure)


###!!! [Child][MessageChannel] Error: (msgtype=0x440102,name=PContent::Msg_AsyncMessage) Channel closing: too late to send/recv, messages will be lost

JavaScript error: chrome://global/content/process-content.js, line 71: NS_ERROR_UNEXPECTED: Component returned failure code: 0x8000ffff (NS_ERROR_UNEXPECTED) [nsIMessageSender.sendAsyncMessage]

###!!! [Child][MessageChannel] Error: (msgtype=0x440102,name=PContent::Msg_AsyncMessage) Channel closing: too late to send/recv, messages will be lost

JavaScript error: chrome://global/content/process-content.js, line 71: NS_ERROR_UNEXPECTED: Component returned failure code: 0x8000ffff (NS_ERROR_UNEXPECTED) [nsIMessageSender.sendAsyncMessage]

###!!! [Child][MessageChannel] Error: (msgtype=0x440102,name=PContent::Msg_AsyncMessage) Channel closing: too late to send/recv, messages will be lost

JavaScript error: chrome://global/content/process-content.js, line 71: NS_ERROR_UNEXPECTED: Component returned failure code: 0x8000ffff (NS_ERROR_UNEXPECTED) [nsIMessageSender.sendAsyncMessage]

###!!! [Child][MessageChannel] Error: (msgtype=0x440102,name=PContent::Msg_AsyncMessage) Channel closing: too late to send/recv, messages will be lost

JavaScript error: chrome://global/content/process-content.js, line 71: NS_ERROR_UNEXPECTED: Component returned failure code: 0x8000ffff (NS_ERROR_UNEXPECTED) [nsIMessageSender.sendAsyncMessage]

###!!! [Child][MessageChannel] Error: (msgtype=0x440102,name=PContent::Msg_AsyncMessage) Channel closing: too late to send/recv, messages will be lost

JavaScript error: chrome://global/content/process-content.js, line 71: NS_ERROR_UNEXPECTED: Component returned failure code: 0x8000ffff (NS_ERROR_UNEXPECTED) [nsIMessageSender.sendAsyncMessage]

###!!! [Child][MessageChannel] Error: (msgtype=0x440102,name=PContent::Msg_AsyncMessage) Channel closing: too late to send/recv, messages will be lost

JavaScript error: chrome://global/content/process-content.js, line 71: NS_ERROR_UNEXPECTED: Component returned failure code: 0x8000ffff (NS_ERROR_UNEXPECTED) [nsIMessageSender.sendAsyncMessage]

###!!! [Child][MessageChannel] Error: (msgtype=0x440102,name=PContent::Msg_AsyncMessage) Channel closing: too late to send/recv, messages will be lost

JavaScript error: chrome://global/content/process-content.js, line 71: NS_ERROR_UNEXPECTED: Component returned failure code: 0x8000ffff (NS_ERROR_UNEXPECTED) [nsIMessageSender.sendAsyncMessage]

###!!! [Child][MessageChannel] Error: (msgtype=0x440102,name=PContent::Msg_AsyncMessage) Channel closing: too late to send/recv, messages will be lost

JavaScript error: chrome://global/content/process-content.js, line 71: NS_ERROR_UNEXPECTED: Component returned failure code: 0x8000ffff (NS_ERROR_UNEXPECTED) [nsIMessageSender.sendAsyncMessage]

###!!! [Child][MessageChannel] Error: (msgtype=0x440102,name=PContent::Msg_AsyncMessage) Channel closing: too late to send/recv, messages will be lost

JavaScript error: chrome://global/content/process-content.js, line 71: NS_ERROR_UNEXPECTED: Component returned failure code: 0x8000ffff (NS_ERROR_UNEXPECTED) [nsIMessageSender.sendAsyncMessage]

###!!! [Child][MessageChannel] Error: (msgtype=0x440102,name=PContent::Msg_AsyncMessage) Channel closing: too late to send/recv, messages will be lost

JavaScript error: chrome://global/content/process-content.js, line 71: NS_ERROR_UNEXPECTED: Component returned failure code: 0x8000ffff (NS_ERROR_UNEXPECTED) [nsIMessageSender.sendAsyncMessage]

###!!! [Child][MessageChannel] Error: (msgtype=0x440102,name=PContent::Msg_AsyncMessage) Channel closing: too late to send/recv, messages will be lost

JavaScript error: chrome://global/content/process-content.js, line 71: NS_ERROR_UNEXPECTED: Component returned failure code: 0x8000ffff (NS_ERROR_UNEXPECTED) [nsIMessageSender.sendAsyncMessage]

###!!! [Child][MessageChannel] Error: (msgtype=0x440102,name=PContent::Msg_AsyncMessage) Channel closing: too late to send/recv, messages will be lost

JavaScript error: chrome://global/content/process-content.js, line 71: NS_ERROR_UNEXPECTED: Component returned failure code: 0x8000ffff (NS_ERROR_UNEXPECTED) [nsIMessageSender.sendAsyncMessage]

###!!! [Child][MessageChannel] Error: (msgtype=0x440102,name=PContent::Msg_AsyncMessage) Channel closing: too late to send/recv, messages will be lost

JavaScript error: chrome://global/content/process-content.js, line 71: NS_ERROR_UNEXPECTED: Component returned failure code: 0x8000ffff (NS_ERROR_UNEXPECTED) [nsIMessageSender.sendAsyncMessage]

###!!! [Child][MessageChannel] Error: (msgtype=0x440102,name=PContent::Msg_AsyncMessage) Channel closing: too late to send/recv, messages will be lost

JavaScript error: chrome://global/content/process-content.js, line 71: NS_ERROR_UNEXPECTED: Component returned failure code: 0x8000ffff (NS_ERROR_UNEXPECTED) [nsIMessageSender.sendAsyncMessage]

###!!! [Child][MessageChannel] Error: (msgtype=0x2C0048,name=PBrowser::Msg___delete__) Channel closing: too late to send/recv, messages will be lost


###!!! [Child][MessageChannel] Error: (msgtype=0x4400AB,name=PContent::Msg_ConsoleMessage) Channel closing: too late to send/recv, messages will be lost

1498585182727	Marionette	INFO	Ceased listening
1498660927596	geckodriver	INFO	Listening on 127.0.0.1:49896
1498660928745	geckodriver::marionette	INFO	Starting browser /Users/Hannah/Applications/Firefox.app/Contents/MacOS/firefox-bin with args ["-marionette"]
1498660933753	Marionette	INFO	Listening on port 49903
1498660933831	Marionette	WARN	TLS certificate errors will be ignored for this session
1498660934083	Marionette	DEBUG	loaded listener.js
2017-06-28 10:42:14.248 plugin-container[4123:581572] *** CFMessagePort: bootstrap_register(): failed 1100 (0x44c) 'Permission denied', port = 0x8c3f, name = 'com.apple.tsm.portname'
See /usr/include/servers/bootstrap_defs.h for the error codes.
2017-06-28 10:42:14.251 plugin-container[4123:581572] *** CFMessagePort: bootstrap_register(): failed 1100 (0x44c) 'Permission denied', port = 0x8d27, name = 'com.apple.CFPasteboardClient'
See /usr/include/servers/bootstrap_defs.h for the error codes.
2017-06-28 10:42:14.251 plugin-container[4123:581572] void __CFPasteboardSetup() : Failed to allocate communication port for com.apple.CFPasteboardClient; this is likely due to sandbox restrictions
1498660934972	Marionette	DEBUG	Received DOM event "beforeunload" for "about:blank"
1498660935037	Marionette	DEBUG	Received DOM event "pagehide" for "about:blank"
1498660935038	Marionette	DEBUG	Received DOM event "unload" for "about:blank"
1498660935948	Marionette	DEBUG	Received DOM event "DOMContentLoaded" for "http://mpp.vindicosuite.com/?y=3&t=h&u=http%3A%2F%2Felvis-sightings.blogspot.com%2F&r="
1498660935958	Marionette	DEBUG	Received DOM event "pageshow" for "http://mpp.vindicosuite.com/?y=3&t=h&u=http%3A%2F%2Felvis-sightings.blogspot.com%2F&r="
1498660936038	Marionette	DEBUG	Received DOM event "DOMContentLoaded" for "https://www.blogger.com/navbar.g?targetBlogID=2811189992135134605&blogName=Elvis+Sightings&publishMode=PUBLISH_MODE_BLOGSPOT&navbarType=LIGHT&layoutType=LAYOUTS&searchRoot=http://elvis-sightings.blogspot.com/search&blogLocale=en&v=2&homepageUrl=http://elvis-sightings.blogspot.com/&vt=7357760458763926823&usegapi=1&jsh=m%3B%2F_%2Fscs%2Fapps-static%2F_%2Fjs%2Fk%3Doz.gapi.en_US.wpCNxUYJ7bc.O%2Fm%3D__features__%2Fam%3DAQ%2Frt%3Dj%2Fd%3D1%2Frs%3DAGLTcCP2kAF69smYVvU1nnoKCqrvBMsiwg#id=navbar-iframe&parent=http%3A%2F%2Felvis-sightings.blogspot.com&pfname=&rpctoken=42854176"
1498660936077	Marionette	DEBUG	Received DOM event "DOMContentLoaded" for "http://elvis-sightings.blogspot.com/"
1498660936509	Marionette	DEBUG	Received DOM event "DOMContentLoaded" for "https://apis.google.com/se/0/wm/1/"
1498660936513	Marionette	DEBUG	Received DOM event "DOMContentLoaded" for "https://apis.google.com/se/0/wm/1/"
1498660936589	Marionette	DEBUG	Received DOM event "DOMContentLoaded" for "https://apis.google.com/se/0/wm/1/"
1498660936638	Marionette	DEBUG	Received DOM event "DOMContentLoaded" for "https://apis.google.com/se/0/wm/1/"
1498660936653	Marionette	DEBUG	Received DOM event "DOMContentLoaded" for "https://apis.google.com/se/0/wm/1/"
1498660936662	Marionette	DEBUG	Received DOM event "DOMContentLoaded" for "https://apis.google.com/se/0/wm/1/"
1498660936670	Marionette	DEBUG	Received DOM event "DOMContentLoaded" for "https://apis.google.com/se/0/wm/1/"
1498660936679	Marionette	DEBUG	Received DOM event "pageshow" for "https://apis.google.com/se/0/wm/1/"
1498660936683	Marionette	DEBUG	Received DOM event "pageshow" for "https://apis.google.com/se/0/wm/1/"
1498660936688	Marionette	DEBUG	Received DOM event "pageshow" for "https://apis.google.com/se/0/wm/1/"
1498660936722	Marionette	DEBUG	Received DOM event "pageshow" for "https://apis.google.com/se/0/wm/1/"
1498660936726	Marionette	DEBUG	Received DOM event "pageshow" for "https://apis.google.com/se/0/wm/1/"
1498660936732	Marionette	DEBUG	Received DOM event "pageshow" for "https://apis.google.com/se/0/wm/1/"
1498660936736	Marionette	DEBUG	Received DOM event "pageshow" for "https://apis.google.com/se/0/wm/1/"
1498660936864	Marionette	DEBUG	Received DOM event "DOMContentLoaded" for "https://apis.google.com/se/0/wm/1/"
1498660936867	Marionette	DEBUG	Received DOM event "pageshow" for "https://apis.google.com/se/0/wm/1/"
1498660937053	Marionette	DEBUG	Received DOM event "DOMContentLoaded" for "https://www.facebook.com/plugins/likebox.php?href=http%3A%2F%2Fwww.facebook.com%2Fpages%2FElvis-Sightings%2F114469201956805&width=250&colorscheme=light&connections=0&stream=false&header=false&height=80"
1498660937066	Marionette	DEBUG	Received DOM event "DOMContentLoaded" for "https://accounts.google.com/o/oauth2/postmessageRelay?parent=http%3A%2F%2Felvis-sightings.blogspot.com&jsh=m%3B%2F_%2Fscs%2Fapps-static%2F_%2Fjs%2Fk%3Doz.gapi.en_US.wpCNxUYJ7bc.O%2Fm%3D__features__%2Fam%3DAQ%2Frt%3Dj%2Fd%3D1%2Frs%3DAGLTcCP2kAF69smYVvU1nnoKCqrvBMsiwg#rpctoken=627058112&forcesecure=1"
1498660937100	Marionette	DEBUG	Received DOM event "pageshow" for "https://www.facebook.com/plugins/likebox.php?href=http%3A%2F%2Fwww.facebook.com%2Fpages%2FElvis-Sightings%2F114469201956805&width=250&colorscheme=light&connections=0&stream=false&header=false&height=80"
1498660937118	Marionette	DEBUG	Received DOM event "DOMContentLoaded" for "https://accounts.google.com/o/oauth2/postmessageRelay?parent=https%3A%2F%2Fwww.blogger.com&jsh=m%3B%2F_%2Fscs%2Fapps-static%2F_%2Fjs%2Fk%3Doz.gapi.en_US.wpCNxUYJ7bc.O%2Fm%3D__features__%2Fam%3DAQ%2Frt%3Dj%2Fd%3D1%2Frs%3DAGLTcCP2kAF69smYVvU1nnoKCqrvBMsiwg#rpctoken=376623851&forcesecure=1"
1498660937128	Marionette	DEBUG	Received DOM event "pageshow" for "https://accounts.google.com/o/oauth2/postmessageRelay?parent=http%3A%2F%2Felvis-sightings.blogspot.com&jsh=m%3B%2F_%2Fscs%2Fapps-static%2F_%2Fjs%2Fk%3Doz.gapi.en_US.wpCNxUYJ7bc.O%2Fm%3D__features__%2Fam%3DAQ%2Frt%3Dj%2Fd%3D1%2Frs%3DAGLTcCP2kAF69smYVvU1nnoKCqrvBMsiwg#rpctoken=627058112&forcesecure=1"
1498660937149	Marionette	DEBUG	Received DOM event "pageshow" for "https://accounts.google.com/o/oauth2/postmessageRelay?parent=https%3A%2F%2Fwww.blogger.com&jsh=m%3B%2F_%2Fscs%2Fapps-static%2F_%2Fjs%2Fk%3Doz.gapi.en_US.wpCNxUYJ7bc.O%2Fm%3D__features__%2Fam%3DAQ%2Frt%3Dj%2Fd%3D1%2Frs%3DAGLTcCP2kAF69smYVvU1nnoKCqrvBMsiwg#rpctoken=376623851&forcesecure=1"
1498660937151	Marionette	DEBUG	Received DOM event "pageshow" for "https://www.blogger.com/navbar.g?targetBlogID=2811189992135134605&blogName=Elvis+Sightings&publishMode=PUBLISH_MODE_BLOGSPOT&navbarType=LIGHT&layoutType=LAYOUTS&searchRoot=http://elvis-sightings.blogspot.com/search&blogLocale=en&v=2&homepageUrl=http://elvis-sightings.blogspot.com/&vt=7357760458763926823&usegapi=1&jsh=m%3B%2F_%2Fscs%2Fapps-static%2F_%2Fjs%2Fk%3Doz.gapi.en_US.wpCNxUYJ7bc.O%2Fm%3D__features__%2Fam%3DAQ%2Frt%3Dj%2Fd%3D1%2Frs%3DAGLTcCP2kAF69smYVvU1nnoKCqrvBMsiwg#id=navbar-iframe&parent=http%3A%2F%2Felvis-sightings.blogspot.com&pfname=&rpctoken=42854176"
1498660938175	Marionette	DEBUG	Received DOM event "pageshow" for "http://elvis-sightings.blogspot.com/"
1498660938596	Marionette	DEBUG	Canceled page load listener because no navigation has been detected
1498660939858	Marionette	DEBUG	Canceled page load listener because no navigation has been detected
1498660941117	Marionette	DEBUG	Canceled page load listener because no navigation has been detected
1498660942385	Marionette	DEBUG	Canceled page load listener because no navigation has been detected
1498660943640	Marionette	DEBUG	Canceled page load listener because no navigation has been detected
1498660944908	Marionette	DEBUG	Canceled page load listener because no navigation has been detected
1498660946166	Marionette	DEBUG	Canceled page load listener because no navigation has been detected
1498660947425	Marionette	DEBUG	Canceled page load listener because no navigation has been detected
1498660948672	Marionette	DEBUG	Canceled page load listener because no navigation has been detected
1498660949926	Marionette	DEBUG	Canceled page load listener because no navigation has been detected
1498660951177	Marionette	DEBUG	Canceled page load listener because no navigation has been detected
1498660952430	Marionette	DEBUG	Canceled page load listener because no navigation has been detected
1498660953701	Marionette	DEBUG	Canceled page load listener because no navigation has been detected
1498660954974	Marionette	DEBUG	Canceled page load listener because no navigation has been detected
1498660956234	Marionette	DEBUG	Canceled page load listener because no navigation has been detected
1498660957486	Marionette	DEBUG	Canceled page load listener because no navigation has been detected
1498660958736	Marionette	DEBUG	Canceled page load listener because no navigation has been detected
1498660959985	Marionette	DEBUG	Canceled page load listener because no navigation has been detected
1498660961292	Marionette	DEBUG	Canceled page load listener because no navigation has been detected
1498660962555	Marionette	DEBUG	Canceled page load listener because no navigation has been detected
1498660963829	Marionette	DEBUG	Canceled page load listener because no navigation has been detected
1498660965083	Marionette	DEBUG	Canceled page load listener because no navigation has been detected
1498660966354	Marionette	DEBUG	Canceled page load listener because no navigation has been detected
1498660967623	Marionette	DEBUG	Canceled page load listener because no navigation has been detected
1498660968881	Marionette	DEBUG	Canceled page load listener because no navigation has been detected
1498660970142	Marionette	DEBUG	Canceled page load listener because no navigation has been detected
1498660971402	Marionette	DEBUG	Canceled page load listener because no navigation has been detected
1498660972665	Marionette	DEBUG	Canceled page load listener because no navigation has been detected
1498660973936	Marionette	DEBUG	Canceled page load listener because no navigation has been detected
1498660975192	Marionette	DEBUG	Canceled page load listener because no navigation has been detected
1498660976447	Marionette	DEBUG	Canceled page load listener because no navigation has been detected
1498660977701	Marionette	DEBUG	Canceled page load listener because no navigation has been detected
1498660978957	Marionette	DEBUG	Canceled page load listener because no navigation has been detected
1498660980221	Marionette	DEBUG	Canceled page load listener because no navigation has been detected
1498660981477	Marionette	DEBUG	Canceled page load listener because no navigation has been detected
1498660982732	Marionette	DEBUG	Canceled page load listener because no navigation has been detected
1498660983986	Marionette	DEBUG	Canceled page load listener because no navigation has been detected
1498660985237	Marionette	DEBUG	Canceled page load listener because no navigation has been detected
1498660986499	Marionette	DEBUG	Canceled page load listener because no navigation has been detected
1498660987752	Marionette	DEBUG	Canceled page load listener because no navigation has been detected
1498660989003	Marionette	DEBUG	Canceled page load listener because no navigation has been detected
1498660990251	Marionette	DEBUG	Canceled page load listener because no navigation has been detected
1498660991520	Marionette	DEBUG	Canceled page load listener because no navigation has been detected
1498660992779	Marionette	DEBUG	Canceled page load listener because no navigation has been detected
1498660994032	Marionette	DEBUG	Canceled page load listener because no navigation has been detected
1498660995284	Marionette	DEBUG	Canceled page load listener because no navigation has been detected
1498660996532	Marionette	DEBUG	Canceled page load listener because no navigation has been detected
1498660997812	Marionette	DEBUG	Canceled page load listener because no navigation has been detected
1498660999069	Marionette	DEBUG	Canceled page load listener because no navigation has been detected
1498661000319	Marionette	DEBUG	Canceled page load listener because no navigation has been detected
1498661001570	Marionette	DEBUG	Canceled page load listener because no navigation has been detected
1498661002827	Marionette	DEBUG	Canceled page load listener because no navigation has been detected
1498661004090	Marionette	DEBUG	Canceled page load listener because no navigation has been detected
1498661005354	Marionette	DEBUG	Canceled page load listener because no navigation has been detected
1498661006612	Marionette	DEBUG	Canceled page load listener because no navigation has been detected
1498661007866	Marionette	DEBUG	Canceled page load listener because no navigation has been detected
1498661009119	Marionette	DEBUG	Canceled page load listener because no navigation has been detected
1498661010387	Marionette	DEBUG	Canceled page load listener because no navigation has been detected
1498661011639	Marionette	DEBUG	Canceled page load listener because no navigation has been detected
1498661012886	Marionette	DEBUG	Canceled page load listener because no navigation has been detected
1498661014145	Marionette	DEBUG	Canceled page load listener because no navigation has been detected
1498661015415	Marionette	DEBUG	Canceled page load listener because no navigation has been detected
1498661016680	Marionette	DEBUG	Canceled page load listener because no navigation has been detected
1498661017941	Marionette	DEBUG	Canceled page load listener because no navigation has been detected
1498661019198	Marionette	DEBUG	Canceled page load listener because no navigation has been detected
1498661020451	Marionette	DEBUG	Canceled page load listener because no navigation has been detected
1498661044184	Marionette	INFO	New connections will no longer be accepted
