1496256593105	geckodriver	INFO	Listening on 127.0.0.1:56212
1496256594850	geckodriver::marionette	INFO	Starting browser /Users/Hannah/Applications/Firefox.app/Contents/MacOS/firefox-bin with args ["-marionette"]
1496256601458	Marionette	INFO	Listening on port 56272
1496256601575	Marionette	WARN	TLS certificate errors will be ignored for this session
2017-05-31 14:50:02.369 plugin-container[3595:249699] *** CFMessagePort: bootstrap_register(): failed 1100 (0x44c) 'Permission denied', port = 0x8f3f, name = 'com.apple.tsm.portname'
See /usr/include/servers/bootstrap_defs.h for the error codes.
2017-05-31 14:50:02.370 plugin-container[3595:249699] *** CFMessagePort: bootstrap_register(): failed 1100 (0x44c) 'Permission denied', port = 0x910f, name = 'com.apple.CFPasteboardClient'
See /usr/include/servers/bootstrap_defs.h for the error codes.
2017-05-31 14:50:02.370 plugin-container[3595:249699] void __CFPasteboardSetup() : Failed to allocate communication port for com.apple.CFPasteboardClient; this is likely due to sandbox restrictions
JavaScript error: http://w.sharethis.com/widget/?tabs=web%2Cpost%2Cemail&charset=utf-8&style=default&publisher=84bc31b5-424e-4f85-bc44-c726228e5313, line 1: TypeError: stlib.scriptLoader is undefined
JavaScript error: http://as.casalemedia.com/headertag?v=9&fn=cygnus_index_parse_res&s=167420&r=%7B%22id%22%3A327573035%2C%22site%22%3A%7B%22page%22%3A%22http%3A%2F%2Fwww.squidalicious.com%2F%22%2C%22ref%22%3A%22%22%7D%2C%22imp%22%3A%5B%7B%22id%22%3A%221%22%2C%20%22banner%22%3A%7B%22w%22%3A728%2C%22h%22%3A90%2C%22topframe%22%3A1%7D%2C%22ext%22%3A%20%7B%22sid%22%3A%221%22%2C%22siteID%22%3A167420%7D%7D%2C%7B%22id%22%3A%222%22%2C%20%22banner%22%3A%7B%22w%22%3A300%2C%22h%22%3A250%2C%22topframe%22%3A1%7D%2C%22ext%22%3A%20%7B%22sid%22%3A%222%22%2C%22siteID%22%3A167420%7D%7D%2C%7B%22id%22%3A%223%22%2C%20%22banner%22%3A%7B%22w%22%3A300%2C%22h%22%3A600%2C%22topframe%22%3A1%7D%2C%22ext%22%3A%20%7B%22sid%22%3A%223%22%2C%22siteID%22%3A167420%7D%7D%2C%7B%22id%22%3A%224%22%2C%20%22banner%22%3A%7B%22w%22%3A970%2C%22h%22%3A250%2C%22topframe%22%3A1%7D%2C%22ext%22%3A%20%7B%22sid%22%3A%224%22%2C%22siteID%22%3A167420%7D%7D%2C%7B%22id%22%3A%225%22%2C%20%22banner%22%3A%7B%22w%22%3A160%2C%22h%22%3A600%2C%22topframe%22%3A1%7D%2C%22ext%22%3A%20%7B%22sid%22%3A%226%22%2C%22siteID%22%3A167420%7D%7D%5D%7D&t=300, line 1: SyntaxError: expected expression, got '<'
*************************
A coding exception was thrown and uncaught in a Task.

Full message: TypeError: NetworkError when attempting to fetch resource.
Full stack: 
*************************
1498580953098	geckodriver	INFO	Listening on 127.0.0.1:60577
1498580954352	geckodriver::marionette	INFO	Starting browser /Users/Hannah/Applications/Firefox.app/Contents/MacOS/firefox-bin with args ["-marionette"]
1498580960095	Marionette	INFO	Listening on port 60590
1498580960281	Marionette	WARN	TLS certificate errors will be ignored for this session
1498580960591	Marionette	DEBUG	loaded listener.js
2017-06-27 12:29:20.774 plugin-container[2059:259666] *** CFMessagePort: bootstrap_register(): failed 1100 (0x44c) 'Permission denied', port = 0x903f, name = 'com.apple.tsm.portname'
See /usr/include/servers/bootstrap_defs.h for the error codes.
2017-06-27 12:29:20.775 plugin-container[2059:259666] *** CFMessagePort: bootstrap_register(): failed 1100 (0x44c) 'Permission denied', port = 0x9223, name = 'com.apple.CFPasteboardClient'
See /usr/include/servers/bootstrap_defs.h for the error codes.
2017-06-27 12:29:20.775 plugin-container[2059:259666] void __CFPasteboardSetup() : Failed to allocate communication port for com.apple.CFPasteboardClient; this is likely due to sandbox restrictions
1498580961761	Marionette	DEBUG	Received DOM event "beforeunload" for "about:blank"
1498580961903	Marionette	DEBUG	Received DOM event "pagehide" for "about:blank"
1498580961903	Marionette	DEBUG	Received DOM event "unload" for "about:blank"
1498580964061	Marionette	DEBUG	Received DOM event "DOMContentLoaded" for "http://www.squidalicious.com/"
1498580964373	Marionette	DEBUG	Received DOM event "DOMContentLoaded" for "https://www.blogger.com/navbar.g?targetBlogID=5563550&blogName=SQUIDALICIOUS&publishMode=PUBLISH_MODE_HOSTED&navbarType=LIGHT&layoutType=LAYOUTS&searchRoot=http://www.squidalicious.com/search&blogLocale=en&v=2&homepageUrl=http://www.squidalicious.com/&vt=199910958571209893&usegapi=1&jsh=m%3B%2F_%2Fscs%2Fapps-static%2F_%2Fjs%2Fk%3Doz.gapi.en_US.GfkYNo6gqPw.O%2Fm%3D__features__%2Fam%3DAQ%2Frt%3Dj%2Fd%3D1%2Frs%3DAGLTcCMb6GG45fF2HapKzrAkuFOe1Yx9QA#id=navbar-iframe&parent=http%3A%2F%2Fwww.squidalicious.com&pfname=&rpctoken=19114173"
1498580964946	Marionette	DEBUG	Received DOM event "DOMContentLoaded" for "http://ws-na.amazon-adsystem.com/widgets/q?ServiceVersion=20070822&OneJS=1&Operation=GetAdHtml&MarketPlace=US&source=ac&ref=tf_til&ad_type=product_link&tracking_id=theadvofleean-20&marketplace=amazon&region=US&placement=0692010556&asins=0692010556&linkId=2KGL5APWWV5CC3JP&show_border=true&link_opens_in_new_window=true"
1498580965544	Marionette	DEBUG	Received DOM event "DOMContentLoaded" for "http://ws-na.amazon-adsystem.com/widgets/q?ServiceVersion=20070822&OneJS=1&Operation=GetAdHtml&MarketPlace=US&source=ac&ref=qf_sp_asin_til&ad_type=product_link&tracking_id=theadvofleean-20&marketplace=amazon&region=US&placement=0399185615&asins=0399185615&linkId=909fdcfe2662f740cf7637746b61109f&show_border=true&link_opens_in_new_window=true&price_color=333333&title_color=0066c0&bg_color=ffffff"
1498580965642	Marionette	DEBUG	Received DOM event "DOMContentLoaded" for "http://rcm-na.amazon-adsystem.com/e/cm?o=1&p=11&l=ez&f=ifr&linkID=703d2e16c270f0e6fbd1addef8009b67&t=theadvofleean-20&tracking_id=theadvofleean-20"
1498580966110	Marionette	DEBUG	Received DOM event "DOMContentLoaded" for "https://apis.google.com/se/0/wm/1/"
1498580966122	Marionette	DEBUG	Received DOM event "DOMContentLoaded" for "https://apis.google.com/se/0/wm/1/"
1498580966132	Marionette	DEBUG	Received DOM event "DOMContentLoaded" for "https://apis.google.com/se/0/wm/1/"
1498580966138	Marionette	DEBUG	Received DOM event "DOMContentLoaded" for "https://apis.google.com/se/0/wm/1/"
1498580966153	Marionette	DEBUG	Received DOM event "DOMContentLoaded" for "https://apis.google.com/se/0/wm/1/"
1498580966323	Marionette	DEBUG	Received DOM event "DOMContentLoaded" for "http://dp1.33across.com/ps/?tt=iframe&amp;pid=523&amp;cgn=14275"
JavaScript error: http://w.sharethis.com/widget/?tabs=web%2Cpost%2Cemail&charset=utf-8&style=default&publisher=84bc31b5-424e-4f85-bc44-c726228e5313, line 1: TypeError: stlib.scriptLoader is undefined
1498580967097	Marionette	DEBUG	Received DOM event "DOMContentLoaded" for "https://apis.google.com/se/0/wm/1/"
1498580967238	Marionette	DEBUG	Received DOM event "DOMContentLoaded" for "https://www.youtube.com/embed/AM9fVsazvJU"
1498580967291	Marionette	DEBUG	Received DOM event "pageshow" for "https://apis.google.com/se/0/wm/1/"
1498580967312	Marionette	DEBUG	Received DOM event "pageshow" for "https://apis.google.com/se/0/wm/1/"
1498580967327	Marionette	DEBUG	Received DOM event "pageshow" for "https://apis.google.com/se/0/wm/1/"
1498580967335	Marionette	DEBUG	Received DOM event "pageshow" for "https://apis.google.com/se/0/wm/1/"
1498580967341	Marionette	DEBUG	Received DOM event "pageshow" for "https://apis.google.com/se/0/wm/1/"
1498580967347	Marionette	DEBUG	Received DOM event "pageshow" for "https://apis.google.com/se/0/wm/1/"
1498580967390	Marionette	DEBUG	Received DOM event "pageshow" for "http://ws-na.amazon-adsystem.com/widgets/q?ServiceVersion=20070822&OneJS=1&Operation=GetAdHtml&MarketPlace=US&source=ac&ref=tf_til&ad_type=product_link&tracking_id=theadvofleean-20&marketplace=amazon&region=US&placement=0692010556&asins=0692010556&linkId=2KGL5APWWV5CC3JP&show_border=true&link_opens_in_new_window=true"
JavaScript error: http://as.casalemedia.com/headertag?v=9&fn=cygnus_index_parse_res&s=167420&r=%7B%22id%22%3A156851451%2C%22site%22%3A%7B%22page%22%3A%22http%3A%2F%2Fwww.squidalicious.com%2F%22%2C%22ref%22%3A%22%22%7D%2C%22imp%22%3A%5B%7B%22id%22%3A%221%22%2C%20%22banner%22%3A%7B%22w%22%3A728%2C%22h%22%3A90%2C%22topframe%22%3A1%7D%2C%22ext%22%3A%20%7B%22sid%22%3A%221%22%2C%22siteID%22%3A167420%7D%7D%2C%7B%22id%22%3A%222%22%2C%20%22banner%22%3A%7B%22w%22%3A300%2C%22h%22%3A250%2C%22topframe%22%3A1%7D%2C%22ext%22%3A%20%7B%22sid%22%3A%222%22%2C%22siteID%22%3A167420%7D%7D%2C%7B%22id%22%3A%223%22%2C%20%22banner%22%3A%7B%22w%22%3A300%2C%22h%22%3A600%2C%22topframe%22%3A1%7D%2C%22ext%22%3A%20%7B%22sid%22%3A%223%22%2C%22siteID%22%3A167420%7D%7D%2C%7B%22id%22%3A%224%22%2C%20%22banner%22%3A%7B%22w%22%3A970%2C%22h%22%3A250%2C%22topframe%22%3A1%7D%2C%22ext%22%3A%20%7B%22sid%22%3A%224%22%2C%22siteID%22%3A167420%7D%7D%2C%7B%22id%22%3A%225%22%2C%20%22banner%22%3A%7B%22w%22%3A160%2C%22h%22%3A600%2C%22topframe%22%3A1%7D%2C%22ext%22%3A%20%7B%22sid%22%3A%226%22%2C%22siteID%22%3A167420%7D%7D%5D%7D&t=300, line 1: SyntaxError: expected expression, got '<'
1498580967514	Marionette	DEBUG	Received DOM event "pageshow" for "http://ws-na.amazon-adsystem.com/widgets/q?ServiceVersion=20070822&OneJS=1&Operation=GetAdHtml&MarketPlace=US&source=ac&ref=qf_sp_asin_til&ad_type=product_link&tracking_id=theadvofleean-20&marketplace=amazon&region=US&placement=0399185615&asins=0399185615&linkId=909fdcfe2662f740cf7637746b61109f&show_border=true&link_opens_in_new_window=true&price_color=333333&title_color=0066c0&bg_color=ffffff"
1498580967624	Marionette	DEBUG	Received DOM event "pageshow" for "http://rcm-na.amazon-adsystem.com/e/cm?o=1&p=11&l=ez&f=ifr&linkID=703d2e16c270f0e6fbd1addef8009b67&t=theadvofleean-20&tracking_id=theadvofleean-20"
1498580967626	Marionette	DEBUG	Received DOM event "DOMContentLoaded" for "https://www.youtube.com/embed/GEqV_8ahr90?rel=0"
1498580968102	Marionette	DEBUG	Received DOM event "DOMContentLoaded" for "https://accounts.google.com/o/oauth2/postmessageRelay?parent=https%3A%2F%2Fwww.blogger.com&jsh=m%3B%2F_%2Fscs%2Fapps-static%2F_%2Fjs%2Fk%3Doz.gapi.en_US.GfkYNo6gqPw.O%2Fm%3D__features__%2Fam%3DAQ%2Frt%3Dj%2Fd%3D1%2Frs%3DAGLTcCMb6GG45fF2HapKzrAkuFOe1Yx9QA#rpctoken=844132739&forcesecure=1"
1498580968125	Marionette	DEBUG	Received DOM event "DOMContentLoaded" for "https://accounts.google.com/o/oauth2/postmessageRelay?parent=http%3A%2F%2Fwww.squidalicious.com&jsh=m%3B%2F_%2Fscs%2Fapps-static%2F_%2Fjs%2Fk%3Doz.gapi.en_US.GfkYNo6gqPw.O%2Fm%3D__features__%2Fam%3DAQ%2Frt%3Dj%2Fd%3D1%2Frs%3DAGLTcCMb6GG45fF2HapKzrAkuFOe1Yx9QA#rpctoken=376720529&forcesecure=1"
1498580968145	Marionette	DEBUG	Received DOM event "DOMContentLoaded" for "http://cdn.krxd.net/partnerjs/xdi/proxy.3d2100fd7107262ecb55ce6847f01fa5.html#!kxcid=q9eotw322&kxt=http%3A%2F%2Fwww.squidalicious.com&kxcl=cdn&kxp="
1498580968196	Marionette	DEBUG	Received DOM event "pageshow" for "https://www.youtube.com/embed/AM9fVsazvJU"
1498580968204	Marionette	DEBUG	Received DOM event "pageshow" for "https://www.youtube.com/embed/GEqV_8ahr90?rel=0"
1498580968245	Marionette	DEBUG	Received DOM event "pageshow" for "http://www.squidalicious.com/"
1498580969455	Marionette	DEBUG	Received DOM event "pageshow" for "https://accounts.google.com/o/oauth2/postmessageRelay?parent=http%3A%2F%2Fwww.squidalicious.com&jsh=m%3B%2F_%2Fscs%2Fapps-static%2F_%2Fjs%2Fk%3Doz.gapi.en_US.GfkYNo6gqPw.O%2Fm%3D__features__%2Fam%3DAQ%2Frt%3Dj%2Fd%3D1%2Frs%3DAGLTcCMb6GG45fF2HapKzrAkuFOe1Yx9QA#rpctoken=376720529&forcesecure=1"
1498580969461	Marionette	DEBUG	Received DOM event "pageshow" for "https://accounts.google.com/o/oauth2/postmessageRelay?parent=https%3A%2F%2Fwww.blogger.com&jsh=m%3B%2F_%2Fscs%2Fapps-static%2F_%2Fjs%2Fk%3Doz.gapi.en_US.GfkYNo6gqPw.O%2Fm%3D__features__%2Fam%3DAQ%2Frt%3Dj%2Fd%3D1%2Frs%3DAGLTcCMb6GG45fF2HapKzrAkuFOe1Yx9QA#rpctoken=844132739&forcesecure=1"
1498580969466	Marionette	DEBUG	Received DOM event "pageshow" for "https://www.blogger.com/navbar.g?targetBlogID=5563550&blogName=SQUIDALICIOUS&publishMode=PUBLISH_MODE_HOSTED&navbarType=LIGHT&layoutType=LAYOUTS&searchRoot=http://www.squidalicious.com/search&blogLocale=en&v=2&homepageUrl=http://www.squidalicious.com/&vt=199910958571209893&usegapi=1&jsh=m%3B%2F_%2Fscs%2Fapps-static%2F_%2Fjs%2Fk%3Doz.gapi.en_US.GfkYNo6gqPw.O%2Fm%3D__features__%2Fam%3DAQ%2Frt%3Dj%2Fd%3D1%2Frs%3DAGLTcCMb6GG45fF2HapKzrAkuFOe1Yx9QA#id=navbar-iframe&parent=http%3A%2F%2Fwww.squidalicious.com&pfname=&rpctoken=19114173"
1498580969496	Marionette	DEBUG	Received DOM event "DOMContentLoaded" for "https://www.facebook.com/plugins/likebox.php?id=119870308054305&width=160&connections=10&stream=false&header=false&height=255"
1498580969997	Marionette	DEBUG	Received DOM event "pageshow" for "https://www.facebook.com/plugins/likebox.php?id=119870308054305&width=160&connections=10&stream=false&header=false&height=255"
1498580970045	Marionette	DEBUG	Received DOM event "pageshow" for "http://cdn.krxd.net/partnerjs/xdi/proxy.3d2100fd7107262ecb55ce6847f01fa5.html#!kxcid=q9eotw322&kxt=http%3A%2F%2Fwww.squidalicious.com&kxcl=cdn&kxp="
1498580970077	Marionette	DEBUG	Received DOM event "DOMContentLoaded" for "http://www.squidalicious.com/"
1498580970081	Marionette	DEBUG	Received DOM event "pageshow" for "http://www.squidalicious.com/"
1498580970115	Marionette	DEBUG	Received DOM event "DOMContentLoaded" for "http://tags.bluekai.com/site/27519?dt=0&r=87201265&sig=504757593&bkca=KJpnEnaNpQlN2z7JYz8xBUvv2w/weWfNY0Lh5DhUBURO/gViNOnqMJnzcnVihn0DdahqxhBnYN1n96LpY61MWyOXNOnN"
1498580970855	Marionette	DEBUG	Received DOM event "pageshow" for "http://dp1.33across.com/ps/?tt=iframe&amp;pid=523&amp;cgn=14275"
1498580971019	Marionette	DEBUG	Received observer notification "outer-window-destroyed" for "2147483702"
1498580971056	Marionette	DEBUG	Received DOM event "pageshow" for "http://tags.bluekai.com/site/27519?dt=0&r=87201265&sig=504757593&bkca=KJpnEnaNpQlN2z7JYz8xBUvv2w/weWfNY0Lh5DhUBURO/gViNOnqMJnzcnVihn0DdahqxhBnYN1n96LpY61MWyOXNOnN"
1498580971641	Marionette	DEBUG	Received observer notification "outer-window-destroyed" for "2147483705"
1498580971913	Marionette	DEBUG	Received DOM event "DOMContentLoaded" for "http://gslbeacon.lijit.com/beacon?viewId=sheknows_auction_api&rand=1185136552&informer=4358773&-type=fpads&loc=www.squidalicious.com&v=1.2"
1498580972179	Marionette	DEBUG	Received DOM event "DOMContentLoaded" for "http://pixel.mathtag.com/sync/iframe?mt_uuid=0fb35952-87ea-4a00-99b9-9c379da4ef81&no_iframe=1"
1498580972203	Marionette	DEBUG	Received DOM event "DOMContentLoaded" for "http://ads.pubmatic.com/AdServer/js/user_sync.html?p=137711&s=137812&predirect=https%3A%2F%2Fce.lijit.com%2Fmerge%3Fpid%3D58%263pid%3D"
1498580972204	Marionette	DEBUG	Received DOM event "DOMContentLoaded" for "http://ads.pubmatic.com/AdServer/js/user_sync.html?p=156212&s=186661&predirect=https%3A%2F%2Fce.lijit.com%2Fmerge%3Fpid%3D71%263pid%3D"
1498580972226	Marionette	DEBUG	Received DOM event "DOMContentLoaded" for "https://tap-secure.rubiconproject.com/partner/scripts/rubicon/emily.html?rtb_ext=1&geo=na&co=us"
1498580972290	Marionette	DEBUG	Received DOM event "DOMContentLoaded" for "http://ads.pubmatic.com/AdServer/js/showad.js#PIX&kdntuid=1&SPug=true&p=156212&s=186661&predirect=https%3A%2F%2Fce.lijit.com%2Fmerge%3Fpid%3D71%263pid%3D&it=0&np=0"
1498580972298	Marionette	DEBUG	Received DOM event "pageshow" for "http://ads.pubmatic.com/AdServer/js/showad.js#PIX&kdntuid=1&SPug=true&p=156212&s=186661&predirect=https%3A%2F%2Fce.lijit.com%2Fmerge%3Fpid%3D71%263pid%3D&it=0&np=0"
1498580972301	Marionette	DEBUG	Received DOM event "pageshow" for "http://ads.pubmatic.com/AdServer/js/user_sync.html?p=156212&s=186661&predirect=https%3A%2F%2Fce.lijit.com%2Fmerge%3Fpid%3D71%263pid%3D"
1498580972426	Marionette	DEBUG	Received DOM event "pageshow" for "http://pixel.mathtag.com/sync/iframe?mt_uuid=0fb35952-87ea-4a00-99b9-9c379da4ef81&no_iframe=1"
1498580972514	Marionette	DEBUG	Received DOM event "pageshow" for "http://www.squidalicious.com/"
1498580972837	Marionette	DEBUG	Received DOM event "DOMContentLoaded" for "http://ads.pubmatic.com/AdServer/js/showad.js#PIX&kdntuid=1&SPug=true&p=137711&s=137812&predirect=https%3A%2F%2Fce.lijit.com%2Fmerge%3Fpid%3D58%263pid%3D&it=0&np=0"
1498580973060	Marionette	DEBUG	Received DOM event "DOMContentLoaded" for "https://googleads.g.doubleclick.net/pagead/html/r20170619/r20170110/zrt_lookup.html#"
1498580973068	Marionette	DEBUG	Received DOM event "pageshow" for "https://googleads.g.doubleclick.net/pagead/html/r20170619/r20170110/zrt_lookup.html#"
1498580973090	Marionette	DEBUG	Received DOM event "pageshow" for "http://tags.bluekai.com/site/3096?id=2B649BEE-604A-4B07-B23D-0EE9C14BA81B"
1498580973095	Marionette	DEBUG	Received DOM event "pageshow" for "https://tap-secure.rubiconproject.com/partner/scripts/rubicon/emily.html?rtb_ext=1&geo=na&co=us"
1498580973115	Marionette	DEBUG	Received DOM event "pageshow" for "http://sync.adaptv.advertising.com/sync?type=gif&key=pubmatic-55&uid=2B649BEE-604A-4B07-B23D-0EE9C14BA81B"
1498580973126	Marionette	DEBUG	Received DOM event "pageshow" for "https://ce.lijit.com/merge?pid=58&3pid=2B649BEE-604A-4B07-B23D-0EE9C14BA81B"
1498580973132	Marionette	DEBUG	Received DOM event "pageshow" for "http://pr-bh.ybp.yahoo.com/sync/pubmatic/2B649BEE-604A-4B07-B23D-0EE9C14BA81B"
1498580973187	Marionette	DEBUG	Received DOM event "pageshow" for "https://ce.lijit.com/merge?pid=1&3pid=7433589799930579062"
1498580973297	Marionette	DEBUG	Received DOM event "DOMContentLoaded" for "http://www.squidalicious.com/"
1498580973303	Marionette	DEBUG	Received DOM event "DOMContentLoaded" for "http://www.squidalicious.com/"
1498580973533	Marionette	DEBUG	Received DOM event "DOMContentLoaded" for "https://tap-secure.rubiconproject.com/partner/scripts/rubicon/emily.html?pc=10278/48356&geo=na&co=us"
1498580973538	Marionette	DEBUG	Received DOM event "pageshow" for "https://tap-secure.rubiconproject.com/partner/scripts/rubicon/emily.html?pc=10278/48356&geo=na&co=us"
1498580973580	Marionette	DEBUG	Received DOM event "pageshow" for "http://usync.nexage.com/mapuser?providerid=29472&userid=2B649BEE-604A-4B07-B23D-0EE9C14BA81B;cfp=1"
1498580974167	Marionette	DEBUG	Received DOM event "DOMContentLoaded" for "https://googleads.g.doubleclick.net/pagead/ads?client=ca-pub-9489621755605348&output=html&h=600&slotname=6248479170&adk=2098145778&adf=4008312457&w=160&loeid=191880401&ea=0&flash=0&url=http%3A%2F%2Fwww.squidalicious.com%2F&wgl=1&dt=1498580972481&bpp=21&bdt=2422&fdt=36&idt=407&shv=r20170619&cbv=r20170110&saldr=sa&correlator=7987681331218&frm=23&ga_vid=1474491878.1498580966&ga_sid=1498580971&ga_hid=124117005&ga_fc=0&pv=2&icsg=2&nhd=2&dssz=2&mdo=0&mso=0&u_tz=-240&u_his=1&u_java=0&u_h=800&u_w=1280&u_ah=773&u_aw=1280&u_cd=24&u_nplug=0&u_nmime=0&adx=860&ady=516&biw=1280&bih=694&isw=160&ish=600&ifk=2607433910&eid=10593696%2C191880411%2C575144605%2C21060298&oid=3&rx=0&eae=2&fc=528&brdim=%2C%2C0%2C23%2C1280%2C23%2C1280%2C773%2C160%2C600&vis=1&rsz=o%7Co%7CpeE%7C&abl=NS&ppjl=u&pfx=0&fu=20&bc=1&ifi=3&dtd=471"
1498580974273	Marionette	DEBUG	Received DOM event "DOMContentLoaded" for "https://googleads.g.doubleclick.net/pagead/drt/s?v=r20120211"
1498580974279	Marionette	DEBUG	Received DOM event "pageshow" for "https://googleads.g.doubleclick.net/pagead/drt/s?v=r20120211"
1498580974281	Marionette	DEBUG	Received DOM event "DOMContentLoaded" for "https://pagead2.googlesyndication.com/pagead/s/cookie_push.html#aHR0cHM6Ly9hZy5pbm5vdmlkLmNvbS90cms_dGlkPTExNzExJmdvb2dsZV9naWQ9Q0FFU0VBcnFmM3FLejczWGZvSGRTcUQ3ZzlrJmdvb2dsZV9jdmVyPTEmZ29vZ2xlX3B1c2g9QUhORjEzSXVJcTJWVWZLT3U2dVZmbHhyNEdlOF9USm9aeG5NQ3BDSjVaTQ==,aHR0cHM6Ly9jbS5nLmRvdWJsZWNsaWNrLm5ldC9waXhlbC9hdHRyP2Q9QUhORjEzTGRURWJIbm9zY18xRjhBOG11eHVwTEhSNThZcWZ6"
1498580974390	Marionette	DEBUG	Received DOM event "DOMContentLoaded" for "http://image4.pubmatic.com/AdServer/SPug?partnerID=133799&xid=fzk79fmnjmRamp6Ge9R5wrNT"
1498580974398	Marionette	DEBUG	Received DOM event "pageshow" for "http://image4.pubmatic.com/AdServer/SPug?partnerID=133799&xid=fzk79fmnjmRamp6Ge9R5wrNT"
1498580974414	Marionette	DEBUG	Received DOM event "DOMContentLoaded" for "http://image4.pubmatic.com/AdServer/SPug?partnerID=156020&xid=3WVKH7Bd5KPQB9rK_Tg&"
1498580974419	Marionette	DEBUG	Received DOM event "pageshow" for "http://image4.pubmatic.com/AdServer/SPug?partnerID=156020&xid=3WVKH7Bd5KPQB9rK_Tg&"
1498580974428	Marionette	DEBUG	Received DOM event "pageshow" for "http://image2.pubmatic.com/AdServer/Pug?vcode=bz0yJnR5cGU9MSZjb2RlPTIxNzcmdGw9MTI5NjAw&piggybackCookie=CAESEPUwywI5-rCKfWUhvu_WOIU&google_cver=1"
1498580974433	Marionette	DEBUG	Received DOM event "pageshow" for "http://ads.pubmatic.com/AdServer/js/showad.js#PIX&kdntuid=1&SPug=true&p=137711&s=137812&predirect=https%3A%2F%2Fce.lijit.com%2Fmerge%3Fpid%3D58%263pid%3D&it=0&np=0"
1498580974438	Marionette	DEBUG	Received DOM event "pageshow" for "http://ads.pubmatic.com/AdServer/js/user_sync.html?p=137711&s=137812&predirect=https%3A%2F%2Fce.lijit.com%2Fmerge%3Fpid%3D58%263pid%3D"
1498580974508	Marionette	DEBUG	Received DOM event "pageshow" for "http://www.squidalicious.com/"
1498580974528	Marionette	DEBUG	Received DOM event "pageshow" for "http://www.squidalicious.com/"
1498580974617	Marionette	DEBUG	Received DOM event "pageshow" for "http://www.squidalicious.com/"
1498580974639	Marionette	DEBUG	Received DOM event "pageshow" for "http://www.squidalicious.com/"
1498580974659	Marionette	DEBUG	Received DOM event "pageshow" for "http://www.squidalicious.com/"
1498580974671	Marionette	DEBUG	Received DOM event "pageshow" for "http://www.squidalicious.com/"
1498580974684	Marionette	DEBUG	Received DOM event "pageshow" for "http://www.squidalicious.com/"
1498580975000	Marionette	DEBUG	Received DOM event "DOMContentLoaded" for "http://www.squidalicious.com/"
1498580975003	Marionette	DEBUG	Received DOM event "pageshow" for "http://www.squidalicious.com/"
1498580975004	Marionette	DEBUG	Received DOM event "DOMContentLoaded" for "http://www.squidalicious.com/"
1498580975006	Marionette	DEBUG	Received DOM event "DOMContentLoaded" for "http://www.squidalicious.com/"
1498580975011	Marionette	DEBUG	Received DOM event "DOMContentLoaded" for "http://www.squidalicious.com/"
1498580975012	Marionette	DEBUG	Received DOM event "DOMContentLoaded" for "http://www.squidalicious.com/"
1498580975012	Marionette	DEBUG	Received DOM event "DOMContentLoaded" for "http://www.squidalicious.com/"
1498580975013	Marionette	DEBUG	Received DOM event "DOMContentLoaded" for "http://www.squidalicious.com/"
1498580975036	Marionette	DEBUG	Received DOM event "pageshow" for "http://gslbeacon.lijit.com/beacon?viewId=sheknows_auction_api&rand=1185136552&informer=4358773&-type=fpads&loc=www.squidalicious.com&v=1.2"
1498580975049	Marionette	DEBUG	Received DOM event "DOMContentLoaded" for "https://googleads.g.doubleclick.net/pagead/drt/si"
1498580975053	Marionette	DEBUG	Received DOM event "pageshow" for "https://googleads.g.doubleclick.net/pagead/drt/si"
1498580975365	Marionette	DEBUG	Received DOM event "pageshow" for "http://www.squidalicious.com/"
1498580975418	Marionette	DEBUG	Received DOM event "pageshow" for "http://www.squidalicious.com/"
1498580975423	Marionette	DEBUG	Received DOM event "pageshow" for "http://www.squidalicious.com/"
1498580975432	Marionette	DEBUG	Received DOM event "pageshow" for "http://www.squidalicious.com/"
1498580975440	Marionette	DEBUG	Received DOM event "pageshow" for "http://www.squidalicious.com/"
1498580975461	Marionette	DEBUG	Received DOM event "pageshow" for "http://www.squidalicious.com/"
1498580977342	Marionette	DEBUG	Received DOM event "pageshow" for "https://pagead2.googlesyndication.com/pagead/s/cookie_push.html#aHR0cHM6Ly9hZy5pbm5vdmlkLmNvbS90cms_dGlkPTExNzExJmdvb2dsZV9naWQ9Q0FFU0VBcnFmM3FLejczWGZvSGRTcUQ3ZzlrJmdvb2dsZV9jdmVyPTEmZ29vZ2xlX3B1c2g9QUhORjEzSXVJcTJWVWZLT3U2dVZmbHhyNEdlOF9USm9aeG5NQ3BDSjVaTQ==,aHR0cHM6Ly9jbS5nLmRvdWJsZWNsaWNrLm5ldC9waXhlbC9hdHRyP2Q9QUhORjEzTGRURWJIbm9zY18xRjhBOG11eHVwTEhSNThZcWZ6"
1498580977364	Marionette	DEBUG	Received DOM event "pageshow" for "https://googleads.g.doubleclick.net/pagead/ads?client=ca-pub-9489621755605348&output=html&h=600&slotname=6248479170&adk=2098145778&adf=4008312457&w=160&loeid=191880401&ea=0&flash=0&url=http%3A%2F%2Fwww.squidalicious.com%2F&wgl=1&dt=1498580972481&bpp=21&bdt=2422&fdt=36&idt=407&shv=r20170619&cbv=r20170110&saldr=sa&correlator=7987681331218&frm=23&ga_vid=1474491878.1498580966&ga_sid=1498580971&ga_hid=124117005&ga_fc=0&pv=2&icsg=2&nhd=2&dssz=2&mdo=0&mso=0&u_tz=-240&u_his=1&u_java=0&u_h=800&u_w=1280&u_ah=773&u_aw=1280&u_cd=24&u_nplug=0&u_nmime=0&adx=860&ady=516&biw=1280&bih=694&isw=160&ish=600&ifk=2607433910&eid=10593696%2C191880411%2C575144605%2C21060298&oid=3&rx=0&eae=2&fc=528&brdim=%2C%2C0%2C23%2C1280%2C23%2C1280%2C773%2C160%2C600&vis=1&rsz=o%7Co%7CpeE%7C&abl=NS&ppjl=u&pfx=0&fu=20&bc=1&ifi=3&dtd=471"
1498580977385	Marionette	DEBUG	Received DOM event "pageshow" for "https://googleads.g.doubleclick.net/pagead/ads?client=ca-pub-9489621755605348&output=html&h=600&slotname=6248479170&adk=2098145778&adf=4008312457&w=160&loeid=191880401&ea=0&flash=0&url=http%3A%2F%2Fwww.squidalicious.com%2F&wgl=1&dt=1498580972481&bpp=21&bdt=2422&fdt=36&idt=407&shv=r20170619&cbv=r20170110&saldr=sa&correlator=7987681331218&frm=23&ga_vid=1474491878.1498580966&ga_sid=1498580971&ga_hid=124117005&ga_fc=0&pv=2&icsg=2&nhd=2&dssz=2&mdo=0&mso=0&u_tz=-240&u_his=1&u_java=0&u_h=800&u_w=1280&u_ah=773&u_aw=1280&u_cd=24&u_nplug=0&u_nmime=0&adx=860&ady=516&biw=1280&bih=694&isw=160&ish=600&ifk=2607433910&eid=10593696%2C191880411%2C575144605%2C21060298&oid=3&rx=0&eae=2&fc=528&brdim=%2C%2C0%2C23%2C1280%2C23%2C1280%2C773%2C160%2C600&vis=1&rsz=o%7Co%7CpeE%7C&abl=NS&ppjl=u&pfx=0&fu=20&bc=1&ifi=3&dtd=471"
1498580977407	Marionette	DEBUG	Received DOM event "pageshow" for "http://www.squidalicious.com/"
1498580977438	Marionette	DEBUG	Received DOM event "pageshow" for "http://www.squidalicious.com/"
1498580977447	Marionette	DEBUG	Received DOM event "DOMContentLoaded" for "https://googleads.g.doubleclick.net/pagead/ads?client=ca-pub-9489621755605348&output=html&h=600&slotname=6248479170&adk=2098145778&adf=4008312457&w=160&loeid=191880401&ea=0&flash=0&url=http%3A%2F%2Fwww.squidalicious.com%2F&wgl=1&dt=1498580972481&bpp=21&bdt=2422&fdt=36&idt=407&shv=r20170619&cbv=r20170110&saldr=sa&correlator=7987681331218&frm=23&ga_vid=1474491878.1498580966&ga_sid=1498580971&ga_hid=124117005&ga_fc=0&pv=2&icsg=2&nhd=2&dssz=2&mdo=0&mso=0&u_tz=-240&u_his=1&u_java=0&u_h=800&u_w=1280&u_ah=773&u_aw=1280&u_cd=24&u_nplug=0&u_nmime=0&adx=860&ady=516&biw=1280&bih=694&isw=160&ish=600&ifk=2607433910&eid=10593696%2C191880411%2C575144605%2C21060298&oid=3&rx=0&eae=2&fc=528&brdim=%2C%2C0%2C23%2C1280%2C23%2C1280%2C773%2C160%2C600&vis=1&rsz=o%7Co%7CpeE%7C&abl=NS&ppjl=u&pfx=0&fu=20&bc=1&ifi=3&dtd=471"
1498580977504	Marionette	DEBUG	Received DOM event "DOMContentLoaded" for "http://us-u.openx.net/w/1.0/pd?plm=10&ph=94ef58655625200a8cfc5b15afcd0b94ad52d590"
1498580977541	Marionette	DEBUG	Received DOM event "DOMContentLoaded" for "http://www.squidalicious.com/"
1498580977546	Marionette	DEBUG	Received DOM event "pageshow" for "http://www.squidalicious.com/"
1498580977796	Marionette	DEBUG	Received observer notification "outer-window-destroyed" for "2147483784"
1498580977806	Marionette	DEBUG	Received DOM event "pageshow" for "https://googleads.g.doubleclick.net/pagead/ads?client=ca-pub-9489621755605348&output=html&h=600&slotname=6248479170&adk=2098145778&adf=4008312457&w=160&loeid=191880401&ea=0&flash=0&url=http%3A%2F%2Fwww.squidalicious.com%2F&wgl=1&dt=1498580972481&bpp=21&bdt=2422&fdt=36&idt=407&shv=r20170619&cbv=r20170110&saldr=sa&correlator=7987681331218&frm=23&ga_vid=1474491878.1498580966&ga_sid=1498580971&ga_hid=124117005&ga_fc=0&pv=2&icsg=2&nhd=2&dssz=2&mdo=0&mso=0&u_tz=-240&u_his=1&u_java=0&u_h=800&u_w=1280&u_ah=773&u_aw=1280&u_cd=24&u_nplug=0&u_nmime=0&adx=860&ady=516&biw=1280&bih=694&isw=160&ish=600&ifk=2607433910&eid=10593696%2C191880411%2C575144605%2C21060298&oid=3&rx=0&eae=2&fc=528&brdim=%2C%2C0%2C23%2C1280%2C23%2C1280%2C773%2C160%2C600&vis=1&rsz=o%7Co%7CpeE%7C&abl=NS&ppjl=u&pfx=0&fu=20&bc=1&ifi=3&dtd=471"
1498580977979	Marionette	DEBUG	Received DOM event "pageshow" for "http://www.squidalicious.com/"
*************************
A coding exception was thrown and uncaught in a Task.

Full message: TypeError: NetworkError when attempting to fetch resource.
Full stack: 
*************************

###!!! [Child][MessageChannel] Error: (msgtype=0x4400AB,name=PContent::Msg_ConsoleMessage) Channel closing: too late to send/recv, messages will be lost

1498584036009	Marionette	INFO	Ceased listening
1500401871895	geckodriver	INFO	Listening on 127.0.0.1:50143
1500401874187	geckodriver::marionette	INFO	Starting browser /Users/Hannah/Applications/Firefox.app/Contents/MacOS/firefox-bin with args ["-marionette"]
1500401879829	Marionette	INFO	Listening on port 50150
1500401879955	Marionette	WARN	TLS certificate errors will be ignored for this session
1500401880190	Marionette	DEBUG	loaded listener.js
2017-07-18 14:18:00.301 plugin-container[1874:328655] *** CFMessagePort: bootstrap_register(): failed 1100 (0x44c) 'Permission denied', port = 0x8f37, name = 'com.apple.tsm.portname'
See /usr/include/servers/bootstrap_defs.h for the error codes.
2017-07-18 14:18:00.305 plugin-container[1874:328655] *** CFMessagePort: bootstrap_register(): failed 1100 (0x44c) 'Permission denied', port = 0x530f, name = 'com.apple.CFPasteboardClient'
See /usr/include/servers/bootstrap_defs.h for the error codes.
2017-07-18 14:18:00.306 plugin-container[1874:328655] void __CFPasteboardSetup() : Failed to allocate communication port for com.apple.CFPasteboardClient; this is likely due to sandbox restrictions
1500401880977	Marionette	DEBUG	Received DOM event "beforeunload" for "about:blank"
1500401881062	Marionette	DEBUG	Received DOM event "pagehide" for "about:blank"
1500401881062	Marionette	DEBUG	Received DOM event "unload" for "about:blank"
1500401882523	Marionette	DEBUG	Received DOM event "DOMContentLoaded" for "http://www.squidalicious.com/"
1500401882921	Marionette	DEBUG	Received DOM event "DOMContentLoaded" for "http://ws-na.amazon-adsystem.com/widgets/q?ServiceVersion=20070822&OneJS=1&Operation=GetAdHtml&MarketPlace=US&source=ac&ref=tf_til&ad_type=product_link&tracking_id=theadvofleean-20&marketplace=amazon&region=US&placement=0692010556&asins=0692010556&linkId=2KGL5APWWV5CC3JP&show_border=true&link_opens_in_new_window=true"
1500401882923	Marionette	DEBUG	Received DOM event "DOMContentLoaded" for "http://ws-na.amazon-adsystem.com/widgets/q?ServiceVersion=20070822&OneJS=1&Operation=GetAdHtml&MarketPlace=US&source=ac&ref=qf_sp_asin_til&ad_type=product_link&tracking_id=theadvofleean-20&marketplace=amazon&region=US&placement=0399185615&asins=0399185615&linkId=909fdcfe2662f740cf7637746b61109f&show_border=true&link_opens_in_new_window=true&price_color=333333&title_color=0066c0&bg_color=ffffff"
1500401882925	Marionette	DEBUG	Received DOM event "DOMContentLoaded" for "https://www.blogger.com/navbar.g?targetBlogID=5563550&blogName=SQUIDALICIOUS&publishMode=PUBLISH_MODE_HOSTED&navbarType=LIGHT&layoutType=LAYOUTS&searchRoot=http://www.squidalicious.com/search&blogLocale=en&v=2&homepageUrl=http://www.squidalicious.com/&vt=199910958571209893&usegapi=1&jsh=m%3B%2F_%2Fscs%2Fapps-static%2F_%2Fjs%2Fk%3Doz.gapi.en_US.kpXrwGSPBxQ.O%2Fm%3D__features__%2Fam%3DAQ%2Frt%3Dj%2Fd%3D1%2Frs%3DAGLTcCOZfgAHdRXw9ae_JEm_JrE3nGmdog#id=navbar-iframe&parent=http%3A%2F%2Fwww.squidalicious.com&pfname=&rpctoken=32650397"
1500401883000	Marionette	DEBUG	Received DOM event "DOMContentLoaded" for "http://rcm-na.amazon-adsystem.com/e/cm?o=1&p=11&l=ez&f=ifr&linkID=703d2e16c270f0e6fbd1addef8009b67&t=theadvofleean-20&tracking_id=theadvofleean-20"
JavaScript error: http://w.sharethis.com/widget/?tabs=web%2Cpost%2Cemail&charset=utf-8&style=default&publisher=84bc31b5-424e-4f85-bc44-c726228e5313, line 1: TypeError: stlib.scriptLoader is undefined
1500401883353	Marionette	DEBUG	Received DOM event "DOMContentLoaded" for "http://dp1.33across.com/ps/?tt=iframe&amp;pid=523&amp;cgn=14275"
1500401883416	Marionette	DEBUG	Received DOM event "pageshow" for "http://ws-na.amazon-adsystem.com/widgets/q?ServiceVersion=20070822&OneJS=1&Operation=GetAdHtml&MarketPlace=US&source=ac&ref=tf_til&ad_type=product_link&tracking_id=theadvofleean-20&marketplace=amazon&region=US&placement=0692010556&asins=0692010556&linkId=2KGL5APWWV5CC3JP&show_border=true&link_opens_in_new_window=true"
1500401883587	Marionette	DEBUG	Received DOM event "pageshow" for "http://ws-na.amazon-adsystem.com/widgets/q?ServiceVersion=20070822&OneJS=1&Operation=GetAdHtml&MarketPlace=US&source=ac&ref=qf_sp_asin_til&ad_type=product_link&tracking_id=theadvofleean-20&marketplace=amazon&region=US&placement=0399185615&asins=0399185615&linkId=909fdcfe2662f740cf7637746b61109f&show_border=true&link_opens_in_new_window=true&price_color=333333&title_color=0066c0&bg_color=ffffff"
1500401883593	Marionette	DEBUG	Received DOM event "pageshow" for "http://rcm-na.amazon-adsystem.com/e/cm?o=1&p=11&l=ez&f=ifr&linkID=703d2e16c270f0e6fbd1addef8009b67&t=theadvofleean-20&tracking_id=theadvofleean-20"
1500401883861	Marionette	DEBUG	Received DOM event "DOMContentLoaded" for "https://apis.google.com/se/0/wm/1/"
1500401883863	Marionette	DEBUG	Received DOM event "pageshow" for "https://apis.google.com/se/0/wm/1/"
1500401883886	Marionette	DEBUG	Received DOM event "DOMContentLoaded" for "https://apis.google.com/se/0/wm/1/"
1500401883889	Marionette	DEBUG	Received DOM event "pageshow" for "https://apis.google.com/se/0/wm/1/"
1500401883894	Marionette	DEBUG	Received DOM event "DOMContentLoaded" for "https://apis.google.com/se/0/wm/1/"
1500401883897	Marionette	DEBUG	Received DOM event "pageshow" for "https://apis.google.com/se/0/wm/1/"
1500401883906	Marionette	DEBUG	Received DOM event "DOMContentLoaded" for "https://www.youtube.com/embed/AM9fVsazvJU"
1500401883907	Marionette	DEBUG	Received DOM event "DOMContentLoaded" for "https://apis.google.com/se/0/wm/1/"
1500401883910	Marionette	DEBUG	Received DOM event "pageshow" for "https://apis.google.com/se/0/wm/1/"
1500401884012	Marionette	DEBUG	Received DOM event "DOMContentLoaded" for "https://apis.google.com/se/0/wm/1/"
1500401884015	Marionette	DEBUG	Received DOM event "pageshow" for "https://apis.google.com/se/0/wm/1/"
1500401884388	Marionette	DEBUG	Received DOM event "pageshow" for "https://www.youtube.com/embed/AM9fVsazvJU"
1500401884394	Marionette	DEBUG	Received DOM event "DOMContentLoaded" for "https://accounts.google.com/o/oauth2/postmessageRelay?parent=http%3A%2F%2Fwww.squidalicious.com&jsh=m%3B%2F_%2Fscs%2Fapps-static%2F_%2Fjs%2Fk%3Doz.gapi.en_US.kpXrwGSPBxQ.O%2Fm%3D__features__%2Fam%3DAQ%2Frt%3Dj%2Fd%3D1%2Frs%3DAGLTcCOZfgAHdRXw9ae_JEm_JrE3nGmdog#rpctoken=516482234&forcesecure=1"
1500401884455	Marionette	DEBUG	Received DOM event "DOMContentLoaded" for "https://www.youtube.com/embed/GEqV_8ahr90?rel=0"
1500401884511	Marionette	DEBUG	Received DOM event "DOMContentLoaded" for "https://apis.google.com/se/0/wm/1/"
1500401884516	Marionette	DEBUG	Received DOM event "pageshow" for "https://apis.google.com/se/0/wm/1/"
1500401884592	Marionette	DEBUG	Received DOM event "pageshow" for "https://accounts.google.com/o/oauth2/postmessageRelay?parent=http%3A%2F%2Fwww.squidalicious.com&jsh=m%3B%2F_%2Fscs%2Fapps-static%2F_%2Fjs%2Fk%3Doz.gapi.en_US.kpXrwGSPBxQ.O%2Fm%3D__features__%2Fam%3DAQ%2Frt%3Dj%2Fd%3D1%2Frs%3DAGLTcCOZfgAHdRXw9ae_JEm_JrE3nGmdog#rpctoken=516482234&forcesecure=1"
1500401884808	Marionette	DEBUG	Received DOM event "pageshow" for "http://www.squidalicious.com/"
1500401884833	Marionette	DEBUG	Received DOM event "pageshow" for "https://www.youtube.com/embed/GEqV_8ahr90?rel=0"
1500401884842	Marionette	DEBUG	Received DOM event "DOMContentLoaded" for "https://www.facebook.com/plugins/likebox.php?id=119870308054305&width=160&connections=10&stream=false&header=false&height=255"
1500401884845	Marionette	DEBUG	Received DOM event "DOMContentLoaded" for "https://accounts.google.com/o/oauth2/postmessageRelay?parent=https%3A%2F%2Fwww.blogger.com&jsh=m%3B%2F_%2Fscs%2Fapps-static%2F_%2Fjs%2Fk%3Doz.gapi.en_US.kpXrwGSPBxQ.O%2Fm%3D__features__%2Fam%3DAQ%2Frt%3Dj%2Fd%3D1%2Frs%3DAGLTcCOZfgAHdRXw9ae_JEm_JrE3nGmdog#rpctoken=736674846&forcesecure=1"
1500401884855	Marionette	DEBUG	Received DOM event "pageshow" for "https://www.facebook.com/plugins/likebox.php?id=119870308054305&width=160&connections=10&stream=false&header=false&height=255"
1500401884894	Marionette	DEBUG	Received DOM event "pageshow" for "https://accounts.google.com/o/oauth2/postmessageRelay?parent=https%3A%2F%2Fwww.blogger.com&jsh=m%3B%2F_%2Fscs%2Fapps-static%2F_%2Fjs%2Fk%3Doz.gapi.en_US.kpXrwGSPBxQ.O%2Fm%3D__features__%2Fam%3DAQ%2Frt%3Dj%2Fd%3D1%2Frs%3DAGLTcCOZfgAHdRXw9ae_JEm_JrE3nGmdog#rpctoken=736674846&forcesecure=1"
1500401884897	Marionette	DEBUG	Received DOM event "pageshow" for "https://www.blogger.com/navbar.g?targetBlogID=5563550&blogName=SQUIDALICIOUS&publishMode=PUBLISH_MODE_HOSTED&navbarType=LIGHT&layoutType=LAYOUTS&searchRoot=http://www.squidalicious.com/search&blogLocale=en&v=2&homepageUrl=http://www.squidalicious.com/&vt=199910958571209893&usegapi=1&jsh=m%3B%2F_%2Fscs%2Fapps-static%2F_%2Fjs%2Fk%3Doz.gapi.en_US.kpXrwGSPBxQ.O%2Fm%3D__features__%2Fam%3DAQ%2Frt%3Dj%2Fd%3D1%2Frs%3DAGLTcCOZfgAHdRXw9ae_JEm_JrE3nGmdog#id=navbar-iframe&parent=http%3A%2F%2Fwww.squidalicious.com&pfname=&rpctoken=32650397"
1500401885540	Marionette	DEBUG	Received DOM event "pageshow" for "http://dp1.33across.com/ps/?tt=iframe&amp;pid=523&amp;cgn=14275"
1500401885915	Marionette	DEBUG	Received DOM event "DOMContentLoaded" for "http://tags.bluekai.com/site/27519?dt=0&r=1621954178&sig=3043038618&bkca=KJpnEnaNpQlN2Eq1vxlN0dz/vxImviQ62lJ1PpPt9uvNG+xutT0ulO0NGLuXkwhzV6BE9y1E961nYhBEDp19SaRu+9=="
1500401886133	Marionette	DEBUG	Received observer notification "outer-window-destroyed" for "2147483698"
JavaScript error: http://as.casalemedia.com/headertag?v=9&fn=cygnus_index_parse_res&s=167420&r=%7B%22id%22%3A499091813%2C%22site%22%3A%7B%22page%22%3A%22http%3A%2F%2Fwww.squidalicious.com%2F%22%2C%22ref%22%3A%22%22%7D%2C%22imp%22%3A%5B%7B%22id%22%3A%221%22%2C%20%22banner%22%3A%7B%22w%22%3A728%2C%22h%22%3A90%2C%22topframe%22%3A1%7D%2C%22ext%22%3A%20%7B%22sid%22%3A%221%22%2C%22siteID%22%3A167420%7D%7D%2C%7B%22id%22%3A%222%22%2C%20%22banner%22%3A%7B%22w%22%3A300%2C%22h%22%3A250%2C%22topframe%22%3A1%7D%2C%22ext%22%3A%20%7B%22sid%22%3A%222%22%2C%22siteID%22%3A167420%7D%7D%2C%7B%22id%22%3A%223%22%2C%20%22banner%22%3A%7B%22w%22%3A300%2C%22h%22%3A600%2C%22topframe%22%3A1%7D%2C%22ext%22%3A%20%7B%22sid%22%3A%223%22%2C%22siteID%22%3A167420%7D%7D%2C%7B%22id%22%3A%224%22%2C%20%22banner%22%3A%7B%22w%22%3A970%2C%22h%22%3A250%2C%22topframe%22%3A1%7D%2C%22ext%22%3A%20%7B%22sid%22%3A%224%22%2C%22siteID%22%3A167420%7D%7D%2C%7B%22id%22%3A%225%22%2C%20%22banner%22%3A%7B%22w%22%3A160%2C%22h%22%3A600%2C%22topframe%22%3A1%7D%2C%22ext%22%3A%20%7B%22sid%22%3A%226%22%2C%22siteID%22%3A167420%7D%7D%5D%7D&t=300, line 1: SyntaxError: expected expression, got '<'
1500401886285	Marionette	DEBUG	Received DOM event "DOMContentLoaded" for "http://cdn.krxd.net/partnerjs/xdi/proxy.3d2100fd7107262ecb55ce6847f01fa5.html#!kxcid=q9eotw322&kxt=http%3A%2F%2Fwww.squidalicious.com&kxcl=cdn&kxp="
1500401886711	Marionette	DEBUG	Received observer notification "outer-window-destroyed" for "2147483702"
1500401886770	Marionette	DEBUG	Received DOM event "pageshow" for "http://cdn.krxd.net/partnerjs/xdi/proxy.3d2100fd7107262ecb55ce6847f01fa5.html#!kxcid=q9eotw322&kxt=http%3A%2F%2Fwww.squidalicious.com&kxcl=cdn&kxp="
1500401887143	Marionette	DEBUG	Received DOM event "pageshow" for "http://tags.bluekai.com/site/27519?dt=0&r=1621954178&sig=3043038618&bkca=KJpnEnaNpQlN2Eq1vxlN0dz/vxImviQ62lJ1PpPt9uvNG+xutT0ulO0NGLuXkwhzV6BE9y1E961nYhBEDp19SaRu+9=="
1500401887339	Marionette	DEBUG	Received DOM event "pageshow" for "http://www.squidalicious.com/"
1500401888868	Marionette	DEBUG	Canceled page load listener because no navigation has been detected
1500401890301	Marionette	DEBUG	Canceled page load listener because no navigation has been detected
1500401891602	Marionette	DEBUG	Received DOM event "pagehide" for "http://www.squidalicious.com/"
1500401891724	Marionette	DEBUG	Canceled page load listener because no navigation has been detected
1500401893081	Marionette	DEBUG	Canceled page load listener because no navigation has been detected
1500401894786	Marionette	DEBUG	Canceled page load listener because no navigation has been detected
1500401896048	Marionette	DEBUG	Canceled page load listener because no navigation has been detected
1500401897304	Marionette	DEBUG	Canceled page load listener because no navigation has been detected
1500401898606	Marionette	DEBUG	Canceled page load listener because no navigation has been detected
1500401899882	Marionette	DEBUG	Canceled page load listener because no navigation has been detected
1500401901140	Marionette	DEBUG	Canceled page load listener because no navigation has been detected
1500401902391	Marionette	DEBUG	Canceled page load listener because no navigation has been detected
1500401903653	Marionette	DEBUG	Canceled page load listener because no navigation has been detected
1500401904909	Marionette	DEBUG	Canceled page load listener because no navigation has been detected
1500401906179	Marionette	DEBUG	Canceled page load listener because no navigation has been detected
1500401907443	Marionette	DEBUG	Canceled page load listener because no navigation has been detected
1500401908700	Marionette	DEBUG	Canceled page load listener because no navigation has been detected
1500401909952	Marionette	DEBUG	Canceled page load listener because no navigation has been detected
1500401911211	Marionette	DEBUG	Canceled page load listener because no navigation has been detected
1500401912479	Marionette	DEBUG	Canceled page load listener because no navigation has been detected
1500401913730	Marionette	DEBUG	Canceled page load listener because no navigation has been detected
1500401914985	Marionette	DEBUG	Canceled page load listener because no navigation has been detected
1500401916238	Marionette	DEBUG	Canceled page load listener because no navigation has been detected
1500401917497	Marionette	DEBUG	Canceled page load listener because no navigation has been detected
1500401918760	Marionette	DEBUG	Canceled page load listener because no navigation has been detected
1500401920015	Marionette	DEBUG	Canceled page load listener because no navigation has been detected
1500401921266	Marionette	DEBUG	Canceled page load listener because no navigation has been detected
1500401922518	Marionette	DEBUG	Canceled page load listener because no navigation has been detected
1500401923765	Marionette	DEBUG	Canceled page load listener because no navigation has been detected
1500401925028	Marionette	DEBUG	Canceled page load listener because no navigation has been detected
1500401926275	Marionette	DEBUG	Canceled page load listener because no navigation has been detected
1500401927525	Marionette	DEBUG	Canceled page load listener because no navigation has been detected
1500401928775	Marionette	DEBUG	Canceled page load listener because no navigation has been detected
1500401930027	Marionette	DEBUG	Canceled page load listener because no navigation has been detected
1500401931293	Marionette	DEBUG	Canceled page load listener because no navigation has been detected
1500401932544	Marionette	DEBUG	Canceled page load listener because no navigation has been detected
1500401933797	Marionette	DEBUG	Canceled page load listener because no navigation has been detected
1500401935048	Marionette	DEBUG	Canceled page load listener because no navigation has been detected
1500401936298	Marionette	DEBUG	Canceled page load listener because no navigation has been detected
1500401937558	Marionette	DEBUG	Canceled page load listener because no navigation has been detected
1500401938810	Marionette	DEBUG	Canceled page load listener because no navigation has been detected
1500401940083	Marionette	DEBUG	Canceled page load listener because no navigation has been detected
1500401941333	Marionette	DEBUG	Canceled page load listener because no navigation has been detected
1500401942586	Marionette	DEBUG	Canceled page load listener because no navigation has been detected
1500401943856	Marionette	DEBUG	Canceled page load listener because no navigation has been detected
1500401945113	Marionette	DEBUG	Canceled page load listener because no navigation has been detected
1500401946361	Marionette	DEBUG	Canceled page load listener because no navigation has been detected
1500401947610	Marionette	DEBUG	Canceled page load listener because no navigation has been detected
1500401948859	Marionette	DEBUG	Canceled page load listener because no navigation has been detected
1500401950128	Marionette	DEBUG	Canceled page load listener because no navigation has been detected
1500401951375	Marionette	DEBUG	Canceled page load listener because no navigation has been detected
1500401952629	Marionette	DEBUG	Canceled page load listener because no navigation has been detected
1500401953883	Marionette	DEBUG	Canceled page load listener because no navigation has been detected
1500401955146	Marionette	DEBUG	Canceled page load listener because no navigation has been detected
1500401956413	Marionette	DEBUG	Canceled page load listener because no navigation has been detected
1500401957666	Marionette	DEBUG	Canceled page load listener because no navigation has been detected
1500401958920	Marionette	DEBUG	Canceled page load listener because no navigation has been detected
1500401960183	Marionette	DEBUG	Canceled page load listener because no navigation has been detected
1500401961437	Marionette	DEBUG	Canceled page load listener because no navigation has been detected
1500401962690	Marionette	DEBUG	Canceled page load listener because no navigation has been detected
1500401963938	Marionette	DEBUG	Canceled page load listener because no navigation has been detected
1500401965190	Marionette	DEBUG	Canceled page load listener because no navigation has been detected
1500401966443	Marionette	DEBUG	Canceled page load listener because no navigation has been detected
1500401967696	Marionette	DEBUG	Canceled page load listener because no navigation has been detected
1500401968950	Marionette	DEBUG	Canceled page load listener because no navigation has been detected
1500401970200	Marionette	DEBUG	Canceled page load listener because no navigation has been detected
1500401971453	Marionette	DEBUG	Canceled page load listener because no navigation has been detected
1500401972708	Marionette	DEBUG	Canceled page load listener because no navigation has been detected
1500401973959	Marionette	DEBUG	Canceled page load listener because no navigation has been detected
1500401975201	Marionette	DEBUG	Canceled page load listener because no navigation has been detected
1500401976444	Marionette	DEBUG	Canceled page load listener because no navigation has been detected
1500401977703	Marionette	DEBUG	Canceled page load listener because no navigation has been detected
1500401978946	Marionette	DEBUG	Canceled page load listener because no navigation has been detected
1500401980198	Marionette	DEBUG	Canceled page load listener because no navigation has been detected
1500401981441	Marionette	DEBUG	Canceled page load listener because no navigation has been detected
1500401982687	Marionette	DEBUG	Canceled page load listener because no navigation has been detected
1500401983932	Marionette	DEBUG	Canceled page load listener because no navigation has been detected
1500401985179	Marionette	DEBUG	Canceled page load listener because no navigation has been detected
1500401986424	Marionette	DEBUG	Canceled page load listener because no navigation has been detected
1500401987668	Marionette	DEBUG	Canceled page load listener because no navigation has been detected
1500401988914	Marionette	DEBUG	Canceled page load listener because no navigation has been detected
1500401990156	Marionette	DEBUG	Canceled page load listener because no navigation has been detected
1500401991400	Marionette	DEBUG	Canceled page load listener because no navigation has been detected
1500401992645	Marionette	DEBUG	Canceled page load listener because no navigation has been detected
1500401993889	Marionette	DEBUG	Canceled page load listener because no navigation has been detected
1500401995133	Marionette	DEBUG	Canceled page load listener because no navigation has been detected
1500401996381	Marionette	DEBUG	Canceled page load listener because no navigation has been detected
1500401997626	Marionette	DEBUG	Canceled page load listener because no navigation has been detected
1500401998869	Marionette	DEBUG	Canceled page load listener because no navigation has been detected
1500402000116	Marionette	DEBUG	Canceled page load listener because no navigation has been detected
1500402001363	Marionette	DEBUG	Canceled page load listener because no navigation has been detected
1500402002610	Marionette	DEBUG	Canceled page load listener because no navigation has been detected
1500402003855	Marionette	DEBUG	Canceled page load listener because no navigation has been detected
1500402005104	Marionette	DEBUG	Canceled page load listener because no navigation has been detected
1500402006349	Marionette	DEBUG	Canceled page load listener because no navigation has been detected
1500402007598	Marionette	DEBUG	Canceled page load listener because no navigation has been detected
1500402008859	Marionette	DEBUG	Canceled page load listener because no navigation has been detected
1500402010101	Marionette	DEBUG	Canceled page load listener because no navigation has been detected
1500402011348	Marionette	DEBUG	Canceled page load listener because no navigation has been detected
1500402012595	Marionette	DEBUG	Canceled page load listener because no navigation has been detected
1500402013836	Marionette	DEBUG	Canceled page load listener because no navigation has been detected
1500402015079	Marionette	DEBUG	Canceled page load listener because no navigation has been detected
1500402016325	Marionette	DEBUG	Canceled page load listener because no navigation has been detected
1500402017570	Marionette	DEBUG	Canceled page load listener because no navigation has been detected
1500402018814	Marionette	DEBUG	Canceled page load listener because no navigation has been detected
1500402020056	Marionette	DEBUG	Canceled page load listener because no navigation has been detected
1500402021298	Marionette	DEBUG	Canceled page load listener because no navigation has been detected
1500402022545	Marionette	DEBUG	Canceled page load listener because no navigation has been detected
1500402023786	Marionette	DEBUG	Canceled page load listener because no navigation has been detected
1500402025029	Marionette	DEBUG	Canceled page load listener because no navigation has been detected
1500402026276	Marionette	DEBUG	Canceled page load listener because no navigation has been detected
1500402027526	Marionette	DEBUG	Canceled page load listener because no navigation has been detected
1500402028777	Marionette	DEBUG	Canceled page load listener because no navigation has been detected
1500402030020	Marionette	DEBUG	Canceled page load listener because no navigation has been detected
1500402031267	Marionette	DEBUG	Canceled page load listener because no navigation has been detected
1500402032771	Marionette	DEBUG	Canceled page load listener because no navigation has been detected
1500402034021	Marionette	DEBUG	Canceled page load listener because no navigation has been detected
1500402035474	Marionette	DEBUG	Canceled page load listener because no navigation has been detected
1500402036721	Marionette	DEBUG	Canceled page load listener because no navigation has been detected
1500402037963	Marionette	DEBUG	Canceled page load listener because no navigation has been detected
1500402039212	Marionette	DEBUG	Canceled page load listener because no navigation has been detected
1500402040469	Marionette	DEBUG	Canceled page load listener because no navigation has been detected
1500402041723	Marionette	DEBUG	Canceled page load listener because no navigation has been detected
1500402042973	Marionette	DEBUG	Canceled page load listener because no navigation has been detected
1500402044220	Marionette	DEBUG	Canceled page load listener because no navigation has been detected
1500402045474	Marionette	DEBUG	Canceled page load listener because no navigation has been detected
1500402046730	Marionette	DEBUG	Canceled page load listener because no navigation has been detected
1500402048114	Marionette	DEBUG	Canceled page load listener because no navigation has been detected
1500402049368	Marionette	DEBUG	Canceled page load listener because no navigation has been detected
1500402050618	Marionette	DEBUG	Canceled page load listener because no navigation has been detected
1500402051869	Marionette	DEBUG	Canceled page load listener because no navigation has been detected
1500402053114	Marionette	DEBUG	Canceled page load listener because no navigation has been detected
1500402054363	Marionette	DEBUG	Canceled page load listener because no navigation has been detected
1500402055688	Marionette	DEBUG	Canceled page load listener because no navigation has been detected
1500402056930	Marionette	DEBUG	Canceled page load listener because no navigation has been detected
1500402058173	Marionette	DEBUG	Canceled page load listener because no navigation has been detected
1500402059594	Marionette	DEBUG	Canceled page load listener because no navigation has been detected
1500402061057	Marionette	DEBUG	Canceled page load listener because no navigation has been detected
1500402062683	Marionette	DEBUG	Canceled page load listener because no navigation has been detected
1500402064306	Marionette	DEBUG	Canceled page load listener because no navigation has been detected
1500402066179	Marionette	DEBUG	Canceled page load listener because no navigation has been detected
1500402068236	Marionette	DEBUG	Canceled page load listener because no navigation has been detected
1500402070112	Marionette	DEBUG	Canceled page load listener because no navigation has been detected
1500402071860	Marionette	DEBUG	Canceled page load listener because no navigation has been detected
1500402073108	Marionette	DEBUG	Canceled page load listener because no navigation has been detected
1500402074870	Marionette	DEBUG	Canceled page load listener because no navigation has been detected
1500402076659	Marionette	DEBUG	Canceled page load listener because no navigation has been detected
1500402078163	Marionette	DEBUG	Canceled page load listener because no navigation has been detected
1500402079407	Marionette	DEBUG	Canceled page load listener because no navigation has been detected
1500402081338	Marionette	DEBUG	Canceled page load listener because no navigation has been detected
1500402082694	Marionette	DEBUG	Canceled page load listener because no navigation has been detected
1500402084313	Marionette	DEBUG	Canceled page load listener because no navigation has been detected
1500402086304	Marionette	DEBUG	Canceled page load listener because no navigation has been detected
1500402088278	Marionette	DEBUG	Canceled page load listener because no navigation has been detected
1500402090033	Marionette	DEBUG	Canceled page load listener because no navigation has been detected
1500402092338	Marionette	DEBUG	Canceled page load listener because no navigation has been detected
1500402094652	Marionette	DEBUG	Canceled page load listener because no navigation has been detected
1500402096286	Marionette	DEBUG	Canceled page load listener because no navigation has been detected
1500402098295	Marionette	DEBUG	Canceled page load listener because no navigation has been detected
1500402100155	Marionette	DEBUG	Canceled page load listener because no navigation has been detected
1500402101856	Marionette	DEBUG	Canceled page load listener because no navigation has been detected
1500402103099	Marionette	DEBUG	Canceled page load listener because no navigation has been detected
1500402104772	Marionette	DEBUG	Canceled page load listener because no navigation has been detected
1500402107119	Marionette	DEBUG	Canceled page load listener because no navigation has been detected
1500402108708	Marionette	DEBUG	Canceled page load listener because no navigation has been detected
1500402111220	Marionette	DEBUG	Canceled page load listener because no navigation has been detected
1500402113650	Marionette	DEBUG	Canceled page load listener because no navigation has been detected
1500402115546	Marionette	DEBUG	Canceled page load listener because no navigation has been detected
1500402117887	Marionette	DEBUG	Canceled page load listener because no navigation has been detected
1500402120391	Marionette	DEBUG	Canceled page load listener because no navigation has been detected
1500402122960	Marionette	DEBUG	Canceled page load listener because no navigation has been detected
1500402125490	Marionette	DEBUG	Canceled page load listener because no navigation has been detected
1500402127999	Marionette	DEBUG	Canceled page load listener because no navigation has been detected
1500402130573	Marionette	DEBUG	Canceled page load listener because no navigation has been detected
1500402131815	Marionette	DEBUG	Canceled page load listener because no navigation has been detected
1500402134298	Marionette	DEBUG	Canceled page load listener because no navigation has been detected
1500402136702	Marionette	DEBUG	Canceled page load listener because no navigation has been detected
1500402139241	Marionette	DEBUG	Canceled page load listener because no navigation has been detected
1500402141567	Marionette	DEBUG	Canceled page load listener because no navigation has been detected
1500402143698	Marionette	DEBUG	Canceled page load listener because no navigation has been detected
1500402145020	Marionette	DEBUG	Canceled page load listener because no navigation has been detected
