1496252630507	geckodriver	INFO	Listening on 127.0.0.1:59940
1496252635746	geckodriver::marionette	INFO	Starting browser /Users/Hannah/Applications/Firefox.app/Contents/MacOS/firefox-bin with args ["-marionette"]
1496252641501	Marionette	INFO	Listening on port 59951
1496252641679	Marionette	WARN	TLS certificate errors will be ignored for this session
2017-05-31 13:44:02.387 plugin-container[2509:136041] *** CFMessagePort: bootstrap_register(): failed 1100 (0x44c) 'Permission denied', port = 0x8d3f, name = 'com.apple.tsm.portname'
See /usr/include/servers/bootstrap_defs.h for the error codes.
2017-05-31 13:44:02.387 plugin-container[2509:136041] *** CFMessagePort: bootstrap_register(): failed 1100 (0x44c) 'Permission denied', port = 0x5007, name = 'com.apple.CFPasteboardClient'
See /usr/include/servers/bootstrap_defs.h for the error codes.
2017-05-31 13:44:02.388 plugin-container[2509:136041] void __CFPasteboardSetup() : Failed to allocate communication port for com.apple.CFPasteboardClient; this is likely due to sandbox restrictions
JavaScript warning: http://static.issuu.com/widgets/shelf/rev0/script/jquery-1.3.2.js, line 19: unreachable code after return statement
1498583460883	geckodriver	INFO	Listening on 127.0.0.1:61405
1498583464478	geckodriver::marionette	INFO	Starting browser /Users/Hannah/Applications/Firefox.app/Contents/MacOS/firefox-bin with args ["-marionette"]
1498583470581	Marionette	INFO	Listening on port 61422
1498583470723	Marionette	WARN	TLS certificate errors will be ignored for this session
1498583471108	Marionette	DEBUG	loaded listener.js
2017-06-27 13:11:11.315 plugin-container[2689:367412] *** CFMessagePort: bootstrap_register(): failed 1100 (0x44c) 'Permission denied', port = 0x5243, name = 'com.apple.tsm.portname'
See /usr/include/servers/bootstrap_defs.h for the error codes.
2017-06-27 13:11:11.316 plugin-container[2689:367412] *** CFMessagePort: bootstrap_register(): failed 1100 (0x44c) 'Permission denied', port = 0x9033, name = 'com.apple.CFPasteboardClient'
See /usr/include/servers/bootstrap_defs.h for the error codes.
2017-06-27 13:11:11.316 plugin-container[2689:367412] void __CFPasteboardSetup() : Failed to allocate communication port for com.apple.CFPasteboardClient; this is likely due to sandbox restrictions
1498583472450	Marionette	DEBUG	Received DOM event "beforeunload" for "about:blank"
1498583472615	Marionette	DEBUG	Received DOM event "pagehide" for "about:blank"
1498583472616	Marionette	DEBUG	Received DOM event "unload" for "about:blank"
1498583474318	Marionette	DEBUG	Received DOM event "DOMContentLoaded" for "https://apis.google.com/se/0/wm/1/"
1498583474539	Marionette	DEBUG	Received DOM event "DOMContentLoaded" for "http://bloom-parentingkidswithdisabilities.blogspot.com/"
1498583474676	Marionette	DEBUG	Received DOM event "pageshow" for "https://apis.google.com/se/0/wm/1/"
1498583474713	Marionette	DEBUG	Received DOM event "DOMContentLoaded" for "https://www.blogger.com/navbar.g?targetBlogID=447392662850613354&blogName=Special+needs+disability+parenting+BLOOM&publishMode=PUBLISH_MODE_BLOGSPOT&navbarType=BLUE&layoutType=LAYOUTS&searchRoot=http://bloom-parentingkidswithdisabilities.blogspot.com/search&blogLocale=en&v=2&homepageUrl=http://bloom-parentingkidswithdisabilities.blogspot.com/&vt=3949196979230852404&usegapi=1&jsh=m%3B%2F_%2Fscs%2Fapps-static%2F_%2Fjs%2Fk%3Doz.gapi.en_US.GfkYNo6gqPw.O%2Fm%3D__features__%2Fam%3DAQ%2Frt%3Dj%2Fd%3D1%2Frs%3DAGLTcCMb6GG45fF2HapKzrAkuFOe1Yx9QA#id=navbar-iframe&parent=http%3A%2F%2Fbloom-parentingkidswithdisabilities.blogspot.com&pfname=&rpctoken=59163798"
JavaScript warning: http://static.issuu.com/widgets/shelf/rev0/script/jquery-1.3.2.js, line 19: unreachable code after return statement
1498583474853	Marionette	DEBUG	Received DOM event "DOMContentLoaded" for "http://static.issuu.com/widgets/shelf/index.html?folderId=9889ae17-765a-4124-9b00-5bac9be82493&theme=theme1&rows=1&thumbSize=medium&roundedCorners=false&showTitle=true&showAuthor=true&shadow=true&effect3d=true"
1498583474875	Marionette	DEBUG	Received DOM event "pageshow" for "http://static.issuu.com/widgets/shelf/index.html?folderId=9889ae17-765a-4124-9b00-5bac9be82493&theme=theme1&rows=1&thumbSize=medium&roundedCorners=false&showTitle=true&showAuthor=true&shadow=true&effect3d=true"
1498583474909	Marionette	DEBUG	Received DOM event "DOMContentLoaded" for "https://accounts.google.com/o/oauth2/postmessageRelay?parent=http%3A%2F%2Fbloom-parentingkidswithdisabilities.blogspot.com&jsh=m%3B%2F_%2Fscs%2Fapps-static%2F_%2Fjs%2Fk%3Doz.gapi.en_US.GfkYNo6gqPw.O%2Fm%3D__features__%2Fam%3DAQ%2Frt%3Dj%2Fd%3D1%2Frs%3DAGLTcCMb6GG45fF2HapKzrAkuFOe1Yx9QA#rpctoken=755508298&forcesecure=1"
1498583475037	Marionette	DEBUG	Received DOM event "DOMContentLoaded" for "https://apis.google.com/se/0/wm/1/"
1498583475039	Marionette	DEBUG	Received DOM event "pageshow" for "https://apis.google.com/se/0/wm/1/"
1498583475075	Marionette	DEBUG	Received DOM event "pageshow" for "https://accounts.google.com/o/oauth2/postmessageRelay?parent=http%3A%2F%2Fbloom-parentingkidswithdisabilities.blogspot.com&jsh=m%3B%2F_%2Fscs%2Fapps-static%2F_%2Fjs%2Fk%3Doz.gapi.en_US.GfkYNo6gqPw.O%2Fm%3D__features__%2Fam%3DAQ%2Frt%3Dj%2Fd%3D1%2Frs%3DAGLTcCMb6GG45fF2HapKzrAkuFOe1Yx9QA#rpctoken=755508298&forcesecure=1"
1498583475145	Marionette	DEBUG	Received DOM event "DOMContentLoaded" for "https://accounts.google.com/o/oauth2/postmessageRelay?parent=https%3A%2F%2Fwww.blogger.com&jsh=m%3B%2F_%2Fscs%2Fapps-static%2F_%2Fjs%2Fk%3Doz.gapi.en_US.GfkYNo6gqPw.O%2Fm%3D__features__%2Fam%3DAQ%2Frt%3Dj%2Fd%3D1%2Frs%3DAGLTcCMb6GG45fF2HapKzrAkuFOe1Yx9QA#rpctoken=784579414&forcesecure=1"
1498583475171	Marionette	DEBUG	Received DOM event "pageshow" for "https://accounts.google.com/o/oauth2/postmessageRelay?parent=https%3A%2F%2Fwww.blogger.com&jsh=m%3B%2F_%2Fscs%2Fapps-static%2F_%2Fjs%2Fk%3Doz.gapi.en_US.GfkYNo6gqPw.O%2Fm%3D__features__%2Fam%3DAQ%2Frt%3Dj%2Fd%3D1%2Frs%3DAGLTcCMb6GG45fF2HapKzrAkuFOe1Yx9QA#rpctoken=784579414&forcesecure=1"
1498583475173	Marionette	DEBUG	Received DOM event "pageshow" for "https://www.blogger.com/navbar.g?targetBlogID=447392662850613354&blogName=Special+needs+disability+parenting+BLOOM&publishMode=PUBLISH_MODE_BLOGSPOT&navbarType=BLUE&layoutType=LAYOUTS&searchRoot=http://bloom-parentingkidswithdisabilities.blogspot.com/search&blogLocale=en&v=2&homepageUrl=http://bloom-parentingkidswithdisabilities.blogspot.com/&vt=3949196979230852404&usegapi=1&jsh=m%3B%2F_%2Fscs%2Fapps-static%2F_%2Fjs%2Fk%3Doz.gapi.en_US.GfkYNo6gqPw.O%2Fm%3D__features__%2Fam%3DAQ%2Frt%3Dj%2Fd%3D1%2Frs%3DAGLTcCMb6GG45fF2HapKzrAkuFOe1Yx9QA#id=navbar-iframe&parent=http%3A%2F%2Fbloom-parentingkidswithdisabilities.blogspot.com&pfname=&rpctoken=59163798"
1498583475758	Marionette	DEBUG	Received DOM event "DOMContentLoaded" for "https://www.blogger.com/followers.g?blogID=447392662850613354&colors=Cgt0cmFuc3BhcmVudBILdHJhbnNwYXJlbnQaByM2NjY2NjYiByM1NTg4YWEqByNmZmZmZmYyByNjYzY2MDA6ByM2NjY2NjZCByM1NTg4YWFKByM5OTk5OTlSByM1NTg4YWFaC3RyYW5zcGFyZW50&pageSize=21&origin=http%3A%2F%2Fbloom-parentingkidswithdisabilities.blogspot.com%2F&usegapi=1&jsh=m%3B%2F_%2Fscs%2Fapps-static%2F_%2Fjs%2Fk%3Doz.gapi.en_US.GfkYNo6gqPw.O%2Fm%3D__features__%2Fam%3DAQ%2Frt%3Dj%2Fd%3D1%2Frs%3DAGLTcCMb6GG45fF2HapKzrAkuFOe1Yx9QA&bpli=1#id=I0_1498583474236&parent=http%3A%2F%2Fbloom-parentingkidswithdisabilities.blogspot.com&pfname=&rpctoken=52920073"
1498583476201	Marionette	DEBUG	Received DOM event "pageshow" for "https://www.blogger.com/followers.g?blogID=447392662850613354&colors=Cgt0cmFuc3BhcmVudBILdHJhbnNwYXJlbnQaByM2NjY2NjYiByM1NTg4YWEqByNmZmZmZmYyByNjYzY2MDA6ByM2NjY2NjZCByM1NTg4YWFKByM5OTk5OTlSByM1NTg4YWFaC3RyYW5zcGFyZW50&pageSize=21&origin=http%3A%2F%2Fbloom-parentingkidswithdisabilities.blogspot.com%2F&usegapi=1&jsh=m%3B%2F_%2Fscs%2Fapps-static%2F_%2Fjs%2Fk%3Doz.gapi.en_US.GfkYNo6gqPw.O%2Fm%3D__features__%2Fam%3DAQ%2Frt%3Dj%2Fd%3D1%2Frs%3DAGLTcCMb6GG45fF2HapKzrAkuFOe1Yx9QA&bpli=1#id=I0_1498583474236&parent=http%3A%2F%2Fbloom-parentingkidswithdisabilities.blogspot.com&pfname=&rpctoken=52920073"
1498583476206	Marionette	DEBUG	Received DOM event "pageshow" for "http://bloom-parentingkidswithdisabilities.blogspot.com/"
1498584087593	Marionette	INFO	Ceased listening
1498597529971	geckodriver	INFO	Listening on 127.0.0.1:57980
1498597533712	geckodriver::marionette	INFO	Starting browser /Users/Hannah/Applications/Firefox.app/Contents/MacOS/firefox-bin with args ["-marionette"]
1498597540364	Marionette	INFO	Listening on port 58025
1498597540561	Marionette	WARN	TLS certificate errors will be ignored for this session
1498597541095	Marionette	DEBUG	loaded listener.js
2017-06-27 17:05:41.286 plugin-container[3565:491119] *** CFMessagePort: bootstrap_register(): failed 1100 (0x44c) 'Permission denied', port = 0x8e3f, name = 'com.apple.tsm.portname'
See /usr/include/servers/bootstrap_defs.h for the error codes.
2017-06-27 17:05:41.297 plugin-container[3565:491119] *** CFMessagePort: bootstrap_register(): failed 1100 (0x44c) 'Permission denied', port = 0x900f, name = 'com.apple.CFPasteboardClient'
See /usr/include/servers/bootstrap_defs.h for the error codes.
2017-06-27 17:05:41.297 plugin-container[3565:491119] void __CFPasteboardSetup() : Failed to allocate communication port for com.apple.CFPasteboardClient; this is likely due to sandbox restrictions
1498597542838	Marionette	DEBUG	Received DOM event "beforeunload" for "about:blank"
1498597542963	Marionette	DEBUG	Received DOM event "pagehide" for "about:blank"
1498597542964	Marionette	DEBUG	Received DOM event "unload" for "about:blank"
1498597544813	Marionette	DEBUG	Received DOM event "DOMContentLoaded" for "https://apis.google.com/se/0/wm/1/"
1498597545046	Marionette	DEBUG	Received DOM event "DOMContentLoaded" for "http://bloom-parentingkidswithdisabilities.blogspot.co.uk/"
1498597545407	Marionette	DEBUG	Received DOM event "DOMContentLoaded" for "https://www.blogger.com/navbar.g?targetBlogID=447392662850613354&blogName=Special+needs+disability+parenting+BLOOM&publishMode=PUBLISH_MODE_BLOGSPOT&navbarType=BLUE&layoutType=LAYOUTS&searchRoot=http://bloom-parentingkidswithdisabilities.blogspot.com/search&blogLocale=en&v=2&homepageUrl=http://bloom-parentingkidswithdisabilities.blogspot.com/&vt=3949196979230852404&usegapi=1&jsh=m%3B%2F_%2Fscs%2Fapps-static%2F_%2Fjs%2Fk%3Doz.gapi.en_US.GfkYNo6gqPw.O%2Fm%3D__features__%2Fam%3DEQ%2Frt%3Dj%2Fd%3D1%2Frs%3DAGLTcCMJgBcU0Z0eWj4ZR2LIJ6n1In4ukg#id=navbar-iframe&parent=http%3A%2F%2Fbloom-parentingkidswithdisabilities.blogspot.co.uk&pfname=&rpctoken=28489199"
JavaScript warning: http://static.issuu.com/widgets/shelf/rev0/script/jquery-1.3.2.js, line 19: unreachable code after return statement
1498597546070	Marionette	DEBUG	Received DOM event "pageshow" for "https://apis.google.com/se/0/wm/1/"
1498597546177	Marionette	DEBUG	Received DOM event "DOMContentLoaded" for "https://apis.google.com/se/0/wm/1/"
1498597546180	Marionette	DEBUG	Received DOM event "pageshow" for "https://apis.google.com/se/0/wm/1/"
1498597546183	Marionette	DEBUG	Received DOM event "pageshow" for "https://www.blogger.com/navbar.g?targetBlogID=447392662850613354&blogName=Special+needs+disability+parenting+BLOOM&publishMode=PUBLISH_MODE_BLOGSPOT&navbarType=BLUE&layoutType=LAYOUTS&searchRoot=http://bloom-parentingkidswithdisabilities.blogspot.com/search&blogLocale=en&v=2&homepageUrl=http://bloom-parentingkidswithdisabilities.blogspot.com/&vt=3949196979230852404&usegapi=1&jsh=m%3B%2F_%2Fscs%2Fapps-static%2F_%2Fjs%2Fk%3Doz.gapi.en_US.GfkYNo6gqPw.O%2Fm%3D__features__%2Fam%3DEQ%2Frt%3Dj%2Fd%3D1%2Frs%3DAGLTcCMJgBcU0Z0eWj4ZR2LIJ6n1In4ukg#id=navbar-iframe&parent=http%3A%2F%2Fbloom-parentingkidswithdisabilities.blogspot.co.uk&pfname=&rpctoken=28489199"
1498597546188	Marionette	DEBUG	Received DOM event "DOMContentLoaded" for "http://static.issuu.com/widgets/shelf/index.html?folderId=9889ae17-765a-4124-9b00-5bac9be82493&theme=theme1&rows=1&thumbSize=medium&roundedCorners=false&showTitle=true&showAuthor=true&shadow=true&effect3d=true"
1498597546219	Marionette	DEBUG	Received DOM event "pageshow" for "http://static.issuu.com/widgets/shelf/index.html?folderId=9889ae17-765a-4124-9b00-5bac9be82493&theme=theme1&rows=1&thumbSize=medium&roundedCorners=false&showTitle=true&showAuthor=true&shadow=true&effect3d=true"
1498597547311	Marionette	DEBUG	Received DOM event "DOMContentLoaded" for "https://www.blogger.com/followers.g?blogID=447392662850613354&colors=Cgt0cmFuc3BhcmVudBILdHJhbnNwYXJlbnQaByM2NjY2NjYiByM1NTg4YWEqByNmZmZmZmYyByNjYzY2MDA6ByM2NjY2NjZCByM1NTg4YWFKByM5OTk5OTlSByM1NTg4YWFaC3RyYW5zcGFyZW50&pageSize=21&origin=http%3A%2F%2Fbloom-parentingkidswithdisabilities.blogspot.co.uk%2F&usegapi=1&jsh=m%3B%2F_%2Fscs%2Fapps-static%2F_%2Fjs%2Fk%3Doz.gapi.en_US.GfkYNo6gqPw.O%2Fm%3D__features__%2Fam%3DEQ%2Frt%3Dj%2Fd%3D1%2Frs%3DAGLTcCMJgBcU0Z0eWj4ZR2LIJ6n1In4ukg&bpli=1#id=I1_1498597544442&parent=http%3A%2F%2Fbloom-parentingkidswithdisabilities.blogspot.co.uk&pfname=&rpctoken=29372170"
1498597548094	Marionette	DEBUG	Received DOM event "pageshow" for "https://www.blogger.com/followers.g?blogID=447392662850613354&colors=Cgt0cmFuc3BhcmVudBILdHJhbnNwYXJlbnQaByM2NjY2NjYiByM1NTg4YWEqByNmZmZmZmYyByNjYzY2MDA6ByM2NjY2NjZCByM1NTg4YWFKByM5OTk5OTlSByM1NTg4YWFaC3RyYW5zcGFyZW50&pageSize=21&origin=http%3A%2F%2Fbloom-parentingkidswithdisabilities.blogspot.co.uk%2F&usegapi=1&jsh=m%3B%2F_%2Fscs%2Fapps-static%2F_%2Fjs%2Fk%3Doz.gapi.en_US.GfkYNo6gqPw.O%2Fm%3D__features__%2Fam%3DEQ%2Frt%3Dj%2Fd%3D1%2Frs%3DAGLTcCMJgBcU0Z0eWj4ZR2LIJ6n1In4ukg&bpli=1#id=I1_1498597544442&parent=http%3A%2F%2Fbloom-parentingkidswithdisabilities.blogspot.co.uk&pfname=&rpctoken=29372170"
1498597548101	Marionette	DEBUG	Received DOM event "pageshow" for "http://bloom-parentingkidswithdisabilities.blogspot.co.uk/"
1498658960903	geckodriver	INFO	Listening on 127.0.0.1:57312
1498658961975	geckodriver::marionette	INFO	Starting browser /Users/Hannah/Applications/Firefox.app/Contents/MacOS/firefox-bin with args ["-marionette"]
1498658965091	Marionette	INFO	Listening on port 57326
1498658965177	Marionette	WARN	TLS certificate errors will be ignored for this session
1498658965700	Marionette	DEBUG	loaded listener.js
2017-06-28 10:09:25.801 plugin-container[4054:559118] *** CFMessagePort: bootstrap_register(): failed 1100 (0x44c) 'Permission denied', port = 0x8d3f, name = 'com.apple.tsm.portname'
See /usr/include/servers/bootstrap_defs.h for the error codes.
2017-06-28 10:09:25.802 plugin-container[4054:559118] *** CFMessagePort: bootstrap_register(): failed 1100 (0x44c) 'Permission denied', port = 0x8e47, name = 'com.apple.CFPasteboardClient'
See /usr/include/servers/bootstrap_defs.h for the error codes.
2017-06-28 10:09:25.802 plugin-container[4054:559118] void __CFPasteboardSetup() : Failed to allocate communication port for com.apple.CFPasteboardClient; this is likely due to sandbox restrictions
1498658967322	Marionette	DEBUG	Received DOM event "beforeunload" for "about:blank"
1498658967428	Marionette	DEBUG	Received DOM event "pagehide" for "about:blank"
1498658967428	Marionette	DEBUG	Received DOM event "unload" for "about:blank"
1498658968925	Marionette	DEBUG	Received DOM event "DOMContentLoaded" for "https://apis.google.com/se/0/wm/1/"
1498658969272	Marionette	DEBUG	Received DOM event "DOMContentLoaded" for "http://bloom-parentingkidswithdisabilities.blogspot.com/"
1498658969549	Marionette	DEBUG	Received DOM event "DOMContentLoaded" for "https://www.blogger.com/navbar.g?targetBlogID=447392662850613354&blogName=Special+needs+disability+parenting+BLOOM&publishMode=PUBLISH_MODE_BLOGSPOT&navbarType=BLUE&layoutType=LAYOUTS&searchRoot=http://bloom-parentingkidswithdisabilities.blogspot.com/search&blogLocale=en&v=2&homepageUrl=http://bloom-parentingkidswithdisabilities.blogspot.com/&vt=3949196979230852404&usegapi=1&jsh=m%3B%2F_%2Fscs%2Fapps-static%2F_%2Fjs%2Fk%3Doz.gapi.en_US.wpCNxUYJ7bc.O%2Fm%3D__features__%2Fam%3DAQ%2Frt%3Dj%2Fd%3D1%2Frs%3DAGLTcCP2kAF69smYVvU1nnoKCqrvBMsiwg#id=navbar-iframe&parent=http%3A%2F%2Fbloom-parentingkidswithdisabilities.blogspot.com&pfname=&rpctoken=22409360"
1498658969952	Marionette	DEBUG	Received DOM event "pageshow" for "https://apis.google.com/se/0/wm/1/"
JavaScript warning: http://static.issuu.com/widgets/shelf/rev0/script/jquery-1.3.2.js, line 19: unreachable code after return statement
1498658970031	Marionette	DEBUG	Received DOM event "DOMContentLoaded" for "https://apis.google.com/se/0/wm/1/"
1498658970034	Marionette	DEBUG	Received DOM event "pageshow" for "https://apis.google.com/se/0/wm/1/"
1498658970053	Marionette	DEBUG	Received DOM event "DOMContentLoaded" for "http://static.issuu.com/widgets/shelf/index.html?folderId=9889ae17-765a-4124-9b00-5bac9be82493&theme=theme1&rows=1&thumbSize=medium&roundedCorners=false&showTitle=true&showAuthor=true&shadow=true&effect3d=true"
1498658970075	Marionette	DEBUG	Received DOM event "pageshow" for "http://static.issuu.com/widgets/shelf/index.html?folderId=9889ae17-765a-4124-9b00-5bac9be82493&theme=theme1&rows=1&thumbSize=medium&roundedCorners=false&showTitle=true&showAuthor=true&shadow=true&effect3d=true"
1498658970237	Marionette	DEBUG	Received DOM event "DOMContentLoaded" for "https://accounts.google.com/o/oauth2/postmessageRelay?parent=http%3A%2F%2Fbloom-parentingkidswithdisabilities.blogspot.com&jsh=m%3B%2F_%2Fscs%2Fapps-static%2F_%2Fjs%2Fk%3Doz.gapi.en_US.wpCNxUYJ7bc.O%2Fm%3D__features__%2Fam%3DAQ%2Frt%3Dj%2Fd%3D1%2Frs%3DAGLTcCP2kAF69smYVvU1nnoKCqrvBMsiwg#rpctoken=285573590&forcesecure=1"
1498658970245	Marionette	DEBUG	Received DOM event "DOMContentLoaded" for "https://accounts.google.com/o/oauth2/postmessageRelay?parent=https%3A%2F%2Fwww.blogger.com&jsh=m%3B%2F_%2Fscs%2Fapps-static%2F_%2Fjs%2Fk%3Doz.gapi.en_US.wpCNxUYJ7bc.O%2Fm%3D__features__%2Fam%3DAQ%2Frt%3Dj%2Fd%3D1%2Frs%3DAGLTcCP2kAF69smYVvU1nnoKCqrvBMsiwg#rpctoken=768800924&forcesecure=1"
1498658970314	Marionette	DEBUG	Received DOM event "pageshow" for "https://accounts.google.com/o/oauth2/postmessageRelay?parent=http%3A%2F%2Fbloom-parentingkidswithdisabilities.blogspot.com&jsh=m%3B%2F_%2Fscs%2Fapps-static%2F_%2Fjs%2Fk%3Doz.gapi.en_US.wpCNxUYJ7bc.O%2Fm%3D__features__%2Fam%3DAQ%2Frt%3Dj%2Fd%3D1%2Frs%3DAGLTcCP2kAF69smYVvU1nnoKCqrvBMsiwg#rpctoken=285573590&forcesecure=1"
1498658970318	Marionette	DEBUG	Received DOM event "pageshow" for "https://accounts.google.com/o/oauth2/postmessageRelay?parent=https%3A%2F%2Fwww.blogger.com&jsh=m%3B%2F_%2Fscs%2Fapps-static%2F_%2Fjs%2Fk%3Doz.gapi.en_US.wpCNxUYJ7bc.O%2Fm%3D__features__%2Fam%3DAQ%2Frt%3Dj%2Fd%3D1%2Frs%3DAGLTcCP2kAF69smYVvU1nnoKCqrvBMsiwg#rpctoken=768800924&forcesecure=1"
1498658970320	Marionette	DEBUG	Received DOM event "pageshow" for "https://www.blogger.com/navbar.g?targetBlogID=447392662850613354&blogName=Special+needs+disability+parenting+BLOOM&publishMode=PUBLISH_MODE_BLOGSPOT&navbarType=BLUE&layoutType=LAYOUTS&searchRoot=http://bloom-parentingkidswithdisabilities.blogspot.com/search&blogLocale=en&v=2&homepageUrl=http://bloom-parentingkidswithdisabilities.blogspot.com/&vt=3949196979230852404&usegapi=1&jsh=m%3B%2F_%2Fscs%2Fapps-static%2F_%2Fjs%2Fk%3Doz.gapi.en_US.wpCNxUYJ7bc.O%2Fm%3D__features__%2Fam%3DAQ%2Frt%3Dj%2Fd%3D1%2Frs%3DAGLTcCP2kAF69smYVvU1nnoKCqrvBMsiwg#id=navbar-iframe&parent=http%3A%2F%2Fbloom-parentingkidswithdisabilities.blogspot.com&pfname=&rpctoken=22409360"
1498658971570	Marionette	DEBUG	Received DOM event "DOMContentLoaded" for "https://www.blogger.com/followers.g?blogID=447392662850613354&colors=Cgt0cmFuc3BhcmVudBILdHJhbnNwYXJlbnQaByM2NjY2NjYiByM1NTg4YWEqByNmZmZmZmYyByNjYzY2MDA6ByM2NjY2NjZCByM1NTg4YWFKByM5OTk5OTlSByM1NTg4YWFaC3RyYW5zcGFyZW50&pageSize=21&origin=http%3A%2F%2Fbloom-parentingkidswithdisabilities.blogspot.com%2F&usegapi=1&jsh=m%3B%2F_%2Fscs%2Fapps-static%2F_%2Fjs%2Fk%3Doz.gapi.en_US.wpCNxUYJ7bc.O%2Fm%3D__features__%2Fam%3DAQ%2Frt%3Dj%2Fd%3D1%2Frs%3DAGLTcCP2kAF69smYVvU1nnoKCqrvBMsiwg&bpli=1#id=I0_1498658968821&parent=http%3A%2F%2Fbloom-parentingkidswithdisabilities.blogspot.com&pfname=&rpctoken=18794390"
1498658972097	Marionette	DEBUG	Received DOM event "pageshow" for "https://www.blogger.com/followers.g?blogID=447392662850613354&colors=Cgt0cmFuc3BhcmVudBILdHJhbnNwYXJlbnQaByM2NjY2NjYiByM1NTg4YWEqByNmZmZmZmYyByNjYzY2MDA6ByM2NjY2NjZCByM1NTg4YWFKByM5OTk5OTlSByM1NTg4YWFaC3RyYW5zcGFyZW50&pageSize=21&origin=http%3A%2F%2Fbloom-parentingkidswithdisabilities.blogspot.com%2F&usegapi=1&jsh=m%3B%2F_%2Fscs%2Fapps-static%2F_%2Fjs%2Fk%3Doz.gapi.en_US.wpCNxUYJ7bc.O%2Fm%3D__features__%2Fam%3DAQ%2Frt%3Dj%2Fd%3D1%2Frs%3DAGLTcCP2kAF69smYVvU1nnoKCqrvBMsiwg&bpli=1#id=I0_1498658968821&parent=http%3A%2F%2Fbloom-parentingkidswithdisabilities.blogspot.com&pfname=&rpctoken=18794390"
1498658972102	Marionette	DEBUG	Received DOM event "pageshow" for "http://bloom-parentingkidswithdisabilities.blogspot.com/"
*************************
A coding exception was thrown and uncaught in a Task.

Full message: TypeError: NetworkError when attempting to fetch resource.
Full stack: 
*************************
1498666981169	geckodriver	INFO	Listening on 127.0.0.1:62244
1498666984983	geckodriver::marionette	INFO	Starting browser /Users/Hannah/Applications/Firefox.app/Contents/MacOS/firefox-bin with args ["-marionette"]
1498666990438	Marionette	INFO	Listening on port 62251
1498666990541	Marionette	WARN	TLS certificate errors will be ignored for this session
1498666990931	Marionette	DEBUG	loaded listener.js
2017-06-28 12:23:11.102 plugin-container[4813:637924] *** CFMessagePort: bootstrap_register(): failed 1100 (0x44c) 'Permission denied', port = 0x8e3f, name = 'com.apple.tsm.portname'
See /usr/include/servers/bootstrap_defs.h for the error codes.
2017-06-28 12:23:11.105 plugin-container[4813:637924] *** CFMessagePort: bootstrap_register(): failed 1100 (0x44c) 'Permission denied', port = 0x8f1f, name = 'com.apple.CFPasteboardClient'
See /usr/include/servers/bootstrap_defs.h for the error codes.
2017-06-28 12:23:11.105 plugin-container[4813:637924] void __CFPasteboardSetup() : Failed to allocate communication port for com.apple.CFPasteboardClient; this is likely due to sandbox restrictions
1498666992428	Marionette	DEBUG	Received DOM event "beforeunload" for "about:blank"
1498666992536	Marionette	DEBUG	Received DOM event "pagehide" for "about:blank"
1498666992537	Marionette	DEBUG	Received DOM event "unload" for "about:blank"
1498666993839	Marionette	DEBUG	Received DOM event "DOMContentLoaded" for "https://apis.google.com/se/0/wm/1/"
1498666994064	Marionette	DEBUG	Received DOM event "DOMContentLoaded" for "http://bloom-parentingkidswithdisabilities.blogspot.com/"
1498666994216	Marionette	DEBUG	Received DOM event "pageshow" for "https://apis.google.com/se/0/wm/1/"
1498666994226	Marionette	DEBUG	Received DOM event "DOMContentLoaded" for "https://www.blogger.com/navbar.g?targetBlogID=447392662850613354&blogName=Special+needs+disability+parenting+BLOOM&publishMode=PUBLISH_MODE_BLOGSPOT&navbarType=BLUE&layoutType=LAYOUTS&searchRoot=http://bloom-parentingkidswithdisabilities.blogspot.com/search&blogLocale=en&v=2&homepageUrl=http://bloom-parentingkidswithdisabilities.blogspot.com/&vt=3949196979230852404&usegapi=1&jsh=m%3B%2F_%2Fscs%2Fapps-static%2F_%2Fjs%2Fk%3Doz.gapi.en_US.wpCNxUYJ7bc.O%2Fm%3D__features__%2Fam%3DAQ%2Frt%3Dj%2Fd%3D1%2Frs%3DAGLTcCP2kAF69smYVvU1nnoKCqrvBMsiwg#id=navbar-iframe&parent=http%3A%2F%2Fbloom-parentingkidswithdisabilities.blogspot.com&pfname=&rpctoken=33479576"
JavaScript warning: http://static.issuu.com/widgets/shelf/rev0/script/jquery-1.3.2.js, line 19: unreachable code after return statement
1498666994615	Marionette	DEBUG	Received DOM event "DOMContentLoaded" for "http://static.issuu.com/widgets/shelf/index.html?folderId=9889ae17-765a-4124-9b00-5bac9be82493&theme=theme1&rows=1&thumbSize=medium&roundedCorners=false&showTitle=true&showAuthor=true&shadow=true&effect3d=true"
1498666994632	Marionette	DEBUG	Received DOM event "pageshow" for "http://static.issuu.com/widgets/shelf/index.html?folderId=9889ae17-765a-4124-9b00-5bac9be82493&theme=theme1&rows=1&thumbSize=medium&roundedCorners=false&showTitle=true&showAuthor=true&shadow=true&effect3d=true"
1498666995134	Marionette	DEBUG	Received DOM event "DOMContentLoaded" for "https://apis.google.com/se/0/wm/1/"
1498666995139	Marionette	DEBUG	Received DOM event "pageshow" for "https://apis.google.com/se/0/wm/1/"
1498666995141	Marionette	DEBUG	Received DOM event "pageshow" for "https://www.blogger.com/navbar.g?targetBlogID=447392662850613354&blogName=Special+needs+disability+parenting+BLOOM&publishMode=PUBLISH_MODE_BLOGSPOT&navbarType=BLUE&layoutType=LAYOUTS&searchRoot=http://bloom-parentingkidswithdisabilities.blogspot.com/search&blogLocale=en&v=2&homepageUrl=http://bloom-parentingkidswithdisabilities.blogspot.com/&vt=3949196979230852404&usegapi=1&jsh=m%3B%2F_%2Fscs%2Fapps-static%2F_%2Fjs%2Fk%3Doz.gapi.en_US.wpCNxUYJ7bc.O%2Fm%3D__features__%2Fam%3DAQ%2Frt%3Dj%2Fd%3D1%2Frs%3DAGLTcCP2kAF69smYVvU1nnoKCqrvBMsiwg#id=navbar-iframe&parent=http%3A%2F%2Fbloom-parentingkidswithdisabilities.blogspot.com&pfname=&rpctoken=33479576"
1498666995610	Marionette	DEBUG	Received DOM event "DOMContentLoaded" for "https://www.blogger.com/followers.g?blogID=447392662850613354&colors=Cgt0cmFuc3BhcmVudBILdHJhbnNwYXJlbnQaByM2NjY2NjYiByM1NTg4YWEqByNmZmZmZmYyByNjYzY2MDA6ByM2NjY2NjZCByM1NTg4YWFKByM5OTk5OTlSByM1NTg4YWFaC3RyYW5zcGFyZW50&pageSize=21&origin=http%3A%2F%2Fbloom-parentingkidswithdisabilities.blogspot.com%2F&usegapi=1&jsh=m%3B%2F_%2Fscs%2Fapps-static%2F_%2Fjs%2Fk%3Doz.gapi.en_US.wpCNxUYJ7bc.O%2Fm%3D__features__%2Fam%3DAQ%2Frt%3Dj%2Fd%3D1%2Frs%3DAGLTcCP2kAF69smYVvU1nnoKCqrvBMsiwg&bpli=1#id=I1_1498666993592&parent=http%3A%2F%2Fbloom-parentingkidswithdisabilities.blogspot.com&pfname=&rpctoken=31672953"
1498666995894	Marionette	DEBUG	Received DOM event "pageshow" for "https://www.blogger.com/followers.g?blogID=447392662850613354&colors=Cgt0cmFuc3BhcmVudBILdHJhbnNwYXJlbnQaByM2NjY2NjYiByM1NTg4YWEqByNmZmZmZmYyByNjYzY2MDA6ByM2NjY2NjZCByM1NTg4YWFKByM5OTk5OTlSByM1NTg4YWFaC3RyYW5zcGFyZW50&pageSize=21&origin=http%3A%2F%2Fbloom-parentingkidswithdisabilities.blogspot.com%2F&usegapi=1&jsh=m%3B%2F_%2Fscs%2Fapps-static%2F_%2Fjs%2Fk%3Doz.gapi.en_US.wpCNxUYJ7bc.O%2Fm%3D__features__%2Fam%3DAQ%2Frt%3Dj%2Fd%3D1%2Frs%3DAGLTcCP2kAF69smYVvU1nnoKCqrvBMsiwg&bpli=1#id=I1_1498666993592&parent=http%3A%2F%2Fbloom-parentingkidswithdisabilities.blogspot.com&pfname=&rpctoken=31672953"
1498666995897	Marionette	DEBUG	Received DOM event "pageshow" for "http://bloom-parentingkidswithdisabilities.blogspot.com/"
1498669597746	geckodriver	INFO	Listening on 127.0.0.1:54860
1498669598954	geckodriver::marionette	INFO	Starting browser /Users/Hannah/Applications/Firefox.app/Contents/MacOS/firefox-bin with args ["-marionette"]
1498669603793	Marionette	INFO	Listening on port 54867
1498669603876	Marionette	WARN	TLS certificate errors will be ignored for this session
1498669604239	Marionette	DEBUG	loaded listener.js
2017-06-28 13:06:44.367 plugin-container[4914:653877] *** CFMessagePort: bootstrap_register(): failed 1100 (0x44c) 'Permission denied', port = 0x8f3f, name = 'com.apple.tsm.portname'
See /usr/include/servers/bootstrap_defs.h for the error codes.
2017-06-28 13:06:44.371 plugin-container[4914:653877] *** CFMessagePort: bootstrap_register(): failed 1100 (0x44c) 'Permission denied', port = 0x4c23, name = 'com.apple.CFPasteboardClient'
See /usr/include/servers/bootstrap_defs.h for the error codes.
2017-06-28 13:06:44.371 plugin-container[4914:653877] void __CFPasteboardSetup() : Failed to allocate communication port for com.apple.CFPasteboardClient; this is likely due to sandbox restrictions
1498669605086	Marionette	DEBUG	Received DOM event "beforeunload" for "about:blank"
1498669605182	Marionette	DEBUG	Received DOM event "pagehide" for "about:blank"
1498669605182	Marionette	DEBUG	Received DOM event "unload" for "about:blank"
1498669606252	Marionette	DEBUG	Received DOM event "DOMContentLoaded" for "https://apis.google.com/se/0/wm/1/"
1498669606303	Marionette	DEBUG	Received DOM event "pageshow" for "https://apis.google.com/se/0/wm/1/"
1498669606562	Marionette	DEBUG	Received DOM event "DOMContentLoaded" for "http://bloom-parentingkidswithdisabilities.blogspot.com/"
JavaScript warning: http://static.issuu.com/widgets/shelf/rev0/script/jquery-1.3.2.js, line 19: unreachable code after return statement
1498669606710	Marionette	DEBUG	Received DOM event "DOMContentLoaded" for "https://www.blogger.com/navbar.g?targetBlogID=447392662850613354&blogName=Special+needs+disability+parenting+BLOOM&publishMode=PUBLISH_MODE_BLOGSPOT&navbarType=BLUE&layoutType=LAYOUTS&searchRoot=http://bloom-parentingkidswithdisabilities.blogspot.com/search&blogLocale=en&v=2&homepageUrl=http://bloom-parentingkidswithdisabilities.blogspot.com/&vt=3949196979230852404&usegapi=1&jsh=m%3B%2F_%2Fscs%2Fapps-static%2F_%2Fjs%2Fk%3Doz.gapi.en_US.wpCNxUYJ7bc.O%2Fm%3D__features__%2Fam%3DAQ%2Frt%3Dj%2Fd%3D1%2Frs%3DAGLTcCP2kAF69smYVvU1nnoKCqrvBMsiwg#id=navbar-iframe&parent=http%3A%2F%2Fbloom-parentingkidswithdisabilities.blogspot.com&pfname=&rpctoken=34717459"
1498669606746	Marionette	DEBUG	Received DOM event "DOMContentLoaded" for "https://accounts.google.com/o/oauth2/postmessageRelay?parent=http%3A%2F%2Fbloom-parentingkidswithdisabilities.blogspot.com&jsh=m%3B%2F_%2Fscs%2Fapps-static%2F_%2Fjs%2Fk%3Doz.gapi.en_US.wpCNxUYJ7bc.O%2Fm%3D__features__%2Fam%3DAQ%2Frt%3Dj%2Fd%3D1%2Frs%3DAGLTcCP2kAF69smYVvU1nnoKCqrvBMsiwg#rpctoken=304631837&forcesecure=1"
1498669606753	Marionette	DEBUG	Received DOM event "DOMContentLoaded" for "http://static.issuu.com/widgets/shelf/index.html?folderId=9889ae17-765a-4124-9b00-5bac9be82493&theme=theme1&rows=1&thumbSize=medium&roundedCorners=false&showTitle=true&showAuthor=true&shadow=true&effect3d=true"
1498669606773	Marionette	DEBUG	Received DOM event "pageshow" for "http://static.issuu.com/widgets/shelf/index.html?folderId=9889ae17-765a-4124-9b00-5bac9be82493&theme=theme1&rows=1&thumbSize=medium&roundedCorners=false&showTitle=true&showAuthor=true&shadow=true&effect3d=true"
1498669606844	Marionette	DEBUG	Received DOM event "pageshow" for "https://accounts.google.com/o/oauth2/postmessageRelay?parent=http%3A%2F%2Fbloom-parentingkidswithdisabilities.blogspot.com&jsh=m%3B%2F_%2Fscs%2Fapps-static%2F_%2Fjs%2Fk%3Doz.gapi.en_US.wpCNxUYJ7bc.O%2Fm%3D__features__%2Fam%3DAQ%2Frt%3Dj%2Fd%3D1%2Frs%3DAGLTcCP2kAF69smYVvU1nnoKCqrvBMsiwg#rpctoken=304631837&forcesecure=1"
1498669607008	Marionette	DEBUG	Received DOM event "DOMContentLoaded" for "https://apis.google.com/se/0/wm/1/"
1498669607010	Marionette	DEBUG	Received DOM event "pageshow" for "https://apis.google.com/se/0/wm/1/"
1498669607029	Marionette	DEBUG	Received DOM event "DOMContentLoaded" for "https://accounts.google.com/o/oauth2/postmessageRelay?parent=https%3A%2F%2Fwww.blogger.com&jsh=m%3B%2F_%2Fscs%2Fapps-static%2F_%2Fjs%2Fk%3Doz.gapi.en_US.wpCNxUYJ7bc.O%2Fm%3D__features__%2Fam%3DAQ%2Frt%3Dj%2Fd%3D1%2Frs%3DAGLTcCP2kAF69smYVvU1nnoKCqrvBMsiwg#rpctoken=470276462&forcesecure=1"
1498669607045	Marionette	DEBUG	Received DOM event "pageshow" for "https://accounts.google.com/o/oauth2/postmessageRelay?parent=https%3A%2F%2Fwww.blogger.com&jsh=m%3B%2F_%2Fscs%2Fapps-static%2F_%2Fjs%2Fk%3Doz.gapi.en_US.wpCNxUYJ7bc.O%2Fm%3D__features__%2Fam%3DAQ%2Frt%3Dj%2Fd%3D1%2Frs%3DAGLTcCP2kAF69smYVvU1nnoKCqrvBMsiwg#rpctoken=470276462&forcesecure=1"
1498669607046	Marionette	DEBUG	Received DOM event "pageshow" for "https://www.blogger.com/navbar.g?targetBlogID=447392662850613354&blogName=Special+needs+disability+parenting+BLOOM&publishMode=PUBLISH_MODE_BLOGSPOT&navbarType=BLUE&layoutType=LAYOUTS&searchRoot=http://bloom-parentingkidswithdisabilities.blogspot.com/search&blogLocale=en&v=2&homepageUrl=http://bloom-parentingkidswithdisabilities.blogspot.com/&vt=3949196979230852404&usegapi=1&jsh=m%3B%2F_%2Fscs%2Fapps-static%2F_%2Fjs%2Fk%3Doz.gapi.en_US.wpCNxUYJ7bc.O%2Fm%3D__features__%2Fam%3DAQ%2Frt%3Dj%2Fd%3D1%2Frs%3DAGLTcCP2kAF69smYVvU1nnoKCqrvBMsiwg#id=navbar-iframe&parent=http%3A%2F%2Fbloom-parentingkidswithdisabilities.blogspot.com&pfname=&rpctoken=34717459"
1498669607375	Marionette	DEBUG	Received DOM event "DOMContentLoaded" for "https://www.blogger.com/followers.g?blogID=447392662850613354&colors=Cgt0cmFuc3BhcmVudBILdHJhbnNwYXJlbnQaByM2NjY2NjYiByM1NTg4YWEqByNmZmZmZmYyByNjYzY2MDA6ByM2NjY2NjZCByM1NTg4YWFKByM5OTk5OTlSByM1NTg4YWFaC3RyYW5zcGFyZW50&pageSize=21&origin=http%3A%2F%2Fbloom-parentingkidswithdisabilities.blogspot.com%2F&usegapi=1&jsh=m%3B%2F_%2Fscs%2Fapps-static%2F_%2Fjs%2Fk%3Doz.gapi.en_US.wpCNxUYJ7bc.O%2Fm%3D__features__%2Fam%3DAQ%2Frt%3Dj%2Fd%3D1%2Frs%3DAGLTcCP2kAF69smYVvU1nnoKCqrvBMsiwg&bpli=1#id=I0_1498669606006&parent=http%3A%2F%2Fbloom-parentingkidswithdisabilities.blogspot.com&pfname=&rpctoken=38404558"
1498669607875	Marionette	DEBUG	Received DOM event "pageshow" for "https://www.blogger.com/followers.g?blogID=447392662850613354&colors=Cgt0cmFuc3BhcmVudBILdHJhbnNwYXJlbnQaByM2NjY2NjYiByM1NTg4YWEqByNmZmZmZmYyByNjYzY2MDA6ByM2NjY2NjZCByM1NTg4YWFKByM5OTk5OTlSByM1NTg4YWFaC3RyYW5zcGFyZW50&pageSize=21&origin=http%3A%2F%2Fbloom-parentingkidswithdisabilities.blogspot.com%2F&usegapi=1&jsh=m%3B%2F_%2Fscs%2Fapps-static%2F_%2Fjs%2Fk%3Doz.gapi.en_US.wpCNxUYJ7bc.O%2Fm%3D__features__%2Fam%3DAQ%2Frt%3Dj%2Fd%3D1%2Frs%3DAGLTcCP2kAF69smYVvU1nnoKCqrvBMsiwg&bpli=1#id=I0_1498669606006&parent=http%3A%2F%2Fbloom-parentingkidswithdisabilities.blogspot.com&pfname=&rpctoken=38404558"
1498669607879	Marionette	DEBUG	Received DOM event "pageshow" for "http://bloom-parentingkidswithdisabilities.blogspot.com/"
1498671762998	geckodriver	INFO	Listening on 127.0.0.1:65414
1498671764060	geckodriver::marionette	INFO	Starting browser /Users/Hannah/Applications/Firefox.app/Contents/MacOS/firefox-bin with args ["-marionette"]
1498671766373	Marionette	INFO	Listening on port 65421
1498671766468	Marionette	WARN	TLS certificate errors will be ignored for this session
1498671766722	Marionette	DEBUG	loaded listener.js
2017-06-28 13:42:46.853 plugin-container[5205:675445] *** CFMessagePort: bootstrap_register(): failed 1100 (0x44c) 'Permission denied', port = 0x913f, name = 'com.apple.tsm.portname'
See /usr/include/servers/bootstrap_defs.h for the error codes.
2017-06-28 13:42:46.855 plugin-container[5205:675445] *** CFMessagePort: bootstrap_register(): failed 1100 (0x44c) 'Permission denied', port = 0x9827, name = 'com.apple.CFPasteboardClient'
See /usr/include/servers/bootstrap_defs.h for the error codes.
2017-06-28 13:42:46.855 plugin-container[5205:675445] void __CFPasteboardSetup() : Failed to allocate communication port for com.apple.CFPasteboardClient; this is likely due to sandbox restrictions
1498671767584	Marionette	DEBUG	Received DOM event "beforeunload" for "about:blank"
1498671767676	Marionette	DEBUG	Received DOM event "pagehide" for "about:blank"
1498671767676	Marionette	DEBUG	Received DOM event "unload" for "about:blank"
1498671768811	Marionette	DEBUG	Received DOM event "DOMContentLoaded" for "https://apis.google.com/se/0/wm/1/"
1498671768914	Marionette	DEBUG	Received DOM event "pageshow" for "https://apis.google.com/se/0/wm/1/"
1498671769188	Marionette	DEBUG	Received DOM event "DOMContentLoaded" for "http://bloom-parentingkidswithdisabilities.blogspot.com/"
JavaScript warning: http://static.issuu.com/widgets/shelf/rev0/script/jquery-1.3.2.js, line 19: unreachable code after return statement
1498671769362	Marionette	DEBUG	Received DOM event "DOMContentLoaded" for "https://www.blogger.com/navbar.g?targetBlogID=447392662850613354&blogName=Special+needs+disability+parenting+BLOOM&publishMode=PUBLISH_MODE_BLOGSPOT&navbarType=BLUE&layoutType=LAYOUTS&searchRoot=http://bloom-parentingkidswithdisabilities.blogspot.com/search&blogLocale=en&v=2&homepageUrl=http://bloom-parentingkidswithdisabilities.blogspot.com/&vt=3949196979230852404&usegapi=1&jsh=m%3B%2F_%2Fscs%2Fapps-static%2F_%2Fjs%2Fk%3Doz.gapi.en_US.wpCNxUYJ7bc.O%2Fm%3D__features__%2Fam%3DAQ%2Frt%3Dj%2Fd%3D1%2Frs%3DAGLTcCP2kAF69smYVvU1nnoKCqrvBMsiwg#id=navbar-iframe&parent=http%3A%2F%2Fbloom-parentingkidswithdisabilities.blogspot.com&pfname=&rpctoken=42449332"
1498671769393	Marionette	DEBUG	Received DOM event "DOMContentLoaded" for "https://accounts.google.com/o/oauth2/postmessageRelay?parent=http%3A%2F%2Fbloom-parentingkidswithdisabilities.blogspot.com&jsh=m%3B%2F_%2Fscs%2Fapps-static%2F_%2Fjs%2Fk%3Doz.gapi.en_US.wpCNxUYJ7bc.O%2Fm%3D__features__%2Fam%3DAQ%2Frt%3Dj%2Fd%3D1%2Frs%3DAGLTcCP2kAF69smYVvU1nnoKCqrvBMsiwg#rpctoken=313234706&forcesecure=1"
1498671769404	Marionette	DEBUG	Received DOM event "DOMContentLoaded" for "http://static.issuu.com/widgets/shelf/index.html?folderId=9889ae17-765a-4124-9b00-5bac9be82493&theme=theme1&rows=1&thumbSize=medium&roundedCorners=false&showTitle=true&showAuthor=true&shadow=true&effect3d=true"
1498671769426	Marionette	DEBUG	Received DOM event "pageshow" for "http://static.issuu.com/widgets/shelf/index.html?folderId=9889ae17-765a-4124-9b00-5bac9be82493&theme=theme1&rows=1&thumbSize=medium&roundedCorners=false&showTitle=true&showAuthor=true&shadow=true&effect3d=true"
1498671769498	Marionette	DEBUG	Received DOM event "pageshow" for "https://accounts.google.com/o/oauth2/postmessageRelay?parent=http%3A%2F%2Fbloom-parentingkidswithdisabilities.blogspot.com&jsh=m%3B%2F_%2Fscs%2Fapps-static%2F_%2Fjs%2Fk%3Doz.gapi.en_US.wpCNxUYJ7bc.O%2Fm%3D__features__%2Fam%3DAQ%2Frt%3Dj%2Fd%3D1%2Frs%3DAGLTcCP2kAF69smYVvU1nnoKCqrvBMsiwg#rpctoken=313234706&forcesecure=1"
1498671769677	Marionette	DEBUG	Received DOM event "DOMContentLoaded" for "https://apis.google.com/se/0/wm/1/"
1498671769679	Marionette	DEBUG	Received DOM event "pageshow" for "https://apis.google.com/se/0/wm/1/"
1498671769768	Marionette	DEBUG	Received DOM event "DOMContentLoaded" for "https://www.blogger.com/followers.g?blogID=447392662850613354&colors=Cgt0cmFuc3BhcmVudBILdHJhbnNwYXJlbnQaByM2NjY2NjYiByM1NTg4YWEqByNmZmZmZmYyByNjYzY2MDA6ByM2NjY2NjZCByM1NTg4YWFKByM5OTk5OTlSByM1NTg4YWFaC3RyYW5zcGFyZW50&pageSize=21&origin=http%3A%2F%2Fbloom-parentingkidswithdisabilities.blogspot.com%2F&usegapi=1&jsh=m%3B%2F_%2Fscs%2Fapps-static%2F_%2Fjs%2Fk%3Doz.gapi.en_US.wpCNxUYJ7bc.O%2Fm%3D__features__%2Fam%3DAQ%2Frt%3Dj%2Fd%3D1%2Frs%3DAGLTcCP2kAF69smYVvU1nnoKCqrvBMsiwg&bpli=1#id=I0_1498671768555&parent=http%3A%2F%2Fbloom-parentingkidswithdisabilities.blogspot.com&pfname=&rpctoken=25324372"
1498671769770	Marionette	DEBUG	Received DOM event "DOMContentLoaded" for "https://accounts.google.com/o/oauth2/postmessageRelay?parent=https%3A%2F%2Fwww.blogger.com&jsh=m%3B%2F_%2Fscs%2Fapps-static%2F_%2Fjs%2Fk%3Doz.gapi.en_US.wpCNxUYJ7bc.O%2Fm%3D__features__%2Fam%3DAQ%2Frt%3Dj%2Fd%3D1%2Frs%3DAGLTcCP2kAF69smYVvU1nnoKCqrvBMsiwg#rpctoken=447423285&forcesecure=1"
1498671769871	Marionette	DEBUG	Received DOM event "pageshow" for "https://accounts.google.com/o/oauth2/postmessageRelay?parent=https%3A%2F%2Fwww.blogger.com&jsh=m%3B%2F_%2Fscs%2Fapps-static%2F_%2Fjs%2Fk%3Doz.gapi.en_US.wpCNxUYJ7bc.O%2Fm%3D__features__%2Fam%3DAQ%2Frt%3Dj%2Fd%3D1%2Frs%3DAGLTcCP2kAF69smYVvU1nnoKCqrvBMsiwg#rpctoken=447423285&forcesecure=1"
1498671769873	Marionette	DEBUG	Received DOM event "pageshow" for "https://www.blogger.com/navbar.g?targetBlogID=447392662850613354&blogName=Special+needs+disability+parenting+BLOOM&publishMode=PUBLISH_MODE_BLOGSPOT&navbarType=BLUE&layoutType=LAYOUTS&searchRoot=http://bloom-parentingkidswithdisabilities.blogspot.com/search&blogLocale=en&v=2&homepageUrl=http://bloom-parentingkidswithdisabilities.blogspot.com/&vt=3949196979230852404&usegapi=1&jsh=m%3B%2F_%2Fscs%2Fapps-static%2F_%2Fjs%2Fk%3Doz.gapi.en_US.wpCNxUYJ7bc.O%2Fm%3D__features__%2Fam%3DAQ%2Frt%3Dj%2Fd%3D1%2Frs%3DAGLTcCP2kAF69smYVvU1nnoKCqrvBMsiwg#id=navbar-iframe&parent=http%3A%2F%2Fbloom-parentingkidswithdisabilities.blogspot.com&pfname=&rpctoken=42449332"
1498671770155	Marionette	DEBUG	Received DOM event "pageshow" for "https://www.blogger.com/followers.g?blogID=447392662850613354&colors=Cgt0cmFuc3BhcmVudBILdHJhbnNwYXJlbnQaByM2NjY2NjYiByM1NTg4YWEqByNmZmZmZmYyByNjYzY2MDA6ByM2NjY2NjZCByM1NTg4YWFKByM5OTk5OTlSByM1NTg4YWFaC3RyYW5zcGFyZW50&pageSize=21&origin=http%3A%2F%2Fbloom-parentingkidswithdisabilities.blogspot.com%2F&usegapi=1&jsh=m%3B%2F_%2Fscs%2Fapps-static%2F_%2Fjs%2Fk%3Doz.gapi.en_US.wpCNxUYJ7bc.O%2Fm%3D__features__%2Fam%3DAQ%2Frt%3Dj%2Fd%3D1%2Frs%3DAGLTcCP2kAF69smYVvU1nnoKCqrvBMsiwg&bpli=1#id=I0_1498671768555&parent=http%3A%2F%2Fbloom-parentingkidswithdisabilities.blogspot.com&pfname=&rpctoken=25324372"
1498671770160	Marionette	DEBUG	Received DOM event "pageshow" for "http://bloom-parentingkidswithdisabilities.blogspot.com/"
*************************
A coding exception was thrown and uncaught in a Task.

Full message: TypeError: NetworkError when attempting to fetch resource.
Full stack: 
*************************
