1496252226459	geckodriver	INFO	Listening on 127.0.0.1:57842
1496252228612	geckodriver::marionette	INFO	Starting browser /Users/Hannah/Applications/Firefox.app/Contents/MacOS/firefox-bin with args ["-marionette"]
1496252233534	Marionette	INFO	Listening on port 57849
1496252233670	Marionette	WARN	TLS certificate errors will be ignored for this session
2017-05-31 13:37:14.161 plugin-container[2380:130171] *** CFMessagePort: bootstrap_register(): failed 1100 (0x44c) 'Permission denied', port = 0x8e3f, name = 'com.apple.tsm.portname'
See /usr/include/servers/bootstrap_defs.h for the error codes.
2017-05-31 13:37:14.164 plugin-container[2380:130171] *** CFMessagePort: bootstrap_register(): failed 1100 (0x44c) 'Permission denied', port = 0x8f2b, name = 'com.apple.CFPasteboardClient'
See /usr/include/servers/bootstrap_defs.h for the error codes.
2017-05-31 13:37:14.164 plugin-container[2380:130171] void __CFPasteboardSetup() : Failed to allocate communication port for com.apple.CFPasteboardClient; this is likely due to sandbox restrictions
1498583111279	geckodriver	INFO	Listening on 127.0.0.1:58571
1498583115239	geckodriver::marionette	INFO	Starting browser /Users/Hannah/Applications/Firefox.app/Contents/MacOS/firefox-bin with args ["-marionette"]
1498583121906	Marionette	INFO	Listening on port 58591
1498583122078	Marionette	WARN	TLS certificate errors will be ignored for this session
1498583122461	Marionette	DEBUG	loaded listener.js
2017-06-27 13:05:22.689 plugin-container[2603:361434] *** CFMessagePort: bootstrap_register(): failed 1100 (0x44c) 'Permission denied', port = 0x8d3f, name = 'com.apple.tsm.portname'
See /usr/include/servers/bootstrap_defs.h for the error codes.
2017-06-27 13:05:22.693 plugin-container[2603:361434] *** CFMessagePort: bootstrap_register(): failed 1100 (0x44c) 'Permission denied', port = 0x941f, name = 'com.apple.CFPasteboardClient'
See /usr/include/servers/bootstrap_defs.h for the error codes.
2017-06-27 13:05:22.693 plugin-container[2603:361434] void __CFPasteboardSetup() : Failed to allocate communication port for com.apple.CFPasteboardClient; this is likely due to sandbox restrictions
1498583124303	Marionette	DEBUG	Received DOM event "beforeunload" for "about:blank"
1498583124402	Marionette	DEBUG	Received DOM event "pagehide" for "about:blank"
1498583124403	Marionette	DEBUG	Received DOM event "unload" for "about:blank"
1498583125284	Marionette	DEBUG	Received DOM event "DOMContentLoaded" for "http://autismcrisis.blogspot.com/"
1498583125362	Marionette	DEBUG	Received DOM event "DOMContentLoaded" for "https://www.blogger.com/navbar.g?targetBlogID=36705564&blogName=the+autism+crisis&publishMode=PUBLISH_MODE_BLOGSPOT&navbarType=LIGHT&layoutType=LAYOUTS&searchRoot=http://autismcrisis.blogspot.com/search&blogLocale=en&v=2&homepageUrl=http://autismcrisis.blogspot.com/&vt=6536162965753836394&usegapi=1&jsh=m%3B%2F_%2Fscs%2Fapps-static%2F_%2Fjs%2Fk%3Doz.gapi.en_US.GfkYNo6gqPw.O%2Fm%3D__features__%2Fam%3DAQ%2Frt%3Dj%2Fd%3D1%2Frs%3DAGLTcCMb6GG45fF2HapKzrAkuFOe1Yx9QA#id=navbar-iframe&parent=http%3A%2F%2Fautismcrisis.blogspot.com&pfname=&rpctoken=26103936"
1498583125389	Marionette	DEBUG	Received DOM event "pageshow" for "http://autismcrisis.blogspot.com/"
1498583125491	Marionette	DEBUG	Received DOM event "DOMContentLoaded" for "http://platform.twitter.com/widgets/follow_button.7bf2b0e802ada47dae9548b7a1739fed.en.html#dnt=false&id=twitter-widget-0&lang=en&screen_name=autismcrisis&show_count=false&show_screen_name=true&size=l&time=1498583125381"
1498583125495	Marionette	DEBUG	Received DOM event "pageshow" for "http://platform.twitter.com/widgets/follow_button.7bf2b0e802ada47dae9548b7a1739fed.en.html#dnt=false&id=twitter-widget-0&lang=en&screen_name=autismcrisis&show_count=false&show_screen_name=true&size=l&time=1498583125381"
1498583125728	Marionette	DEBUG	Received DOM event "DOMContentLoaded" for "https://apis.google.com/se/0/wm/1/"
1498583125772	Marionette	DEBUG	Received DOM event "pageshow" for "https://apis.google.com/se/0/wm/1/"
1498583125838	Marionette	DEBUG	Received DOM event "DOMContentLoaded" for "https://accounts.google.com/o/oauth2/postmessageRelay?parent=https%3A%2F%2Fwww.blogger.com&jsh=m%3B%2F_%2Fscs%2Fapps-static%2F_%2Fjs%2Fk%3Doz.gapi.en_US.GfkYNo6gqPw.O%2Fm%3D__features__%2Fam%3DAQ%2Frt%3Dj%2Fd%3D1%2Frs%3DAGLTcCMb6GG45fF2HapKzrAkuFOe1Yx9QA#rpctoken=520373834&forcesecure=1"
1498583125880	Marionette	DEBUG	Received DOM event "pageshow" for "https://accounts.google.com/o/oauth2/postmessageRelay?parent=https%3A%2F%2Fwww.blogger.com&jsh=m%3B%2F_%2Fscs%2Fapps-static%2F_%2Fjs%2Fk%3Doz.gapi.en_US.GfkYNo6gqPw.O%2Fm%3D__features__%2Fam%3DAQ%2Frt%3Dj%2Fd%3D1%2Frs%3DAGLTcCMb6GG45fF2HapKzrAkuFOe1Yx9QA#rpctoken=520373834&forcesecure=1"
1498583125882	Marionette	DEBUG	Received DOM event "pageshow" for "https://www.blogger.com/navbar.g?targetBlogID=36705564&blogName=the+autism+crisis&publishMode=PUBLISH_MODE_BLOGSPOT&navbarType=LIGHT&layoutType=LAYOUTS&searchRoot=http://autismcrisis.blogspot.com/search&blogLocale=en&v=2&homepageUrl=http://autismcrisis.blogspot.com/&vt=6536162965753836394&usegapi=1&jsh=m%3B%2F_%2Fscs%2Fapps-static%2F_%2Fjs%2Fk%3Doz.gapi.en_US.GfkYNo6gqPw.O%2Fm%3D__features__%2Fam%3DAQ%2Frt%3Dj%2Fd%3D1%2Frs%3DAGLTcCMb6GG45fF2HapKzrAkuFOe1Yx9QA#id=navbar-iframe&parent=http%3A%2F%2Fautismcrisis.blogspot.com&pfname=&rpctoken=26103936"
1498583125891	Marionette	DEBUG	Received DOM event "pageshow" for "http://autismcrisis.blogspot.com/"
*************************
A coding exception was thrown and uncaught in a Task.

Full message: TypeError: NetworkError when attempting to fetch resource.
Full stack: 
*************************
1498584049028	Marionette	INFO	Ceased listening
1498594746005	geckodriver	INFO	Listening on 127.0.0.1:58625
1498594749532	geckodriver::marionette	INFO	Starting browser /Users/Hannah/Applications/Firefox.app/Contents/MacOS/firefox-bin with args ["-marionette"]
1498594756214	Marionette	INFO	Listening on port 58652
1498594756299	Marionette	WARN	TLS certificate errors will be ignored for this session
1498594756680	Marionette	DEBUG	loaded listener.js
2017-06-27 16:19:16.887 plugin-container[3248:447761] *** CFMessagePort: bootstrap_register(): failed 1100 (0x44c) 'Permission denied', port = 0x8d3f, name = 'com.apple.tsm.portname'
See /usr/include/servers/bootstrap_defs.h for the error codes.
2017-06-27 16:19:16.888 plugin-container[3248:447761] *** CFMessagePort: bootstrap_register(): failed 1100 (0x44c) 'Permission denied', port = 0x5017, name = 'com.apple.CFPasteboardClient'
See /usr/include/servers/bootstrap_defs.h for the error codes.
2017-06-27 16:19:16.888 plugin-container[3248:447761] void __CFPasteboardSetup() : Failed to allocate communication port for com.apple.CFPasteboardClient; this is likely due to sandbox restrictions
1498594757530	Marionette	DEBUG	Received DOM event "beforeunload" for "about:blank"
1498594757635	Marionette	DEBUG	Received DOM event "pagehide" for "about:blank"
1498594757635	Marionette	DEBUG	Received DOM event "unload" for "about:blank"
1498594758708	Marionette	DEBUG	Received DOM event "DOMContentLoaded" for "http://autismcrisis.blogspot.co.uk/"
1498594758759	Marionette	DEBUG	Received DOM event "DOMContentLoaded" for "https://www.blogger.com/navbar.g?targetBlogID=36705564&blogName=the+autism+crisis&publishMode=PUBLISH_MODE_BLOGSPOT&navbarType=LIGHT&layoutType=LAYOUTS&searchRoot=http://autismcrisis.blogspot.com/search&blogLocale=en&v=2&homepageUrl=http://autismcrisis.blogspot.com/&vt=6536162965753836394&usegapi=1&jsh=m%3B%2F_%2Fscs%2Fapps-static%2F_%2Fjs%2Fk%3Doz.gapi.en_US.GfkYNo6gqPw.O%2Fm%3D__features__%2Fam%3DAQ%2Frt%3Dj%2Fd%3D1%2Frs%3DAGLTcCMb6GG45fF2HapKzrAkuFOe1Yx9QA#id=navbar-iframe&parent=http%3A%2F%2Fautismcrisis.blogspot.co.uk&pfname=&rpctoken=32095598"
1498594758870	Marionette	DEBUG	Received DOM event "pageshow" for "http://autismcrisis.blogspot.co.uk/"
1498594759125	Marionette	DEBUG	Received DOM event "DOMContentLoaded" for "http://platform.twitter.com/widgets/follow_button.7bf2b0e802ada47dae9548b7a1739fed.en.html#dnt=false&id=twitter-widget-0&lang=en&screen_name=autismcrisis&show_count=false&show_screen_name=true&size=l&time=1498594758861"
1498594759141	Marionette	DEBUG	Received DOM event "DOMContentLoaded" for "https://apis.google.com/se/0/wm/1/"
1498594759170	Marionette	DEBUG	Received DOM event "pageshow" for "https://apis.google.com/se/0/wm/1/"
1498594759184	Marionette	DEBUG	Received DOM event "pageshow" for "http://platform.twitter.com/widgets/follow_button.7bf2b0e802ada47dae9548b7a1739fed.en.html#dnt=false&id=twitter-widget-0&lang=en&screen_name=autismcrisis&show_count=false&show_screen_name=true&size=l&time=1498594758861"
1498594759353	Marionette	DEBUG	Received DOM event "DOMContentLoaded" for "https://accounts.google.com/o/oauth2/postmessageRelay?parent=https%3A%2F%2Fwww.blogger.com&jsh=m%3B%2F_%2Fscs%2Fapps-static%2F_%2Fjs%2Fk%3Doz.gapi.en_US.GfkYNo6gqPw.O%2Fm%3D__features__%2Fam%3DAQ%2Frt%3Dj%2Fd%3D1%2Frs%3DAGLTcCMb6GG45fF2HapKzrAkuFOe1Yx9QA#rpctoken=223627262&forcesecure=1"
1498594759392	Marionette	DEBUG	Received DOM event "pageshow" for "https://accounts.google.com/o/oauth2/postmessageRelay?parent=https%3A%2F%2Fwww.blogger.com&jsh=m%3B%2F_%2Fscs%2Fapps-static%2F_%2Fjs%2Fk%3Doz.gapi.en_US.GfkYNo6gqPw.O%2Fm%3D__features__%2Fam%3DAQ%2Frt%3Dj%2Fd%3D1%2Frs%3DAGLTcCMb6GG45fF2HapKzrAkuFOe1Yx9QA#rpctoken=223627262&forcesecure=1"
1498594759394	Marionette	DEBUG	Received DOM event "pageshow" for "https://www.blogger.com/navbar.g?targetBlogID=36705564&blogName=the+autism+crisis&publishMode=PUBLISH_MODE_BLOGSPOT&navbarType=LIGHT&layoutType=LAYOUTS&searchRoot=http://autismcrisis.blogspot.com/search&blogLocale=en&v=2&homepageUrl=http://autismcrisis.blogspot.com/&vt=6536162965753836394&usegapi=1&jsh=m%3B%2F_%2Fscs%2Fapps-static%2F_%2Fjs%2Fk%3Doz.gapi.en_US.GfkYNo6gqPw.O%2Fm%3D__features__%2Fam%3DAQ%2Frt%3Dj%2Fd%3D1%2Frs%3DAGLTcCMb6GG45fF2HapKzrAkuFOe1Yx9QA#id=navbar-iframe&parent=http%3A%2F%2Fautismcrisis.blogspot.co.uk&pfname=&rpctoken=32095598"
1498594759474	Marionette	DEBUG	Received DOM event "pageshow" for "http://autismcrisis.blogspot.co.uk/"
1498594759928	Marionette	DEBUG	Canceled page load listener because no navigation has been detected
1498594761208	Marionette	DEBUG	Canceled page load listener because no navigation has been detected
1498594762469	Marionette	DEBUG	Canceled page load listener because no navigation has been detected
1498594763739	Marionette	DEBUG	Canceled page load listener because no navigation has been detected
1498594765031	Marionette	DEBUG	Canceled page load listener because no navigation has been detected
1498594766301	Marionette	DEBUG	Canceled page load listener because no navigation has been detected
1498594767575	Marionette	DEBUG	Canceled page load listener because no navigation has been detected
1498594768836	Marionette	DEBUG	Canceled page load listener because no navigation has been detected
1498594770095	Marionette	DEBUG	Canceled page load listener because no navigation has been detected
1498594771356	Marionette	DEBUG	Canceled page load listener because no navigation has been detected
1498594772606	Marionette	DEBUG	Canceled page load listener because no navigation has been detected
1498594773866	Marionette	DEBUG	Canceled page load listener because no navigation has been detected
1498594775116	Marionette	DEBUG	Canceled page load listener because no navigation has been detected
1498594776370	Marionette	DEBUG	Canceled page load listener because no navigation has been detected
1498594777659	Marionette	DEBUG	Canceled page load listener because no navigation has been detected
1498594778937	Marionette	DEBUG	Canceled page load listener because no navigation has been detected
1498594780192	Marionette	DEBUG	Canceled page load listener because no navigation has been detected
1498594781447	Marionette	DEBUG	Canceled page load listener because no navigation has been detected
1498594782709	Marionette	DEBUG	Canceled page load listener because no navigation has been detected
1498594783975	Marionette	DEBUG	Canceled page load listener because no navigation has been detected
1498594785235	Marionette	DEBUG	Canceled page load listener because no navigation has been detected
1498594786484	Marionette	DEBUG	Canceled page load listener because no navigation has been detected
1498594787758	Marionette	DEBUG	Canceled page load listener because no navigation has been detected
1498594789016	Marionette	DEBUG	Canceled page load listener because no navigation has been detected
1498594790309	Marionette	DEBUG	Canceled page load listener because no navigation has been detected
1498594791565	Marionette	DEBUG	Canceled page load listener because no navigation has been detected
1498594792813	Marionette	DEBUG	Canceled page load listener because no navigation has been detected
1498594794079	Marionette	DEBUG	Canceled page load listener because no navigation has been detected
1498594795342	Marionette	DEBUG	Canceled page load listener because no navigation has been detected
1498594796604	Marionette	DEBUG	Canceled page load listener because no navigation has been detected
1498594797859	Marionette	DEBUG	Canceled page load listener because no navigation has been detected
1498594799114	Marionette	DEBUG	Canceled page load listener because no navigation has been detected
1498594800361	Marionette	DEBUG	Canceled page load listener because no navigation has been detected
1498594801641	Marionette	DEBUG	Canceled page load listener because no navigation has been detected
1498594802905	Marionette	DEBUG	Canceled page load listener because no navigation has been detected
1498594804151	Marionette	DEBUG	Canceled page load listener because no navigation has been detected
1498594805392	Marionette	DEBUG	Canceled page load listener because no navigation has been detected
1498594806641	Marionette	DEBUG	Canceled page load listener because no navigation has been detected
1498594807909	Marionette	DEBUG	Canceled page load listener because no navigation has been detected
1498594809172	Marionette	DEBUG	Canceled page load listener because no navigation has been detected
1498594818118	Marionette	INFO	New connections will no longer be accepted
1498658480816	geckodriver	INFO	Listening on 127.0.0.1:52555
1498658484467	geckodriver::marionette	INFO	Starting browser /Users/Hannah/Applications/Firefox.app/Contents/MacOS/firefox-bin with args ["-marionette"]
1498658490396	Marionette	INFO	Listening on port 52577
1498658490502	Marionette	WARN	TLS certificate errors will be ignored for this session
1498658491031	Marionette	DEBUG	loaded listener.js
2017-06-28 10:01:31.253 plugin-container[4015:553717] *** CFMessagePort: bootstrap_register(): failed 1100 (0x44c) 'Permission denied', port = 0x8d3f, name = 'com.apple.tsm.portname'
See /usr/include/servers/bootstrap_defs.h for the error codes.
2017-06-28 10:01:31.256 plugin-container[4015:553717] *** CFMessagePort: bootstrap_register(): failed 1100 (0x44c) 'Permission denied', port = 0x500b, name = 'com.apple.CFPasteboardClient'
See /usr/include/servers/bootstrap_defs.h for the error codes.
2017-06-28 10:01:31.256 plugin-container[4015:553717] void __CFPasteboardSetup() : Failed to allocate communication port for com.apple.CFPasteboardClient; this is likely due to sandbox restrictions
1498658492197	Marionette	DEBUG	Received DOM event "beforeunload" for "about:blank"
1498658492287	Marionette	DEBUG	Received DOM event "pagehide" for "about:blank"
1498658492288	Marionette	DEBUG	Received DOM event "unload" for "about:blank"
1498658493397	Marionette	DEBUG	Received DOM event "DOMContentLoaded" for "http://autismcrisis.blogspot.com/"
1498658493532	Marionette	DEBUG	Received DOM event "DOMContentLoaded" for "https://www.blogger.com/navbar.g?targetBlogID=36705564&blogName=the+autism+crisis&publishMode=PUBLISH_MODE_BLOGSPOT&navbarType=LIGHT&layoutType=LAYOUTS&searchRoot=http://autismcrisis.blogspot.com/search&blogLocale=en&v=2&homepageUrl=http://autismcrisis.blogspot.com/&vt=6536162965753836394&usegapi=1&jsh=m%3B%2F_%2Fscs%2Fapps-static%2F_%2Fjs%2Fk%3Doz.gapi.en_US.wpCNxUYJ7bc.O%2Fm%3D__features__%2Fam%3DAQ%2Frt%3Dj%2Fd%3D1%2Frs%3DAGLTcCP2kAF69smYVvU1nnoKCqrvBMsiwg#id=navbar-iframe&parent=http%3A%2F%2Fautismcrisis.blogspot.com&pfname=&rpctoken=22580768"
1498658493633	Marionette	DEBUG	Received DOM event "pageshow" for "http://autismcrisis.blogspot.com/"
1498658493895	Marionette	DEBUG	Received DOM event "DOMContentLoaded" for "https://apis.google.com/se/0/wm/1/"
1498658493911	Marionette	DEBUG	Received DOM event "DOMContentLoaded" for "http://platform.twitter.com/widgets/follow_button.7bf2b0e802ada47dae9548b7a1739fed.en.html#dnt=false&id=twitter-widget-0&lang=en&screen_name=autismcrisis&show_count=false&show_screen_name=true&size=l&time=1498658493618"
1498658493929	Marionette	DEBUG	Received DOM event "pageshow" for "http://platform.twitter.com/widgets/follow_button.7bf2b0e802ada47dae9548b7a1739fed.en.html#dnt=false&id=twitter-widget-0&lang=en&screen_name=autismcrisis&show_count=false&show_screen_name=true&size=l&time=1498658493618"
1498658493979	Marionette	DEBUG	Received DOM event "pageshow" for "https://apis.google.com/se/0/wm/1/"
1498658494043	Marionette	DEBUG	Received DOM event "DOMContentLoaded" for "https://accounts.google.com/o/oauth2/postmessageRelay?parent=https%3A%2F%2Fwww.blogger.com&jsh=m%3B%2F_%2Fscs%2Fapps-static%2F_%2Fjs%2Fk%3Doz.gapi.en_US.wpCNxUYJ7bc.O%2Fm%3D__features__%2Fam%3DAQ%2Frt%3Dj%2Fd%3D1%2Frs%3DAGLTcCP2kAF69smYVvU1nnoKCqrvBMsiwg#rpctoken=337503259&forcesecure=1"
1498658494093	Marionette	DEBUG	Received DOM event "pageshow" for "https://accounts.google.com/o/oauth2/postmessageRelay?parent=https%3A%2F%2Fwww.blogger.com&jsh=m%3B%2F_%2Fscs%2Fapps-static%2F_%2Fjs%2Fk%3Doz.gapi.en_US.wpCNxUYJ7bc.O%2Fm%3D__features__%2Fam%3DAQ%2Frt%3Dj%2Fd%3D1%2Frs%3DAGLTcCP2kAF69smYVvU1nnoKCqrvBMsiwg#rpctoken=337503259&forcesecure=1"
1498658494095	Marionette	DEBUG	Received DOM event "pageshow" for "https://www.blogger.com/navbar.g?targetBlogID=36705564&blogName=the+autism+crisis&publishMode=PUBLISH_MODE_BLOGSPOT&navbarType=LIGHT&layoutType=LAYOUTS&searchRoot=http://autismcrisis.blogspot.com/search&blogLocale=en&v=2&homepageUrl=http://autismcrisis.blogspot.com/&vt=6536162965753836394&usegapi=1&jsh=m%3B%2F_%2Fscs%2Fapps-static%2F_%2Fjs%2Fk%3Doz.gapi.en_US.wpCNxUYJ7bc.O%2Fm%3D__features__%2Fam%3DAQ%2Frt%3Dj%2Fd%3D1%2Frs%3DAGLTcCP2kAF69smYVvU1nnoKCqrvBMsiwg#id=navbar-iframe&parent=http%3A%2F%2Fautismcrisis.blogspot.com&pfname=&rpctoken=22580768"
1498658494277	Marionette	DEBUG	Received DOM event "pageshow" for "http://autismcrisis.blogspot.com/"
1498658494773	Marionette	DEBUG	Canceled page load listener because no navigation has been detected
1498658496036	Marionette	DEBUG	Canceled page load listener because no navigation has been detected
1498658497300	Marionette	DEBUG	Canceled page load listener because no navigation has been detected
1498658498564	Marionette	DEBUG	Canceled page load listener because no navigation has been detected
1498658499811	Marionette	DEBUG	Canceled page load listener because no navigation has been detected
1498658501097	Marionette	DEBUG	Canceled page load listener because no navigation has been detected
1498658502355	Marionette	DEBUG	Canceled page load listener because no navigation has been detected
1498658503602	Marionette	DEBUG	Canceled page load listener because no navigation has been detected
1498658504849	Marionette	DEBUG	Canceled page load listener because no navigation has been detected
1498658506094	Marionette	DEBUG	Canceled page load listener because no navigation has been detected
1498658507343	Marionette	DEBUG	Canceled page load listener because no navigation has been detected
1498658508599	Marionette	DEBUG	Canceled page load listener because no navigation has been detected
1498658509846	Marionette	DEBUG	Canceled page load listener because no navigation has been detected
1498658511093	Marionette	DEBUG	Canceled page load listener because no navigation has been detected
1498658512360	Marionette	DEBUG	Canceled page load listener because no navigation has been detected
1498658513610	Marionette	DEBUG	Canceled page load listener because no navigation has been detected
1498658514864	Marionette	DEBUG	Canceled page load listener because no navigation has been detected
1498658516115	Marionette	DEBUG	Canceled page load listener because no navigation has been detected
1498658517362	Marionette	DEBUG	Canceled page load listener because no navigation has been detected
1498658518625	Marionette	DEBUG	Canceled page load listener because no navigation has been detected
1498658519889	Marionette	DEBUG	Canceled page load listener because no navigation has been detected
1498658521143	Marionette	DEBUG	Canceled page load listener because no navigation has been detected
1498658522397	Marionette	DEBUG	Canceled page load listener because no navigation has been detected
1498658523661	Marionette	DEBUG	Canceled page load listener because no navigation has been detected
1498658524916	Marionette	DEBUG	Canceled page load listener because no navigation has been detected
1498658526168	Marionette	DEBUG	Canceled page load listener because no navigation has been detected
1498658527445	Marionette	DEBUG	Canceled page load listener because no navigation has been detected
1498658528718	Marionette	DEBUG	Canceled page load listener because no navigation has been detected
1498658529965	Marionette	DEBUG	Canceled page load listener because no navigation has been detected
1498658531239	Marionette	DEBUG	Canceled page load listener because no navigation has been detected
1498658532493	Marionette	DEBUG	Canceled page load listener because no navigation has been detected
1498658533739	Marionette	DEBUG	Canceled page load listener because no navigation has been detected
1498658534988	Marionette	DEBUG	Canceled page load listener because no navigation has been detected
1498658536230	Marionette	DEBUG	Canceled page load listener because no navigation has been detected
1498658537497	Marionette	DEBUG	Canceled page load listener because no navigation has been detected
1498658538749	Marionette	DEBUG	Canceled page load listener because no navigation has been detected
1498658539991	Marionette	DEBUG	Canceled page load listener because no navigation has been detected
1498658541238	Marionette	DEBUG	Canceled page load listener because no navigation has been detected
1498658542490	Marionette	DEBUG	Canceled page load listener because no navigation has been detected
1498658543759	Marionette	DEBUG	Canceled page load listener because no navigation has been detected
1498658550347	Marionette	INFO	New connections will no longer be accepted
